ARM GAS  C:\Users\744\AppData\Local\Temp\ccUgyjr6.s 			page 1


   1              		.cpu cortex-m0
   2              		.fpu softvfp
   3              		.eabi_attribute 20, 1
   4              		.eabi_attribute 21, 1
   5              		.eabi_attribute 23, 3
   6              		.eabi_attribute 24, 1
   7              		.eabi_attribute 25, 1
   8              		.eabi_attribute 26, 1
   9              		.eabi_attribute 30, 1
  10              		.eabi_attribute 34, 0
  11              		.eabi_attribute 18, 4
  12              		.code	16
  13              		.file	"cyfitter_cfg.c"
  14              		.text
  15              	.Ltext0:
  16              		.cfi_sections	.debug_frame
  17              		.section	.text.CYMEMZERO,"ax",%progbits
  18              		.align	2
  19              		.code	16
  20              		.thumb_func
  21              		.type	CYMEMZERO, %function
  22              	CYMEMZERO:
  23              	.LFB0:
  24              		.file 1 ".\\Generated_Source\\PSoC4\\cyfitter_cfg.c"
   1:.\Generated_Source\PSoC4/cyfitter_cfg.c **** /*******************************************************************************
   2:.\Generated_Source\PSoC4/cyfitter_cfg.c **** * File Name: cyfitter_cfg.c
   3:.\Generated_Source\PSoC4/cyfitter_cfg.c **** * 
   4:.\Generated_Source\PSoC4/cyfitter_cfg.c **** * PSoC Creator  3.3 SP1
   5:.\Generated_Source\PSoC4/cyfitter_cfg.c **** *
   6:.\Generated_Source\PSoC4/cyfitter_cfg.c **** * Description:
   7:.\Generated_Source\PSoC4/cyfitter_cfg.c **** * This file contains device initialization code.
   8:.\Generated_Source\PSoC4/cyfitter_cfg.c **** * Except for the user defined sections in CyClockStartupError(), this file should not be modified.
   9:.\Generated_Source\PSoC4/cyfitter_cfg.c **** * This file is automatically generated by PSoC Creator.
  10:.\Generated_Source\PSoC4/cyfitter_cfg.c **** *
  11:.\Generated_Source\PSoC4/cyfitter_cfg.c **** ********************************************************************************
  12:.\Generated_Source\PSoC4/cyfitter_cfg.c **** * Copyright (c) 2007-2015 Cypress Semiconductor.  All rights reserved.
  13:.\Generated_Source\PSoC4/cyfitter_cfg.c **** * You may use this file only in accordance with the license, terms, conditions, 
  14:.\Generated_Source\PSoC4/cyfitter_cfg.c **** * disclaimers, and limitations in the end user license agreement accompanying 
  15:.\Generated_Source\PSoC4/cyfitter_cfg.c **** * the software package with which this file was provided.
  16:.\Generated_Source\PSoC4/cyfitter_cfg.c **** ********************************************************************************/
  17:.\Generated_Source\PSoC4/cyfitter_cfg.c **** 
  18:.\Generated_Source\PSoC4/cyfitter_cfg.c **** #include <string.h>
  19:.\Generated_Source\PSoC4/cyfitter_cfg.c **** #include "cytypes.h"
  20:.\Generated_Source\PSoC4/cyfitter_cfg.c **** #include "cydevice_trm.h"
  21:.\Generated_Source\PSoC4/cyfitter_cfg.c **** #include "cyfitter.h"
  22:.\Generated_Source\PSoC4/cyfitter_cfg.c **** #include "CyLib.h"
  23:.\Generated_Source\PSoC4/cyfitter_cfg.c **** #include "CyLFClk.h"
  24:.\Generated_Source\PSoC4/cyfitter_cfg.c **** #include "cyfitter_cfg.h"
  25:.\Generated_Source\PSoC4/cyfitter_cfg.c **** 
  26:.\Generated_Source\PSoC4/cyfitter_cfg.c **** 
  27:.\Generated_Source\PSoC4/cyfitter_cfg.c **** #if defined(__GNUC__) || defined(__ARMCC_VERSION)
  28:.\Generated_Source\PSoC4/cyfitter_cfg.c ****     #define CYPACKED 
  29:.\Generated_Source\PSoC4/cyfitter_cfg.c ****     #define CYPACKED_ATTR __attribute__ ((packed))
  30:.\Generated_Source\PSoC4/cyfitter_cfg.c ****     #define CYALIGNED __attribute__ ((aligned))
  31:.\Generated_Source\PSoC4/cyfitter_cfg.c ****     #define CY_CFG_UNUSED __attribute__ ((unused))
  32:.\Generated_Source\PSoC4/cyfitter_cfg.c ****     #ifndef CY_CFG_SECTION
  33:.\Generated_Source\PSoC4/cyfitter_cfg.c ****         #define CY_CFG_SECTION __attribute__ ((section(".psocinit")))
ARM GAS  C:\Users\744\AppData\Local\Temp\ccUgyjr6.s 			page 2


  34:.\Generated_Source\PSoC4/cyfitter_cfg.c ****     #endif
  35:.\Generated_Source\PSoC4/cyfitter_cfg.c ****     
  36:.\Generated_Source\PSoC4/cyfitter_cfg.c ****     #if defined(__ARMCC_VERSION)
  37:.\Generated_Source\PSoC4/cyfitter_cfg.c ****         #define CY_CFG_MEMORY_BARRIER() __memory_changed()
  38:.\Generated_Source\PSoC4/cyfitter_cfg.c ****     #else
  39:.\Generated_Source\PSoC4/cyfitter_cfg.c ****         #define CY_CFG_MEMORY_BARRIER() __sync_synchronize()
  40:.\Generated_Source\PSoC4/cyfitter_cfg.c ****     #endif
  41:.\Generated_Source\PSoC4/cyfitter_cfg.c ****     
  42:.\Generated_Source\PSoC4/cyfitter_cfg.c **** #elif defined(__ICCARM__)
  43:.\Generated_Source\PSoC4/cyfitter_cfg.c ****     #include <intrinsics.h>
  44:.\Generated_Source\PSoC4/cyfitter_cfg.c **** 
  45:.\Generated_Source\PSoC4/cyfitter_cfg.c ****     #define CYPACKED __packed
  46:.\Generated_Source\PSoC4/cyfitter_cfg.c ****     #define CYPACKED_ATTR 
  47:.\Generated_Source\PSoC4/cyfitter_cfg.c ****     #define CYALIGNED _Pragma("data_alignment=4")
  48:.\Generated_Source\PSoC4/cyfitter_cfg.c ****     #define CY_CFG_UNUSED _Pragma("diag_suppress=Pe177")
  49:.\Generated_Source\PSoC4/cyfitter_cfg.c ****     #define CY_CFG_SECTION _Pragma("location=\".psocinit\"")
  50:.\Generated_Source\PSoC4/cyfitter_cfg.c ****     
  51:.\Generated_Source\PSoC4/cyfitter_cfg.c ****     #define CY_CFG_MEMORY_BARRIER() __DMB()
  52:.\Generated_Source\PSoC4/cyfitter_cfg.c ****     
  53:.\Generated_Source\PSoC4/cyfitter_cfg.c **** #else
  54:.\Generated_Source\PSoC4/cyfitter_cfg.c ****     #error Unsupported toolchain
  55:.\Generated_Source\PSoC4/cyfitter_cfg.c **** #endif
  56:.\Generated_Source\PSoC4/cyfitter_cfg.c **** 
  57:.\Generated_Source\PSoC4/cyfitter_cfg.c **** 
  58:.\Generated_Source\PSoC4/cyfitter_cfg.c **** CY_CFG_UNUSED
  59:.\Generated_Source\PSoC4/cyfitter_cfg.c **** static void CYMEMZERO(void *s, size_t n);
  60:.\Generated_Source\PSoC4/cyfitter_cfg.c **** CY_CFG_UNUSED
  61:.\Generated_Source\PSoC4/cyfitter_cfg.c **** static void CYMEMZERO(void *s, size_t n)
  62:.\Generated_Source\PSoC4/cyfitter_cfg.c **** {
  25              		.loc 1 62 0
  26              		.cfi_startproc
  27              	.LVL0:
  28 0000 08B5     		push	{r3, lr}
  29              		.cfi_def_cfa_offset 8
  30              		.cfi_offset 3, -8
  31              		.cfi_offset 14, -4
  32 0002 0A1C     		mov	r2, r1
  63:.\Generated_Source\PSoC4/cyfitter_cfg.c **** 	(void)memset(s, 0, n);
  33              		.loc 1 63 0
  34 0004 0021     		mov	r1, #0
  35              	.LVL1:
  36 0006 FFF7FEFF 		bl	memset
  37              	.LVL2:
  64:.\Generated_Source\PSoC4/cyfitter_cfg.c **** }
  38              		.loc 1 64 0
  39              		@ sp needed
  40 000a 08BD     		pop	{r3, pc}
  41              		.cfi_endproc
  42              	.LFE0:
  43              		.size	CYMEMZERO, .-CYMEMZERO
  44              		.section	.psocinit,"ax",%progbits
  45              		.align	2
  46              		.code	16
  47              		.thumb_func
  48              		.type	ClockSetup, %function
  49              	ClockSetup:
  50              	.LFB3:
ARM GAS  C:\Users\744\AppData\Local\Temp\ccUgyjr6.s 			page 3


  65:.\Generated_Source\PSoC4/cyfitter_cfg.c **** CY_CFG_UNUSED
  66:.\Generated_Source\PSoC4/cyfitter_cfg.c **** static void CYCONFIGCPY(void *dest, const void *src, size_t n);
  67:.\Generated_Source\PSoC4/cyfitter_cfg.c **** CY_CFG_UNUSED
  68:.\Generated_Source\PSoC4/cyfitter_cfg.c **** static void CYCONFIGCPY(void *dest, const void *src, size_t n)
  69:.\Generated_Source\PSoC4/cyfitter_cfg.c **** {
  70:.\Generated_Source\PSoC4/cyfitter_cfg.c **** 	(void)memcpy(dest, src, n);
  71:.\Generated_Source\PSoC4/cyfitter_cfg.c **** }
  72:.\Generated_Source\PSoC4/cyfitter_cfg.c **** CY_CFG_UNUSED
  73:.\Generated_Source\PSoC4/cyfitter_cfg.c **** static void CYCONFIGCPYCODE(void *dest, const void *src, size_t n);
  74:.\Generated_Source\PSoC4/cyfitter_cfg.c **** CY_CFG_UNUSED
  75:.\Generated_Source\PSoC4/cyfitter_cfg.c **** static void CYCONFIGCPYCODE(void *dest, const void *src, size_t n)
  76:.\Generated_Source\PSoC4/cyfitter_cfg.c **** {
  77:.\Generated_Source\PSoC4/cyfitter_cfg.c **** 	(void)memcpy(dest, src, n);
  78:.\Generated_Source\PSoC4/cyfitter_cfg.c **** }
  79:.\Generated_Source\PSoC4/cyfitter_cfg.c **** 
  80:.\Generated_Source\PSoC4/cyfitter_cfg.c **** 
  81:.\Generated_Source\PSoC4/cyfitter_cfg.c **** 
  82:.\Generated_Source\PSoC4/cyfitter_cfg.c **** /* Clock startup error codes                                                   */
  83:.\Generated_Source\PSoC4/cyfitter_cfg.c **** #define CYCLOCKSTART_NO_ERROR    0u
  84:.\Generated_Source\PSoC4/cyfitter_cfg.c **** #define CYCLOCKSTART_XTAL_ERROR  1u
  85:.\Generated_Source\PSoC4/cyfitter_cfg.c **** #define CYCLOCKSTART_32KHZ_ERROR 2u
  86:.\Generated_Source\PSoC4/cyfitter_cfg.c **** #define CYCLOCKSTART_PLL_ERROR   3u
  87:.\Generated_Source\PSoC4/cyfitter_cfg.c **** 
  88:.\Generated_Source\PSoC4/cyfitter_cfg.c **** #ifdef CY_NEED_CYCLOCKSTARTUPERROR
  89:.\Generated_Source\PSoC4/cyfitter_cfg.c **** /*******************************************************************************
  90:.\Generated_Source\PSoC4/cyfitter_cfg.c **** * Function Name: CyClockStartupError
  91:.\Generated_Source\PSoC4/cyfitter_cfg.c **** ********************************************************************************
  92:.\Generated_Source\PSoC4/cyfitter_cfg.c **** * Summary:
  93:.\Generated_Source\PSoC4/cyfitter_cfg.c **** *  If an error is encountered during clock configuration (crystal startup error,
  94:.\Generated_Source\PSoC4/cyfitter_cfg.c **** *  PLL lock error, etc.), the system will end up here.  Unless reimplemented by
  95:.\Generated_Source\PSoC4/cyfitter_cfg.c **** *  the customer, this function will stop in an infinite loop.
  96:.\Generated_Source\PSoC4/cyfitter_cfg.c **** *
  97:.\Generated_Source\PSoC4/cyfitter_cfg.c **** * Parameters:
  98:.\Generated_Source\PSoC4/cyfitter_cfg.c **** *   void
  99:.\Generated_Source\PSoC4/cyfitter_cfg.c **** *
 100:.\Generated_Source\PSoC4/cyfitter_cfg.c **** * Return:
 101:.\Generated_Source\PSoC4/cyfitter_cfg.c **** *   void
 102:.\Generated_Source\PSoC4/cyfitter_cfg.c **** *
 103:.\Generated_Source\PSoC4/cyfitter_cfg.c **** *******************************************************************************/
 104:.\Generated_Source\PSoC4/cyfitter_cfg.c **** CY_CFG_UNUSED
 105:.\Generated_Source\PSoC4/cyfitter_cfg.c **** static void CyClockStartupError(uint8 errorCode);
 106:.\Generated_Source\PSoC4/cyfitter_cfg.c **** CY_CFG_UNUSED
 107:.\Generated_Source\PSoC4/cyfitter_cfg.c **** static void CyClockStartupError(uint8 errorCode)
 108:.\Generated_Source\PSoC4/cyfitter_cfg.c **** {
 109:.\Generated_Source\PSoC4/cyfitter_cfg.c ****     /* To remove the compiler warning if errorCode not used.                */
 110:.\Generated_Source\PSoC4/cyfitter_cfg.c ****     errorCode = errorCode;
 111:.\Generated_Source\PSoC4/cyfitter_cfg.c **** 
 112:.\Generated_Source\PSoC4/cyfitter_cfg.c ****     /* `#START CyClockStartupError` */
 113:.\Generated_Source\PSoC4/cyfitter_cfg.c **** 
 114:.\Generated_Source\PSoC4/cyfitter_cfg.c ****     /* If we have a clock startup error (bad MHz crystal, PLL lock, etc.),  */
 115:.\Generated_Source\PSoC4/cyfitter_cfg.c ****     /* we will end up here to allow the customer to implement something to  */
 116:.\Generated_Source\PSoC4/cyfitter_cfg.c ****     /* deal with the clock condition.                                       */
 117:.\Generated_Source\PSoC4/cyfitter_cfg.c **** 
 118:.\Generated_Source\PSoC4/cyfitter_cfg.c ****     /* `#END` */
 119:.\Generated_Source\PSoC4/cyfitter_cfg.c **** 
 120:.\Generated_Source\PSoC4/cyfitter_cfg.c ****     /* If nothing else, stop here since the clocks have not started         */
 121:.\Generated_Source\PSoC4/cyfitter_cfg.c ****     /* correctly.                                                           */
ARM GAS  C:\Users\744\AppData\Local\Temp\ccUgyjr6.s 			page 4


 122:.\Generated_Source\PSoC4/cyfitter_cfg.c ****     while(1) {}
 123:.\Generated_Source\PSoC4/cyfitter_cfg.c **** }
 124:.\Generated_Source\PSoC4/cyfitter_cfg.c **** #endif
 125:.\Generated_Source\PSoC4/cyfitter_cfg.c **** 
 126:.\Generated_Source\PSoC4/cyfitter_cfg.c **** 
 127:.\Generated_Source\PSoC4/cyfitter_cfg.c **** 
 128:.\Generated_Source\PSoC4/cyfitter_cfg.c **** /*******************************************************************************
 129:.\Generated_Source\PSoC4/cyfitter_cfg.c **** * Function Name: ClockSetup
 130:.\Generated_Source\PSoC4/cyfitter_cfg.c **** ********************************************************************************
 131:.\Generated_Source\PSoC4/cyfitter_cfg.c **** *
 132:.\Generated_Source\PSoC4/cyfitter_cfg.c **** * Summary:
 133:.\Generated_Source\PSoC4/cyfitter_cfg.c **** *   Performs the initialization of all of the clocks in the device based on the
 134:.\Generated_Source\PSoC4/cyfitter_cfg.c **** *   settings in the Clock tab of the DWR.  This includes enabling the requested
 135:.\Generated_Source\PSoC4/cyfitter_cfg.c **** *   clocks and setting the necessary dividers to produce the desired frequency. 
 136:.\Generated_Source\PSoC4/cyfitter_cfg.c **** *
 137:.\Generated_Source\PSoC4/cyfitter_cfg.c **** * Parameters:
 138:.\Generated_Source\PSoC4/cyfitter_cfg.c **** *   void
 139:.\Generated_Source\PSoC4/cyfitter_cfg.c **** *
 140:.\Generated_Source\PSoC4/cyfitter_cfg.c **** * Return:
 141:.\Generated_Source\PSoC4/cyfitter_cfg.c **** *   void
 142:.\Generated_Source\PSoC4/cyfitter_cfg.c **** *
 143:.\Generated_Source\PSoC4/cyfitter_cfg.c **** *******************************************************************************/
 144:.\Generated_Source\PSoC4/cyfitter_cfg.c **** static void ClockSetup(void);
 145:.\Generated_Source\PSoC4/cyfitter_cfg.c **** CY_CFG_SECTION
 146:.\Generated_Source\PSoC4/cyfitter_cfg.c **** static void ClockSetup(void)
 147:.\Generated_Source\PSoC4/cyfitter_cfg.c **** {
  51              		.loc 1 147 0
  52              		.cfi_startproc
  53 0000 38B5     		push	{r3, r4, r5, lr}
  54              		.cfi_def_cfa_offset 16
  55              		.cfi_offset 3, -16
  56              		.cfi_offset 4, -12
  57              		.cfi_offset 5, -8
  58              		.cfi_offset 14, -4
 148:.\Generated_Source\PSoC4/cyfitter_cfg.c **** 	/* Enable HALF_EN before trimming for the flash accelerator. */
 149:.\Generated_Source\PSoC4/cyfitter_cfg.c **** 	CY_SET_REG32((void CYXDATA *)(CYREG_CLK_SELECT), (CY_GET_REG32((void *)CYREG_CLK_SELECT) | 0x00040
  59              		.loc 1 149 0
  60 0002 134C     		ldr	r4, .L3
  61 0004 2368     		ldr	r3, [r4]
  62 0006 8022     		mov	r2, #128
  63 0008 D202     		lsl	r2, r2, #11
  64 000a 1343     		orr	r3, r2
  65 000c 2360     		str	r3, [r4]
 150:.\Generated_Source\PSoC4/cyfitter_cfg.c **** 
 151:.\Generated_Source\PSoC4/cyfitter_cfg.c **** 	/* Setup and trim IMO based on desired frequency. */
 152:.\Generated_Source\PSoC4/cyfitter_cfg.c **** 	CySysClkWriteImoFreq(24u);
  66              		.loc 1 152 0
  67 000e 1820     		mov	r0, #24
  68 0010 FFF7FEFF 		bl	CySysClkWriteImoFreq
  69              	.LVL3:
 153:.\Generated_Source\PSoC4/cyfitter_cfg.c **** 
 154:.\Generated_Source\PSoC4/cyfitter_cfg.c **** 	/* Disable HALF_EN since it is not required at this IMO frequency. */
 155:.\Generated_Source\PSoC4/cyfitter_cfg.c **** 	CY_SET_REG32((void CYXDATA *)(CYREG_CLK_SELECT), (CY_GET_REG32((void *)CYREG_CLK_SELECT) & 0xFFFBF
  70              		.loc 1 155 0
  71 0014 2268     		ldr	r2, [r4]
  72 0016 0F4B     		ldr	r3, .L3+4
  73 0018 1340     		and	r3, r2
ARM GAS  C:\Users\744\AppData\Local\Temp\ccUgyjr6.s 			page 5


  74 001a 2360     		str	r3, [r4]
 156:.\Generated_Source\PSoC4/cyfitter_cfg.c **** 	/* CYDEV_CLK_ILO_CONFIG Starting address: CYDEV_CLK_ILO_CONFIG */
 157:.\Generated_Source\PSoC4/cyfitter_cfg.c **** 	CY_SET_XTND_REG32((void CYFAR *)(CYREG_CLK_ILO_CONFIG), 0x80000006u);
  75              		.loc 1 157 0
  76 001c 0E4A     		ldr	r2, .L3+8
  77 001e 0F4B     		ldr	r3, .L3+12
  78 0020 1A60     		str	r2, [r3]
 158:.\Generated_Source\PSoC4/cyfitter_cfg.c **** 
 159:.\Generated_Source\PSoC4/cyfitter_cfg.c **** 
 160:.\Generated_Source\PSoC4/cyfitter_cfg.c **** 	/* CYDEV_CLK_SELECT00 Starting address: CYDEV_CLK_SELECT00 */
 161:.\Generated_Source\PSoC4/cyfitter_cfg.c **** 	CY_SET_XTND_REG32((void CYFAR *)(CYREG_CLK_SELECT03), 0x00000010u);
  79              		.loc 1 161 0
  80 0022 1022     		mov	r2, #16
  81 0024 0E4B     		ldr	r3, .L3+16
  82 0026 1A60     		str	r2, [r3]
 162:.\Generated_Source\PSoC4/cyfitter_cfg.c **** 
 163:.\Generated_Source\PSoC4/cyfitter_cfg.c **** 	/* CYDEV_CLK_IMO_CONFIG Starting address: CYDEV_CLK_IMO_CONFIG */
 164:.\Generated_Source\PSoC4/cyfitter_cfg.c **** 	CY_SET_XTND_REG32((void CYFAR *)(CYREG_CLK_IMO_CONFIG), 0x80000000u);
  83              		.loc 1 164 0
  84 0028 8022     		mov	r2, #128
  85 002a 1206     		lsl	r2, r2, #24
  86 002c 0D4B     		ldr	r3, .L3+20
  87 002e 1A60     		str	r2, [r3]
 165:.\Generated_Source\PSoC4/cyfitter_cfg.c **** 
 166:.\Generated_Source\PSoC4/cyfitter_cfg.c **** 	/* CYDEV_CLK_SELECT Starting address: CYDEV_CLK_SELECT */
 167:.\Generated_Source\PSoC4/cyfitter_cfg.c **** 	CY_SET_XTND_REG32((void CYFAR *)(CYREG_CLK_SELECT), 0x00000000u);
  88              		.loc 1 167 0
  89 0030 0025     		mov	r5, #0
  90 0032 2560     		str	r5, [r4]
 168:.\Generated_Source\PSoC4/cyfitter_cfg.c **** 
 169:.\Generated_Source\PSoC4/cyfitter_cfg.c **** 	/* CYDEV_CLK_DIVIDER_A00 Starting address: CYDEV_CLK_DIVIDER_A00 */
 170:.\Generated_Source\PSoC4/cyfitter_cfg.c **** 	CY_SET_XTND_REG32((void CYFAR *)(CYREG_CLK_DIVIDER_A00), 0x8000000Eu);
  91              		.loc 1 170 0
  92 0034 0C4A     		ldr	r2, .L3+24
  93 0036 0D4B     		ldr	r3, .L3+28
  94 0038 1A60     		str	r2, [r3]
 171:.\Generated_Source\PSoC4/cyfitter_cfg.c **** 
 172:.\Generated_Source\PSoC4/cyfitter_cfg.c **** 	(void)CyIntSetVector(9u, &CySysWdtIsr);
  95              		.loc 1 172 0
  96 003a 0920     		mov	r0, #9
  97 003c 0C49     		ldr	r1, .L3+32
  98 003e FFF7FEFF 		bl	CyIntSetVector
  99              	.LVL4:
 173:.\Generated_Source\PSoC4/cyfitter_cfg.c **** 	CyIntEnable(9u);
 100              		.loc 1 173 0
 101 0042 0920     		mov	r0, #9
 102 0044 FFF7FEFF 		bl	CyIntEnable
 103              	.LVL5:
 174:.\Generated_Source\PSoC4/cyfitter_cfg.c **** 	CY_SET_XTND_REG32((void CYFAR *)(CYREG_WDT_CONFIG), 0x00000000u);
 104              		.loc 1 174 0
 105 0048 0A4B     		ldr	r3, .L3+36
 106 004a 1D60     		str	r5, [r3]
 175:.\Generated_Source\PSoC4/cyfitter_cfg.c **** }
 107              		.loc 1 175 0
 108              		@ sp needed
 109 004c 38BD     		pop	{r3, r4, r5, pc}
 110              	.L4:
ARM GAS  C:\Users\744\AppData\Local\Temp\ccUgyjr6.s 			page 6


 111 004e C046     		.align	2
 112              	.L3:
 113 0050 00010B40 		.word	1074462976
 114 0054 FFFFFBFF 		.word	-262145
 115 0058 06000080 		.word	-2147483642
 116 005c 04010B40 		.word	1074462980
 117 0060 0C020240 		.word	1073873420
 118 0064 08010B40 		.word	1074462984
 119 0068 0E000080 		.word	-2147483634
 120 006c 00000240 		.word	1073872896
 121 0070 00000000 		.word	CySysWdtIsr
 122 0074 0C020B40 		.word	1074463244
 123              		.cfi_endproc
 124              	.LFE3:
 125              		.size	ClockSetup, .-ClockSetup
 126              		.align	2
 127              		.global	cyfitter_cfg
 128              		.code	16
 129              		.thumb_func
 130              		.type	cyfitter_cfg, %function
 131              	cyfitter_cfg:
 132              	.LFB5:
 176:.\Generated_Source\PSoC4/cyfitter_cfg.c **** 
 177:.\Generated_Source\PSoC4/cyfitter_cfg.c **** 
 178:.\Generated_Source\PSoC4/cyfitter_cfg.c **** /* Analog API Functions */
 179:.\Generated_Source\PSoC4/cyfitter_cfg.c **** 
 180:.\Generated_Source\PSoC4/cyfitter_cfg.c **** 
 181:.\Generated_Source\PSoC4/cyfitter_cfg.c **** /*******************************************************************************
 182:.\Generated_Source\PSoC4/cyfitter_cfg.c **** * Function Name: AnalogSetDefault
 183:.\Generated_Source\PSoC4/cyfitter_cfg.c **** ********************************************************************************
 184:.\Generated_Source\PSoC4/cyfitter_cfg.c **** *
 185:.\Generated_Source\PSoC4/cyfitter_cfg.c **** * Summary:
 186:.\Generated_Source\PSoC4/cyfitter_cfg.c **** *  Sets up the analog portions of the chip to default values based on chip
 187:.\Generated_Source\PSoC4/cyfitter_cfg.c **** *  configuration options from the project.
 188:.\Generated_Source\PSoC4/cyfitter_cfg.c **** *
 189:.\Generated_Source\PSoC4/cyfitter_cfg.c **** * Parameters:
 190:.\Generated_Source\PSoC4/cyfitter_cfg.c **** *  void
 191:.\Generated_Source\PSoC4/cyfitter_cfg.c **** *
 192:.\Generated_Source\PSoC4/cyfitter_cfg.c **** * Return:
 193:.\Generated_Source\PSoC4/cyfitter_cfg.c **** *  void
 194:.\Generated_Source\PSoC4/cyfitter_cfg.c **** *
 195:.\Generated_Source\PSoC4/cyfitter_cfg.c **** *******************************************************************************/
 196:.\Generated_Source\PSoC4/cyfitter_cfg.c **** static void AnalogSetDefault(void);
 197:.\Generated_Source\PSoC4/cyfitter_cfg.c **** static void AnalogSetDefault(void)
 198:.\Generated_Source\PSoC4/cyfitter_cfg.c **** {
 199:.\Generated_Source\PSoC4/cyfitter_cfg.c **** }
 200:.\Generated_Source\PSoC4/cyfitter_cfg.c **** 
 201:.\Generated_Source\PSoC4/cyfitter_cfg.c **** #define CY_AMUX_UNUSED CYREG_CM0_ROM_DWT
 202:.\Generated_Source\PSoC4/cyfitter_cfg.c **** 
 203:.\Generated_Source\PSoC4/cyfitter_cfg.c **** 
 204:.\Generated_Source\PSoC4/cyfitter_cfg.c **** /*******************************************************************************
 205:.\Generated_Source\PSoC4/cyfitter_cfg.c **** * Function Name: cyfitter_cfg
 206:.\Generated_Source\PSoC4/cyfitter_cfg.c **** ********************************************************************************
 207:.\Generated_Source\PSoC4/cyfitter_cfg.c **** * Summary:
 208:.\Generated_Source\PSoC4/cyfitter_cfg.c **** *  This function is called by the start-up code for the selected device. It
 209:.\Generated_Source\PSoC4/cyfitter_cfg.c **** *  performs all of the necessary device configuration based on the design
 210:.\Generated_Source\PSoC4/cyfitter_cfg.c **** *  settings.  This includes settings from the Design Wide Resources (DWR) such
ARM GAS  C:\Users\744\AppData\Local\Temp\ccUgyjr6.s 			page 7


 211:.\Generated_Source\PSoC4/cyfitter_cfg.c **** *  as Clocks and Pins as well as any component configuration that is necessary.
 212:.\Generated_Source\PSoC4/cyfitter_cfg.c **** *
 213:.\Generated_Source\PSoC4/cyfitter_cfg.c **** * Parameters:  
 214:.\Generated_Source\PSoC4/cyfitter_cfg.c **** *   void
 215:.\Generated_Source\PSoC4/cyfitter_cfg.c **** *
 216:.\Generated_Source\PSoC4/cyfitter_cfg.c **** * Return:
 217:.\Generated_Source\PSoC4/cyfitter_cfg.c **** *   void
 218:.\Generated_Source\PSoC4/cyfitter_cfg.c **** *
 219:.\Generated_Source\PSoC4/cyfitter_cfg.c **** *******************************************************************************/
 220:.\Generated_Source\PSoC4/cyfitter_cfg.c **** CY_CFG_SECTION
 221:.\Generated_Source\PSoC4/cyfitter_cfg.c **** void cyfitter_cfg(void)
 222:.\Generated_Source\PSoC4/cyfitter_cfg.c **** {
 133              		.loc 1 222 0
 134              		.cfi_startproc
 135 0078 10B5     		push	{r4, lr}
 136              		.cfi_def_cfa_offset 8
 137              		.cfi_offset 4, -8
 138              		.cfi_offset 14, -4
 223:.\Generated_Source\PSoC4/cyfitter_cfg.c **** 	/* Disable interrupts by default. Let user enable if/when they want. */
 224:.\Generated_Source\PSoC4/cyfitter_cfg.c **** 	CyGlobalIntDisable;
 139              		.loc 1 224 0
 140              	@ 224 ".\Generated_Source\PSoC4\cyfitter_cfg.c" 1
 141 007a 72B6     		CPSID   i
 142              	@ 0 "" 2
 143              	.LVL6:
 144              		.code	16
 145              	.LBB2:
 225:.\Generated_Source\PSoC4/cyfitter_cfg.c **** 
 226:.\Generated_Source\PSoC4/cyfitter_cfg.c **** 	{
 227:.\Generated_Source\PSoC4/cyfitter_cfg.c **** 
 228:.\Generated_Source\PSoC4/cyfitter_cfg.c **** 		CYPACKED typedef struct {
 229:.\Generated_Source\PSoC4/cyfitter_cfg.c **** 			void CYFAR *address;
 230:.\Generated_Source\PSoC4/cyfitter_cfg.c **** 			uint16 size;
 231:.\Generated_Source\PSoC4/cyfitter_cfg.c **** 		} CYPACKED_ATTR cfg_memset_t;
 232:.\Generated_Source\PSoC4/cyfitter_cfg.c **** 
 233:.\Generated_Source\PSoC4/cyfitter_cfg.c **** 		static const cfg_memset_t CYCODE cfg_memset_list [] = {
 234:.\Generated_Source\PSoC4/cyfitter_cfg.c **** 			/* address, size */
 235:.\Generated_Source\PSoC4/cyfitter_cfg.c **** 			{(void CYFAR *)(CYDEV_UDB_P0_U0_BASE), 1024u},
 236:.\Generated_Source\PSoC4/cyfitter_cfg.c **** 			{(void CYFAR *)(CYDEV_UDB_DSI0_BASE), 1024u},
 237:.\Generated_Source\PSoC4/cyfitter_cfg.c **** 		};
 238:.\Generated_Source\PSoC4/cyfitter_cfg.c **** 
 239:.\Generated_Source\PSoC4/cyfitter_cfg.c **** 		uint8 CYDATA i;
 240:.\Generated_Source\PSoC4/cyfitter_cfg.c **** 
 241:.\Generated_Source\PSoC4/cyfitter_cfg.c **** 		/* Zero out critical memory blocks before beginning configuration */
 242:.\Generated_Source\PSoC4/cyfitter_cfg.c **** 		for (i = 0u; i < (sizeof(cfg_memset_list)/sizeof(cfg_memset_list[0])); i++)
 146              		.loc 1 242 0
 147 007c 0024     		mov	r4, #0
 148 007e 10E0     		b	.L6
 149              	.LVL7:
 150              	.L7:
 151              	.LBB3:
 243:.\Generated_Source\PSoC4/cyfitter_cfg.c **** 		{
 244:.\Generated_Source\PSoC4/cyfitter_cfg.c **** 			const cfg_memset_t CYCODE * CYDATA ms = &cfg_memset_list[i];
 245:.\Generated_Source\PSoC4/cyfitter_cfg.c **** 			CYMEMZERO(ms->address, (size_t)(uint32)(ms->size));
 152              		.loc 1 245 0 discriminator 3
 153 0080 1F48     		ldr	r0, .L8
 154 0082 6300     		lsl	r3, r4, #1
ARM GAS  C:\Users\744\AppData\Local\Temp\ccUgyjr6.s 			page 8


 155 0084 1A19     		add	r2, r3, r4
 156 0086 5200     		lsl	r2, r2, #1
 157 0088 8218     		add	r2, r0, r2
 158 008a 9188     		ldrh	r1, [r2, #4]
 159 008c 1B19     		add	r3, r3, r4
 160 008e 5B00     		lsl	r3, r3, #1
 161 0090 1A5A     		ldrh	r2, [r3, r0]
 162 0092 C318     		add	r3, r0, r3
 163 0094 5888     		ldrh	r0, [r3, #2]
 164 0096 0004     		lsl	r0, r0, #16
 165 0098 1043     		orr	r0, r2
 166 009a FFF7FEFF 		bl	CYMEMZERO
 167              	.LVL8:
 168              	.LBE3:
 242:.\Generated_Source\PSoC4/cyfitter_cfg.c **** 		{
 169              		.loc 1 242 0 discriminator 3
 170 009e 0134     		add	r4, r4, #1
 171              	.LVL9:
 172 00a0 E4B2     		uxtb	r4, r4
 173              	.LVL10:
 174              	.L6:
 242:.\Generated_Source\PSoC4/cyfitter_cfg.c **** 		{
 175              		.loc 1 242 0 is_stmt 0 discriminator 1
 176 00a2 012C     		cmp	r4, #1
 177 00a4 ECD9     		bls	.L7
 246:.\Generated_Source\PSoC4/cyfitter_cfg.c **** 		}
 247:.\Generated_Source\PSoC4/cyfitter_cfg.c **** 
 248:.\Generated_Source\PSoC4/cyfitter_cfg.c **** 		/* HSIOM Starting address: CYDEV_HSIOM_BASE */
 249:.\Generated_Source\PSoC4/cyfitter_cfg.c **** 		CY_SET_XTND_REG32((void CYFAR *)(CYDEV_HSIOM_BASE), 0x00EE0000u);
 178              		.loc 1 249 0 is_stmt 1
 179 00a6 EE22     		mov	r2, #238
 180 00a8 1204     		lsl	r2, r2, #16
 181 00aa 164B     		ldr	r3, .L8+4
 182 00ac 1A60     		str	r2, [r3]
 250:.\Generated_Source\PSoC4/cyfitter_cfg.c **** 		CY_SET_XTND_REG32((void CYFAR *)(CYREG_HSIOM_PORT_SEL3), 0x0000EE00u);
 183              		.loc 1 250 0
 184 00ae EE22     		mov	r2, #238
 185 00b0 1202     		lsl	r2, r2, #8
 186 00b2 154B     		ldr	r3, .L8+8
 187 00b4 1A60     		str	r2, [r3]
 251:.\Generated_Source\PSoC4/cyfitter_cfg.c **** 
 252:.\Generated_Source\PSoC4/cyfitter_cfg.c **** 		/* UDB_PA_0 Starting address: CYDEV_UDB_PA0_BASE */
 253:.\Generated_Source\PSoC4/cyfitter_cfg.c **** 		CY_SET_XTND_REG32((void CYFAR *)(CYDEV_UDB_PA0_BASE), 0x00990000u);
 188              		.loc 1 253 0
 189 00b6 9923     		mov	r3, #153
 190 00b8 1B04     		lsl	r3, r3, #16
 191 00ba 144A     		ldr	r2, .L8+12
 192 00bc 1360     		str	r3, [r2]
 254:.\Generated_Source\PSoC4/cyfitter_cfg.c **** 
 255:.\Generated_Source\PSoC4/cyfitter_cfg.c **** 		/* UDB_PA_3 Starting address: CYDEV_UDB_PA3_BASE */
 256:.\Generated_Source\PSoC4/cyfitter_cfg.c **** 		CY_SET_XTND_REG32((void CYFAR *)(CYDEV_UDB_PA3_BASE), 0x00990000u);
 193              		.loc 1 256 0
 194 00be 144A     		ldr	r2, .L8+16
 195 00c0 1360     		str	r3, [r2]
 257:.\Generated_Source\PSoC4/cyfitter_cfg.c **** 
 258:.\Generated_Source\PSoC4/cyfitter_cfg.c **** 		/* Enable digital routing */
 259:.\Generated_Source\PSoC4/cyfitter_cfg.c **** 		CY_SET_XTND_REG8((void *)CYREG_UDB_UDBIF_BANK_CTL, CY_GET_XTND_REG8((void *)CYREG_UDB_UDBIF_BANK_
ARM GAS  C:\Users\744\AppData\Local\Temp\ccUgyjr6.s 			page 9


 196              		.loc 1 259 0
 197 00c2 144B     		ldr	r3, .L8+20
 198 00c4 1978     		ldrb	r1, [r3]
 199 00c6 0222     		mov	r2, #2
 200 00c8 0A43     		orr	r2, r1
 201 00ca 1A70     		strb	r2, [r3]
 260:.\Generated_Source\PSoC4/cyfitter_cfg.c **** 
 261:.\Generated_Source\PSoC4/cyfitter_cfg.c **** 		/* Enable UDB array */
 262:.\Generated_Source\PSoC4/cyfitter_cfg.c **** 		CY_SET_XTND_REG8((void *)CYREG_UDB_UDBIF_WAIT_CFG, (uint8)((CY_GET_XTND_REG8((void *)CYREG_UDB_UD
 202              		.loc 1 262 0
 203 00cc 1248     		ldr	r0, .L8+24
 204 00ce 0278     		ldrb	r2, [r0]
 205 00d0 3C21     		mov	r1, #60
 206 00d2 8A43     		bic	r2, r1
 207 00d4 2839     		sub	r1, r1, #40
 208 00d6 0A43     		orr	r2, r1
 209 00d8 0270     		strb	r2, [r0]
 263:.\Generated_Source\PSoC4/cyfitter_cfg.c **** 		CY_SET_XTND_REG8((void *)CYREG_UDB_UDBIF_BANK_CTL, (uint8)(CY_GET_XTND_REG8((void *)CYREG_UDB_UDB
 210              		.loc 1 263 0
 211 00da 1978     		ldrb	r1, [r3]
 212 00dc 1622     		mov	r2, #22
 213 00de 0A43     		orr	r2, r1
 214 00e0 1A70     		strb	r2, [r3]
 215              	.LBE2:
 264:.\Generated_Source\PSoC4/cyfitter_cfg.c **** 	}
 265:.\Generated_Source\PSoC4/cyfitter_cfg.c **** 
 266:.\Generated_Source\PSoC4/cyfitter_cfg.c **** 	/* Perform second pass device configuration. These items must be configured in specific order afte
 267:.\Generated_Source\PSoC4/cyfitter_cfg.c **** 	/* IOPINS0_0 Starting address: CYDEV_PRT0_BASE */
 268:.\Generated_Source\PSoC4/cyfitter_cfg.c **** 	CY_SET_XTND_REG32((void CYFAR *)(CYDEV_PRT0_BASE), 0x00000030u);
 216              		.loc 1 268 0
 217 00e2 3022     		mov	r2, #48
 218 00e4 0D4B     		ldr	r3, .L8+28
 219 00e6 1A60     		str	r2, [r3]
 269:.\Generated_Source\PSoC4/cyfitter_cfg.c **** 	CY_SET_XTND_REG32((void CYFAR *)(CYREG_PRT0_PC), 0x00024000u);
 220              		.loc 1 269 0
 221 00e8 9022     		mov	r2, #144
 222 00ea 9202     		lsl	r2, r2, #10
 223 00ec 0C4B     		ldr	r3, .L8+32
 224 00ee 1A60     		str	r2, [r3]
 270:.\Generated_Source\PSoC4/cyfitter_cfg.c **** 
 271:.\Generated_Source\PSoC4/cyfitter_cfg.c **** 	/* IOPINS0_3 Starting address: CYDEV_PRT3_BASE */
 272:.\Generated_Source\PSoC4/cyfitter_cfg.c **** 	CY_SET_XTND_REG32((void CYFAR *)(CYREG_PRT3_PC), 0x00000D80u);
 225              		.loc 1 272 0
 226 00f0 D822     		mov	r2, #216
 227 00f2 1201     		lsl	r2, r2, #4
 228 00f4 0B4B     		ldr	r3, .L8+36
 229 00f6 1A60     		str	r2, [r3]
 273:.\Generated_Source\PSoC4/cyfitter_cfg.c **** 
 274:.\Generated_Source\PSoC4/cyfitter_cfg.c **** 
 275:.\Generated_Source\PSoC4/cyfitter_cfg.c **** 	/* Setup clocks based on selections from Clock DWR */
 276:.\Generated_Source\PSoC4/cyfitter_cfg.c **** 	ClockSetup();
 230              		.loc 1 276 0
 231 00f8 FFF782FF 		bl	ClockSetup
 232              	.LVL11:
 277:.\Generated_Source\PSoC4/cyfitter_cfg.c **** 
 278:.\Generated_Source\PSoC4/cyfitter_cfg.c **** 	/* Perform basic analog initialization to defaults */
 279:.\Generated_Source\PSoC4/cyfitter_cfg.c **** 	AnalogSetDefault();
ARM GAS  C:\Users\744\AppData\Local\Temp\ccUgyjr6.s 			page 10


 280:.\Generated_Source\PSoC4/cyfitter_cfg.c **** 
 281:.\Generated_Source\PSoC4/cyfitter_cfg.c **** }
 233              		.loc 1 281 0
 234              		@ sp needed
 235              	.LVL12:
 236 00fc 10BD     		pop	{r4, pc}
 237              	.L9:
 238 00fe C046     		.align	2
 239              	.L8:
 240 0100 00000000 		.word	.LANCHOR0
 241 0104 00000140 		.word	1073807360
 242 0108 0C000140 		.word	1073807372
 243 010c 00500F40 		.word	1074745344
 244 0110 30500F40 		.word	1074745392
 245 0114 00700F40 		.word	1074753536
 246 0118 01700F40 		.word	1074753537
 247 011c 00000440 		.word	1074003968
 248 0120 08000440 		.word	1074003976
 249 0124 08030440 		.word	1074004744
 250              		.cfi_endproc
 251              	.LFE5:
 252              		.size	cyfitter_cfg, .-cyfitter_cfg
 253              		.section	.rodata
 254              		.align	2
 255              		.set	.LANCHOR0,. + 0
 256              		.type	cfg_memset_list.4716, %object
 257              		.size	cfg_memset_list.4716, 12
 258              	cfg_memset_list.4716:
 259 0000 00300F40 		.word	1074737152
 260 0004 0004     		.short	1024
 261 0006 00400F40 		.4byte	1074741248
 262 000a 0004     		.short	1024
 263              		.text
 264              	.Letext0:
 265              		.file 2 "c:\\program files (x86)\\cypress\\psoc creator\\3.3\\psoc creator\\import\\gnu\\arm\\4.9.
 266              		.file 3 ".\\Generated_Source\\PSoC4\\cytypes.h"
 267              		.file 4 ".\\Generated_Source\\PSoC4\\CyLib.h"
 268              		.section	.debug_info,"",%progbits
 269              	.Ldebug_info0:
 270 0000 8F020000 		.4byte	0x28f
 271 0004 0400     		.2byte	0x4
 272 0006 00000000 		.4byte	.Ldebug_abbrev0
 273 000a 04       		.byte	0x4
 274 000b 01       		.uleb128 0x1
 275 000c 7A010000 		.4byte	.LASF28
 276 0010 01       		.byte	0x1
 277 0011 36010000 		.4byte	.LASF29
 278 0015 BF000000 		.4byte	.LASF30
 279 0019 00000000 		.4byte	.Ldebug_ranges0+0
 280 001d 00000000 		.4byte	0
 281 0021 00000000 		.4byte	.Ldebug_line0
 282 0025 02       		.uleb128 0x2
 283 0026 04       		.byte	0x4
 284 0027 05       		.byte	0x5
 285 0028 696E7400 		.ascii	"int\000"
 286 002c 03       		.uleb128 0x3
 287 002d 06000000 		.4byte	.LASF11
ARM GAS  C:\Users\744\AppData\Local\Temp\ccUgyjr6.s 			page 11


 288 0031 02       		.byte	0x2
 289 0032 D4       		.byte	0xd4
 290 0033 37000000 		.4byte	0x37
 291 0037 04       		.uleb128 0x4
 292 0038 04       		.byte	0x4
 293 0039 07       		.byte	0x7
 294 003a B2000000 		.4byte	.LASF0
 295 003e 04       		.uleb128 0x4
 296 003f 01       		.byte	0x1
 297 0040 06       		.byte	0x6
 298 0041 3D020000 		.4byte	.LASF1
 299 0045 04       		.uleb128 0x4
 300 0046 01       		.byte	0x1
 301 0047 08       		.byte	0x8
 302 0048 7C000000 		.4byte	.LASF2
 303 004c 04       		.uleb128 0x4
 304 004d 02       		.byte	0x2
 305 004e 05       		.byte	0x5
 306 004f 08020000 		.4byte	.LASF3
 307 0053 04       		.uleb128 0x4
 308 0054 02       		.byte	0x2
 309 0055 07       		.byte	0x7
 310 0056 37000000 		.4byte	.LASF4
 311 005a 04       		.uleb128 0x4
 312 005b 04       		.byte	0x4
 313 005c 05       		.byte	0x5
 314 005d 34020000 		.4byte	.LASF5
 315 0061 04       		.uleb128 0x4
 316 0062 04       		.byte	0x4
 317 0063 07       		.byte	0x7
 318 0064 5A000000 		.4byte	.LASF6
 319 0068 04       		.uleb128 0x4
 320 0069 08       		.byte	0x8
 321 006a 05       		.byte	0x5
 322 006b 67010000 		.4byte	.LASF7
 323 006f 04       		.uleb128 0x4
 324 0070 08       		.byte	0x8
 325 0071 07       		.byte	0x7
 326 0072 05010000 		.4byte	.LASF8
 327 0076 04       		.uleb128 0x4
 328 0077 04       		.byte	0x4
 329 0078 07       		.byte	0x7
 330 0079 5E010000 		.4byte	.LASF9
 331 007d 05       		.uleb128 0x5
 332 007e 04       		.byte	0x4
 333 007f 06       		.uleb128 0x6
 334 0080 04       		.byte	0x4
 335 0081 85000000 		.4byte	0x85
 336 0085 07       		.uleb128 0x7
 337 0086 04       		.uleb128 0x4
 338 0087 01       		.byte	0x1
 339 0088 08       		.byte	0x8
 340 0089 75010000 		.4byte	.LASF10
 341 008d 08       		.uleb128 0x8
 342 008e 6C000000 		.4byte	.LASF12
 343 0092 03       		.byte	0x3
 344 0093 3801     		.2byte	0x138
ARM GAS  C:\Users\744\AppData\Local\Temp\ccUgyjr6.s 			page 12


 345 0095 45000000 		.4byte	0x45
 346 0099 08       		.uleb128 0x8
 347 009a A4000000 		.4byte	.LASF13
 348 009e 03       		.byte	0x3
 349 009f 3901     		.2byte	0x139
 350 00a1 53000000 		.4byte	0x53
 351 00a5 08       		.uleb128 0x8
 352 00a6 AB000000 		.4byte	.LASF14
 353 00aa 03       		.byte	0x3
 354 00ab 3A01     		.2byte	0x13a
 355 00ad 61000000 		.4byte	0x61
 356 00b1 04       		.uleb128 0x4
 357 00b2 04       		.byte	0x4
 358 00b3 04       		.byte	0x4
 359 00b4 4A000000 		.4byte	.LASF15
 360 00b8 04       		.uleb128 0x4
 361 00b9 08       		.byte	0x8
 362 00ba 04       		.byte	0x4
 363 00bb 91000000 		.4byte	.LASF16
 364 00bf 08       		.uleb128 0x8
 365 00c0 55000000 		.4byte	.LASF17
 366 00c4 03       		.byte	0x3
 367 00c5 E201     		.2byte	0x1e2
 368 00c7 CB000000 		.4byte	0xcb
 369 00cb 09       		.uleb128 0x9
 370 00cc 8D000000 		.4byte	0x8d
 371 00d0 08       		.uleb128 0x8
 372 00d1 00000000 		.4byte	.LASF18
 373 00d5 03       		.byte	0x3
 374 00d6 E401     		.2byte	0x1e4
 375 00d8 DC000000 		.4byte	0xdc
 376 00dc 09       		.uleb128 0x9
 377 00dd A5000000 		.4byte	0xa5
 378 00e1 08       		.uleb128 0x8
 379 00e2 1C010000 		.4byte	.LASF19
 380 00e6 03       		.byte	0x3
 381 00e7 F401     		.2byte	0x1f4
 382 00e9 7F000000 		.4byte	0x7f
 383 00ed 0A       		.uleb128 0xa
 384 00ee 72000000 		.4byte	.LASF20
 385 00f2 01       		.byte	0x1
 386 00f3 3D       		.byte	0x3d
 387 00f4 00000000 		.4byte	.LFB0
 388 00f8 0C000000 		.4byte	.LFE0-.LFB0
 389 00fc 01       		.uleb128 0x1
 390 00fd 9C       		.byte	0x9c
 391 00fe 3A010000 		.4byte	0x13a
 392 0102 0B       		.uleb128 0xb
 393 0103 7300     		.ascii	"s\000"
 394 0105 01       		.byte	0x1
 395 0106 3D       		.byte	0x3d
 396 0107 7D000000 		.4byte	0x7d
 397 010b 00000000 		.4byte	.LLST0
 398 010f 0B       		.uleb128 0xb
 399 0110 6E00     		.ascii	"n\000"
 400 0112 01       		.byte	0x1
 401 0113 3D       		.byte	0x3d
ARM GAS  C:\Users\744\AppData\Local\Temp\ccUgyjr6.s 			page 13


 402 0114 2C000000 		.4byte	0x2c
 403 0118 21000000 		.4byte	.LLST1
 404 011c 0C       		.uleb128 0xc
 405 011d 0A000000 		.4byte	.LVL2
 406 0121 3D020000 		.4byte	0x23d
 407 0125 0D       		.uleb128 0xd
 408 0126 01       		.uleb128 0x1
 409 0127 52       		.byte	0x52
 410 0128 03       		.uleb128 0x3
 411 0129 F3       		.byte	0xf3
 412 012a 01       		.uleb128 0x1
 413 012b 51       		.byte	0x51
 414 012c 0D       		.uleb128 0xd
 415 012d 01       		.uleb128 0x1
 416 012e 51       		.byte	0x51
 417 012f 01       		.uleb128 0x1
 418 0130 30       		.byte	0x30
 419 0131 0D       		.uleb128 0xd
 420 0132 01       		.uleb128 0x1
 421 0133 50       		.byte	0x50
 422 0134 03       		.uleb128 0x3
 423 0135 F3       		.byte	0xf3
 424 0136 01       		.uleb128 0x1
 425 0137 50       		.byte	0x50
 426 0138 00       		.byte	0
 427 0139 00       		.byte	0
 428 013a 0A       		.uleb128 0xa
 429 013b 2C000000 		.4byte	.LASF21
 430 013f 01       		.byte	0x1
 431 0140 92       		.byte	0x92
 432 0141 00000000 		.4byte	.LFB3
 433 0145 78000000 		.4byte	.LFE3-.LFB3
 434 0149 01       		.uleb128 0x1
 435 014a 9C       		.byte	0x9c
 436 014b 85010000 		.4byte	0x185
 437 014f 0E       		.uleb128 0xe
 438 0150 14000000 		.4byte	.LVL3
 439 0154 5A020000 		.4byte	0x25a
 440 0158 62010000 		.4byte	0x162
 441 015c 0D       		.uleb128 0xd
 442 015d 01       		.uleb128 0x1
 443 015e 50       		.byte	0x50
 444 015f 01       		.uleb128 0x1
 445 0160 48       		.byte	0x48
 446 0161 00       		.byte	0
 447 0162 0E       		.uleb128 0xe
 448 0163 42000000 		.4byte	.LVL4
 449 0167 6B020000 		.4byte	0x26b
 450 016b 75010000 		.4byte	0x175
 451 016f 0D       		.uleb128 0xd
 452 0170 01       		.uleb128 0x1
 453 0171 50       		.byte	0x50
 454 0172 01       		.uleb128 0x1
 455 0173 39       		.byte	0x39
 456 0174 00       		.byte	0
 457 0175 0C       		.uleb128 0xc
 458 0176 48000000 		.4byte	.LVL5
ARM GAS  C:\Users\744\AppData\Local\Temp\ccUgyjr6.s 			page 14


 459 017a 85020000 		.4byte	0x285
 460 017e 0D       		.uleb128 0xd
 461 017f 01       		.uleb128 0x1
 462 0180 50       		.byte	0x50
 463 0181 01       		.uleb128 0x1
 464 0182 39       		.byte	0x39
 465 0183 00       		.byte	0
 466 0184 00       		.byte	0
 467 0185 0F       		.uleb128 0xf
 468 0186 27020000 		.4byte	.LASF31
 469 018a 01       		.byte	0x1
 470 018b DD       		.byte	0xdd
 471 018c 78000000 		.4byte	.LFB5
 472 0190 B0000000 		.4byte	.LFE5-.LFB5
 473 0194 01       		.uleb128 0x1
 474 0195 9C       		.byte	0x9c
 475 0196 3D020000 		.4byte	0x23d
 476 019a 10       		.uleb128 0x10
 477 019b 7C000000 		.4byte	.LBB2
 478 019f 66000000 		.4byte	.LBE2-.LBB2
 479 01a3 33020000 		.4byte	0x233
 480 01a7 11       		.uleb128 0x11
 481 01a8 06       		.byte	0x6
 482 01a9 01       		.byte	0x1
 483 01aa E4       		.byte	0xe4
 484 01ab C8010000 		.4byte	0x1c8
 485 01af 12       		.uleb128 0x12
 486 01b0 FD000000 		.4byte	.LASF22
 487 01b4 01       		.byte	0x1
 488 01b5 E5       		.byte	0xe5
 489 01b6 7D000000 		.4byte	0x7d
 490 01ba 00       		.byte	0
 491 01bb 12       		.uleb128 0x12
 492 01bc 50000000 		.4byte	.LASF23
 493 01c0 01       		.byte	0x1
 494 01c1 E6       		.byte	0xe6
 495 01c2 99000000 		.4byte	0x99
 496 01c6 04       		.byte	0x4
 497 01c7 00       		.byte	0
 498 01c8 03       		.uleb128 0x3
 499 01c9 29010000 		.4byte	.LASF24
 500 01cd 01       		.byte	0x1
 501 01ce E7       		.byte	0xe7
 502 01cf A7010000 		.4byte	0x1a7
 503 01d3 13       		.uleb128 0x13
 504 01d4 C8010000 		.4byte	0x1c8
 505 01d8 E3010000 		.4byte	0x1e3
 506 01dc 14       		.uleb128 0x14
 507 01dd 76000000 		.4byte	0x76
 508 01e1 01       		.byte	0x1
 509 01e2 00       		.byte	0
 510 01e3 15       		.uleb128 0x15
 511 01e4 1C000000 		.4byte	.LASF25
 512 01e8 01       		.byte	0x1
 513 01e9 E9       		.byte	0xe9
 514 01ea F4010000 		.4byte	0x1f4
 515 01ee 05       		.uleb128 0x5
ARM GAS  C:\Users\744\AppData\Local\Temp\ccUgyjr6.s 			page 15


 516 01ef 03       		.byte	0x3
 517 01f0 00000000 		.4byte	cfg_memset_list.4716
 518 01f4 16       		.uleb128 0x16
 519 01f5 D3010000 		.4byte	0x1d3
 520 01f9 17       		.uleb128 0x17
 521 01fa 6900     		.ascii	"i\000"
 522 01fc 01       		.byte	0x1
 523 01fd EF       		.byte	0xef
 524 01fe 8D000000 		.4byte	0x8d
 525 0202 4D000000 		.4byte	.LLST2
 526 0206 18       		.uleb128 0x18
 527 0207 80000000 		.4byte	.LBB3
 528 020b 1E000000 		.4byte	.LBE3-.LBB3
 529 020f 17       		.uleb128 0x17
 530 0210 6D7300   		.ascii	"ms\000"
 531 0213 01       		.byte	0x1
 532 0214 F4       		.byte	0xf4
 533 0215 1D020000 		.4byte	0x21d
 534 0219 77000000 		.4byte	.LLST3
 535 021d 06       		.uleb128 0x6
 536 021e 04       		.byte	0x4
 537 021f 23020000 		.4byte	0x223
 538 0223 16       		.uleb128 0x16
 539 0224 C8010000 		.4byte	0x1c8
 540 0228 19       		.uleb128 0x19
 541 0229 9E000000 		.4byte	.LVL8
 542 022d ED000000 		.4byte	0xed
 543 0231 00       		.byte	0
 544 0232 00       		.byte	0
 545 0233 19       		.uleb128 0x19
 546 0234 FC000000 		.4byte	.LVL11
 547 0238 3A010000 		.4byte	0x13a
 548 023c 00       		.byte	0
 549 023d 1A       		.uleb128 0x1a
 550 023e 8A000000 		.4byte	.LASF26
 551 0242 7D000000 		.4byte	0x7d
 552 0246 5A020000 		.4byte	0x25a
 553 024a 1B       		.uleb128 0x1b
 554 024b 7D000000 		.4byte	0x7d
 555 024f 1B       		.uleb128 0x1b
 556 0250 25000000 		.4byte	0x25
 557 0254 1B       		.uleb128 0x1b
 558 0255 76000000 		.4byte	0x76
 559 0259 00       		.byte	0
 560 025a 1C       		.uleb128 0x1c
 561 025b 12020000 		.4byte	.LASF27
 562 025f 04       		.byte	0x4
 563 0260 38       		.byte	0x38
 564 0261 6B020000 		.4byte	0x26b
 565 0265 1B       		.uleb128 0x1b
 566 0266 A5000000 		.4byte	0xa5
 567 026a 00       		.byte	0
 568 026b 1D       		.uleb128 0x1d
 569 026c 0D000000 		.4byte	.LASF32
 570 0270 04       		.byte	0x4
 571 0271 49       		.byte	0x49
 572 0272 E1000000 		.4byte	0xe1
ARM GAS  C:\Users\744\AppData\Local\Temp\ccUgyjr6.s 			page 16


 573 0276 85020000 		.4byte	0x285
 574 027a 1B       		.uleb128 0x1b
 575 027b 8D000000 		.4byte	0x8d
 576 027f 1B       		.uleb128 0x1b
 577 0280 E1000000 		.4byte	0xe1
 578 0284 00       		.byte	0
 579 0285 1E       		.uleb128 0x1e
 580 0286 98000000 		.4byte	.LASF33
 581 028a 04       		.byte	0x4
 582 028b 4F       		.byte	0x4f
 583 028c 1B       		.uleb128 0x1b
 584 028d 8D000000 		.4byte	0x8d
 585 0291 00       		.byte	0
 586 0292 00       		.byte	0
 587              		.section	.debug_abbrev,"",%progbits
 588              	.Ldebug_abbrev0:
 589 0000 01       		.uleb128 0x1
 590 0001 11       		.uleb128 0x11
 591 0002 01       		.byte	0x1
 592 0003 25       		.uleb128 0x25
 593 0004 0E       		.uleb128 0xe
 594 0005 13       		.uleb128 0x13
 595 0006 0B       		.uleb128 0xb
 596 0007 03       		.uleb128 0x3
 597 0008 0E       		.uleb128 0xe
 598 0009 1B       		.uleb128 0x1b
 599 000a 0E       		.uleb128 0xe
 600 000b 55       		.uleb128 0x55
 601 000c 17       		.uleb128 0x17
 602 000d 11       		.uleb128 0x11
 603 000e 01       		.uleb128 0x1
 604 000f 10       		.uleb128 0x10
 605 0010 17       		.uleb128 0x17
 606 0011 00       		.byte	0
 607 0012 00       		.byte	0
 608 0013 02       		.uleb128 0x2
 609 0014 24       		.uleb128 0x24
 610 0015 00       		.byte	0
 611 0016 0B       		.uleb128 0xb
 612 0017 0B       		.uleb128 0xb
 613 0018 3E       		.uleb128 0x3e
 614 0019 0B       		.uleb128 0xb
 615 001a 03       		.uleb128 0x3
 616 001b 08       		.uleb128 0x8
 617 001c 00       		.byte	0
 618 001d 00       		.byte	0
 619 001e 03       		.uleb128 0x3
 620 001f 16       		.uleb128 0x16
 621 0020 00       		.byte	0
 622 0021 03       		.uleb128 0x3
 623 0022 0E       		.uleb128 0xe
 624 0023 3A       		.uleb128 0x3a
 625 0024 0B       		.uleb128 0xb
 626 0025 3B       		.uleb128 0x3b
 627 0026 0B       		.uleb128 0xb
 628 0027 49       		.uleb128 0x49
 629 0028 13       		.uleb128 0x13
ARM GAS  C:\Users\744\AppData\Local\Temp\ccUgyjr6.s 			page 17


 630 0029 00       		.byte	0
 631 002a 00       		.byte	0
 632 002b 04       		.uleb128 0x4
 633 002c 24       		.uleb128 0x24
 634 002d 00       		.byte	0
 635 002e 0B       		.uleb128 0xb
 636 002f 0B       		.uleb128 0xb
 637 0030 3E       		.uleb128 0x3e
 638 0031 0B       		.uleb128 0xb
 639 0032 03       		.uleb128 0x3
 640 0033 0E       		.uleb128 0xe
 641 0034 00       		.byte	0
 642 0035 00       		.byte	0
 643 0036 05       		.uleb128 0x5
 644 0037 0F       		.uleb128 0xf
 645 0038 00       		.byte	0
 646 0039 0B       		.uleb128 0xb
 647 003a 0B       		.uleb128 0xb
 648 003b 00       		.byte	0
 649 003c 00       		.byte	0
 650 003d 06       		.uleb128 0x6
 651 003e 0F       		.uleb128 0xf
 652 003f 00       		.byte	0
 653 0040 0B       		.uleb128 0xb
 654 0041 0B       		.uleb128 0xb
 655 0042 49       		.uleb128 0x49
 656 0043 13       		.uleb128 0x13
 657 0044 00       		.byte	0
 658 0045 00       		.byte	0
 659 0046 07       		.uleb128 0x7
 660 0047 15       		.uleb128 0x15
 661 0048 00       		.byte	0
 662 0049 27       		.uleb128 0x27
 663 004a 19       		.uleb128 0x19
 664 004b 00       		.byte	0
 665 004c 00       		.byte	0
 666 004d 08       		.uleb128 0x8
 667 004e 16       		.uleb128 0x16
 668 004f 00       		.byte	0
 669 0050 03       		.uleb128 0x3
 670 0051 0E       		.uleb128 0xe
 671 0052 3A       		.uleb128 0x3a
 672 0053 0B       		.uleb128 0xb
 673 0054 3B       		.uleb128 0x3b
 674 0055 05       		.uleb128 0x5
 675 0056 49       		.uleb128 0x49
 676 0057 13       		.uleb128 0x13
 677 0058 00       		.byte	0
 678 0059 00       		.byte	0
 679 005a 09       		.uleb128 0x9
 680 005b 35       		.uleb128 0x35
 681 005c 00       		.byte	0
 682 005d 49       		.uleb128 0x49
 683 005e 13       		.uleb128 0x13
 684 005f 00       		.byte	0
 685 0060 00       		.byte	0
 686 0061 0A       		.uleb128 0xa
ARM GAS  C:\Users\744\AppData\Local\Temp\ccUgyjr6.s 			page 18


 687 0062 2E       		.uleb128 0x2e
 688 0063 01       		.byte	0x1
 689 0064 03       		.uleb128 0x3
 690 0065 0E       		.uleb128 0xe
 691 0066 3A       		.uleb128 0x3a
 692 0067 0B       		.uleb128 0xb
 693 0068 3B       		.uleb128 0x3b
 694 0069 0B       		.uleb128 0xb
 695 006a 27       		.uleb128 0x27
 696 006b 19       		.uleb128 0x19
 697 006c 11       		.uleb128 0x11
 698 006d 01       		.uleb128 0x1
 699 006e 12       		.uleb128 0x12
 700 006f 06       		.uleb128 0x6
 701 0070 40       		.uleb128 0x40
 702 0071 18       		.uleb128 0x18
 703 0072 9742     		.uleb128 0x2117
 704 0074 19       		.uleb128 0x19
 705 0075 01       		.uleb128 0x1
 706 0076 13       		.uleb128 0x13
 707 0077 00       		.byte	0
 708 0078 00       		.byte	0
 709 0079 0B       		.uleb128 0xb
 710 007a 05       		.uleb128 0x5
 711 007b 00       		.byte	0
 712 007c 03       		.uleb128 0x3
 713 007d 08       		.uleb128 0x8
 714 007e 3A       		.uleb128 0x3a
 715 007f 0B       		.uleb128 0xb
 716 0080 3B       		.uleb128 0x3b
 717 0081 0B       		.uleb128 0xb
 718 0082 49       		.uleb128 0x49
 719 0083 13       		.uleb128 0x13
 720 0084 02       		.uleb128 0x2
 721 0085 17       		.uleb128 0x17
 722 0086 00       		.byte	0
 723 0087 00       		.byte	0
 724 0088 0C       		.uleb128 0xc
 725 0089 898201   		.uleb128 0x4109
 726 008c 01       		.byte	0x1
 727 008d 11       		.uleb128 0x11
 728 008e 01       		.uleb128 0x1
 729 008f 31       		.uleb128 0x31
 730 0090 13       		.uleb128 0x13
 731 0091 00       		.byte	0
 732 0092 00       		.byte	0
 733 0093 0D       		.uleb128 0xd
 734 0094 8A8201   		.uleb128 0x410a
 735 0097 00       		.byte	0
 736 0098 02       		.uleb128 0x2
 737 0099 18       		.uleb128 0x18
 738 009a 9142     		.uleb128 0x2111
 739 009c 18       		.uleb128 0x18
 740 009d 00       		.byte	0
 741 009e 00       		.byte	0
 742 009f 0E       		.uleb128 0xe
 743 00a0 898201   		.uleb128 0x4109
ARM GAS  C:\Users\744\AppData\Local\Temp\ccUgyjr6.s 			page 19


 744 00a3 01       		.byte	0x1
 745 00a4 11       		.uleb128 0x11
 746 00a5 01       		.uleb128 0x1
 747 00a6 31       		.uleb128 0x31
 748 00a7 13       		.uleb128 0x13
 749 00a8 01       		.uleb128 0x1
 750 00a9 13       		.uleb128 0x13
 751 00aa 00       		.byte	0
 752 00ab 00       		.byte	0
 753 00ac 0F       		.uleb128 0xf
 754 00ad 2E       		.uleb128 0x2e
 755 00ae 01       		.byte	0x1
 756 00af 3F       		.uleb128 0x3f
 757 00b0 19       		.uleb128 0x19
 758 00b1 03       		.uleb128 0x3
 759 00b2 0E       		.uleb128 0xe
 760 00b3 3A       		.uleb128 0x3a
 761 00b4 0B       		.uleb128 0xb
 762 00b5 3B       		.uleb128 0x3b
 763 00b6 0B       		.uleb128 0xb
 764 00b7 27       		.uleb128 0x27
 765 00b8 19       		.uleb128 0x19
 766 00b9 11       		.uleb128 0x11
 767 00ba 01       		.uleb128 0x1
 768 00bb 12       		.uleb128 0x12
 769 00bc 06       		.uleb128 0x6
 770 00bd 40       		.uleb128 0x40
 771 00be 18       		.uleb128 0x18
 772 00bf 9742     		.uleb128 0x2117
 773 00c1 19       		.uleb128 0x19
 774 00c2 01       		.uleb128 0x1
 775 00c3 13       		.uleb128 0x13
 776 00c4 00       		.byte	0
 777 00c5 00       		.byte	0
 778 00c6 10       		.uleb128 0x10
 779 00c7 0B       		.uleb128 0xb
 780 00c8 01       		.byte	0x1
 781 00c9 11       		.uleb128 0x11
 782 00ca 01       		.uleb128 0x1
 783 00cb 12       		.uleb128 0x12
 784 00cc 06       		.uleb128 0x6
 785 00cd 01       		.uleb128 0x1
 786 00ce 13       		.uleb128 0x13
 787 00cf 00       		.byte	0
 788 00d0 00       		.byte	0
 789 00d1 11       		.uleb128 0x11
 790 00d2 13       		.uleb128 0x13
 791 00d3 01       		.byte	0x1
 792 00d4 0B       		.uleb128 0xb
 793 00d5 0B       		.uleb128 0xb
 794 00d6 3A       		.uleb128 0x3a
 795 00d7 0B       		.uleb128 0xb
 796 00d8 3B       		.uleb128 0x3b
 797 00d9 0B       		.uleb128 0xb
 798 00da 01       		.uleb128 0x1
 799 00db 13       		.uleb128 0x13
 800 00dc 00       		.byte	0
ARM GAS  C:\Users\744\AppData\Local\Temp\ccUgyjr6.s 			page 20


 801 00dd 00       		.byte	0
 802 00de 12       		.uleb128 0x12
 803 00df 0D       		.uleb128 0xd
 804 00e0 00       		.byte	0
 805 00e1 03       		.uleb128 0x3
 806 00e2 0E       		.uleb128 0xe
 807 00e3 3A       		.uleb128 0x3a
 808 00e4 0B       		.uleb128 0xb
 809 00e5 3B       		.uleb128 0x3b
 810 00e6 0B       		.uleb128 0xb
 811 00e7 49       		.uleb128 0x49
 812 00e8 13       		.uleb128 0x13
 813 00e9 38       		.uleb128 0x38
 814 00ea 0B       		.uleb128 0xb
 815 00eb 00       		.byte	0
 816 00ec 00       		.byte	0
 817 00ed 13       		.uleb128 0x13
 818 00ee 01       		.uleb128 0x1
 819 00ef 01       		.byte	0x1
 820 00f0 49       		.uleb128 0x49
 821 00f1 13       		.uleb128 0x13
 822 00f2 01       		.uleb128 0x1
 823 00f3 13       		.uleb128 0x13
 824 00f4 00       		.byte	0
 825 00f5 00       		.byte	0
 826 00f6 14       		.uleb128 0x14
 827 00f7 21       		.uleb128 0x21
 828 00f8 00       		.byte	0
 829 00f9 49       		.uleb128 0x49
 830 00fa 13       		.uleb128 0x13
 831 00fb 2F       		.uleb128 0x2f
 832 00fc 0B       		.uleb128 0xb
 833 00fd 00       		.byte	0
 834 00fe 00       		.byte	0
 835 00ff 15       		.uleb128 0x15
 836 0100 34       		.uleb128 0x34
 837 0101 00       		.byte	0
 838 0102 03       		.uleb128 0x3
 839 0103 0E       		.uleb128 0xe
 840 0104 3A       		.uleb128 0x3a
 841 0105 0B       		.uleb128 0xb
 842 0106 3B       		.uleb128 0x3b
 843 0107 0B       		.uleb128 0xb
 844 0108 49       		.uleb128 0x49
 845 0109 13       		.uleb128 0x13
 846 010a 02       		.uleb128 0x2
 847 010b 18       		.uleb128 0x18
 848 010c 00       		.byte	0
 849 010d 00       		.byte	0
 850 010e 16       		.uleb128 0x16
 851 010f 26       		.uleb128 0x26
 852 0110 00       		.byte	0
 853 0111 49       		.uleb128 0x49
 854 0112 13       		.uleb128 0x13
 855 0113 00       		.byte	0
 856 0114 00       		.byte	0
 857 0115 17       		.uleb128 0x17
ARM GAS  C:\Users\744\AppData\Local\Temp\ccUgyjr6.s 			page 21


 858 0116 34       		.uleb128 0x34
 859 0117 00       		.byte	0
 860 0118 03       		.uleb128 0x3
 861 0119 08       		.uleb128 0x8
 862 011a 3A       		.uleb128 0x3a
 863 011b 0B       		.uleb128 0xb
 864 011c 3B       		.uleb128 0x3b
 865 011d 0B       		.uleb128 0xb
 866 011e 49       		.uleb128 0x49
 867 011f 13       		.uleb128 0x13
 868 0120 02       		.uleb128 0x2
 869 0121 17       		.uleb128 0x17
 870 0122 00       		.byte	0
 871 0123 00       		.byte	0
 872 0124 18       		.uleb128 0x18
 873 0125 0B       		.uleb128 0xb
 874 0126 01       		.byte	0x1
 875 0127 11       		.uleb128 0x11
 876 0128 01       		.uleb128 0x1
 877 0129 12       		.uleb128 0x12
 878 012a 06       		.uleb128 0x6
 879 012b 00       		.byte	0
 880 012c 00       		.byte	0
 881 012d 19       		.uleb128 0x19
 882 012e 898201   		.uleb128 0x4109
 883 0131 00       		.byte	0
 884 0132 11       		.uleb128 0x11
 885 0133 01       		.uleb128 0x1
 886 0134 31       		.uleb128 0x31
 887 0135 13       		.uleb128 0x13
 888 0136 00       		.byte	0
 889 0137 00       		.byte	0
 890 0138 1A       		.uleb128 0x1a
 891 0139 2E       		.uleb128 0x2e
 892 013a 01       		.byte	0x1
 893 013b 3F       		.uleb128 0x3f
 894 013c 19       		.uleb128 0x19
 895 013d 03       		.uleb128 0x3
 896 013e 0E       		.uleb128 0xe
 897 013f 27       		.uleb128 0x27
 898 0140 19       		.uleb128 0x19
 899 0141 49       		.uleb128 0x49
 900 0142 13       		.uleb128 0x13
 901 0143 34       		.uleb128 0x34
 902 0144 19       		.uleb128 0x19
 903 0145 3C       		.uleb128 0x3c
 904 0146 19       		.uleb128 0x19
 905 0147 01       		.uleb128 0x1
 906 0148 13       		.uleb128 0x13
 907 0149 00       		.byte	0
 908 014a 00       		.byte	0
 909 014b 1B       		.uleb128 0x1b
 910 014c 05       		.uleb128 0x5
 911 014d 00       		.byte	0
 912 014e 49       		.uleb128 0x49
 913 014f 13       		.uleb128 0x13
 914 0150 00       		.byte	0
ARM GAS  C:\Users\744\AppData\Local\Temp\ccUgyjr6.s 			page 22


 915 0151 00       		.byte	0
 916 0152 1C       		.uleb128 0x1c
 917 0153 2E       		.uleb128 0x2e
 918 0154 01       		.byte	0x1
 919 0155 3F       		.uleb128 0x3f
 920 0156 19       		.uleb128 0x19
 921 0157 03       		.uleb128 0x3
 922 0158 0E       		.uleb128 0xe
 923 0159 3A       		.uleb128 0x3a
 924 015a 0B       		.uleb128 0xb
 925 015b 3B       		.uleb128 0x3b
 926 015c 0B       		.uleb128 0xb
 927 015d 27       		.uleb128 0x27
 928 015e 19       		.uleb128 0x19
 929 015f 3C       		.uleb128 0x3c
 930 0160 19       		.uleb128 0x19
 931 0161 01       		.uleb128 0x1
 932 0162 13       		.uleb128 0x13
 933 0163 00       		.byte	0
 934 0164 00       		.byte	0
 935 0165 1D       		.uleb128 0x1d
 936 0166 2E       		.uleb128 0x2e
 937 0167 01       		.byte	0x1
 938 0168 3F       		.uleb128 0x3f
 939 0169 19       		.uleb128 0x19
 940 016a 03       		.uleb128 0x3
 941 016b 0E       		.uleb128 0xe
 942 016c 3A       		.uleb128 0x3a
 943 016d 0B       		.uleb128 0xb
 944 016e 3B       		.uleb128 0x3b
 945 016f 0B       		.uleb128 0xb
 946 0170 27       		.uleb128 0x27
 947 0171 19       		.uleb128 0x19
 948 0172 49       		.uleb128 0x49
 949 0173 13       		.uleb128 0x13
 950 0174 3C       		.uleb128 0x3c
 951 0175 19       		.uleb128 0x19
 952 0176 01       		.uleb128 0x1
 953 0177 13       		.uleb128 0x13
 954 0178 00       		.byte	0
 955 0179 00       		.byte	0
 956 017a 1E       		.uleb128 0x1e
 957 017b 2E       		.uleb128 0x2e
 958 017c 01       		.byte	0x1
 959 017d 3F       		.uleb128 0x3f
 960 017e 19       		.uleb128 0x19
 961 017f 03       		.uleb128 0x3
 962 0180 0E       		.uleb128 0xe
 963 0181 3A       		.uleb128 0x3a
 964 0182 0B       		.uleb128 0xb
 965 0183 3B       		.uleb128 0x3b
 966 0184 0B       		.uleb128 0xb
 967 0185 27       		.uleb128 0x27
 968 0186 19       		.uleb128 0x19
 969 0187 3C       		.uleb128 0x3c
 970 0188 19       		.uleb128 0x19
 971 0189 00       		.byte	0
ARM GAS  C:\Users\744\AppData\Local\Temp\ccUgyjr6.s 			page 23


 972 018a 00       		.byte	0
 973 018b 00       		.byte	0
 974              		.section	.debug_loc,"",%progbits
 975              	.Ldebug_loc0:
 976              	.LLST0:
 977 0000 00000000 		.4byte	.LVL0
 978 0004 09000000 		.4byte	.LVL2-1
 979 0008 0100     		.2byte	0x1
 980 000a 50       		.byte	0x50
 981 000b 09000000 		.4byte	.LVL2-1
 982 000f 0C000000 		.4byte	.LFE0
 983 0013 0400     		.2byte	0x4
 984 0015 F3       		.byte	0xf3
 985 0016 01       		.uleb128 0x1
 986 0017 50       		.byte	0x50
 987 0018 9F       		.byte	0x9f
 988 0019 00000000 		.4byte	0
 989 001d 00000000 		.4byte	0
 990              	.LLST1:
 991 0021 00000000 		.4byte	.LVL0
 992 0025 06000000 		.4byte	.LVL1
 993 0029 0100     		.2byte	0x1
 994 002b 51       		.byte	0x51
 995 002c 06000000 		.4byte	.LVL1
 996 0030 09000000 		.4byte	.LVL2-1
 997 0034 0100     		.2byte	0x1
 998 0036 52       		.byte	0x52
 999 0037 09000000 		.4byte	.LVL2-1
 1000 003b 0C000000 		.4byte	.LFE0
 1001 003f 0400     		.2byte	0x4
 1002 0041 F3       		.byte	0xf3
 1003 0042 01       		.uleb128 0x1
 1004 0043 51       		.byte	0x51
 1005 0044 9F       		.byte	0x9f
 1006 0045 00000000 		.4byte	0
 1007 0049 00000000 		.4byte	0
 1008              	.LLST2:
 1009 004d 7C000000 		.4byte	.LVL6
 1010 0051 80000000 		.4byte	.LVL7
 1011 0055 0200     		.2byte	0x2
 1012 0057 30       		.byte	0x30
 1013 0058 9F       		.byte	0x9f
 1014 0059 80000000 		.4byte	.LVL7
 1015 005d A0000000 		.4byte	.LVL9
 1016 0061 0100     		.2byte	0x1
 1017 0063 54       		.byte	0x54
 1018 0064 A2000000 		.4byte	.LVL10
 1019 0068 FC000000 		.4byte	.LVL12
 1020 006c 0100     		.2byte	0x1
 1021 006e 54       		.byte	0x54
 1022 006f 00000000 		.4byte	0
 1023 0073 00000000 		.4byte	0
 1024              	.LLST3:
 1025 0077 80000000 		.4byte	.LVL7
 1026 007b A0000000 		.4byte	.LVL9
 1027 007f 0B00     		.2byte	0xb
 1028 0081 74       		.byte	0x74
ARM GAS  C:\Users\744\AppData\Local\Temp\ccUgyjr6.s 			page 24


 1029 0082 00       		.sleb128 0
 1030 0083 36       		.byte	0x36
 1031 0084 1E       		.byte	0x1e
 1032 0085 03       		.byte	0x3
 1033 0086 00000000 		.4byte	cfg_memset_list.4716
 1034 008a 22       		.byte	0x22
 1035 008b 9F       		.byte	0x9f
 1036 008c A0000000 		.4byte	.LVL9
 1037 0090 A2000000 		.4byte	.LVL10
 1038 0094 0B00     		.2byte	0xb
 1039 0096 74       		.byte	0x74
 1040 0097 7F       		.sleb128 -1
 1041 0098 36       		.byte	0x36
 1042 0099 1E       		.byte	0x1e
 1043 009a 03       		.byte	0x3
 1044 009b 00000000 		.4byte	cfg_memset_list.4716
 1045 009f 22       		.byte	0x22
 1046 00a0 9F       		.byte	0x9f
 1047 00a1 00000000 		.4byte	0
 1048 00a5 00000000 		.4byte	0
 1049              		.section	.debug_aranges,"",%progbits
 1050 0000 2C000000 		.4byte	0x2c
 1051 0004 0200     		.2byte	0x2
 1052 0006 00000000 		.4byte	.Ldebug_info0
 1053 000a 04       		.byte	0x4
 1054 000b 00       		.byte	0
 1055 000c 0000     		.2byte	0
 1056 000e 0000     		.2byte	0
 1057 0010 00000000 		.4byte	.LFB0
 1058 0014 0C000000 		.4byte	.LFE0-.LFB0
 1059 0018 00000000 		.4byte	.LFB3
 1060 001c 78000000 		.4byte	.LFE3-.LFB3
 1061 0020 78000000 		.4byte	.LFB5
 1062 0024 B0000000 		.4byte	.LFE5-.LFB5
 1063 0028 00000000 		.4byte	0
 1064 002c 00000000 		.4byte	0
 1065              		.section	.debug_ranges,"",%progbits
 1066              	.Ldebug_ranges0:
 1067 0000 00000000 		.4byte	.LFB0
 1068 0004 0C000000 		.4byte	.LFE0
 1069 0008 00000000 		.4byte	.LFB3
 1070 000c 78000000 		.4byte	.LFE3
 1071 0010 78000000 		.4byte	.LFB5
 1072 0014 28010000 		.4byte	.LFE5
 1073 0018 00000000 		.4byte	0
 1074 001c 00000000 		.4byte	0
 1075              		.section	.debug_line,"",%progbits
 1076              	.Ldebug_line0:
 1077 0000 30010000 		.section	.debug_str,"MS",%progbits,1
 1077      0200D800 
 1077      00000201 
 1077      FB0E0D00 
 1077      01010101 
 1078              	.LASF18:
 1079 0000 72656733 		.ascii	"reg32\000"
 1079      3200
 1080              	.LASF11:
ARM GAS  C:\Users\744\AppData\Local\Temp\ccUgyjr6.s 			page 25


 1081 0006 73697A65 		.ascii	"size_t\000"
 1081      5F7400
 1082              	.LASF32:
 1083 000d 4379496E 		.ascii	"CyIntSetVector\000"
 1083      74536574 
 1083      56656374 
 1083      6F7200
 1084              	.LASF25:
 1085 001c 6366675F 		.ascii	"cfg_memset_list\000"
 1085      6D656D73 
 1085      65745F6C 
 1085      69737400 
 1086              	.LASF21:
 1087 002c 436C6F63 		.ascii	"ClockSetup\000"
 1087      6B536574 
 1087      757000
 1088              	.LASF4:
 1089 0037 73686F72 		.ascii	"short unsigned int\000"
 1089      7420756E 
 1089      7369676E 
 1089      65642069 
 1089      6E7400
 1090              	.LASF15:
 1091 004a 666C6F61 		.ascii	"float\000"
 1091      7400
 1092              	.LASF23:
 1093 0050 73697A65 		.ascii	"size\000"
 1093      00
 1094              	.LASF17:
 1095 0055 72656738 		.ascii	"reg8\000"
 1095      00
 1096              	.LASF6:
 1097 005a 6C6F6E67 		.ascii	"long unsigned int\000"
 1097      20756E73 
 1097      69676E65 
 1097      6420696E 
 1097      7400
 1098              	.LASF12:
 1099 006c 75696E74 		.ascii	"uint8\000"
 1099      3800
 1100              	.LASF20:
 1101 0072 43594D45 		.ascii	"CYMEMZERO\000"
 1101      4D5A4552 
 1101      4F00
 1102              	.LASF2:
 1103 007c 756E7369 		.ascii	"unsigned char\000"
 1103      676E6564 
 1103      20636861 
 1103      7200
 1104              	.LASF26:
 1105 008a 6D656D73 		.ascii	"memset\000"
 1105      657400
 1106              	.LASF16:
 1107 0091 646F7562 		.ascii	"double\000"
 1107      6C6500
 1108              	.LASF33:
 1109 0098 4379496E 		.ascii	"CyIntEnable\000"
ARM GAS  C:\Users\744\AppData\Local\Temp\ccUgyjr6.s 			page 26


 1109      74456E61 
 1109      626C6500 
 1110              	.LASF13:
 1111 00a4 75696E74 		.ascii	"uint16\000"
 1111      313600
 1112              	.LASF14:
 1113 00ab 75696E74 		.ascii	"uint32\000"
 1113      333200
 1114              	.LASF0:
 1115 00b2 756E7369 		.ascii	"unsigned int\000"
 1115      676E6564 
 1115      20696E74 
 1115      00
 1116              	.LASF30:
 1117 00bf 453A5C37 		.ascii	"E:\\744\\Education\\Git\\PSoC4_Projects\\Diploma_sk"
 1117      34345C45 
 1117      64756361 
 1117      74696F6E 
 1117      5C476974 
 1118 00ed 65746368 		.ascii	"etch\\rfid.cydsn\000"
 1118      5C726669 
 1118      642E6379 
 1118      64736E00 
 1119              	.LASF22:
 1120 00fd 61646472 		.ascii	"address\000"
 1120      65737300 
 1121              	.LASF8:
 1122 0105 6C6F6E67 		.ascii	"long long unsigned int\000"
 1122      206C6F6E 
 1122      6720756E 
 1122      7369676E 
 1122      65642069 
 1123              	.LASF19:
 1124 011c 63796973 		.ascii	"cyisraddress\000"
 1124      72616464 
 1124      72657373 
 1124      00
 1125              	.LASF24:
 1126 0129 6366675F 		.ascii	"cfg_memset_t\000"
 1126      6D656D73 
 1126      65745F74 
 1126      00
 1127              	.LASF29:
 1128 0136 2E5C4765 		.ascii	".\\Generated_Source\\PSoC4\\cyfitter_cfg.c\000"
 1128      6E657261 
 1128      7465645F 
 1128      536F7572 
 1128      63655C50 
 1129              	.LASF9:
 1130 015e 73697A65 		.ascii	"sizetype\000"
 1130      74797065 
 1130      00
 1131              	.LASF7:
 1132 0167 6C6F6E67 		.ascii	"long long int\000"
 1132      206C6F6E 
 1132      6720696E 
 1132      7400
ARM GAS  C:\Users\744\AppData\Local\Temp\ccUgyjr6.s 			page 27


 1133              	.LASF10:
 1134 0175 63686172 		.ascii	"char\000"
 1134      00
 1135              	.LASF28:
 1136 017a 474E5520 		.ascii	"GNU C 4.9.3 20150303 (release) [ARM/embedded-4_9-br"
 1136      4320342E 
 1136      392E3320 
 1136      32303135 
 1136      30333033 
 1137 01ad 616E6368 		.ascii	"anch revision 221220] -mcpu=cortex-m0 -mthumb -g -O"
 1137      20726576 
 1137      6973696F 
 1137      6E203232 
 1137      31323230 
 1138 01e0 67202D66 		.ascii	"g -ffunction-sections -ffat-lto-objects\000"
 1138      66756E63 
 1138      74696F6E 
 1138      2D736563 
 1138      74696F6E 
 1139              	.LASF3:
 1140 0208 73686F72 		.ascii	"short int\000"
 1140      7420696E 
 1140      7400
 1141              	.LASF27:
 1142 0212 43795379 		.ascii	"CySysClkWriteImoFreq\000"
 1142      73436C6B 
 1142      57726974 
 1142      65496D6F 
 1142      46726571 
 1143              	.LASF31:
 1144 0227 63796669 		.ascii	"cyfitter_cfg\000"
 1144      74746572 
 1144      5F636667 
 1144      00
 1145              	.LASF5:
 1146 0234 6C6F6E67 		.ascii	"long int\000"
 1146      20696E74 
 1146      00
 1147              	.LASF1:
 1148 023d 7369676E 		.ascii	"signed char\000"
 1148      65642063 
 1148      68617200 
 1149              		.ident	"GCC: (GNU Tools for ARM Embedded Processors) 4.9.3 20150303 (release) [ARM/embedded-4_9-br
