ARM GAS  C:\Users\744\AppData\Local\Temp\cciMl5H3.s 			page 1


   1              		.cpu cortex-m0
   2              		.fpu softvfp
   3              		.eabi_attribute 20, 1
   4              		.eabi_attribute 21, 1
   5              		.eabi_attribute 23, 3
   6              		.eabi_attribute 24, 1
   7              		.eabi_attribute 25, 1
   8              		.eabi_attribute 26, 1
   9              		.eabi_attribute 30, 1
  10              		.eabi_attribute 34, 0
  11              		.eabi_attribute 18, 4
  12              		.code	16
  13              		.file	"main.c"
  14              		.text
  15              	.Ltext0:
  16              		.cfi_sections	.debug_frame
  17              		.section	.text.main,"ax",%progbits
  18              		.align	2
  19              		.global	main
  20              		.code	16
  21              		.thumb_func
  22              		.type	main, %function
  23              	main:
  24              	.LFB34:
  25              		.file 1 ".\\main.c"
   1:.\main.c      **** /* ========================================
   2:.\main.c      ****  *
   3:.\main.c      ****  * Copyright YOUR COMPANY, THE YEAR
   4:.\main.c      ****  * All Rights Reserved
   5:.\main.c      ****  * UNPUBLISHED, LICENSED SOFTWARE.
   6:.\main.c      ****  *
   7:.\main.c      ****  * CONFIDENTIAL AND PROPRIETARY INFORMATION
   8:.\main.c      ****  * WHICH IS THE PROPERTY OF your company.
   9:.\main.c      ****  *
  10:.\main.c      ****  * ========================================
  11:.\main.c      **** */
  12:.\main.c      **** #include <project.h>
  13:.\main.c      **** 
  14:.\main.c      **** int main()
  15:.\main.c      **** {
  26              		.loc 1 15 0
  27              		.cfi_startproc
  28 0000 08B5     		push	{r3, lr}
  29              		.cfi_def_cfa_offset 8
  30              		.cfi_offset 3, -8
  31              		.cfi_offset 14, -4
  16:.\main.c      **** //    uint8 c;
  17:.\main.c      ****     CyGlobalIntEnable; /* Enable global interrupts. */
  32              		.loc 1 17 0
  33              	@ 17 ".\main.c" 1
  34 0002 62B6     		CPSIE   i
  35              	@ 0 "" 2
  18:.\main.c      ****     i2c_Start();
  36              		.loc 1 18 0
  37              		.code	16
  38 0004 FFF7FEFF 		bl	i2c_Start
  39              	.LVL0:
ARM GAS  C:\Users\744\AppData\Local\Temp\cciMl5H3.s 			page 2


  40              	.L2:
  19:.\main.c      ****     
  20:.\main.c      **** //    c = i2c_I2CSlaveStatus();
  21:.\main.c      ****     
  22:.\main.c      ****     for(;;)
  23:.\main.c      ****     {
  24:.\main.c      ****            
  25:.\main.c      ****     }
  41              		.loc 1 25 0 discriminator 1
  42 0008 FEE7     		b	.L2
  43              		.cfi_endproc
  44              	.LFE34:
  45              		.size	main, .-main
  46 000a C046     		.text
  47              	.Letext0:
  48              		.file 2 "Generated_Source\\PSoC4/i2c.h"
  49              		.section	.debug_info,"",%progbits
  50              	.Ldebug_info0:
  51 0000 AE000000 		.4byte	0xae
  52 0004 0400     		.2byte	0x4
  53 0006 00000000 		.4byte	.Ldebug_abbrev0
  54 000a 04       		.byte	0x4
  55 000b 01       		.uleb128 0x1
  56 000c E3000000 		.4byte	.LASF13
  57 0010 01       		.byte	0x1
  58 0011 71010000 		.4byte	.LASF14
  59 0015 2A000000 		.4byte	.LASF15
  60 0019 00000000 		.4byte	.Ldebug_ranges0+0
  61 001d 00000000 		.4byte	0
  62 0021 00000000 		.4byte	.Ldebug_line0
  63 0025 02       		.uleb128 0x2
  64 0026 01       		.byte	0x1
  65 0027 06       		.byte	0x6
  66 0028 D7000000 		.4byte	.LASF0
  67 002c 02       		.uleb128 0x2
  68 002d 01       		.byte	0x1
  69 002e 08       		.byte	0x8
  70 002f 97000000 		.4byte	.LASF1
  71 0033 02       		.uleb128 0x2
  72 0034 02       		.byte	0x2
  73 0035 05       		.byte	0x5
  74 0036 B3000000 		.4byte	.LASF2
  75 003a 02       		.uleb128 0x2
  76 003b 02       		.byte	0x2
  77 003c 07       		.byte	0x7
  78 003d C4000000 		.4byte	.LASF3
  79 0041 02       		.uleb128 0x2
  80 0042 04       		.byte	0x4
  81 0043 05       		.byte	0x5
  82 0044 AA000000 		.4byte	.LASF4
  83 0048 02       		.uleb128 0x2
  84 0049 04       		.byte	0x4
  85 004a 07       		.byte	0x7
  86 004b 68000000 		.4byte	.LASF5
  87 004f 02       		.uleb128 0x2
  88 0050 08       		.byte	0x8
  89 0051 05       		.byte	0x5
ARM GAS  C:\Users\744\AppData\Local\Temp\cciMl5H3.s 			page 3


  90 0052 00000000 		.4byte	.LASF6
  91 0056 02       		.uleb128 0x2
  92 0057 08       		.byte	0x8
  93 0058 07       		.byte	0x7
  94 0059 7A000000 		.4byte	.LASF7
  95 005d 03       		.uleb128 0x3
  96 005e 04       		.byte	0x4
  97 005f 05       		.byte	0x5
  98 0060 696E7400 		.ascii	"int\000"
  99 0064 02       		.uleb128 0x2
 100 0065 04       		.byte	0x4
 101 0066 07       		.byte	0x7
 102 0067 18000000 		.4byte	.LASF8
 103 006b 02       		.uleb128 0x2
 104 006c 04       		.byte	0x4
 105 006d 04       		.byte	0x4
 106 006e 91000000 		.4byte	.LASF9
 107 0072 02       		.uleb128 0x2
 108 0073 08       		.byte	0x8
 109 0074 04       		.byte	0x4
 110 0075 BD000000 		.4byte	.LASF10
 111 0079 02       		.uleb128 0x2
 112 007a 01       		.byte	0x1
 113 007b 08       		.byte	0x8
 114 007c A5000000 		.4byte	.LASF11
 115 0080 02       		.uleb128 0x2
 116 0081 04       		.byte	0x4
 117 0082 07       		.byte	0x7
 118 0083 7A010000 		.4byte	.LASF12
 119 0087 04       		.uleb128 0x4
 120 0088 25000000 		.4byte	.LASF16
 121 008c 01       		.byte	0x1
 122 008d 0E       		.byte	0xe
 123 008e 5D000000 		.4byte	0x5d
 124 0092 00000000 		.4byte	.LFB34
 125 0096 0A000000 		.4byte	.LFE34-.LFB34
 126 009a 01       		.uleb128 0x1
 127 009b 9C       		.byte	0x9c
 128 009c AA000000 		.4byte	0xaa
 129 00a0 05       		.uleb128 0x5
 130 00a1 08000000 		.4byte	.LVL0
 131 00a5 AA000000 		.4byte	0xaa
 132 00a9 00       		.byte	0
 133 00aa 06       		.uleb128 0x6
 134 00ab 0E000000 		.4byte	.LASF17
 135 00af 02       		.byte	0x2
 136 00b0 68       		.byte	0x68
 137 00b1 00       		.byte	0
 138              		.section	.debug_abbrev,"",%progbits
 139              	.Ldebug_abbrev0:
 140 0000 01       		.uleb128 0x1
 141 0001 11       		.uleb128 0x11
 142 0002 01       		.byte	0x1
 143 0003 25       		.uleb128 0x25
 144 0004 0E       		.uleb128 0xe
 145 0005 13       		.uleb128 0x13
 146 0006 0B       		.uleb128 0xb
ARM GAS  C:\Users\744\AppData\Local\Temp\cciMl5H3.s 			page 4


 147 0007 03       		.uleb128 0x3
 148 0008 0E       		.uleb128 0xe
 149 0009 1B       		.uleb128 0x1b
 150 000a 0E       		.uleb128 0xe
 151 000b 55       		.uleb128 0x55
 152 000c 17       		.uleb128 0x17
 153 000d 11       		.uleb128 0x11
 154 000e 01       		.uleb128 0x1
 155 000f 10       		.uleb128 0x10
 156 0010 17       		.uleb128 0x17
 157 0011 00       		.byte	0
 158 0012 00       		.byte	0
 159 0013 02       		.uleb128 0x2
 160 0014 24       		.uleb128 0x24
 161 0015 00       		.byte	0
 162 0016 0B       		.uleb128 0xb
 163 0017 0B       		.uleb128 0xb
 164 0018 3E       		.uleb128 0x3e
 165 0019 0B       		.uleb128 0xb
 166 001a 03       		.uleb128 0x3
 167 001b 0E       		.uleb128 0xe
 168 001c 00       		.byte	0
 169 001d 00       		.byte	0
 170 001e 03       		.uleb128 0x3
 171 001f 24       		.uleb128 0x24
 172 0020 00       		.byte	0
 173 0021 0B       		.uleb128 0xb
 174 0022 0B       		.uleb128 0xb
 175 0023 3E       		.uleb128 0x3e
 176 0024 0B       		.uleb128 0xb
 177 0025 03       		.uleb128 0x3
 178 0026 08       		.uleb128 0x8
 179 0027 00       		.byte	0
 180 0028 00       		.byte	0
 181 0029 04       		.uleb128 0x4
 182 002a 2E       		.uleb128 0x2e
 183 002b 01       		.byte	0x1
 184 002c 3F       		.uleb128 0x3f
 185 002d 19       		.uleb128 0x19
 186 002e 03       		.uleb128 0x3
 187 002f 0E       		.uleb128 0xe
 188 0030 3A       		.uleb128 0x3a
 189 0031 0B       		.uleb128 0xb
 190 0032 3B       		.uleb128 0x3b
 191 0033 0B       		.uleb128 0xb
 192 0034 49       		.uleb128 0x49
 193 0035 13       		.uleb128 0x13
 194 0036 11       		.uleb128 0x11
 195 0037 01       		.uleb128 0x1
 196 0038 12       		.uleb128 0x12
 197 0039 06       		.uleb128 0x6
 198 003a 40       		.uleb128 0x40
 199 003b 18       		.uleb128 0x18
 200 003c 9742     		.uleb128 0x2117
 201 003e 19       		.uleb128 0x19
 202 003f 01       		.uleb128 0x1
 203 0040 13       		.uleb128 0x13
ARM GAS  C:\Users\744\AppData\Local\Temp\cciMl5H3.s 			page 5


 204 0041 00       		.byte	0
 205 0042 00       		.byte	0
 206 0043 05       		.uleb128 0x5
 207 0044 898201   		.uleb128 0x4109
 208 0047 00       		.byte	0
 209 0048 11       		.uleb128 0x11
 210 0049 01       		.uleb128 0x1
 211 004a 31       		.uleb128 0x31
 212 004b 13       		.uleb128 0x13
 213 004c 00       		.byte	0
 214 004d 00       		.byte	0
 215 004e 06       		.uleb128 0x6
 216 004f 2E       		.uleb128 0x2e
 217 0050 00       		.byte	0
 218 0051 3F       		.uleb128 0x3f
 219 0052 19       		.uleb128 0x19
 220 0053 03       		.uleb128 0x3
 221 0054 0E       		.uleb128 0xe
 222 0055 3A       		.uleb128 0x3a
 223 0056 0B       		.uleb128 0xb
 224 0057 3B       		.uleb128 0x3b
 225 0058 0B       		.uleb128 0xb
 226 0059 27       		.uleb128 0x27
 227 005a 19       		.uleb128 0x19
 228 005b 3C       		.uleb128 0x3c
 229 005c 19       		.uleb128 0x19
 230 005d 00       		.byte	0
 231 005e 00       		.byte	0
 232 005f 00       		.byte	0
 233              		.section	.debug_aranges,"",%progbits
 234 0000 1C000000 		.4byte	0x1c
 235 0004 0200     		.2byte	0x2
 236 0006 00000000 		.4byte	.Ldebug_info0
 237 000a 04       		.byte	0x4
 238 000b 00       		.byte	0
 239 000c 0000     		.2byte	0
 240 000e 0000     		.2byte	0
 241 0010 00000000 		.4byte	.LFB34
 242 0014 0A000000 		.4byte	.LFE34-.LFB34
 243 0018 00000000 		.4byte	0
 244 001c 00000000 		.4byte	0
 245              		.section	.debug_ranges,"",%progbits
 246              	.Ldebug_ranges0:
 247 0000 00000000 		.4byte	.LFB34
 248 0004 0A000000 		.4byte	.LFE34
 249 0008 00000000 		.4byte	0
 250 000c 00000000 		.4byte	0
 251              		.section	.debug_line,"",%progbits
 252              	.Ldebug_line0:
 253 0000 5B000000 		.section	.debug_str,"MS",%progbits,1
 253      02003F00 
 253      00000201 
 253      FB0E0D00 
 253      01010101 
 254              	.LASF6:
 255 0000 6C6F6E67 		.ascii	"long long int\000"
 255      206C6F6E 
ARM GAS  C:\Users\744\AppData\Local\Temp\cciMl5H3.s 			page 6


 255      6720696E 
 255      7400
 256              	.LASF17:
 257 000e 6932635F 		.ascii	"i2c_Start\000"
 257      53746172 
 257      7400
 258              	.LASF8:
 259 0018 756E7369 		.ascii	"unsigned int\000"
 259      676E6564 
 259      20696E74 
 259      00
 260              	.LASF16:
 261 0025 6D61696E 		.ascii	"main\000"
 261      00
 262              	.LASF15:
 263 002a 453A5C37 		.ascii	"E:\\744\\Education\\Git\\PSoC4_Projects\\Diploma_sk"
 263      34345C45 
 263      64756361 
 263      74696F6E 
 263      5C476974 
 264 0058 65746368 		.ascii	"etch\\rfid.cydsn\000"
 264      5C726669 
 264      642E6379 
 264      64736E00 
 265              	.LASF5:
 266 0068 6C6F6E67 		.ascii	"long unsigned int\000"
 266      20756E73 
 266      69676E65 
 266      6420696E 
 266      7400
 267              	.LASF7:
 268 007a 6C6F6E67 		.ascii	"long long unsigned int\000"
 268      206C6F6E 
 268      6720756E 
 268      7369676E 
 268      65642069 
 269              	.LASF9:
 270 0091 666C6F61 		.ascii	"float\000"
 270      7400
 271              	.LASF1:
 272 0097 756E7369 		.ascii	"unsigned char\000"
 272      676E6564 
 272      20636861 
 272      7200
 273              	.LASF11:
 274 00a5 63686172 		.ascii	"char\000"
 274      00
 275              	.LASF4:
 276 00aa 6C6F6E67 		.ascii	"long int\000"
 276      20696E74 
 276      00
 277              	.LASF2:
 278 00b3 73686F72 		.ascii	"short int\000"
 278      7420696E 
 278      7400
 279              	.LASF10:
 280 00bd 646F7562 		.ascii	"double\000"
ARM GAS  C:\Users\744\AppData\Local\Temp\cciMl5H3.s 			page 7


 280      6C6500
 281              	.LASF3:
 282 00c4 73686F72 		.ascii	"short unsigned int\000"
 282      7420756E 
 282      7369676E 
 282      65642069 
 282      6E7400
 283              	.LASF0:
 284 00d7 7369676E 		.ascii	"signed char\000"
 284      65642063 
 284      68617200 
 285              	.LASF13:
 286 00e3 474E5520 		.ascii	"GNU C 4.9.3 20150303 (release) [ARM/embedded-4_9-br"
 286      4320342E 
 286      392E3320 
 286      32303135 
 286      30333033 
 287 0116 616E6368 		.ascii	"anch revision 221220] -mcpu=cortex-m0 -mthumb -g -O"
 287      20726576 
 287      6973696F 
 287      6E203232 
 287      31323230 
 288 0149 67202D66 		.ascii	"g -ffunction-sections -ffat-lto-objects\000"
 288      66756E63 
 288      74696F6E 
 288      2D736563 
 288      74696F6E 
 289              	.LASF14:
 290 0171 2E5C6D61 		.ascii	".\\main.c\000"
 290      696E2E63 
 290      00
 291              	.LASF12:
 292 017a 73697A65 		.ascii	"sizetype\000"
 292      74797065 
 292      00
 293              		.ident	"GCC: (GNU Tools for ARM Embedded Processors) 4.9.3 20150303 (release) [ARM/embedded-4_9-br
