ARM GAS  C:\Users\744\AppData\Local\Temp\ccwehn5F.s 			page 1


   1              		.cpu cortex-m0
   2              		.fpu softvfp
   3              		.eabi_attribute 20, 1
   4              		.eabi_attribute 21, 1
   5              		.eabi_attribute 23, 3
   6              		.eabi_attribute 24, 1
   7              		.eabi_attribute 25, 1
   8              		.eabi_attribute 26, 1
   9              		.eabi_attribute 30, 1
  10              		.eabi_attribute 34, 0
  11              		.eabi_attribute 18, 4
  12              		.code	16
  13              		.file	"UART_SPI_UART.c"
  14              		.text
  15              	.Ltext0:
  16              		.cfi_sections	.debug_frame
  17              		.section	.text.UART_SpiUartReadRxData,"ax",%progbits
  18              		.align	2
  19              		.global	UART_SpiUartReadRxData
  20              		.code	16
  21              		.thumb_func
  22              		.type	UART_SpiUartReadRxData, %function
  23              	UART_SpiUartReadRxData:
  24              	.LFB0:
  25              		.file 1 ".\\Generated_Source\\PSoC4\\UART_SPI_UART.c"
   1:.\Generated_Source\PSoC4/UART_SPI_UART.c **** /*******************************************************************************
   2:.\Generated_Source\PSoC4/UART_SPI_UART.c **** * File Name: UART_SPI_UART.c
   3:.\Generated_Source\PSoC4/UART_SPI_UART.c **** * Version 3.10
   4:.\Generated_Source\PSoC4/UART_SPI_UART.c **** *
   5:.\Generated_Source\PSoC4/UART_SPI_UART.c **** * Description:
   6:.\Generated_Source\PSoC4/UART_SPI_UART.c **** *  This file provides the source code to the API for the SCB Component in
   7:.\Generated_Source\PSoC4/UART_SPI_UART.c **** *  SPI and UART modes.
   8:.\Generated_Source\PSoC4/UART_SPI_UART.c **** *
   9:.\Generated_Source\PSoC4/UART_SPI_UART.c **** * Note:
  10:.\Generated_Source\PSoC4/UART_SPI_UART.c **** *
  11:.\Generated_Source\PSoC4/UART_SPI_UART.c **** *******************************************************************************
  12:.\Generated_Source\PSoC4/UART_SPI_UART.c **** * Copyright 2013-2015, Cypress Semiconductor Corporation.  All rights reserved.
  13:.\Generated_Source\PSoC4/UART_SPI_UART.c **** * You may use this file only in accordance with the license, terms, conditions,
  14:.\Generated_Source\PSoC4/UART_SPI_UART.c **** * disclaimers, and limitations in the end user license agreement accompanying
  15:.\Generated_Source\PSoC4/UART_SPI_UART.c **** * the software package with which this file was provided.
  16:.\Generated_Source\PSoC4/UART_SPI_UART.c **** *******************************************************************************/
  17:.\Generated_Source\PSoC4/UART_SPI_UART.c **** 
  18:.\Generated_Source\PSoC4/UART_SPI_UART.c **** #include "UART_PVT.h"
  19:.\Generated_Source\PSoC4/UART_SPI_UART.c **** #include "UART_SPI_UART_PVT.h"
  20:.\Generated_Source\PSoC4/UART_SPI_UART.c **** 
  21:.\Generated_Source\PSoC4/UART_SPI_UART.c **** /***************************************
  22:.\Generated_Source\PSoC4/UART_SPI_UART.c **** *        SPI/UART Private Vars
  23:.\Generated_Source\PSoC4/UART_SPI_UART.c **** ***************************************/
  24:.\Generated_Source\PSoC4/UART_SPI_UART.c **** 
  25:.\Generated_Source\PSoC4/UART_SPI_UART.c **** #if(UART_INTERNAL_RX_SW_BUFFER_CONST)
  26:.\Generated_Source\PSoC4/UART_SPI_UART.c ****     volatile uint32 UART_rxBufferHead;
  27:.\Generated_Source\PSoC4/UART_SPI_UART.c ****     volatile uint32 UART_rxBufferTail;
  28:.\Generated_Source\PSoC4/UART_SPI_UART.c ****     volatile uint8  UART_rxBufferOverflow;
  29:.\Generated_Source\PSoC4/UART_SPI_UART.c **** #endif /* (UART_INTERNAL_RX_SW_BUFFER_CONST) */
  30:.\Generated_Source\PSoC4/UART_SPI_UART.c **** 
  31:.\Generated_Source\PSoC4/UART_SPI_UART.c **** #if(UART_INTERNAL_TX_SW_BUFFER_CONST)
  32:.\Generated_Source\PSoC4/UART_SPI_UART.c ****     volatile uint32 UART_txBufferHead;
ARM GAS  C:\Users\744\AppData\Local\Temp\ccwehn5F.s 			page 2


  33:.\Generated_Source\PSoC4/UART_SPI_UART.c ****     volatile uint32 UART_txBufferTail;
  34:.\Generated_Source\PSoC4/UART_SPI_UART.c **** #endif /* (UART_INTERNAL_TX_SW_BUFFER_CONST) */
  35:.\Generated_Source\PSoC4/UART_SPI_UART.c **** 
  36:.\Generated_Source\PSoC4/UART_SPI_UART.c **** #if(UART_INTERNAL_RX_SW_BUFFER)
  37:.\Generated_Source\PSoC4/UART_SPI_UART.c ****     /* Add one element to the buffer to receive full packet. One byte in receive buffer is always e
  38:.\Generated_Source\PSoC4/UART_SPI_UART.c ****     volatile uint8 UART_rxBufferInternal[UART_INTERNAL_RX_BUFFER_SIZE];
  39:.\Generated_Source\PSoC4/UART_SPI_UART.c **** #endif /* (UART_INTERNAL_RX_SW_BUFFER) */
  40:.\Generated_Source\PSoC4/UART_SPI_UART.c **** 
  41:.\Generated_Source\PSoC4/UART_SPI_UART.c **** #if(UART_INTERNAL_TX_SW_BUFFER)
  42:.\Generated_Source\PSoC4/UART_SPI_UART.c ****     volatile uint8 UART_txBufferInternal[UART_TX_BUFFER_SIZE];
  43:.\Generated_Source\PSoC4/UART_SPI_UART.c **** #endif /* (UART_INTERNAL_TX_SW_BUFFER) */
  44:.\Generated_Source\PSoC4/UART_SPI_UART.c **** 
  45:.\Generated_Source\PSoC4/UART_SPI_UART.c **** 
  46:.\Generated_Source\PSoC4/UART_SPI_UART.c **** #if(UART_RX_DIRECTION)
  47:.\Generated_Source\PSoC4/UART_SPI_UART.c ****     /*******************************************************************************
  48:.\Generated_Source\PSoC4/UART_SPI_UART.c ****     * Function Name: UART_SpiUartReadRxData
  49:.\Generated_Source\PSoC4/UART_SPI_UART.c ****     ********************************************************************************
  50:.\Generated_Source\PSoC4/UART_SPI_UART.c ****     *
  51:.\Generated_Source\PSoC4/UART_SPI_UART.c ****     * Summary:
  52:.\Generated_Source\PSoC4/UART_SPI_UART.c ****     *  Retrieves the next data element from the receive buffer.
  53:.\Generated_Source\PSoC4/UART_SPI_UART.c ****     *   - RX software buffer is disabled: Returns data element retrieved from
  54:.\Generated_Source\PSoC4/UART_SPI_UART.c ****     *     RX FIFO. Undefined data will be returned if the RX FIFO is empty.
  55:.\Generated_Source\PSoC4/UART_SPI_UART.c ****     *   - RX software buffer is enabled: Returns data element from the software
  56:.\Generated_Source\PSoC4/UART_SPI_UART.c ****     *     receive buffer. Zero value is returned if the software receive buffer
  57:.\Generated_Source\PSoC4/UART_SPI_UART.c ****     *     is empty.
  58:.\Generated_Source\PSoC4/UART_SPI_UART.c ****     *
  59:.\Generated_Source\PSoC4/UART_SPI_UART.c ****     * Parameters:
  60:.\Generated_Source\PSoC4/UART_SPI_UART.c ****     *  None
  61:.\Generated_Source\PSoC4/UART_SPI_UART.c ****     *
  62:.\Generated_Source\PSoC4/UART_SPI_UART.c ****     * Return:
  63:.\Generated_Source\PSoC4/UART_SPI_UART.c ****     *  Next data element from the receive buffer.
  64:.\Generated_Source\PSoC4/UART_SPI_UART.c ****     *
  65:.\Generated_Source\PSoC4/UART_SPI_UART.c ****     * Global Variables:
  66:.\Generated_Source\PSoC4/UART_SPI_UART.c ****     *  Look into UART_SpiInit for description.
  67:.\Generated_Source\PSoC4/UART_SPI_UART.c ****     *
  68:.\Generated_Source\PSoC4/UART_SPI_UART.c ****     *******************************************************************************/
  69:.\Generated_Source\PSoC4/UART_SPI_UART.c ****     uint32 UART_SpiUartReadRxData(void)
  70:.\Generated_Source\PSoC4/UART_SPI_UART.c ****     {
  26              		.loc 1 70 0
  27              		.cfi_startproc
  28              	.LVL0:
  71:.\Generated_Source\PSoC4/UART_SPI_UART.c ****         uint32 rxData = 0u;
  72:.\Generated_Source\PSoC4/UART_SPI_UART.c **** 
  73:.\Generated_Source\PSoC4/UART_SPI_UART.c ****     #if (UART_INTERNAL_RX_SW_BUFFER_CONST)
  74:.\Generated_Source\PSoC4/UART_SPI_UART.c ****         uint32 locTail;
  75:.\Generated_Source\PSoC4/UART_SPI_UART.c ****     #endif /* (UART_INTERNAL_RX_SW_BUFFER_CONST) */
  76:.\Generated_Source\PSoC4/UART_SPI_UART.c **** 
  77:.\Generated_Source\PSoC4/UART_SPI_UART.c ****         #if (UART_CHECK_RX_SW_BUFFER)
  78:.\Generated_Source\PSoC4/UART_SPI_UART.c ****         {
  79:.\Generated_Source\PSoC4/UART_SPI_UART.c ****             if (UART_rxBufferHead != UART_rxBufferTail)
  80:.\Generated_Source\PSoC4/UART_SPI_UART.c ****             {
  81:.\Generated_Source\PSoC4/UART_SPI_UART.c ****                 /* There is data in RX software buffer */
  82:.\Generated_Source\PSoC4/UART_SPI_UART.c **** 
  83:.\Generated_Source\PSoC4/UART_SPI_UART.c ****                 /* Calculate index to read from */
  84:.\Generated_Source\PSoC4/UART_SPI_UART.c ****                 locTail = (UART_rxBufferTail + 1u);
  85:.\Generated_Source\PSoC4/UART_SPI_UART.c **** 
  86:.\Generated_Source\PSoC4/UART_SPI_UART.c ****                 if (UART_INTERNAL_RX_BUFFER_SIZE == locTail)
ARM GAS  C:\Users\744\AppData\Local\Temp\ccwehn5F.s 			page 3


  87:.\Generated_Source\PSoC4/UART_SPI_UART.c ****                 {
  88:.\Generated_Source\PSoC4/UART_SPI_UART.c ****                     locTail = 0u;
  89:.\Generated_Source\PSoC4/UART_SPI_UART.c ****                 }
  90:.\Generated_Source\PSoC4/UART_SPI_UART.c **** 
  91:.\Generated_Source\PSoC4/UART_SPI_UART.c ****                 /* Get data from RX software buffer */
  92:.\Generated_Source\PSoC4/UART_SPI_UART.c ****                 rxData = UART_GetWordFromRxBuffer(locTail);
  93:.\Generated_Source\PSoC4/UART_SPI_UART.c **** 
  94:.\Generated_Source\PSoC4/UART_SPI_UART.c ****                 /* Change index in the buffer */
  95:.\Generated_Source\PSoC4/UART_SPI_UART.c ****                 UART_rxBufferTail = locTail;
  96:.\Generated_Source\PSoC4/UART_SPI_UART.c **** 
  97:.\Generated_Source\PSoC4/UART_SPI_UART.c ****                 #if (UART_CHECK_UART_RTS_CONTROL_FLOW)
  98:.\Generated_Source\PSoC4/UART_SPI_UART.c ****                 {
  99:.\Generated_Source\PSoC4/UART_SPI_UART.c ****                     /* Check if RX Not Empty is disabled in the interrupt */
 100:.\Generated_Source\PSoC4/UART_SPI_UART.c ****                     if (0u == (UART_INTR_RX_MASK_REG & UART_INTR_RX_NOT_EMPTY))
 101:.\Generated_Source\PSoC4/UART_SPI_UART.c ****                     {
 102:.\Generated_Source\PSoC4/UART_SPI_UART.c ****                         /* Enable RX Not Empty interrupt source to continue
 103:.\Generated_Source\PSoC4/UART_SPI_UART.c ****                         * receiving data into software buffer.
 104:.\Generated_Source\PSoC4/UART_SPI_UART.c ****                         */
 105:.\Generated_Source\PSoC4/UART_SPI_UART.c ****                         UART_INTR_RX_MASK_REG |= UART_INTR_RX_NOT_EMPTY;
 106:.\Generated_Source\PSoC4/UART_SPI_UART.c ****                     }
 107:.\Generated_Source\PSoC4/UART_SPI_UART.c ****                 }
 108:.\Generated_Source\PSoC4/UART_SPI_UART.c ****                 #endif
 109:.\Generated_Source\PSoC4/UART_SPI_UART.c **** 
 110:.\Generated_Source\PSoC4/UART_SPI_UART.c ****             }
 111:.\Generated_Source\PSoC4/UART_SPI_UART.c ****         }
 112:.\Generated_Source\PSoC4/UART_SPI_UART.c ****         #else
 113:.\Generated_Source\PSoC4/UART_SPI_UART.c ****         {
 114:.\Generated_Source\PSoC4/UART_SPI_UART.c ****             /* Read data from RX FIFO */
 115:.\Generated_Source\PSoC4/UART_SPI_UART.c ****             rxData = UART_RX_FIFO_RD_REG;
  29              		.loc 1 115 0
  30 0000 014B     		ldr	r3, .L2
  31 0002 1868     		ldr	r0, [r3]
  32              	.LVL1:
 116:.\Generated_Source\PSoC4/UART_SPI_UART.c ****         }
 117:.\Generated_Source\PSoC4/UART_SPI_UART.c ****         #endif
 118:.\Generated_Source\PSoC4/UART_SPI_UART.c **** 
 119:.\Generated_Source\PSoC4/UART_SPI_UART.c ****         return (rxData);
 120:.\Generated_Source\PSoC4/UART_SPI_UART.c ****     }
  33              		.loc 1 120 0
  34              		@ sp needed
  35 0004 7047     		bx	lr
  36              	.L3:
  37 0006 C046     		.align	2
  38              	.L2:
  39 0008 40030740 		.word	1074201408
  40              		.cfi_endproc
  41              	.LFE0:
  42              		.size	UART_SpiUartReadRxData, .-UART_SpiUartReadRxData
  43              		.section	.text.UART_SpiUartGetRxBufferSize,"ax",%progbits
  44              		.align	2
  45              		.global	UART_SpiUartGetRxBufferSize
  46              		.code	16
  47              		.thumb_func
  48              		.type	UART_SpiUartGetRxBufferSize, %function
  49              	UART_SpiUartGetRxBufferSize:
  50              	.LFB1:
 121:.\Generated_Source\PSoC4/UART_SPI_UART.c **** 
ARM GAS  C:\Users\744\AppData\Local\Temp\ccwehn5F.s 			page 4


 122:.\Generated_Source\PSoC4/UART_SPI_UART.c **** 
 123:.\Generated_Source\PSoC4/UART_SPI_UART.c ****     /*******************************************************************************
 124:.\Generated_Source\PSoC4/UART_SPI_UART.c ****     * Function Name: UART_SpiUartGetRxBufferSize
 125:.\Generated_Source\PSoC4/UART_SPI_UART.c ****     ********************************************************************************
 126:.\Generated_Source\PSoC4/UART_SPI_UART.c ****     *
 127:.\Generated_Source\PSoC4/UART_SPI_UART.c ****     * Summary:
 128:.\Generated_Source\PSoC4/UART_SPI_UART.c ****     *  Returns the number of received data elements in the receive buffer.
 129:.\Generated_Source\PSoC4/UART_SPI_UART.c ****     *   - RX software buffer disabled: returns the number of used entries in
 130:.\Generated_Source\PSoC4/UART_SPI_UART.c ****     *     RX FIFO.
 131:.\Generated_Source\PSoC4/UART_SPI_UART.c ****     *   - RX software buffer enabled: returns the number of elements which were
 132:.\Generated_Source\PSoC4/UART_SPI_UART.c ****     *     placed in the receive buffer. This does not include the hardware RX FIFO.
 133:.\Generated_Source\PSoC4/UART_SPI_UART.c ****     *
 134:.\Generated_Source\PSoC4/UART_SPI_UART.c ****     * Parameters:
 135:.\Generated_Source\PSoC4/UART_SPI_UART.c ****     *  None
 136:.\Generated_Source\PSoC4/UART_SPI_UART.c ****     *
 137:.\Generated_Source\PSoC4/UART_SPI_UART.c ****     * Return:
 138:.\Generated_Source\PSoC4/UART_SPI_UART.c ****     *  Number of received data elements
 139:.\Generated_Source\PSoC4/UART_SPI_UART.c ****     *
 140:.\Generated_Source\PSoC4/UART_SPI_UART.c ****     *******************************************************************************/
 141:.\Generated_Source\PSoC4/UART_SPI_UART.c ****     uint32 UART_SpiUartGetRxBufferSize(void)
 142:.\Generated_Source\PSoC4/UART_SPI_UART.c ****     {
  51              		.loc 1 142 0
  52              		.cfi_startproc
 143:.\Generated_Source\PSoC4/UART_SPI_UART.c ****         uint32 size;
 144:.\Generated_Source\PSoC4/UART_SPI_UART.c ****     #if (UART_INTERNAL_RX_SW_BUFFER_CONST)
 145:.\Generated_Source\PSoC4/UART_SPI_UART.c ****         uint32 locHead;
 146:.\Generated_Source\PSoC4/UART_SPI_UART.c ****     #endif /* (UART_INTERNAL_RX_SW_BUFFER_CONST) */
 147:.\Generated_Source\PSoC4/UART_SPI_UART.c **** 
 148:.\Generated_Source\PSoC4/UART_SPI_UART.c ****         #if (UART_CHECK_RX_SW_BUFFER)
 149:.\Generated_Source\PSoC4/UART_SPI_UART.c ****         {
 150:.\Generated_Source\PSoC4/UART_SPI_UART.c ****             locHead = UART_rxBufferHead;
 151:.\Generated_Source\PSoC4/UART_SPI_UART.c **** 
 152:.\Generated_Source\PSoC4/UART_SPI_UART.c ****             if(locHead >= UART_rxBufferTail)
 153:.\Generated_Source\PSoC4/UART_SPI_UART.c ****             {
 154:.\Generated_Source\PSoC4/UART_SPI_UART.c ****                 size = (locHead - UART_rxBufferTail);
 155:.\Generated_Source\PSoC4/UART_SPI_UART.c ****             }
 156:.\Generated_Source\PSoC4/UART_SPI_UART.c ****             else
 157:.\Generated_Source\PSoC4/UART_SPI_UART.c ****             {
 158:.\Generated_Source\PSoC4/UART_SPI_UART.c ****                 size = (locHead + (UART_INTERNAL_RX_BUFFER_SIZE - UART_rxBufferTail));
 159:.\Generated_Source\PSoC4/UART_SPI_UART.c ****             }
 160:.\Generated_Source\PSoC4/UART_SPI_UART.c ****         }
 161:.\Generated_Source\PSoC4/UART_SPI_UART.c ****         #else
 162:.\Generated_Source\PSoC4/UART_SPI_UART.c ****         {
 163:.\Generated_Source\PSoC4/UART_SPI_UART.c ****             size = UART_GET_RX_FIFO_ENTRIES;
  53              		.loc 1 163 0
  54 0000 024B     		ldr	r3, .L5
  55 0002 1B68     		ldr	r3, [r3]
  56 0004 0F20     		mov	r0, #15
  57 0006 1840     		and	r0, r3
  58              	.LVL2:
 164:.\Generated_Source\PSoC4/UART_SPI_UART.c ****         }
 165:.\Generated_Source\PSoC4/UART_SPI_UART.c ****         #endif
 166:.\Generated_Source\PSoC4/UART_SPI_UART.c **** 
 167:.\Generated_Source\PSoC4/UART_SPI_UART.c ****         return (size);
 168:.\Generated_Source\PSoC4/UART_SPI_UART.c ****     }
  59              		.loc 1 168 0
  60              		@ sp needed
ARM GAS  C:\Users\744\AppData\Local\Temp\ccwehn5F.s 			page 5


  61 0008 7047     		bx	lr
  62              	.L6:
  63 000a C046     		.align	2
  64              	.L5:
  65 000c 08030740 		.word	1074201352
  66              		.cfi_endproc
  67              	.LFE1:
  68              		.size	UART_SpiUartGetRxBufferSize, .-UART_SpiUartGetRxBufferSize
  69              		.section	.text.UART_SpiUartClearRxBuffer,"ax",%progbits
  70              		.align	2
  71              		.global	UART_SpiUartClearRxBuffer
  72              		.code	16
  73              		.thumb_func
  74              		.type	UART_SpiUartClearRxBuffer, %function
  75              	UART_SpiUartClearRxBuffer:
  76              	.LFB2:
 169:.\Generated_Source\PSoC4/UART_SPI_UART.c **** 
 170:.\Generated_Source\PSoC4/UART_SPI_UART.c **** 
 171:.\Generated_Source\PSoC4/UART_SPI_UART.c ****     /*******************************************************************************
 172:.\Generated_Source\PSoC4/UART_SPI_UART.c ****     * Function Name: UART_SpiUartClearRxBuffer
 173:.\Generated_Source\PSoC4/UART_SPI_UART.c ****     ********************************************************************************
 174:.\Generated_Source\PSoC4/UART_SPI_UART.c ****     *
 175:.\Generated_Source\PSoC4/UART_SPI_UART.c ****     * Summary:
 176:.\Generated_Source\PSoC4/UART_SPI_UART.c ****     *  Clears the receive buffer and RX FIFO.
 177:.\Generated_Source\PSoC4/UART_SPI_UART.c ****     *
 178:.\Generated_Source\PSoC4/UART_SPI_UART.c ****     * Parameters:
 179:.\Generated_Source\PSoC4/UART_SPI_UART.c ****     *  None
 180:.\Generated_Source\PSoC4/UART_SPI_UART.c ****     *
 181:.\Generated_Source\PSoC4/UART_SPI_UART.c ****     * Return:
 182:.\Generated_Source\PSoC4/UART_SPI_UART.c ****     *  None
 183:.\Generated_Source\PSoC4/UART_SPI_UART.c ****     *
 184:.\Generated_Source\PSoC4/UART_SPI_UART.c ****     *******************************************************************************/
 185:.\Generated_Source\PSoC4/UART_SPI_UART.c ****     void UART_SpiUartClearRxBuffer(void)
 186:.\Generated_Source\PSoC4/UART_SPI_UART.c ****     {
  77              		.loc 1 186 0
  78              		.cfi_startproc
 187:.\Generated_Source\PSoC4/UART_SPI_UART.c ****         #if (UART_CHECK_RX_SW_BUFFER)
 188:.\Generated_Source\PSoC4/UART_SPI_UART.c ****         {
 189:.\Generated_Source\PSoC4/UART_SPI_UART.c ****             /* Lock from component interruption */
 190:.\Generated_Source\PSoC4/UART_SPI_UART.c ****             UART_DisableInt();
 191:.\Generated_Source\PSoC4/UART_SPI_UART.c **** 
 192:.\Generated_Source\PSoC4/UART_SPI_UART.c ****             /* Flush RX software buffer */
 193:.\Generated_Source\PSoC4/UART_SPI_UART.c ****             UART_rxBufferHead = UART_rxBufferTail;
 194:.\Generated_Source\PSoC4/UART_SPI_UART.c ****             UART_rxBufferOverflow = 0u;
 195:.\Generated_Source\PSoC4/UART_SPI_UART.c **** 
 196:.\Generated_Source\PSoC4/UART_SPI_UART.c ****             UART_CLEAR_RX_FIFO;
 197:.\Generated_Source\PSoC4/UART_SPI_UART.c ****             UART_ClearRxInterruptSource(UART_INTR_RX_ALL);
 198:.\Generated_Source\PSoC4/UART_SPI_UART.c **** 
 199:.\Generated_Source\PSoC4/UART_SPI_UART.c ****             #if (UART_CHECK_UART_RTS_CONTROL_FLOW)
 200:.\Generated_Source\PSoC4/UART_SPI_UART.c ****             {
 201:.\Generated_Source\PSoC4/UART_SPI_UART.c ****                 /* Enable RX Not Empty interrupt source to continue receiving
 202:.\Generated_Source\PSoC4/UART_SPI_UART.c ****                 * data into software buffer.
 203:.\Generated_Source\PSoC4/UART_SPI_UART.c ****                 */
 204:.\Generated_Source\PSoC4/UART_SPI_UART.c ****                 UART_INTR_RX_MASK_REG |= UART_INTR_RX_NOT_EMPTY;
 205:.\Generated_Source\PSoC4/UART_SPI_UART.c ****             }
 206:.\Generated_Source\PSoC4/UART_SPI_UART.c ****             #endif
 207:.\Generated_Source\PSoC4/UART_SPI_UART.c **** 
ARM GAS  C:\Users\744\AppData\Local\Temp\ccwehn5F.s 			page 6


 208:.\Generated_Source\PSoC4/UART_SPI_UART.c ****             /* Release lock */
 209:.\Generated_Source\PSoC4/UART_SPI_UART.c ****             UART_EnableInt();
 210:.\Generated_Source\PSoC4/UART_SPI_UART.c ****         }
 211:.\Generated_Source\PSoC4/UART_SPI_UART.c ****         #else
 212:.\Generated_Source\PSoC4/UART_SPI_UART.c ****         {
 213:.\Generated_Source\PSoC4/UART_SPI_UART.c ****             UART_CLEAR_RX_FIFO;
  79              		.loc 1 213 0
  80 0000 054B     		ldr	r3, .L8
  81 0002 1A68     		ldr	r2, [r3]
  82 0004 8021     		mov	r1, #128
  83 0006 4902     		lsl	r1, r1, #9
  84 0008 0A43     		orr	r2, r1
  85 000a 1A60     		str	r2, [r3]
  86 000c 1968     		ldr	r1, [r3]
  87 000e 034A     		ldr	r2, .L8+4
  88 0010 0A40     		and	r2, r1
  89 0012 1A60     		str	r2, [r3]
 214:.\Generated_Source\PSoC4/UART_SPI_UART.c ****         }
 215:.\Generated_Source\PSoC4/UART_SPI_UART.c ****         #endif
 216:.\Generated_Source\PSoC4/UART_SPI_UART.c ****     }
  90              		.loc 1 216 0
  91              		@ sp needed
  92 0014 7047     		bx	lr
  93              	.L9:
  94 0016 C046     		.align	2
  95              	.L8:
  96 0018 04030740 		.word	1074201348
  97 001c FFFFFEFF 		.word	-65537
  98              		.cfi_endproc
  99              	.LFE2:
 100              		.size	UART_SpiUartClearRxBuffer, .-UART_SpiUartClearRxBuffer
 101              		.section	.text.UART_SpiUartWriteTxData,"ax",%progbits
 102              		.align	2
 103              		.global	UART_SpiUartWriteTxData
 104              		.code	16
 105              		.thumb_func
 106              		.type	UART_SpiUartWriteTxData, %function
 107              	UART_SpiUartWriteTxData:
 108              	.LFB3:
 217:.\Generated_Source\PSoC4/UART_SPI_UART.c **** 
 218:.\Generated_Source\PSoC4/UART_SPI_UART.c **** #endif /* (UART_RX_DIRECTION) */
 219:.\Generated_Source\PSoC4/UART_SPI_UART.c **** 
 220:.\Generated_Source\PSoC4/UART_SPI_UART.c **** 
 221:.\Generated_Source\PSoC4/UART_SPI_UART.c **** #if(UART_TX_DIRECTION)
 222:.\Generated_Source\PSoC4/UART_SPI_UART.c ****     /*******************************************************************************
 223:.\Generated_Source\PSoC4/UART_SPI_UART.c ****     * Function Name: UART_SpiUartWriteTxData
 224:.\Generated_Source\PSoC4/UART_SPI_UART.c ****     ********************************************************************************
 225:.\Generated_Source\PSoC4/UART_SPI_UART.c ****     *
 226:.\Generated_Source\PSoC4/UART_SPI_UART.c ****     * Summary:
 227:.\Generated_Source\PSoC4/UART_SPI_UART.c ****     *  Places a data entry into the transmit buffer to be sent at the next available
 228:.\Generated_Source\PSoC4/UART_SPI_UART.c ****     *  bus time.
 229:.\Generated_Source\PSoC4/UART_SPI_UART.c ****     *  This function is blocking and waits until there is space available to put the
 230:.\Generated_Source\PSoC4/UART_SPI_UART.c ****     *  requested data in the transmit buffer.
 231:.\Generated_Source\PSoC4/UART_SPI_UART.c ****     *
 232:.\Generated_Source\PSoC4/UART_SPI_UART.c ****     * Parameters:
 233:.\Generated_Source\PSoC4/UART_SPI_UART.c ****     *  txDataByte: the data to be transmitted.
 234:.\Generated_Source\PSoC4/UART_SPI_UART.c ****     *
ARM GAS  C:\Users\744\AppData\Local\Temp\ccwehn5F.s 			page 7


 235:.\Generated_Source\PSoC4/UART_SPI_UART.c ****     * Return:
 236:.\Generated_Source\PSoC4/UART_SPI_UART.c ****     *  None
 237:.\Generated_Source\PSoC4/UART_SPI_UART.c ****     *
 238:.\Generated_Source\PSoC4/UART_SPI_UART.c ****     *******************************************************************************/
 239:.\Generated_Source\PSoC4/UART_SPI_UART.c ****     void UART_SpiUartWriteTxData(uint32 txData)
 240:.\Generated_Source\PSoC4/UART_SPI_UART.c ****     {
 109              		.loc 1 240 0
 110              		.cfi_startproc
 111              	.LVL3:
 112              	.L11:
 241:.\Generated_Source\PSoC4/UART_SPI_UART.c ****     #if (UART_INTERNAL_TX_SW_BUFFER_CONST)
 242:.\Generated_Source\PSoC4/UART_SPI_UART.c ****         uint32 locHead;
 243:.\Generated_Source\PSoC4/UART_SPI_UART.c ****     #endif /* (UART_INTERNAL_TX_SW_BUFFER_CONST) */
 244:.\Generated_Source\PSoC4/UART_SPI_UART.c **** 
 245:.\Generated_Source\PSoC4/UART_SPI_UART.c ****         #if (UART_CHECK_TX_SW_BUFFER)
 246:.\Generated_Source\PSoC4/UART_SPI_UART.c ****         {
 247:.\Generated_Source\PSoC4/UART_SPI_UART.c ****             /* Put data directly into the TX FIFO */
 248:.\Generated_Source\PSoC4/UART_SPI_UART.c ****             if ((UART_txBufferHead == UART_txBufferTail) &&
 249:.\Generated_Source\PSoC4/UART_SPI_UART.c ****                 (UART_SPI_UART_FIFO_SIZE != UART_GET_TX_FIFO_ENTRIES))
 250:.\Generated_Source\PSoC4/UART_SPI_UART.c ****             {
 251:.\Generated_Source\PSoC4/UART_SPI_UART.c ****                 /* TX software buffer is empty: put data directly in TX FIFO */
 252:.\Generated_Source\PSoC4/UART_SPI_UART.c ****                 UART_TX_FIFO_WR_REG = txData;
 253:.\Generated_Source\PSoC4/UART_SPI_UART.c ****             }
 254:.\Generated_Source\PSoC4/UART_SPI_UART.c ****             /* Put data into TX software buffer */
 255:.\Generated_Source\PSoC4/UART_SPI_UART.c ****             else
 256:.\Generated_Source\PSoC4/UART_SPI_UART.c ****             {
 257:.\Generated_Source\PSoC4/UART_SPI_UART.c ****                 /* Head index to put data */
 258:.\Generated_Source\PSoC4/UART_SPI_UART.c ****                 locHead = (UART_txBufferHead + 1u);
 259:.\Generated_Source\PSoC4/UART_SPI_UART.c **** 
 260:.\Generated_Source\PSoC4/UART_SPI_UART.c ****                 /* Adjust TX software buffer index */
 261:.\Generated_Source\PSoC4/UART_SPI_UART.c ****                 if (UART_TX_BUFFER_SIZE == locHead)
 262:.\Generated_Source\PSoC4/UART_SPI_UART.c ****                 {
 263:.\Generated_Source\PSoC4/UART_SPI_UART.c ****                     locHead = 0u;
 264:.\Generated_Source\PSoC4/UART_SPI_UART.c ****                 }
 265:.\Generated_Source\PSoC4/UART_SPI_UART.c **** 
 266:.\Generated_Source\PSoC4/UART_SPI_UART.c ****                 /* Wait for space in TX software buffer */
 267:.\Generated_Source\PSoC4/UART_SPI_UART.c ****                 while (locHead == UART_txBufferTail)
 268:.\Generated_Source\PSoC4/UART_SPI_UART.c ****                 {
 269:.\Generated_Source\PSoC4/UART_SPI_UART.c ****                 }
 270:.\Generated_Source\PSoC4/UART_SPI_UART.c **** 
 271:.\Generated_Source\PSoC4/UART_SPI_UART.c ****                 /* TX software buffer has at least one room */
 272:.\Generated_Source\PSoC4/UART_SPI_UART.c **** 
 273:.\Generated_Source\PSoC4/UART_SPI_UART.c ****                 /* Clear old status of INTR_TX_NOT_FULL. It sets at the end of transfer when TX FIF
 274:.\Generated_Source\PSoC4/UART_SPI_UART.c ****                 UART_ClearTxInterruptSource(UART_INTR_TX_NOT_FULL);
 275:.\Generated_Source\PSoC4/UART_SPI_UART.c **** 
 276:.\Generated_Source\PSoC4/UART_SPI_UART.c ****                 UART_PutWordInTxBuffer(locHead, txData);
 277:.\Generated_Source\PSoC4/UART_SPI_UART.c **** 
 278:.\Generated_Source\PSoC4/UART_SPI_UART.c ****                 UART_txBufferHead = locHead;
 279:.\Generated_Source\PSoC4/UART_SPI_UART.c **** 
 280:.\Generated_Source\PSoC4/UART_SPI_UART.c ****                 /* Check if TX Not Full is disabled in interrupt */
 281:.\Generated_Source\PSoC4/UART_SPI_UART.c ****                 if (0u == (UART_INTR_TX_MASK_REG & UART_INTR_TX_NOT_FULL))
 282:.\Generated_Source\PSoC4/UART_SPI_UART.c ****                 {
 283:.\Generated_Source\PSoC4/UART_SPI_UART.c ****                     /* Enable TX Not Full interrupt source to transmit from software buffer */
 284:.\Generated_Source\PSoC4/UART_SPI_UART.c ****                     UART_INTR_TX_MASK_REG |= (uint32) UART_INTR_TX_NOT_FULL;
 285:.\Generated_Source\PSoC4/UART_SPI_UART.c ****                 }
 286:.\Generated_Source\PSoC4/UART_SPI_UART.c ****             }
 287:.\Generated_Source\PSoC4/UART_SPI_UART.c ****         }
ARM GAS  C:\Users\744\AppData\Local\Temp\ccwehn5F.s 			page 8


 288:.\Generated_Source\PSoC4/UART_SPI_UART.c ****         #else
 289:.\Generated_Source\PSoC4/UART_SPI_UART.c ****         {
 290:.\Generated_Source\PSoC4/UART_SPI_UART.c ****             /* Wait until TX FIFO has space to put data element */
 291:.\Generated_Source\PSoC4/UART_SPI_UART.c ****             while (UART_SPI_UART_FIFO_SIZE == UART_GET_TX_FIFO_ENTRIES)
 113              		.loc 1 291 0 discriminator 1
 114 0000 044B     		ldr	r3, .L12
 115 0002 1B68     		ldr	r3, [r3]
 116 0004 0F22     		mov	r2, #15
 117 0006 1340     		and	r3, r2
 118 0008 082B     		cmp	r3, #8
 119 000a F9D0     		beq	.L11
 292:.\Generated_Source\PSoC4/UART_SPI_UART.c ****             {
 293:.\Generated_Source\PSoC4/UART_SPI_UART.c ****             }
 294:.\Generated_Source\PSoC4/UART_SPI_UART.c **** 
 295:.\Generated_Source\PSoC4/UART_SPI_UART.c ****             UART_TX_FIFO_WR_REG = txData;
 120              		.loc 1 295 0
 121 000c 024B     		ldr	r3, .L12+4
 122 000e 1860     		str	r0, [r3]
 296:.\Generated_Source\PSoC4/UART_SPI_UART.c ****         }
 297:.\Generated_Source\PSoC4/UART_SPI_UART.c ****         #endif
 298:.\Generated_Source\PSoC4/UART_SPI_UART.c ****     }
 123              		.loc 1 298 0
 124              		@ sp needed
 125 0010 7047     		bx	lr
 126              	.L13:
 127 0012 C046     		.align	2
 128              	.L12:
 129 0014 08020740 		.word	1074201096
 130 0018 40020740 		.word	1074201152
 131              		.cfi_endproc
 132              	.LFE3:
 133              		.size	UART_SpiUartWriteTxData, .-UART_SpiUartWriteTxData
 134              		.section	.text.UART_SpiUartPutArray,"ax",%progbits
 135              		.align	2
 136              		.global	UART_SpiUartPutArray
 137              		.code	16
 138              		.thumb_func
 139              		.type	UART_SpiUartPutArray, %function
 140              	UART_SpiUartPutArray:
 141              	.LFB4:
 299:.\Generated_Source\PSoC4/UART_SPI_UART.c **** 
 300:.\Generated_Source\PSoC4/UART_SPI_UART.c **** 
 301:.\Generated_Source\PSoC4/UART_SPI_UART.c ****     /*******************************************************************************
 302:.\Generated_Source\PSoC4/UART_SPI_UART.c ****     * Function Name: UART_SpiUartPutArray
 303:.\Generated_Source\PSoC4/UART_SPI_UART.c ****     ********************************************************************************
 304:.\Generated_Source\PSoC4/UART_SPI_UART.c ****     *
 305:.\Generated_Source\PSoC4/UART_SPI_UART.c ****     * Summary:
 306:.\Generated_Source\PSoC4/UART_SPI_UART.c ****     *  Places an array of data into the transmit buffer to be sent.
 307:.\Generated_Source\PSoC4/UART_SPI_UART.c ****     *  This function is blocking and waits until there is a space available to put
 308:.\Generated_Source\PSoC4/UART_SPI_UART.c ****     *  all the requested data in the transmit buffer. The array size can be greater
 309:.\Generated_Source\PSoC4/UART_SPI_UART.c ****     *  than transmit buffer size.
 310:.\Generated_Source\PSoC4/UART_SPI_UART.c ****     *
 311:.\Generated_Source\PSoC4/UART_SPI_UART.c ****     * Parameters:
 312:.\Generated_Source\PSoC4/UART_SPI_UART.c ****     *  wrBuf:  pointer to an array with data to be placed in transmit buffer.
 313:.\Generated_Source\PSoC4/UART_SPI_UART.c ****     *  count:  number of data elements to be placed in the transmit buffer.
 314:.\Generated_Source\PSoC4/UART_SPI_UART.c ****     *
 315:.\Generated_Source\PSoC4/UART_SPI_UART.c ****     * Return:
ARM GAS  C:\Users\744\AppData\Local\Temp\ccwehn5F.s 			page 9


 316:.\Generated_Source\PSoC4/UART_SPI_UART.c ****     *  None
 317:.\Generated_Source\PSoC4/UART_SPI_UART.c ****     *
 318:.\Generated_Source\PSoC4/UART_SPI_UART.c ****     *******************************************************************************/
 319:.\Generated_Source\PSoC4/UART_SPI_UART.c ****     void UART_SpiUartPutArray(const uint8 wrBuf[], uint32 count)
 320:.\Generated_Source\PSoC4/UART_SPI_UART.c ****     {
 142              		.loc 1 320 0
 143              		.cfi_startproc
 144              	.LVL4:
 145 0000 70B5     		push	{r4, r5, r6, lr}
 146              		.cfi_def_cfa_offset 16
 147              		.cfi_offset 4, -16
 148              		.cfi_offset 5, -12
 149              		.cfi_offset 6, -8
 150              		.cfi_offset 14, -4
 151 0002 061C     		mov	r6, r0
 152 0004 0D1C     		mov	r5, r1
 153              	.LVL5:
 321:.\Generated_Source\PSoC4/UART_SPI_UART.c ****         uint32 i;
 322:.\Generated_Source\PSoC4/UART_SPI_UART.c **** 
 323:.\Generated_Source\PSoC4/UART_SPI_UART.c ****         for (i=0u; i < count; i++)
 154              		.loc 1 323 0
 155 0006 0024     		mov	r4, #0
 156 0008 03E0     		b	.L15
 157              	.LVL6:
 158              	.L16:
 324:.\Generated_Source\PSoC4/UART_SPI_UART.c ****         {
 325:.\Generated_Source\PSoC4/UART_SPI_UART.c ****             UART_SpiUartWriteTxData((uint32) wrBuf[i]);
 159              		.loc 1 325 0 discriminator 3
 160 000a 305D     		ldrb	r0, [r6, r4]
 161 000c FFF7FEFF 		bl	UART_SpiUartWriteTxData
 162              	.LVL7:
 323:.\Generated_Source\PSoC4/UART_SPI_UART.c ****         {
 163              		.loc 1 323 0 discriminator 3
 164 0010 0134     		add	r4, r4, #1
 165              	.LVL8:
 166              	.L15:
 323:.\Generated_Source\PSoC4/UART_SPI_UART.c ****         {
 167              		.loc 1 323 0 is_stmt 0 discriminator 1
 168 0012 AC42     		cmp	r4, r5
 169 0014 F9D3     		bcc	.L16
 326:.\Generated_Source\PSoC4/UART_SPI_UART.c ****         }
 327:.\Generated_Source\PSoC4/UART_SPI_UART.c ****     }
 170              		.loc 1 327 0 is_stmt 1
 171              		@ sp needed
 172              	.LVL9:
 173              	.LVL10:
 174              	.LVL11:
 175 0016 70BD     		pop	{r4, r5, r6, pc}
 176              		.cfi_endproc
 177              	.LFE4:
 178              		.size	UART_SpiUartPutArray, .-UART_SpiUartPutArray
 179              		.section	.text.UART_SpiUartGetTxBufferSize,"ax",%progbits
 180              		.align	2
 181              		.global	UART_SpiUartGetTxBufferSize
 182              		.code	16
 183              		.thumb_func
 184              		.type	UART_SpiUartGetTxBufferSize, %function
ARM GAS  C:\Users\744\AppData\Local\Temp\ccwehn5F.s 			page 10


 185              	UART_SpiUartGetTxBufferSize:
 186              	.LFB5:
 328:.\Generated_Source\PSoC4/UART_SPI_UART.c **** 
 329:.\Generated_Source\PSoC4/UART_SPI_UART.c **** 
 330:.\Generated_Source\PSoC4/UART_SPI_UART.c ****     /*******************************************************************************
 331:.\Generated_Source\PSoC4/UART_SPI_UART.c ****     * Function Name: UART_SpiUartGetTxBufferSize
 332:.\Generated_Source\PSoC4/UART_SPI_UART.c ****     ********************************************************************************
 333:.\Generated_Source\PSoC4/UART_SPI_UART.c ****     *
 334:.\Generated_Source\PSoC4/UART_SPI_UART.c ****     * Summary:
 335:.\Generated_Source\PSoC4/UART_SPI_UART.c ****     * Returns the number of elements currently in the transmit buffer.
 336:.\Generated_Source\PSoC4/UART_SPI_UART.c ****     *  - TX software buffer is disabled: returns the number of used entries in
 337:.\Generated_Source\PSoC4/UART_SPI_UART.c ****     *    TX FIFO.
 338:.\Generated_Source\PSoC4/UART_SPI_UART.c ****     *  - TX software buffer is enabled: returns the number of elements currently
 339:.\Generated_Source\PSoC4/UART_SPI_UART.c ****     *    used in the transmit buffer. This number does not include used entries in
 340:.\Generated_Source\PSoC4/UART_SPI_UART.c ****     *    the TX FIFO. The transmit buffer size is zero until the TX FIFO is
 341:.\Generated_Source\PSoC4/UART_SPI_UART.c ****     *    not full.
 342:.\Generated_Source\PSoC4/UART_SPI_UART.c ****     *
 343:.\Generated_Source\PSoC4/UART_SPI_UART.c ****     * Parameters:
 344:.\Generated_Source\PSoC4/UART_SPI_UART.c ****     *  None
 345:.\Generated_Source\PSoC4/UART_SPI_UART.c ****     *
 346:.\Generated_Source\PSoC4/UART_SPI_UART.c ****     * Return:
 347:.\Generated_Source\PSoC4/UART_SPI_UART.c ****     *  Number of data elements ready to transmit.
 348:.\Generated_Source\PSoC4/UART_SPI_UART.c ****     *
 349:.\Generated_Source\PSoC4/UART_SPI_UART.c ****     *******************************************************************************/
 350:.\Generated_Source\PSoC4/UART_SPI_UART.c ****     uint32 UART_SpiUartGetTxBufferSize(void)
 351:.\Generated_Source\PSoC4/UART_SPI_UART.c ****     {
 187              		.loc 1 351 0
 188              		.cfi_startproc
 352:.\Generated_Source\PSoC4/UART_SPI_UART.c ****         uint32 size;
 353:.\Generated_Source\PSoC4/UART_SPI_UART.c ****     #if (UART_INTERNAL_TX_SW_BUFFER_CONST)
 354:.\Generated_Source\PSoC4/UART_SPI_UART.c ****         uint32 locTail;
 355:.\Generated_Source\PSoC4/UART_SPI_UART.c ****     #endif /* (UART_INTERNAL_TX_SW_BUFFER_CONST) */
 356:.\Generated_Source\PSoC4/UART_SPI_UART.c **** 
 357:.\Generated_Source\PSoC4/UART_SPI_UART.c ****         #if (UART_CHECK_TX_SW_BUFFER)
 358:.\Generated_Source\PSoC4/UART_SPI_UART.c ****         {
 359:.\Generated_Source\PSoC4/UART_SPI_UART.c ****             /* Get current Tail index */
 360:.\Generated_Source\PSoC4/UART_SPI_UART.c ****             locTail = UART_txBufferTail;
 361:.\Generated_Source\PSoC4/UART_SPI_UART.c **** 
 362:.\Generated_Source\PSoC4/UART_SPI_UART.c ****             if (UART_txBufferHead >= locTail)
 363:.\Generated_Source\PSoC4/UART_SPI_UART.c ****             {
 364:.\Generated_Source\PSoC4/UART_SPI_UART.c ****                 size = (UART_txBufferHead - locTail);
 365:.\Generated_Source\PSoC4/UART_SPI_UART.c ****             }
 366:.\Generated_Source\PSoC4/UART_SPI_UART.c ****             else
 367:.\Generated_Source\PSoC4/UART_SPI_UART.c ****             {
 368:.\Generated_Source\PSoC4/UART_SPI_UART.c ****                 size = (UART_txBufferHead + (UART_TX_BUFFER_SIZE - locTail));
 369:.\Generated_Source\PSoC4/UART_SPI_UART.c ****             }
 370:.\Generated_Source\PSoC4/UART_SPI_UART.c ****         }
 371:.\Generated_Source\PSoC4/UART_SPI_UART.c ****         #else
 372:.\Generated_Source\PSoC4/UART_SPI_UART.c ****         {
 373:.\Generated_Source\PSoC4/UART_SPI_UART.c ****             size = UART_GET_TX_FIFO_ENTRIES;
 189              		.loc 1 373 0
 190 0000 024B     		ldr	r3, .L18
 191 0002 1B68     		ldr	r3, [r3]
 192 0004 0F20     		mov	r0, #15
 193 0006 1840     		and	r0, r3
 194              	.LVL12:
 374:.\Generated_Source\PSoC4/UART_SPI_UART.c ****         }
ARM GAS  C:\Users\744\AppData\Local\Temp\ccwehn5F.s 			page 11


 375:.\Generated_Source\PSoC4/UART_SPI_UART.c ****         #endif
 376:.\Generated_Source\PSoC4/UART_SPI_UART.c **** 
 377:.\Generated_Source\PSoC4/UART_SPI_UART.c ****         return (size);
 378:.\Generated_Source\PSoC4/UART_SPI_UART.c ****     }
 195              		.loc 1 378 0
 196              		@ sp needed
 197 0008 7047     		bx	lr
 198              	.L19:
 199 000a C046     		.align	2
 200              	.L18:
 201 000c 08020740 		.word	1074201096
 202              		.cfi_endproc
 203              	.LFE5:
 204              		.size	UART_SpiUartGetTxBufferSize, .-UART_SpiUartGetTxBufferSize
 205              		.section	.text.UART_SpiUartClearTxBuffer,"ax",%progbits
 206              		.align	2
 207              		.global	UART_SpiUartClearTxBuffer
 208              		.code	16
 209              		.thumb_func
 210              		.type	UART_SpiUartClearTxBuffer, %function
 211              	UART_SpiUartClearTxBuffer:
 212              	.LFB6:
 379:.\Generated_Source\PSoC4/UART_SPI_UART.c **** 
 380:.\Generated_Source\PSoC4/UART_SPI_UART.c **** 
 381:.\Generated_Source\PSoC4/UART_SPI_UART.c ****     /*******************************************************************************
 382:.\Generated_Source\PSoC4/UART_SPI_UART.c ****     * Function Name: UART_SpiUartClearTxBuffer
 383:.\Generated_Source\PSoC4/UART_SPI_UART.c ****     ********************************************************************************
 384:.\Generated_Source\PSoC4/UART_SPI_UART.c ****     *
 385:.\Generated_Source\PSoC4/UART_SPI_UART.c ****     * Summary:
 386:.\Generated_Source\PSoC4/UART_SPI_UART.c ****     *  Clears the transmit buffer and TX FIFO.
 387:.\Generated_Source\PSoC4/UART_SPI_UART.c ****     *
 388:.\Generated_Source\PSoC4/UART_SPI_UART.c ****     * Parameters:
 389:.\Generated_Source\PSoC4/UART_SPI_UART.c ****     *  None
 390:.\Generated_Source\PSoC4/UART_SPI_UART.c ****     *
 391:.\Generated_Source\PSoC4/UART_SPI_UART.c ****     * Return:
 392:.\Generated_Source\PSoC4/UART_SPI_UART.c ****     *  None
 393:.\Generated_Source\PSoC4/UART_SPI_UART.c ****     *
 394:.\Generated_Source\PSoC4/UART_SPI_UART.c ****     *******************************************************************************/
 395:.\Generated_Source\PSoC4/UART_SPI_UART.c ****     void UART_SpiUartClearTxBuffer(void)
 396:.\Generated_Source\PSoC4/UART_SPI_UART.c ****     {
 213              		.loc 1 396 0
 214              		.cfi_startproc
 397:.\Generated_Source\PSoC4/UART_SPI_UART.c ****         #if (UART_CHECK_TX_SW_BUFFER)
 398:.\Generated_Source\PSoC4/UART_SPI_UART.c ****         {
 399:.\Generated_Source\PSoC4/UART_SPI_UART.c ****             /* Lock from component interruption */
 400:.\Generated_Source\PSoC4/UART_SPI_UART.c ****             UART_DisableInt();
 401:.\Generated_Source\PSoC4/UART_SPI_UART.c **** 
 402:.\Generated_Source\PSoC4/UART_SPI_UART.c ****             /* Flush TX software buffer */
 403:.\Generated_Source\PSoC4/UART_SPI_UART.c ****             UART_txBufferHead = UART_txBufferTail;
 404:.\Generated_Source\PSoC4/UART_SPI_UART.c **** 
 405:.\Generated_Source\PSoC4/UART_SPI_UART.c ****             UART_INTR_TX_MASK_REG &= (uint32) ~UART_INTR_TX_NOT_FULL;
 406:.\Generated_Source\PSoC4/UART_SPI_UART.c ****             UART_CLEAR_TX_FIFO;
 407:.\Generated_Source\PSoC4/UART_SPI_UART.c ****             UART_ClearTxInterruptSource(UART_INTR_TX_ALL);
 408:.\Generated_Source\PSoC4/UART_SPI_UART.c **** 
 409:.\Generated_Source\PSoC4/UART_SPI_UART.c ****             /* Release lock */
 410:.\Generated_Source\PSoC4/UART_SPI_UART.c ****             UART_EnableInt();
 411:.\Generated_Source\PSoC4/UART_SPI_UART.c ****         }
ARM GAS  C:\Users\744\AppData\Local\Temp\ccwehn5F.s 			page 12


 412:.\Generated_Source\PSoC4/UART_SPI_UART.c ****         #else
 413:.\Generated_Source\PSoC4/UART_SPI_UART.c ****         {
 414:.\Generated_Source\PSoC4/UART_SPI_UART.c ****             UART_CLEAR_TX_FIFO;
 215              		.loc 1 414 0
 216 0000 054B     		ldr	r3, .L21
 217 0002 1A68     		ldr	r2, [r3]
 218 0004 8021     		mov	r1, #128
 219 0006 4902     		lsl	r1, r1, #9
 220 0008 0A43     		orr	r2, r1
 221 000a 1A60     		str	r2, [r3]
 222 000c 1968     		ldr	r1, [r3]
 223 000e 034A     		ldr	r2, .L21+4
 224 0010 0A40     		and	r2, r1
 225 0012 1A60     		str	r2, [r3]
 415:.\Generated_Source\PSoC4/UART_SPI_UART.c ****         }
 416:.\Generated_Source\PSoC4/UART_SPI_UART.c ****         #endif
 417:.\Generated_Source\PSoC4/UART_SPI_UART.c ****     }
 226              		.loc 1 417 0
 227              		@ sp needed
 228 0014 7047     		bx	lr
 229              	.L22:
 230 0016 C046     		.align	2
 231              	.L21:
 232 0018 04020740 		.word	1074201092
 233 001c FFFFFEFF 		.word	-65537
 234              		.cfi_endproc
 235              	.LFE6:
 236              		.size	UART_SpiUartClearTxBuffer, .-UART_SpiUartClearTxBuffer
 237              		.section	.text.UART_SpiUartDisableIntRx,"ax",%progbits
 238              		.align	2
 239              		.global	UART_SpiUartDisableIntRx
 240              		.code	16
 241              		.thumb_func
 242              		.type	UART_SpiUartDisableIntRx, %function
 243              	UART_SpiUartDisableIntRx:
 244              	.LFB7:
 418:.\Generated_Source\PSoC4/UART_SPI_UART.c **** 
 419:.\Generated_Source\PSoC4/UART_SPI_UART.c **** #endif /* (UART_TX_DIRECTION) */
 420:.\Generated_Source\PSoC4/UART_SPI_UART.c **** 
 421:.\Generated_Source\PSoC4/UART_SPI_UART.c **** 
 422:.\Generated_Source\PSoC4/UART_SPI_UART.c **** /*******************************************************************************
 423:.\Generated_Source\PSoC4/UART_SPI_UART.c **** * Function Name: UART_SpiUartDisableIntRx
 424:.\Generated_Source\PSoC4/UART_SPI_UART.c **** ********************************************************************************
 425:.\Generated_Source\PSoC4/UART_SPI_UART.c **** *
 426:.\Generated_Source\PSoC4/UART_SPI_UART.c **** * Summary:
 427:.\Generated_Source\PSoC4/UART_SPI_UART.c **** *  Disables the RX interrupt sources.
 428:.\Generated_Source\PSoC4/UART_SPI_UART.c **** *
 429:.\Generated_Source\PSoC4/UART_SPI_UART.c **** * Parameters:
 430:.\Generated_Source\PSoC4/UART_SPI_UART.c **** *  None
 431:.\Generated_Source\PSoC4/UART_SPI_UART.c **** *
 432:.\Generated_Source\PSoC4/UART_SPI_UART.c **** * Return:
 433:.\Generated_Source\PSoC4/UART_SPI_UART.c **** *  Returns the RX interrupt sources enabled before the function call.
 434:.\Generated_Source\PSoC4/UART_SPI_UART.c **** *
 435:.\Generated_Source\PSoC4/UART_SPI_UART.c **** *******************************************************************************/
 436:.\Generated_Source\PSoC4/UART_SPI_UART.c **** uint32 UART_SpiUartDisableIntRx(void)
 437:.\Generated_Source\PSoC4/UART_SPI_UART.c **** {
 245              		.loc 1 437 0
ARM GAS  C:\Users\744\AppData\Local\Temp\ccwehn5F.s 			page 13


 246              		.cfi_startproc
 438:.\Generated_Source\PSoC4/UART_SPI_UART.c ****     uint32 intSource;
 439:.\Generated_Source\PSoC4/UART_SPI_UART.c **** 
 440:.\Generated_Source\PSoC4/UART_SPI_UART.c ****     intSource = UART_GetRxInterruptMode();
 247              		.loc 1 440 0
 248 0000 024B     		ldr	r3, .L24
 249 0002 1868     		ldr	r0, [r3]
 250              	.LVL13:
 441:.\Generated_Source\PSoC4/UART_SPI_UART.c **** 
 442:.\Generated_Source\PSoC4/UART_SPI_UART.c ****     UART_SetRxInterruptMode(UART_NO_INTR_SOURCES);
 251              		.loc 1 442 0
 252 0004 0022     		mov	r2, #0
 253 0006 1A60     		str	r2, [r3]
 443:.\Generated_Source\PSoC4/UART_SPI_UART.c **** 
 444:.\Generated_Source\PSoC4/UART_SPI_UART.c ****     return (intSource);
 445:.\Generated_Source\PSoC4/UART_SPI_UART.c **** }
 254              		.loc 1 445 0
 255              		@ sp needed
 256 0008 7047     		bx	lr
 257              	.L25:
 258 000a C046     		.align	2
 259              	.L24:
 260 000c C80F0740 		.word	1074204616
 261              		.cfi_endproc
 262              	.LFE7:
 263              		.size	UART_SpiUartDisableIntRx, .-UART_SpiUartDisableIntRx
 264              		.section	.text.UART_SpiUartDisableIntTx,"ax",%progbits
 265              		.align	2
 266              		.global	UART_SpiUartDisableIntTx
 267              		.code	16
 268              		.thumb_func
 269              		.type	UART_SpiUartDisableIntTx, %function
 270              	UART_SpiUartDisableIntTx:
 271              	.LFB8:
 446:.\Generated_Source\PSoC4/UART_SPI_UART.c **** 
 447:.\Generated_Source\PSoC4/UART_SPI_UART.c **** 
 448:.\Generated_Source\PSoC4/UART_SPI_UART.c **** /*******************************************************************************
 449:.\Generated_Source\PSoC4/UART_SPI_UART.c **** * Function Name: UART_SpiUartDisableIntTx
 450:.\Generated_Source\PSoC4/UART_SPI_UART.c **** ********************************************************************************
 451:.\Generated_Source\PSoC4/UART_SPI_UART.c **** *
 452:.\Generated_Source\PSoC4/UART_SPI_UART.c **** * Summary:
 453:.\Generated_Source\PSoC4/UART_SPI_UART.c **** *  Disables TX interrupt sources.
 454:.\Generated_Source\PSoC4/UART_SPI_UART.c **** *
 455:.\Generated_Source\PSoC4/UART_SPI_UART.c **** * Parameters:
 456:.\Generated_Source\PSoC4/UART_SPI_UART.c **** *  None
 457:.\Generated_Source\PSoC4/UART_SPI_UART.c **** *
 458:.\Generated_Source\PSoC4/UART_SPI_UART.c **** * Return:
 459:.\Generated_Source\PSoC4/UART_SPI_UART.c **** *  Returns TX interrupt sources enabled before function call.
 460:.\Generated_Source\PSoC4/UART_SPI_UART.c **** *
 461:.\Generated_Source\PSoC4/UART_SPI_UART.c **** *******************************************************************************/
 462:.\Generated_Source\PSoC4/UART_SPI_UART.c **** uint32 UART_SpiUartDisableIntTx(void)
 463:.\Generated_Source\PSoC4/UART_SPI_UART.c **** {
 272              		.loc 1 463 0
 273              		.cfi_startproc
 464:.\Generated_Source\PSoC4/UART_SPI_UART.c ****     uint32 intSourceMask;
 465:.\Generated_Source\PSoC4/UART_SPI_UART.c **** 
 466:.\Generated_Source\PSoC4/UART_SPI_UART.c ****     intSourceMask = UART_GetTxInterruptMode();
ARM GAS  C:\Users\744\AppData\Local\Temp\ccwehn5F.s 			page 14


 274              		.loc 1 466 0
 275 0000 024B     		ldr	r3, .L27
 276 0002 1868     		ldr	r0, [r3]
 277              	.LVL14:
 467:.\Generated_Source\PSoC4/UART_SPI_UART.c **** 
 468:.\Generated_Source\PSoC4/UART_SPI_UART.c ****     UART_SetTxInterruptMode(UART_NO_INTR_SOURCES);
 278              		.loc 1 468 0
 279 0004 0022     		mov	r2, #0
 280 0006 1A60     		str	r2, [r3]
 469:.\Generated_Source\PSoC4/UART_SPI_UART.c **** 
 470:.\Generated_Source\PSoC4/UART_SPI_UART.c ****     return (intSourceMask);
 471:.\Generated_Source\PSoC4/UART_SPI_UART.c **** }
 281              		.loc 1 471 0
 282              		@ sp needed
 283 0008 7047     		bx	lr
 284              	.L28:
 285 000a C046     		.align	2
 286              	.L27:
 287 000c 880F0740 		.word	1074204552
 288              		.cfi_endproc
 289              	.LFE8:
 290              		.size	UART_SpiUartDisableIntTx, .-UART_SpiUartDisableIntTx
 291              		.text
 292              	.Letext0:
 293              		.file 2 "Generated_Source\\PSoC4/cytypes.h"
 294              		.section	.debug_info,"",%progbits
 295              	.Ldebug_info0:
 296 0000 13020000 		.4byte	0x213
 297 0004 0400     		.2byte	0x4
 298 0006 00000000 		.4byte	.Ldebug_abbrev0
 299 000a 04       		.byte	0x4
 300 000b 01       		.uleb128 0x1
 301 000c 98010000 		.4byte	.LASF32
 302 0010 01       		.byte	0x1
 303 0011 30020000 		.4byte	.LASF33
 304 0015 F8000000 		.4byte	.LASF34
 305 0019 00000000 		.4byte	.Ldebug_ranges0+0
 306 001d 00000000 		.4byte	0
 307 0021 00000000 		.4byte	.Ldebug_line0
 308 0025 02       		.uleb128 0x2
 309 0026 01       		.byte	0x1
 310 0027 06       		.byte	0x6
 311 0028 98020000 		.4byte	.LASF0
 312 002c 02       		.uleb128 0x2
 313 002d 01       		.byte	0x1
 314 002e 08       		.byte	0x8
 315 002f 95000000 		.4byte	.LASF1
 316 0033 02       		.uleb128 0x2
 317 0034 02       		.byte	0x2
 318 0035 05       		.byte	0x5
 319 0036 26020000 		.4byte	.LASF2
 320 003a 02       		.uleb128 0x2
 321 003b 02       		.byte	0x2
 322 003c 07       		.byte	0x7
 323 003d 13000000 		.4byte	.LASF3
 324 0041 02       		.uleb128 0x2
 325 0042 04       		.byte	0x4
ARM GAS  C:\Users\744\AppData\Local\Temp\ccwehn5F.s 			page 15


 326 0043 05       		.byte	0x5
 327 0044 70020000 		.4byte	.LASF4
 328 0048 02       		.uleb128 0x2
 329 0049 04       		.byte	0x4
 330 004a 07       		.byte	0x7
 331 004b 70000000 		.4byte	.LASF5
 332 004f 02       		.uleb128 0x2
 333 0050 08       		.byte	0x8
 334 0051 05       		.byte	0x5
 335 0052 56010000 		.4byte	.LASF6
 336 0056 02       		.uleb128 0x2
 337 0057 08       		.byte	0x8
 338 0058 07       		.byte	0x7
 339 0059 36010000 		.4byte	.LASF7
 340 005d 03       		.uleb128 0x3
 341 005e 04       		.byte	0x4
 342 005f 05       		.byte	0x5
 343 0060 696E7400 		.ascii	"int\000"
 344 0064 02       		.uleb128 0x2
 345 0065 04       		.byte	0x4
 346 0066 07       		.byte	0x7
 347 0067 26000000 		.4byte	.LASF8
 348 006b 04       		.uleb128 0x4
 349 006c 82000000 		.4byte	.LASF9
 350 0070 02       		.byte	0x2
 351 0071 3801     		.2byte	0x138
 352 0073 2C000000 		.4byte	0x2c
 353 0077 04       		.uleb128 0x4
 354 0078 AA000000 		.4byte	.LASF10
 355 007c 02       		.byte	0x2
 356 007d 3A01     		.2byte	0x13a
 357 007f 48000000 		.4byte	0x48
 358 0083 02       		.uleb128 0x2
 359 0084 04       		.byte	0x4
 360 0085 04       		.byte	0x4
 361 0086 4C000000 		.4byte	.LASF11
 362 008a 02       		.uleb128 0x2
 363 008b 08       		.byte	0x8
 364 008c 04       		.byte	0x4
 365 008d A3000000 		.4byte	.LASF12
 366 0091 02       		.uleb128 0x2
 367 0092 01       		.byte	0x1
 368 0093 08       		.byte	0x8
 369 0094 79020000 		.4byte	.LASF13
 370 0098 04       		.uleb128 0x4
 371 0099 00000000 		.4byte	.LASF14
 372 009d 02       		.byte	0x2
 373 009e E401     		.2byte	0x1e4
 374 00a0 A4000000 		.4byte	0xa4
 375 00a4 05       		.uleb128 0x5
 376 00a5 77000000 		.4byte	0x77
 377 00a9 02       		.uleb128 0x2
 378 00aa 04       		.byte	0x4
 379 00ab 07       		.byte	0x7
 380 00ac 4D010000 		.4byte	.LASF15
 381 00b0 06       		.uleb128 0x6
 382 00b1 59020000 		.4byte	.LASF16
ARM GAS  C:\Users\744\AppData\Local\Temp\ccwehn5F.s 			page 16


 383 00b5 01       		.byte	0x1
 384 00b6 45       		.byte	0x45
 385 00b7 77000000 		.4byte	0x77
 386 00bb 00000000 		.4byte	.LFB0
 387 00bf 0C000000 		.4byte	.LFE0-.LFB0
 388 00c3 01       		.uleb128 0x1
 389 00c4 9C       		.byte	0x9c
 390 00c5 D9000000 		.4byte	0xd9
 391 00c9 07       		.uleb128 0x7
 392 00ca 88000000 		.4byte	.LASF18
 393 00ce 01       		.byte	0x1
 394 00cf 47       		.byte	0x47
 395 00d0 77000000 		.4byte	0x77
 396 00d4 00000000 		.4byte	.LLST0
 397 00d8 00       		.byte	0
 398 00d9 06       		.uleb128 0x6
 399 00da A4020000 		.4byte	.LASF17
 400 00de 01       		.byte	0x1
 401 00df 8D       		.byte	0x8d
 402 00e0 77000000 		.4byte	0x77
 403 00e4 00000000 		.4byte	.LFB1
 404 00e8 10000000 		.4byte	.LFE1-.LFB1
 405 00ec 01       		.uleb128 0x1
 406 00ed 9C       		.byte	0x9c
 407 00ee 00010000 		.4byte	0x100
 408 00f2 08       		.uleb128 0x8
 409 00f3 6B000000 		.4byte	.LASF19
 410 00f7 01       		.byte	0x1
 411 00f8 8F       		.byte	0x8f
 412 00f9 77000000 		.4byte	0x77
 413 00fd 01       		.uleb128 0x1
 414 00fe 50       		.byte	0x50
 415 00ff 00       		.byte	0
 416 0100 09       		.uleb128 0x9
 417 0101 7E020000 		.4byte	.LASF26
 418 0105 01       		.byte	0x1
 419 0106 B9       		.byte	0xb9
 420 0107 00000000 		.4byte	.LFB2
 421 010b 20000000 		.4byte	.LFE2-.LFB2
 422 010f 01       		.uleb128 0x1
 423 0110 9C       		.byte	0x9c
 424 0111 0A       		.uleb128 0xa
 425 0112 64010000 		.4byte	.LASF20
 426 0116 01       		.byte	0x1
 427 0117 EF       		.byte	0xef
 428 0118 00000000 		.4byte	.LFB3
 429 011c 1C000000 		.4byte	.LFE3-.LFB3
 430 0120 01       		.uleb128 0x1
 431 0121 9C       		.byte	0x9c
 432 0122 34010000 		.4byte	0x134
 433 0126 0B       		.uleb128 0xb
 434 0127 0C000000 		.4byte	.LASF22
 435 012b 01       		.byte	0x1
 436 012c EF       		.byte	0xef
 437 012d 77000000 		.4byte	0x77
 438 0131 01       		.uleb128 0x1
 439 0132 50       		.byte	0x50
ARM GAS  C:\Users\744\AppData\Local\Temp\ccwehn5F.s 			page 17


 440 0133 00       		.byte	0
 441 0134 0C       		.uleb128 0xc
 442 0135 CB000000 		.4byte	.LASF21
 443 0139 01       		.byte	0x1
 444 013a 3F01     		.2byte	0x13f
 445 013c 00000000 		.4byte	.LFB4
 446 0140 18000000 		.4byte	.LFE4-.LFB4
 447 0144 01       		.uleb128 0x1
 448 0145 9C       		.byte	0x9c
 449 0146 82010000 		.4byte	0x182
 450 014a 0D       		.uleb128 0xd
 451 014b 8F000000 		.4byte	.LASF23
 452 014f 01       		.byte	0x1
 453 0150 3F01     		.2byte	0x13f
 454 0152 82010000 		.4byte	0x182
 455 0156 1F000000 		.4byte	.LLST1
 456 015a 0D       		.uleb128 0xd
 457 015b 06000000 		.4byte	.LASF24
 458 015f 01       		.byte	0x1
 459 0160 3F01     		.2byte	0x13f
 460 0162 77000000 		.4byte	0x77
 461 0166 4B000000 		.4byte	.LLST2
 462 016a 0E       		.uleb128 0xe
 463 016b 6900     		.ascii	"i\000"
 464 016d 01       		.byte	0x1
 465 016e 4101     		.2byte	0x141
 466 0170 77000000 		.4byte	0x77
 467 0174 77000000 		.4byte	.LLST3
 468 0178 0F       		.uleb128 0xf
 469 0179 10000000 		.4byte	.LVL7
 470 017d 11010000 		.4byte	0x111
 471 0181 00       		.byte	0
 472 0182 10       		.uleb128 0x10
 473 0183 04       		.byte	0x4
 474 0184 88010000 		.4byte	0x188
 475 0188 11       		.uleb128 0x11
 476 0189 6B000000 		.4byte	0x6b
 477 018d 12       		.uleb128 0x12
 478 018e 7C010000 		.4byte	.LASF25
 479 0192 01       		.byte	0x1
 480 0193 5E01     		.2byte	0x15e
 481 0195 77000000 		.4byte	0x77
 482 0199 00000000 		.4byte	.LFB5
 483 019d 10000000 		.4byte	.LFE5-.LFB5
 484 01a1 01       		.uleb128 0x1
 485 01a2 9C       		.byte	0x9c
 486 01a3 B6010000 		.4byte	0x1b6
 487 01a7 13       		.uleb128 0x13
 488 01a8 6B000000 		.4byte	.LASF19
 489 01ac 01       		.byte	0x1
 490 01ad 6001     		.2byte	0x160
 491 01af 77000000 		.4byte	0x77
 492 01b3 01       		.uleb128 0x1
 493 01b4 50       		.byte	0x50
 494 01b5 00       		.byte	0
 495 01b6 14       		.uleb128 0x14
 496 01b7 B1000000 		.4byte	.LASF27
ARM GAS  C:\Users\744\AppData\Local\Temp\ccwehn5F.s 			page 18


 497 01bb 01       		.byte	0x1
 498 01bc 8B01     		.2byte	0x18b
 499 01be 00000000 		.4byte	.LFB6
 500 01c2 20000000 		.4byte	.LFE6-.LFB6
 501 01c6 01       		.uleb128 0x1
 502 01c7 9C       		.byte	0x9c
 503 01c8 12       		.uleb128 0x12
 504 01c9 33000000 		.4byte	.LASF28
 505 01cd 01       		.byte	0x1
 506 01ce B401     		.2byte	0x1b4
 507 01d0 77000000 		.4byte	0x77
 508 01d4 00000000 		.4byte	.LFB7
 509 01d8 10000000 		.4byte	.LFE7-.LFB7
 510 01dc 01       		.uleb128 0x1
 511 01dd 9C       		.byte	0x9c
 512 01de F1010000 		.4byte	0x1f1
 513 01e2 13       		.uleb128 0x13
 514 01e3 EE000000 		.4byte	.LASF29
 515 01e7 01       		.byte	0x1
 516 01e8 B601     		.2byte	0x1b6
 517 01ea 77000000 		.4byte	0x77
 518 01ee 01       		.uleb128 0x1
 519 01ef 50       		.byte	0x50
 520 01f0 00       		.byte	0
 521 01f1 15       		.uleb128 0x15
 522 01f2 52000000 		.4byte	.LASF30
 523 01f6 01       		.byte	0x1
 524 01f7 CE01     		.2byte	0x1ce
 525 01f9 77000000 		.4byte	0x77
 526 01fd 00000000 		.4byte	.LFB8
 527 0201 10000000 		.4byte	.LFE8-.LFB8
 528 0205 01       		.uleb128 0x1
 529 0206 9C       		.byte	0x9c
 530 0207 13       		.uleb128 0x13
 531 0208 E0000000 		.4byte	.LASF31
 532 020c 01       		.byte	0x1
 533 020d D001     		.2byte	0x1d0
 534 020f 77000000 		.4byte	0x77
 535 0213 01       		.uleb128 0x1
 536 0214 50       		.byte	0x50
 537 0215 00       		.byte	0
 538 0216 00       		.byte	0
 539              		.section	.debug_abbrev,"",%progbits
 540              	.Ldebug_abbrev0:
 541 0000 01       		.uleb128 0x1
 542 0001 11       		.uleb128 0x11
 543 0002 01       		.byte	0x1
 544 0003 25       		.uleb128 0x25
 545 0004 0E       		.uleb128 0xe
 546 0005 13       		.uleb128 0x13
 547 0006 0B       		.uleb128 0xb
 548 0007 03       		.uleb128 0x3
 549 0008 0E       		.uleb128 0xe
 550 0009 1B       		.uleb128 0x1b
 551 000a 0E       		.uleb128 0xe
 552 000b 55       		.uleb128 0x55
 553 000c 17       		.uleb128 0x17
ARM GAS  C:\Users\744\AppData\Local\Temp\ccwehn5F.s 			page 19


 554 000d 11       		.uleb128 0x11
 555 000e 01       		.uleb128 0x1
 556 000f 10       		.uleb128 0x10
 557 0010 17       		.uleb128 0x17
 558 0011 00       		.byte	0
 559 0012 00       		.byte	0
 560 0013 02       		.uleb128 0x2
 561 0014 24       		.uleb128 0x24
 562 0015 00       		.byte	0
 563 0016 0B       		.uleb128 0xb
 564 0017 0B       		.uleb128 0xb
 565 0018 3E       		.uleb128 0x3e
 566 0019 0B       		.uleb128 0xb
 567 001a 03       		.uleb128 0x3
 568 001b 0E       		.uleb128 0xe
 569 001c 00       		.byte	0
 570 001d 00       		.byte	0
 571 001e 03       		.uleb128 0x3
 572 001f 24       		.uleb128 0x24
 573 0020 00       		.byte	0
 574 0021 0B       		.uleb128 0xb
 575 0022 0B       		.uleb128 0xb
 576 0023 3E       		.uleb128 0x3e
 577 0024 0B       		.uleb128 0xb
 578 0025 03       		.uleb128 0x3
 579 0026 08       		.uleb128 0x8
 580 0027 00       		.byte	0
 581 0028 00       		.byte	0
 582 0029 04       		.uleb128 0x4
 583 002a 16       		.uleb128 0x16
 584 002b 00       		.byte	0
 585 002c 03       		.uleb128 0x3
 586 002d 0E       		.uleb128 0xe
 587 002e 3A       		.uleb128 0x3a
 588 002f 0B       		.uleb128 0xb
 589 0030 3B       		.uleb128 0x3b
 590 0031 05       		.uleb128 0x5
 591 0032 49       		.uleb128 0x49
 592 0033 13       		.uleb128 0x13
 593 0034 00       		.byte	0
 594 0035 00       		.byte	0
 595 0036 05       		.uleb128 0x5
 596 0037 35       		.uleb128 0x35
 597 0038 00       		.byte	0
 598 0039 49       		.uleb128 0x49
 599 003a 13       		.uleb128 0x13
 600 003b 00       		.byte	0
 601 003c 00       		.byte	0
 602 003d 06       		.uleb128 0x6
 603 003e 2E       		.uleb128 0x2e
 604 003f 01       		.byte	0x1
 605 0040 3F       		.uleb128 0x3f
 606 0041 19       		.uleb128 0x19
 607 0042 03       		.uleb128 0x3
 608 0043 0E       		.uleb128 0xe
 609 0044 3A       		.uleb128 0x3a
 610 0045 0B       		.uleb128 0xb
ARM GAS  C:\Users\744\AppData\Local\Temp\ccwehn5F.s 			page 20


 611 0046 3B       		.uleb128 0x3b
 612 0047 0B       		.uleb128 0xb
 613 0048 27       		.uleb128 0x27
 614 0049 19       		.uleb128 0x19
 615 004a 49       		.uleb128 0x49
 616 004b 13       		.uleb128 0x13
 617 004c 11       		.uleb128 0x11
 618 004d 01       		.uleb128 0x1
 619 004e 12       		.uleb128 0x12
 620 004f 06       		.uleb128 0x6
 621 0050 40       		.uleb128 0x40
 622 0051 18       		.uleb128 0x18
 623 0052 9742     		.uleb128 0x2117
 624 0054 19       		.uleb128 0x19
 625 0055 01       		.uleb128 0x1
 626 0056 13       		.uleb128 0x13
 627 0057 00       		.byte	0
 628 0058 00       		.byte	0
 629 0059 07       		.uleb128 0x7
 630 005a 34       		.uleb128 0x34
 631 005b 00       		.byte	0
 632 005c 03       		.uleb128 0x3
 633 005d 0E       		.uleb128 0xe
 634 005e 3A       		.uleb128 0x3a
 635 005f 0B       		.uleb128 0xb
 636 0060 3B       		.uleb128 0x3b
 637 0061 0B       		.uleb128 0xb
 638 0062 49       		.uleb128 0x49
 639 0063 13       		.uleb128 0x13
 640 0064 02       		.uleb128 0x2
 641 0065 17       		.uleb128 0x17
 642 0066 00       		.byte	0
 643 0067 00       		.byte	0
 644 0068 08       		.uleb128 0x8
 645 0069 34       		.uleb128 0x34
 646 006a 00       		.byte	0
 647 006b 03       		.uleb128 0x3
 648 006c 0E       		.uleb128 0xe
 649 006d 3A       		.uleb128 0x3a
 650 006e 0B       		.uleb128 0xb
 651 006f 3B       		.uleb128 0x3b
 652 0070 0B       		.uleb128 0xb
 653 0071 49       		.uleb128 0x49
 654 0072 13       		.uleb128 0x13
 655 0073 02       		.uleb128 0x2
 656 0074 18       		.uleb128 0x18
 657 0075 00       		.byte	0
 658 0076 00       		.byte	0
 659 0077 09       		.uleb128 0x9
 660 0078 2E       		.uleb128 0x2e
 661 0079 00       		.byte	0
 662 007a 3F       		.uleb128 0x3f
 663 007b 19       		.uleb128 0x19
 664 007c 03       		.uleb128 0x3
 665 007d 0E       		.uleb128 0xe
 666 007e 3A       		.uleb128 0x3a
 667 007f 0B       		.uleb128 0xb
ARM GAS  C:\Users\744\AppData\Local\Temp\ccwehn5F.s 			page 21


 668 0080 3B       		.uleb128 0x3b
 669 0081 0B       		.uleb128 0xb
 670 0082 27       		.uleb128 0x27
 671 0083 19       		.uleb128 0x19
 672 0084 11       		.uleb128 0x11
 673 0085 01       		.uleb128 0x1
 674 0086 12       		.uleb128 0x12
 675 0087 06       		.uleb128 0x6
 676 0088 40       		.uleb128 0x40
 677 0089 18       		.uleb128 0x18
 678 008a 9742     		.uleb128 0x2117
 679 008c 19       		.uleb128 0x19
 680 008d 00       		.byte	0
 681 008e 00       		.byte	0
 682 008f 0A       		.uleb128 0xa
 683 0090 2E       		.uleb128 0x2e
 684 0091 01       		.byte	0x1
 685 0092 3F       		.uleb128 0x3f
 686 0093 19       		.uleb128 0x19
 687 0094 03       		.uleb128 0x3
 688 0095 0E       		.uleb128 0xe
 689 0096 3A       		.uleb128 0x3a
 690 0097 0B       		.uleb128 0xb
 691 0098 3B       		.uleb128 0x3b
 692 0099 0B       		.uleb128 0xb
 693 009a 27       		.uleb128 0x27
 694 009b 19       		.uleb128 0x19
 695 009c 11       		.uleb128 0x11
 696 009d 01       		.uleb128 0x1
 697 009e 12       		.uleb128 0x12
 698 009f 06       		.uleb128 0x6
 699 00a0 40       		.uleb128 0x40
 700 00a1 18       		.uleb128 0x18
 701 00a2 9742     		.uleb128 0x2117
 702 00a4 19       		.uleb128 0x19
 703 00a5 01       		.uleb128 0x1
 704 00a6 13       		.uleb128 0x13
 705 00a7 00       		.byte	0
 706 00a8 00       		.byte	0
 707 00a9 0B       		.uleb128 0xb
 708 00aa 05       		.uleb128 0x5
 709 00ab 00       		.byte	0
 710 00ac 03       		.uleb128 0x3
 711 00ad 0E       		.uleb128 0xe
 712 00ae 3A       		.uleb128 0x3a
 713 00af 0B       		.uleb128 0xb
 714 00b0 3B       		.uleb128 0x3b
 715 00b1 0B       		.uleb128 0xb
 716 00b2 49       		.uleb128 0x49
 717 00b3 13       		.uleb128 0x13
 718 00b4 02       		.uleb128 0x2
 719 00b5 18       		.uleb128 0x18
 720 00b6 00       		.byte	0
 721 00b7 00       		.byte	0
 722 00b8 0C       		.uleb128 0xc
 723 00b9 2E       		.uleb128 0x2e
 724 00ba 01       		.byte	0x1
ARM GAS  C:\Users\744\AppData\Local\Temp\ccwehn5F.s 			page 22


 725 00bb 3F       		.uleb128 0x3f
 726 00bc 19       		.uleb128 0x19
 727 00bd 03       		.uleb128 0x3
 728 00be 0E       		.uleb128 0xe
 729 00bf 3A       		.uleb128 0x3a
 730 00c0 0B       		.uleb128 0xb
 731 00c1 3B       		.uleb128 0x3b
 732 00c2 05       		.uleb128 0x5
 733 00c3 27       		.uleb128 0x27
 734 00c4 19       		.uleb128 0x19
 735 00c5 11       		.uleb128 0x11
 736 00c6 01       		.uleb128 0x1
 737 00c7 12       		.uleb128 0x12
 738 00c8 06       		.uleb128 0x6
 739 00c9 40       		.uleb128 0x40
 740 00ca 18       		.uleb128 0x18
 741 00cb 9742     		.uleb128 0x2117
 742 00cd 19       		.uleb128 0x19
 743 00ce 01       		.uleb128 0x1
 744 00cf 13       		.uleb128 0x13
 745 00d0 00       		.byte	0
 746 00d1 00       		.byte	0
 747 00d2 0D       		.uleb128 0xd
 748 00d3 05       		.uleb128 0x5
 749 00d4 00       		.byte	0
 750 00d5 03       		.uleb128 0x3
 751 00d6 0E       		.uleb128 0xe
 752 00d7 3A       		.uleb128 0x3a
 753 00d8 0B       		.uleb128 0xb
 754 00d9 3B       		.uleb128 0x3b
 755 00da 05       		.uleb128 0x5
 756 00db 49       		.uleb128 0x49
 757 00dc 13       		.uleb128 0x13
 758 00dd 02       		.uleb128 0x2
 759 00de 17       		.uleb128 0x17
 760 00df 00       		.byte	0
 761 00e0 00       		.byte	0
 762 00e1 0E       		.uleb128 0xe
 763 00e2 34       		.uleb128 0x34
 764 00e3 00       		.byte	0
 765 00e4 03       		.uleb128 0x3
 766 00e5 08       		.uleb128 0x8
 767 00e6 3A       		.uleb128 0x3a
 768 00e7 0B       		.uleb128 0xb
 769 00e8 3B       		.uleb128 0x3b
 770 00e9 05       		.uleb128 0x5
 771 00ea 49       		.uleb128 0x49
 772 00eb 13       		.uleb128 0x13
 773 00ec 02       		.uleb128 0x2
 774 00ed 17       		.uleb128 0x17
 775 00ee 00       		.byte	0
 776 00ef 00       		.byte	0
 777 00f0 0F       		.uleb128 0xf
 778 00f1 898201   		.uleb128 0x4109
 779 00f4 00       		.byte	0
 780 00f5 11       		.uleb128 0x11
 781 00f6 01       		.uleb128 0x1
ARM GAS  C:\Users\744\AppData\Local\Temp\ccwehn5F.s 			page 23


 782 00f7 31       		.uleb128 0x31
 783 00f8 13       		.uleb128 0x13
 784 00f9 00       		.byte	0
 785 00fa 00       		.byte	0
 786 00fb 10       		.uleb128 0x10
 787 00fc 0F       		.uleb128 0xf
 788 00fd 00       		.byte	0
 789 00fe 0B       		.uleb128 0xb
 790 00ff 0B       		.uleb128 0xb
 791 0100 49       		.uleb128 0x49
 792 0101 13       		.uleb128 0x13
 793 0102 00       		.byte	0
 794 0103 00       		.byte	0
 795 0104 11       		.uleb128 0x11
 796 0105 26       		.uleb128 0x26
 797 0106 00       		.byte	0
 798 0107 49       		.uleb128 0x49
 799 0108 13       		.uleb128 0x13
 800 0109 00       		.byte	0
 801 010a 00       		.byte	0
 802 010b 12       		.uleb128 0x12
 803 010c 2E       		.uleb128 0x2e
 804 010d 01       		.byte	0x1
 805 010e 3F       		.uleb128 0x3f
 806 010f 19       		.uleb128 0x19
 807 0110 03       		.uleb128 0x3
 808 0111 0E       		.uleb128 0xe
 809 0112 3A       		.uleb128 0x3a
 810 0113 0B       		.uleb128 0xb
 811 0114 3B       		.uleb128 0x3b
 812 0115 05       		.uleb128 0x5
 813 0116 27       		.uleb128 0x27
 814 0117 19       		.uleb128 0x19
 815 0118 49       		.uleb128 0x49
 816 0119 13       		.uleb128 0x13
 817 011a 11       		.uleb128 0x11
 818 011b 01       		.uleb128 0x1
 819 011c 12       		.uleb128 0x12
 820 011d 06       		.uleb128 0x6
 821 011e 40       		.uleb128 0x40
 822 011f 18       		.uleb128 0x18
 823 0120 9742     		.uleb128 0x2117
 824 0122 19       		.uleb128 0x19
 825 0123 01       		.uleb128 0x1
 826 0124 13       		.uleb128 0x13
 827 0125 00       		.byte	0
 828 0126 00       		.byte	0
 829 0127 13       		.uleb128 0x13
 830 0128 34       		.uleb128 0x34
 831 0129 00       		.byte	0
 832 012a 03       		.uleb128 0x3
 833 012b 0E       		.uleb128 0xe
 834 012c 3A       		.uleb128 0x3a
 835 012d 0B       		.uleb128 0xb
 836 012e 3B       		.uleb128 0x3b
 837 012f 05       		.uleb128 0x5
 838 0130 49       		.uleb128 0x49
ARM GAS  C:\Users\744\AppData\Local\Temp\ccwehn5F.s 			page 24


 839 0131 13       		.uleb128 0x13
 840 0132 02       		.uleb128 0x2
 841 0133 18       		.uleb128 0x18
 842 0134 00       		.byte	0
 843 0135 00       		.byte	0
 844 0136 14       		.uleb128 0x14
 845 0137 2E       		.uleb128 0x2e
 846 0138 00       		.byte	0
 847 0139 3F       		.uleb128 0x3f
 848 013a 19       		.uleb128 0x19
 849 013b 03       		.uleb128 0x3
 850 013c 0E       		.uleb128 0xe
 851 013d 3A       		.uleb128 0x3a
 852 013e 0B       		.uleb128 0xb
 853 013f 3B       		.uleb128 0x3b
 854 0140 05       		.uleb128 0x5
 855 0141 27       		.uleb128 0x27
 856 0142 19       		.uleb128 0x19
 857 0143 11       		.uleb128 0x11
 858 0144 01       		.uleb128 0x1
 859 0145 12       		.uleb128 0x12
 860 0146 06       		.uleb128 0x6
 861 0147 40       		.uleb128 0x40
 862 0148 18       		.uleb128 0x18
 863 0149 9742     		.uleb128 0x2117
 864 014b 19       		.uleb128 0x19
 865 014c 00       		.byte	0
 866 014d 00       		.byte	0
 867 014e 15       		.uleb128 0x15
 868 014f 2E       		.uleb128 0x2e
 869 0150 01       		.byte	0x1
 870 0151 3F       		.uleb128 0x3f
 871 0152 19       		.uleb128 0x19
 872 0153 03       		.uleb128 0x3
 873 0154 0E       		.uleb128 0xe
 874 0155 3A       		.uleb128 0x3a
 875 0156 0B       		.uleb128 0xb
 876 0157 3B       		.uleb128 0x3b
 877 0158 05       		.uleb128 0x5
 878 0159 27       		.uleb128 0x27
 879 015a 19       		.uleb128 0x19
 880 015b 49       		.uleb128 0x49
 881 015c 13       		.uleb128 0x13
 882 015d 11       		.uleb128 0x11
 883 015e 01       		.uleb128 0x1
 884 015f 12       		.uleb128 0x12
 885 0160 06       		.uleb128 0x6
 886 0161 40       		.uleb128 0x40
 887 0162 18       		.uleb128 0x18
 888 0163 9742     		.uleb128 0x2117
 889 0165 19       		.uleb128 0x19
 890 0166 00       		.byte	0
 891 0167 00       		.byte	0
 892 0168 00       		.byte	0
 893              		.section	.debug_loc,"",%progbits
 894              	.Ldebug_loc0:
 895              	.LLST0:
ARM GAS  C:\Users\744\AppData\Local\Temp\ccwehn5F.s 			page 25


 896 0000 00000000 		.4byte	.LVL0
 897 0004 04000000 		.4byte	.LVL1
 898 0008 0200     		.2byte	0x2
 899 000a 30       		.byte	0x30
 900 000b 9F       		.byte	0x9f
 901 000c 04000000 		.4byte	.LVL1
 902 0010 0C000000 		.4byte	.LFE0
 903 0014 0100     		.2byte	0x1
 904 0016 50       		.byte	0x50
 905 0017 00000000 		.4byte	0
 906 001b 00000000 		.4byte	0
 907              	.LLST1:
 908 001f 00000000 		.4byte	.LVL4
 909 0023 0A000000 		.4byte	.LVL6
 910 0027 0100     		.2byte	0x1
 911 0029 50       		.byte	0x50
 912 002a 0A000000 		.4byte	.LVL6
 913 002e 16000000 		.4byte	.LVL11
 914 0032 0100     		.2byte	0x1
 915 0034 56       		.byte	0x56
 916 0035 16000000 		.4byte	.LVL11
 917 0039 18000000 		.4byte	.LFE4
 918 003d 0400     		.2byte	0x4
 919 003f F3       		.byte	0xf3
 920 0040 01       		.uleb128 0x1
 921 0041 50       		.byte	0x50
 922 0042 9F       		.byte	0x9f
 923 0043 00000000 		.4byte	0
 924 0047 00000000 		.4byte	0
 925              	.LLST2:
 926 004b 00000000 		.4byte	.LVL4
 927 004f 0A000000 		.4byte	.LVL6
 928 0053 0100     		.2byte	0x1
 929 0055 51       		.byte	0x51
 930 0056 0A000000 		.4byte	.LVL6
 931 005a 16000000 		.4byte	.LVL10
 932 005e 0100     		.2byte	0x1
 933 0060 55       		.byte	0x55
 934 0061 16000000 		.4byte	.LVL10
 935 0065 18000000 		.4byte	.LFE4
 936 0069 0400     		.2byte	0x4
 937 006b F3       		.byte	0xf3
 938 006c 01       		.uleb128 0x1
 939 006d 51       		.byte	0x51
 940 006e 9F       		.byte	0x9f
 941 006f 00000000 		.4byte	0
 942 0073 00000000 		.4byte	0
 943              	.LLST3:
 944 0077 06000000 		.4byte	.LVL5
 945 007b 0A000000 		.4byte	.LVL6
 946 007f 0200     		.2byte	0x2
 947 0081 30       		.byte	0x30
 948 0082 9F       		.byte	0x9f
 949 0083 0A000000 		.4byte	.LVL6
 950 0087 16000000 		.4byte	.LVL9
 951 008b 0100     		.2byte	0x1
 952 008d 54       		.byte	0x54
ARM GAS  C:\Users\744\AppData\Local\Temp\ccwehn5F.s 			page 26


 953 008e 00000000 		.4byte	0
 954 0092 00000000 		.4byte	0
 955              		.section	.debug_aranges,"",%progbits
 956 0000 5C000000 		.4byte	0x5c
 957 0004 0200     		.2byte	0x2
 958 0006 00000000 		.4byte	.Ldebug_info0
 959 000a 04       		.byte	0x4
 960 000b 00       		.byte	0
 961 000c 0000     		.2byte	0
 962 000e 0000     		.2byte	0
 963 0010 00000000 		.4byte	.LFB0
 964 0014 0C000000 		.4byte	.LFE0-.LFB0
 965 0018 00000000 		.4byte	.LFB1
 966 001c 10000000 		.4byte	.LFE1-.LFB1
 967 0020 00000000 		.4byte	.LFB2
 968 0024 20000000 		.4byte	.LFE2-.LFB2
 969 0028 00000000 		.4byte	.LFB3
 970 002c 1C000000 		.4byte	.LFE3-.LFB3
 971 0030 00000000 		.4byte	.LFB4
 972 0034 18000000 		.4byte	.LFE4-.LFB4
 973 0038 00000000 		.4byte	.LFB5
 974 003c 10000000 		.4byte	.LFE5-.LFB5
 975 0040 00000000 		.4byte	.LFB6
 976 0044 20000000 		.4byte	.LFE6-.LFB6
 977 0048 00000000 		.4byte	.LFB7
 978 004c 10000000 		.4byte	.LFE7-.LFB7
 979 0050 00000000 		.4byte	.LFB8
 980 0054 10000000 		.4byte	.LFE8-.LFB8
 981 0058 00000000 		.4byte	0
 982 005c 00000000 		.4byte	0
 983              		.section	.debug_ranges,"",%progbits
 984              	.Ldebug_ranges0:
 985 0000 00000000 		.4byte	.LFB0
 986 0004 0C000000 		.4byte	.LFE0
 987 0008 00000000 		.4byte	.LFB1
 988 000c 10000000 		.4byte	.LFE1
 989 0010 00000000 		.4byte	.LFB2
 990 0014 20000000 		.4byte	.LFE2
 991 0018 00000000 		.4byte	.LFB3
 992 001c 1C000000 		.4byte	.LFE3
 993 0020 00000000 		.4byte	.LFB4
 994 0024 18000000 		.4byte	.LFE4
 995 0028 00000000 		.4byte	.LFB5
 996 002c 10000000 		.4byte	.LFE5
 997 0030 00000000 		.4byte	.LFB6
 998 0034 20000000 		.4byte	.LFE6
 999 0038 00000000 		.4byte	.LFB7
 1000 003c 10000000 		.4byte	.LFE7
 1001 0040 00000000 		.4byte	.LFB8
 1002 0044 10000000 		.4byte	.LFE8
 1003 0048 00000000 		.4byte	0
 1004 004c 00000000 		.4byte	0
 1005              		.section	.debug_line,"",%progbits
 1006              	.Ldebug_line0:
 1007 0000 2F010000 		.section	.debug_str,"MS",%progbits,1
 1007      02006300 
 1007      00000201 
ARM GAS  C:\Users\744\AppData\Local\Temp\ccwehn5F.s 			page 27


 1007      FB0E0D00 
 1007      01010101 
 1008              	.LASF14:
 1009 0000 72656733 		.ascii	"reg32\000"
 1009      3200
 1010              	.LASF24:
 1011 0006 636F756E 		.ascii	"count\000"
 1011      7400
 1012              	.LASF22:
 1013 000c 74784461 		.ascii	"txData\000"
 1013      746100
 1014              	.LASF3:
 1015 0013 73686F72 		.ascii	"short unsigned int\000"
 1015      7420756E 
 1015      7369676E 
 1015      65642069 
 1015      6E7400
 1016              	.LASF8:
 1017 0026 756E7369 		.ascii	"unsigned int\000"
 1017      676E6564 
 1017      20696E74 
 1017      00
 1018              	.LASF28:
 1019 0033 55415254 		.ascii	"UART_SpiUartDisableIntRx\000"
 1019      5F537069 
 1019      55617274 
 1019      44697361 
 1019      626C6549 
 1020              	.LASF11:
 1021 004c 666C6F61 		.ascii	"float\000"
 1021      7400
 1022              	.LASF30:
 1023 0052 55415254 		.ascii	"UART_SpiUartDisableIntTx\000"
 1023      5F537069 
 1023      55617274 
 1023      44697361 
 1023      626C6549 
 1024              	.LASF19:
 1025 006b 73697A65 		.ascii	"size\000"
 1025      00
 1026              	.LASF5:
 1027 0070 6C6F6E67 		.ascii	"long unsigned int\000"
 1027      20756E73 
 1027      69676E65 
 1027      6420696E 
 1027      7400
 1028              	.LASF9:
 1029 0082 75696E74 		.ascii	"uint8\000"
 1029      3800
 1030              	.LASF18:
 1031 0088 72784461 		.ascii	"rxData\000"
 1031      746100
 1032              	.LASF23:
 1033 008f 77724275 		.ascii	"wrBuf\000"
 1033      6600
 1034              	.LASF1:
 1035 0095 756E7369 		.ascii	"unsigned char\000"
ARM GAS  C:\Users\744\AppData\Local\Temp\ccwehn5F.s 			page 28


 1035      676E6564 
 1035      20636861 
 1035      7200
 1036              	.LASF12:
 1037 00a3 646F7562 		.ascii	"double\000"
 1037      6C6500
 1038              	.LASF10:
 1039 00aa 75696E74 		.ascii	"uint32\000"
 1039      333200
 1040              	.LASF27:
 1041 00b1 55415254 		.ascii	"UART_SpiUartClearTxBuffer\000"
 1041      5F537069 
 1041      55617274 
 1041      436C6561 
 1041      72547842 
 1042              	.LASF21:
 1043 00cb 55415254 		.ascii	"UART_SpiUartPutArray\000"
 1043      5F537069 
 1043      55617274 
 1043      50757441 
 1043      72726179 
 1044              	.LASF31:
 1045 00e0 696E7453 		.ascii	"intSourceMask\000"
 1045      6F757263 
 1045      654D6173 
 1045      6B00
 1046              	.LASF29:
 1047 00ee 696E7453 		.ascii	"intSource\000"
 1047      6F757263 
 1047      6500
 1048              	.LASF34:
 1049 00f8 453A5C37 		.ascii	"E:\\744\\Education\\Git\\PSoC4_Projects\\Diploma_sk"
 1049      34345C45 
 1049      64756361 
 1049      74696F6E 
 1049      5C476974 
 1050 0126 65746368 		.ascii	"etch\\rfid.cydsn\000"
 1050      5C726669 
 1050      642E6379 
 1050      64736E00 
 1051              	.LASF7:
 1052 0136 6C6F6E67 		.ascii	"long long unsigned int\000"
 1052      206C6F6E 
 1052      6720756E 
 1052      7369676E 
 1052      65642069 
 1053              	.LASF15:
 1054 014d 73697A65 		.ascii	"sizetype\000"
 1054      74797065 
 1054      00
 1055              	.LASF6:
 1056 0156 6C6F6E67 		.ascii	"long long int\000"
 1056      206C6F6E 
 1056      6720696E 
 1056      7400
 1057              	.LASF20:
 1058 0164 55415254 		.ascii	"UART_SpiUartWriteTxData\000"
ARM GAS  C:\Users\744\AppData\Local\Temp\ccwehn5F.s 			page 29


 1058      5F537069 
 1058      55617274 
 1058      57726974 
 1058      65547844 
 1059              	.LASF25:
 1060 017c 55415254 		.ascii	"UART_SpiUartGetTxBufferSize\000"
 1060      5F537069 
 1060      55617274 
 1060      47657454 
 1060      78427566 
 1061              	.LASF32:
 1062 0198 474E5520 		.ascii	"GNU C 4.9.3 20150303 (release) [ARM/embedded-4_9-br"
 1062      4320342E 
 1062      392E3320 
 1062      32303135 
 1062      30333033 
 1063 01cb 616E6368 		.ascii	"anch revision 221220] -mcpu=cortex-m0 -mthumb -g -O"
 1063      20726576 
 1063      6973696F 
 1063      6E203232 
 1063      31323230 
 1064 01fe 67202D66 		.ascii	"g -ffunction-sections -ffat-lto-objects\000"
 1064      66756E63 
 1064      74696F6E 
 1064      2D736563 
 1064      74696F6E 
 1065              	.LASF2:
 1066 0226 73686F72 		.ascii	"short int\000"
 1066      7420696E 
 1066      7400
 1067              	.LASF33:
 1068 0230 2E5C4765 		.ascii	".\\Generated_Source\\PSoC4\\UART_SPI_UART.c\000"
 1068      6E657261 
 1068      7465645F 
 1068      536F7572 
 1068      63655C50 
 1069              	.LASF16:
 1070 0259 55415254 		.ascii	"UART_SpiUartReadRxData\000"
 1070      5F537069 
 1070      55617274 
 1070      52656164 
 1070      52784461 
 1071              	.LASF4:
 1072 0270 6C6F6E67 		.ascii	"long int\000"
 1072      20696E74 
 1072      00
 1073              	.LASF13:
 1074 0279 63686172 		.ascii	"char\000"
 1074      00
 1075              	.LASF26:
 1076 027e 55415254 		.ascii	"UART_SpiUartClearRxBuffer\000"
 1076      5F537069 
 1076      55617274 
 1076      436C6561 
 1076      72527842 
 1077              	.LASF0:
 1078 0298 7369676E 		.ascii	"signed char\000"
ARM GAS  C:\Users\744\AppData\Local\Temp\ccwehn5F.s 			page 30


 1078      65642063 
 1078      68617200 
 1079              	.LASF17:
 1080 02a4 55415254 		.ascii	"UART_SpiUartGetRxBufferSize\000"
 1080      5F537069 
 1080      55617274 
 1080      47657452 
 1080      78427566 
 1081              		.ident	"GCC: (GNU Tools for ARM Embedded Processors) 4.9.3 20150303 (release) [ARM/embedded-4_9-br
