--------------- Build Started: 06/09/2016 14:36:28 Project: Security_system, Configuration: ARM GCC 4.9-2015-q1-update Debug ---------------
The code generation step is up to date.
arm-none-eabi-gcc.exe -mcpu=cortex-m0 -mthumb -Wno-main -I. -IGenerated_Source\PSoC4 -Wa,-alh=.\CortexM0\ARM_GCC_493\Debug/main.lst -g -D DEBUG -Wall -ffunction-sections -Og -ffat-lto-objects -c .\main.c -o .\CortexM0\ARM_GCC_493\Debug\main.o
.\main.c: In function 'detected':
.\main.c:169:15: warning: passing argument 1 of 'LCD_print' discards 'const' qualifier from pointer target type
     LCD_print(str);
               ^
In file included from .\main.c:14:0:
.\LiquidCrystal_I2C.h:139:6: note: expected 'char *' but argument is of type 'const char *'
 void LCD_print(char word[]);
      ^
.\main.c: In function 'check_password':
.\main.c:274:12: warning: passing argument 1 of 'memset' discards 'const' qualifier from pointer target type
     memset(a, 0x00, strlen(a));    
            ^
In file included from c:\program files\cypress\psoc creator\3.3\psoc creator\import\gnu\arm\4.9.3\arm-none-eabi\include\string.h:10:0,
                 from Generated_Source\PSoC4/CyLib.h:25,
                 from Generated_Source\PSoC4/Debounce_Timer.h:24,
                 from Generated_Source\PSoC4/project.h:23,
                 from .\main.c:12:
c:\program files\cypress\psoc creator\3.3\psoc creator\import\gnu\arm\4.9.3\arm-none-eabi\include\string.h:25:7: note: expected 'void *' but argument is of type 'const char *'
 _PTR  _EXFUN(memset,(_PTR, int, size_t));
       ^
arm-none-eabi-ar.exe -rs .\CortexM0\ARM_GCC_493\Debug\Security_system.a .\CortexM0\ARM_GCC_493\Debug\cyfitter_cfg.o .\CortexM0\ARM_GCC_493\Debug\CyBootAsmGnu.o .\CortexM0\ARM_GCC_493\Debug\CyFlash.o .\CortexM0\ARM_GCC_493\Debug\CyLib.o .\CortexM0\ARM_GCC_493\Debug\cyPm.o .\CortexM0\ARM_GCC_493\Debug\cyutils.o .\CortexM0\ARM_GCC_493\Debug\CyLFClk.o .\CortexM0\ARM_GCC_493\Debug\KBD_ROWPins.o .\CortexM0\ARM_GCC_493\Debug\KBD_ROWPins_PM.o .\CortexM0\ARM_GCC_493\Debug\Debounce_Timer.o .\CortexM0\ARM_GCC_493\Debug\Debounce_Timer_PM.o .\CortexM0\ARM_GCC_493\Debug\Debounce_Int.o .\CortexM0\ARM_GCC_493\Debug\KBD_COLPins.o .\CortexM0\ARM_GCC_493\Debug\KBD_COLPins_PM.o .\CortexM0\ARM_GCC_493\Debug\I2C.o .\CortexM0\ARM_GCC_493\Debug\I2C_I2C_INT.o .\CortexM0\ARM_GCC_493\Debug\I2C_I2C.o .\CortexM0\ARM_GCC_493\Debug\I2C_I2C_BOOT.o .\CortexM0\ARM_GCC_493\Debug\I2C_I2C_MASTER.o .\CortexM0\ARM_GCC_493\Debug\I2C_PM.o .\CortexM0\ARM_GCC_493\Debug\I2C_BOOT.o .\CortexM0\ARM_GCC_493\Debug\UART.o .\CortexM0\ARM_GCC_493\Debug\UART_SPI_UART.o .\CortexM0\ARM_GCC_493\Debug\UART_SPI_UART_INT.o .\CortexM0\ARM_GCC_493\Debug\UART_PM.o .\CortexM0\ARM_GCC_493\Debug\UART_UART.o .\CortexM0\ARM_GCC_493\Debug\UART_BOOT.o .\CortexM0\ARM_GCC_493\Debug\UART_UART_BOOT.o .\CortexM0\ARM_GCC_493\Debug\Buzzer.o .\CortexM0\ARM_GCC_493\Debug\Buzzer_PM.o .\CortexM0\ARM_GCC_493\Debug\I2C_SCBCLK.o .\CortexM0\ARM_GCC_493\Debug\I2C_sda.o .\CortexM0\ARM_GCC_493\Debug\I2C_sda_PM.o .\CortexM0\ARM_GCC_493\Debug\I2C_scl.o .\CortexM0\ARM_GCC_493\Debug\I2C_scl_PM.o .\CortexM0\ARM_GCC_493\Debug\I2C_SCB_IRQ.o .\CortexM0\ARM_GCC_493\Debug\UART_SCBCLK.o .\CortexM0\ARM_GCC_493\Debug\UART_rx.o .\CortexM0\ARM_GCC_493\Debug\UART_rx_PM.o .\CortexM0\ARM_GCC_493\Debug\Alarm_Timer.o .\CortexM0\ARM_GCC_493\Debug\Alarm_Timer_PM.o .\CortexM0\ARM_GCC_493\Debug\Alarm_Int.o .\CortexM0\ARM_GCC_493\Debug\Kitchen_PIR.o .\CortexM0\ARM_GCC_493\Debug\Kitchen_PIR_PM.o .\CortexM0\ARM_GCC_493\Debug\Hall_PIR.o .\CortexM0\ARM_GCC_493\Debug\Hall_PIR_PM.o .\CortexM0\ARM_GCC_493\Debug\Bedroom_PIR.o .\CortexM0\ARM_GCC_493\Debug\Bedroom_PIR_PM.o .\CortexM0\ARM_GCC_493\Debug\Guestroom_PIR.o .\CortexM0\ARM_GCC_493\Debug\Guestroom_PIR_PM.o .\CortexM0\ARM_GCC_493\Debug\Front_door.o .\CortexM0\ARM_GCC_493\Debug\Front_door_PM.o .\CortexM0\ARM_GCC_493\Debug\Back_door.o .\CortexM0\ARM_GCC_493\Debug\Back_door_PM.o .\CortexM0\ARM_GCC_493\Debug\Bootloadable_1.o
arm-none-eabi-ar.exe: creating .\CortexM0\ARM_GCC_493\Debug\Security_system.a
arm-none-eabi-gcc.exe -Wl,--start-group -o .\CortexM0\ARM_GCC_493\Debug\Security_system.elf .\CortexM0\ARM_GCC_493\Debug\main.o .\CortexM0\ARM_GCC_493\Debug\Keyboard.o .\CortexM0\ARM_GCC_493\Debug\LiquidCrystal_I2C.o .\CortexM0\ARM_GCC_493\Debug\cymetadata.o .\CortexM0\ARM_GCC_493\Debug\Cm0Start.o .\CortexM0\ARM_GCC_493\Debug\cybootloader.o .\CortexM0\ARM_GCC_493\Debug\Security_system.a "C:\Program Files\Cypress\PSoC Creator\3.3\PSoC Creator\psoc\content\cycomponentlibrary\CyComponentLibrary.cylib\CortexM0\ARM_GCC_493\Debug\CyComponentLibrary.a" -mcpu=cortex-m0 -mthumb -g -ffunction-sections -Og -L Generated_Source\PSoC4 -Wl,-Map,.\CortexM0\ARM_GCC_493\Debug/Security_system.map -T Generated_Source\PSoC4\cm0gcc.ld -specs=nano.specs -Wl,--gc-sections -Wl,--end-group
cyelftool.exe -B "C:\Users\IEUser\PSoC4_Projects\Security system\Security_system.cydsn\CortexM0\ARM_GCC_493\Debug\Security_system.elf" --flash_row_size 128 --flash_size 32768 --flash_array_size 32768
cyelftool.exe -S "C:\Users\IEUser\PSoC4_Projects\Security system\Security_system.cydsn\CortexM0\ARM_GCC_493\Debug\Security_system.elf"
Flash used: 13184 of 32768 bytes (40,2%). Bootloader: 4992 bytes. Application: 8064 bytes. Metadata: 128 bytes.
SRAM used: 1608 of 4096 bytes (39,3%). Stack: 1024 bytes. Heap: 128 bytes.
--------------- Build Succeeded: 06/09/2016 14:36:29 ---------------
