ARM GAS  C:\Users\IEUser\AppData\Local\Temp\cc8Iv5bs.s 			page 1


   1              		.cpu cortex-m0
   2              		.fpu softvfp
   3              		.eabi_attribute 20, 1
   4              		.eabi_attribute 21, 1
   5              		.eabi_attribute 23, 3
   6              		.eabi_attribute 24, 1
   7              		.eabi_attribute 25, 1
   8              		.eabi_attribute 26, 1
   9              		.eabi_attribute 30, 1
  10              		.eabi_attribute 34, 0
  11              		.eabi_attribute 18, 4
  12              		.code	16
  13              		.file	"KBD_COLPins.c"
  14              		.text
  15              	.Ltext0:
  16              		.cfi_sections	.debug_frame
  17              		.section	.text.KBD_COLPins_SetDriveMode,"ax",%progbits
  18              		.align	2
  19              		.global	KBD_COLPins_SetDriveMode
  20              		.code	16
  21              		.thumb_func
  22              		.type	KBD_COLPins_SetDriveMode, %function
  23              	KBD_COLPins_SetDriveMode:
  24              	.LFB0:
  25              		.file 1 ".\\Generated_Source\\PSoC4\\KBD_COLPins.c"
   1:.\Generated_Source\PSoC4/KBD_COLPins.c **** /*******************************************************************************
   2:.\Generated_Source\PSoC4/KBD_COLPins.c **** * File Name: KBD_COLPins.c  
   3:.\Generated_Source\PSoC4/KBD_COLPins.c **** * Version 2.20
   4:.\Generated_Source\PSoC4/KBD_COLPins.c **** *
   5:.\Generated_Source\PSoC4/KBD_COLPins.c **** * Description:
   6:.\Generated_Source\PSoC4/KBD_COLPins.c **** *  This file contains API to enable firmware control of a Pins component.
   7:.\Generated_Source\PSoC4/KBD_COLPins.c **** *
   8:.\Generated_Source\PSoC4/KBD_COLPins.c **** ********************************************************************************
   9:.\Generated_Source\PSoC4/KBD_COLPins.c **** * Copyright 2008-2015, Cypress Semiconductor Corporation.  All rights reserved.
  10:.\Generated_Source\PSoC4/KBD_COLPins.c **** * You may use this file only in accordance with the license, terms, conditions, 
  11:.\Generated_Source\PSoC4/KBD_COLPins.c **** * disclaimers, and limitations in the end user license agreement accompanying 
  12:.\Generated_Source\PSoC4/KBD_COLPins.c **** * the software package with which this file was provided.
  13:.\Generated_Source\PSoC4/KBD_COLPins.c **** *******************************************************************************/
  14:.\Generated_Source\PSoC4/KBD_COLPins.c **** 
  15:.\Generated_Source\PSoC4/KBD_COLPins.c **** #include "cytypes.h"
  16:.\Generated_Source\PSoC4/KBD_COLPins.c **** #include "KBD_COLPins.h"
  17:.\Generated_Source\PSoC4/KBD_COLPins.c **** 
  18:.\Generated_Source\PSoC4/KBD_COLPins.c **** 
  19:.\Generated_Source\PSoC4/KBD_COLPins.c **** #if defined(KBD_COLPins__PC)
  20:.\Generated_Source\PSoC4/KBD_COLPins.c ****     #define KBD_COLPins_SetP4PinDriveMode(shift, mode)  \
  21:.\Generated_Source\PSoC4/KBD_COLPins.c ****     do { \
  22:.\Generated_Source\PSoC4/KBD_COLPins.c ****         KBD_COLPins_PC =   (KBD_COLPins_PC & \
  23:.\Generated_Source\PSoC4/KBD_COLPins.c ****                                 (uint32)(~(uint32)(KBD_COLPins_DRIVE_MODE_IND_MASK << \
  24:.\Generated_Source\PSoC4/KBD_COLPins.c ****                                 (KBD_COLPins_DRIVE_MODE_BITS * (shift))))) | \
  25:.\Generated_Source\PSoC4/KBD_COLPins.c ****                                 (uint32)((uint32)(mode) << \
  26:.\Generated_Source\PSoC4/KBD_COLPins.c ****                                 (KBD_COLPins_DRIVE_MODE_BITS * (shift))); \
  27:.\Generated_Source\PSoC4/KBD_COLPins.c ****     } while (0)
  28:.\Generated_Source\PSoC4/KBD_COLPins.c **** #else
  29:.\Generated_Source\PSoC4/KBD_COLPins.c ****     #if (CY_PSOC4_4200L)
  30:.\Generated_Source\PSoC4/KBD_COLPins.c ****         #define KBD_COLPins_SetP4PinDriveMode(shift, mode)  \
  31:.\Generated_Source\PSoC4/KBD_COLPins.c ****         do { \
  32:.\Generated_Source\PSoC4/KBD_COLPins.c ****             KBD_COLPins_USBIO_CTRL_REG = (KBD_COLPins_USBIO_CTRL_REG & \
ARM GAS  C:\Users\IEUser\AppData\Local\Temp\cc8Iv5bs.s 			page 2


  33:.\Generated_Source\PSoC4/KBD_COLPins.c ****                                     (uint32)(~(uint32)(KBD_COLPins_DRIVE_MODE_IND_MASK << \
  34:.\Generated_Source\PSoC4/KBD_COLPins.c ****                                     (KBD_COLPins_DRIVE_MODE_BITS * (shift))))) | \
  35:.\Generated_Source\PSoC4/KBD_COLPins.c ****                                     (uint32)((uint32)(mode) << \
  36:.\Generated_Source\PSoC4/KBD_COLPins.c ****                                     (KBD_COLPins_DRIVE_MODE_BITS * (shift))); \
  37:.\Generated_Source\PSoC4/KBD_COLPins.c ****         } while (0)
  38:.\Generated_Source\PSoC4/KBD_COLPins.c ****     #endif
  39:.\Generated_Source\PSoC4/KBD_COLPins.c **** #endif
  40:.\Generated_Source\PSoC4/KBD_COLPins.c ****   
  41:.\Generated_Source\PSoC4/KBD_COLPins.c **** 
  42:.\Generated_Source\PSoC4/KBD_COLPins.c **** #if defined(KBD_COLPins__PC) || (CY_PSOC4_4200L) 
  43:.\Generated_Source\PSoC4/KBD_COLPins.c ****     /*******************************************************************************
  44:.\Generated_Source\PSoC4/KBD_COLPins.c ****     * Function Name: KBD_COLPins_SetDriveMode
  45:.\Generated_Source\PSoC4/KBD_COLPins.c ****     ****************************************************************************//**
  46:.\Generated_Source\PSoC4/KBD_COLPins.c ****     *
  47:.\Generated_Source\PSoC4/KBD_COLPins.c ****     * \brief Sets the drive mode for each of the Pins component's pins.
  48:.\Generated_Source\PSoC4/KBD_COLPins.c ****     * 
  49:.\Generated_Source\PSoC4/KBD_COLPins.c ****     * <b>Note</b> This affects all pins in the Pins component instance. Use the
  50:.\Generated_Source\PSoC4/KBD_COLPins.c ****     * Per-Pin APIs if you wish to control individual pin's drive modes.
  51:.\Generated_Source\PSoC4/KBD_COLPins.c ****     *
  52:.\Generated_Source\PSoC4/KBD_COLPins.c ****     * <b>Note</b> USBIOs have limited drive functionality. Refer to the Drive Mode
  53:.\Generated_Source\PSoC4/KBD_COLPins.c ****     * parameter for more information.
  54:.\Generated_Source\PSoC4/KBD_COLPins.c ****     *
  55:.\Generated_Source\PSoC4/KBD_COLPins.c ****     * \param mode
  56:.\Generated_Source\PSoC4/KBD_COLPins.c ****     *  Mode for the selected signals. Valid options are documented in 
  57:.\Generated_Source\PSoC4/KBD_COLPins.c ****     *  \ref driveMode.
  58:.\Generated_Source\PSoC4/KBD_COLPins.c ****     *
  59:.\Generated_Source\PSoC4/KBD_COLPins.c ****     * \return
  60:.\Generated_Source\PSoC4/KBD_COLPins.c ****     *  None
  61:.\Generated_Source\PSoC4/KBD_COLPins.c ****     *
  62:.\Generated_Source\PSoC4/KBD_COLPins.c ****     * \sideeffect
  63:.\Generated_Source\PSoC4/KBD_COLPins.c ****     *  If you use read-modify-write operations that are not atomic, the ISR can
  64:.\Generated_Source\PSoC4/KBD_COLPins.c ****     *  cause corruption of this function. An ISR that interrupts this function 
  65:.\Generated_Source\PSoC4/KBD_COLPins.c ****     *  and performs writes to the Pins component Drive Mode registers can cause 
  66:.\Generated_Source\PSoC4/KBD_COLPins.c ****     *  corrupted port data. To avoid this issue, you should either use the Per-Pin
  67:.\Generated_Source\PSoC4/KBD_COLPins.c ****     *  APIs (primary method) or disable interrupts around this function.
  68:.\Generated_Source\PSoC4/KBD_COLPins.c ****     *
  69:.\Generated_Source\PSoC4/KBD_COLPins.c ****     * \funcusage
  70:.\Generated_Source\PSoC4/KBD_COLPins.c ****     *  \snippet KBD_COLPins_SUT.c usage_KBD_COLPins_SetDriveMode
  71:.\Generated_Source\PSoC4/KBD_COLPins.c ****     *******************************************************************************/
  72:.\Generated_Source\PSoC4/KBD_COLPins.c ****     void KBD_COLPins_SetDriveMode(uint8 mode)
  73:.\Generated_Source\PSoC4/KBD_COLPins.c ****     {
  26              		.loc 1 73 0
  27              		.cfi_startproc
  28              	.LVL0:
  74:.\Generated_Source\PSoC4/KBD_COLPins.c **** 		KBD_COLPins_SetP4PinDriveMode(KBD_COLPins__0__SHIFT, mode);
  29              		.loc 1 74 0
  30 0000 094B     		ldr	r3, .L2
  31 0002 1A68     		ldr	r2, [r3]
  32 0004 3821     		mov	r1, #56
  33 0006 8A43     		bic	r2, r1
  34 0008 C100     		lsl	r1, r0, #3
  35 000a 0A43     		orr	r2, r1
  36 000c 1A60     		str	r2, [r3]
  75:.\Generated_Source\PSoC4/KBD_COLPins.c **** 		KBD_COLPins_SetP4PinDriveMode(KBD_COLPins__1__SHIFT, mode);
  37              		.loc 1 75 0
  38 000e 1968     		ldr	r1, [r3]
  39 0010 064A     		ldr	r2, .L2+4
ARM GAS  C:\Users\IEUser\AppData\Local\Temp\cc8Iv5bs.s 			page 3


  40 0012 0A40     		and	r2, r1
  41 0014 8101     		lsl	r1, r0, #6
  42 0016 0A43     		orr	r2, r1
  43 0018 1A60     		str	r2, [r3]
  76:.\Generated_Source\PSoC4/KBD_COLPins.c **** 		KBD_COLPins_SetP4PinDriveMode(KBD_COLPins__2__SHIFT, mode);
  44              		.loc 1 76 0
  45 001a 1968     		ldr	r1, [r3]
  46 001c 044A     		ldr	r2, .L2+8
  47 001e 0A40     		and	r2, r1
  48 0020 4002     		lsl	r0, r0, #9
  49              	.LVL1:
  50 0022 1043     		orr	r0, r2
  51 0024 1860     		str	r0, [r3]
  77:.\Generated_Source\PSoC4/KBD_COLPins.c ****     }
  52              		.loc 1 77 0
  53              		@ sp needed
  54 0026 7047     		bx	lr
  55              	.L3:
  56              		.align	2
  57              	.L2:
  58 0028 08010440 		.word	1074004232
  59 002c 3FFEFFFF 		.word	-449
  60 0030 FFF1FFFF 		.word	-3585
  61              		.cfi_endproc
  62              	.LFE0:
  63              		.size	KBD_COLPins_SetDriveMode, .-KBD_COLPins_SetDriveMode
  64              		.section	.text.KBD_COLPins_Write,"ax",%progbits
  65              		.align	2
  66              		.global	KBD_COLPins_Write
  67              		.code	16
  68              		.thumb_func
  69              		.type	KBD_COLPins_Write, %function
  70              	KBD_COLPins_Write:
  71              	.LFB1:
  78:.\Generated_Source\PSoC4/KBD_COLPins.c **** #endif
  79:.\Generated_Source\PSoC4/KBD_COLPins.c **** 
  80:.\Generated_Source\PSoC4/KBD_COLPins.c **** 
  81:.\Generated_Source\PSoC4/KBD_COLPins.c **** /*******************************************************************************
  82:.\Generated_Source\PSoC4/KBD_COLPins.c **** * Function Name: KBD_COLPins_Write
  83:.\Generated_Source\PSoC4/KBD_COLPins.c **** ****************************************************************************//**
  84:.\Generated_Source\PSoC4/KBD_COLPins.c **** *
  85:.\Generated_Source\PSoC4/KBD_COLPins.c **** * \brief Writes the value to the physical port (data output register), masking
  86:.\Generated_Source\PSoC4/KBD_COLPins.c **** *  and shifting the bits appropriately. 
  87:.\Generated_Source\PSoC4/KBD_COLPins.c **** *
  88:.\Generated_Source\PSoC4/KBD_COLPins.c **** * The data output register controls the signal applied to the physical pin in 
  89:.\Generated_Source\PSoC4/KBD_COLPins.c **** * conjunction with the drive mode parameter. This function avoids changing 
  90:.\Generated_Source\PSoC4/KBD_COLPins.c **** * other bits in the port by using the appropriate method (read-modify-write or
  91:.\Generated_Source\PSoC4/KBD_COLPins.c **** * bit banding).
  92:.\Generated_Source\PSoC4/KBD_COLPins.c **** *
  93:.\Generated_Source\PSoC4/KBD_COLPins.c **** * <b>Note</b> This function should not be used on a hardware digital output pin 
  94:.\Generated_Source\PSoC4/KBD_COLPins.c **** * as it is driven by the hardware signal attached to it.
  95:.\Generated_Source\PSoC4/KBD_COLPins.c **** *
  96:.\Generated_Source\PSoC4/KBD_COLPins.c **** * \param value
  97:.\Generated_Source\PSoC4/KBD_COLPins.c **** *  Value to write to the component instance.
  98:.\Generated_Source\PSoC4/KBD_COLPins.c **** *
  99:.\Generated_Source\PSoC4/KBD_COLPins.c **** * \return 
 100:.\Generated_Source\PSoC4/KBD_COLPins.c **** *  None 
ARM GAS  C:\Users\IEUser\AppData\Local\Temp\cc8Iv5bs.s 			page 4


 101:.\Generated_Source\PSoC4/KBD_COLPins.c **** *
 102:.\Generated_Source\PSoC4/KBD_COLPins.c **** * \sideeffect
 103:.\Generated_Source\PSoC4/KBD_COLPins.c **** *  If you use read-modify-write operations that are not atomic; the Interrupt 
 104:.\Generated_Source\PSoC4/KBD_COLPins.c **** *  Service Routines (ISR) can cause corruption of this function. An ISR that 
 105:.\Generated_Source\PSoC4/KBD_COLPins.c **** *  interrupts this function and performs writes to the Pins component data 
 106:.\Generated_Source\PSoC4/KBD_COLPins.c **** *  register can cause corrupted port data. To avoid this issue, you should 
 107:.\Generated_Source\PSoC4/KBD_COLPins.c **** *  either use the Per-Pin APIs (primary method) or disable interrupts around 
 108:.\Generated_Source\PSoC4/KBD_COLPins.c **** *  this function.
 109:.\Generated_Source\PSoC4/KBD_COLPins.c **** *
 110:.\Generated_Source\PSoC4/KBD_COLPins.c **** * \funcusage
 111:.\Generated_Source\PSoC4/KBD_COLPins.c **** *  \snippet KBD_COLPins_SUT.c usage_KBD_COLPins_Write
 112:.\Generated_Source\PSoC4/KBD_COLPins.c **** *******************************************************************************/
 113:.\Generated_Source\PSoC4/KBD_COLPins.c **** void KBD_COLPins_Write(uint8 value)
 114:.\Generated_Source\PSoC4/KBD_COLPins.c **** {
  72              		.loc 1 114 0
  73              		.cfi_startproc
  74              	.LVL2:
 115:.\Generated_Source\PSoC4/KBD_COLPins.c ****     uint8 drVal = (uint8)(KBD_COLPins_DR & (uint8)(~KBD_COLPins_MASK));
  75              		.loc 1 115 0
  76 0000 0449     		ldr	r1, .L5
  77 0002 0A68     		ldr	r2, [r1]
  78 0004 F123     		mov	r3, #241
  79 0006 1A40     		and	r2, r3
  80              	.LVL3:
 116:.\Generated_Source\PSoC4/KBD_COLPins.c ****     drVal = (drVal | ((uint8)(value << KBD_COLPins_SHIFT) & KBD_COLPins_MASK));
  81              		.loc 1 116 0
  82 0008 4000     		lsl	r0, r0, #1
  83              	.LVL4:
  84 000a E33B     		sub	r3, r3, #227
  85 000c 1840     		and	r0, r3
  86 000e 1043     		orr	r0, r2
  87              	.LVL5:
 117:.\Generated_Source\PSoC4/KBD_COLPins.c ****     KBD_COLPins_DR = (uint32)drVal;
  88              		.loc 1 117 0
  89 0010 0860     		str	r0, [r1]
 118:.\Generated_Source\PSoC4/KBD_COLPins.c **** }
  90              		.loc 1 118 0
  91              		@ sp needed
  92 0012 7047     		bx	lr
  93              	.L6:
  94              		.align	2
  95              	.L5:
  96 0014 00010440 		.word	1074004224
  97              		.cfi_endproc
  98              	.LFE1:
  99              		.size	KBD_COLPins_Write, .-KBD_COLPins_Write
 100              		.section	.text.KBD_COLPins_Read,"ax",%progbits
 101              		.align	2
 102              		.global	KBD_COLPins_Read
 103              		.code	16
 104              		.thumb_func
 105              		.type	KBD_COLPins_Read, %function
 106              	KBD_COLPins_Read:
 107              	.LFB2:
 119:.\Generated_Source\PSoC4/KBD_COLPins.c **** 
 120:.\Generated_Source\PSoC4/KBD_COLPins.c **** 
 121:.\Generated_Source\PSoC4/KBD_COLPins.c **** /*******************************************************************************
ARM GAS  C:\Users\IEUser\AppData\Local\Temp\cc8Iv5bs.s 			page 5


 122:.\Generated_Source\PSoC4/KBD_COLPins.c **** * Function Name: KBD_COLPins_Read
 123:.\Generated_Source\PSoC4/KBD_COLPins.c **** ****************************************************************************//**
 124:.\Generated_Source\PSoC4/KBD_COLPins.c **** *
 125:.\Generated_Source\PSoC4/KBD_COLPins.c **** * \brief Reads the associated physical port (pin status register) and masks 
 126:.\Generated_Source\PSoC4/KBD_COLPins.c **** *  the required bits according to the width and bit position of the component
 127:.\Generated_Source\PSoC4/KBD_COLPins.c **** *  instance. 
 128:.\Generated_Source\PSoC4/KBD_COLPins.c **** *
 129:.\Generated_Source\PSoC4/KBD_COLPins.c **** * The pin's status register returns the current logic level present on the 
 130:.\Generated_Source\PSoC4/KBD_COLPins.c **** * physical pin.
 131:.\Generated_Source\PSoC4/KBD_COLPins.c **** *
 132:.\Generated_Source\PSoC4/KBD_COLPins.c **** * \return 
 133:.\Generated_Source\PSoC4/KBD_COLPins.c **** *  The current value for the pins in the component as a right justified number.
 134:.\Generated_Source\PSoC4/KBD_COLPins.c **** *
 135:.\Generated_Source\PSoC4/KBD_COLPins.c **** * \funcusage
 136:.\Generated_Source\PSoC4/KBD_COLPins.c **** *  \snippet KBD_COLPins_SUT.c usage_KBD_COLPins_Read  
 137:.\Generated_Source\PSoC4/KBD_COLPins.c **** *******************************************************************************/
 138:.\Generated_Source\PSoC4/KBD_COLPins.c **** uint8 KBD_COLPins_Read(void)
 139:.\Generated_Source\PSoC4/KBD_COLPins.c **** {
 108              		.loc 1 139 0
 109              		.cfi_startproc
 140:.\Generated_Source\PSoC4/KBD_COLPins.c ****     return (uint8)((KBD_COLPins_PS & KBD_COLPins_MASK) >> KBD_COLPins_SHIFT);
 110              		.loc 1 140 0
 111 0000 024B     		ldr	r3, .L8
 112 0002 1868     		ldr	r0, [r3]
 113 0004 0007     		lsl	r0, r0, #28
 114 0006 400F     		lsr	r0, r0, #29
 141:.\Generated_Source\PSoC4/KBD_COLPins.c **** }
 115              		.loc 1 141 0
 116              		@ sp needed
 117 0008 7047     		bx	lr
 118              	.L9:
 119 000a C046     		.align	2
 120              	.L8:
 121 000c 04010440 		.word	1074004228
 122              		.cfi_endproc
 123              	.LFE2:
 124              		.size	KBD_COLPins_Read, .-KBD_COLPins_Read
 125              		.section	.text.KBD_COLPins_ReadDataReg,"ax",%progbits
 126              		.align	2
 127              		.global	KBD_COLPins_ReadDataReg
 128              		.code	16
 129              		.thumb_func
 130              		.type	KBD_COLPins_ReadDataReg, %function
 131              	KBD_COLPins_ReadDataReg:
 132              	.LFB3:
 142:.\Generated_Source\PSoC4/KBD_COLPins.c **** 
 143:.\Generated_Source\PSoC4/KBD_COLPins.c **** 
 144:.\Generated_Source\PSoC4/KBD_COLPins.c **** /*******************************************************************************
 145:.\Generated_Source\PSoC4/KBD_COLPins.c **** * Function Name: KBD_COLPins_ReadDataReg
 146:.\Generated_Source\PSoC4/KBD_COLPins.c **** ****************************************************************************//**
 147:.\Generated_Source\PSoC4/KBD_COLPins.c **** *
 148:.\Generated_Source\PSoC4/KBD_COLPins.c **** * \brief Reads the associated physical port's data output register and masks 
 149:.\Generated_Source\PSoC4/KBD_COLPins.c **** *  the correct bits according to the width and bit position of the component 
 150:.\Generated_Source\PSoC4/KBD_COLPins.c **** *  instance. 
 151:.\Generated_Source\PSoC4/KBD_COLPins.c **** *
 152:.\Generated_Source\PSoC4/KBD_COLPins.c **** * The data output register controls the signal applied to the physical pin in 
 153:.\Generated_Source\PSoC4/KBD_COLPins.c **** * conjunction with the drive mode parameter. This is not the same as the 
ARM GAS  C:\Users\IEUser\AppData\Local\Temp\cc8Iv5bs.s 			page 6


 154:.\Generated_Source\PSoC4/KBD_COLPins.c **** * preferred KBD_COLPins_Read() API because the 
 155:.\Generated_Source\PSoC4/KBD_COLPins.c **** * KBD_COLPins_ReadDataReg() reads the data register instead of the status 
 156:.\Generated_Source\PSoC4/KBD_COLPins.c **** * register. For output pins this is a useful function to determine the value 
 157:.\Generated_Source\PSoC4/KBD_COLPins.c **** * just written to the pin.
 158:.\Generated_Source\PSoC4/KBD_COLPins.c **** *
 159:.\Generated_Source\PSoC4/KBD_COLPins.c **** * \return 
 160:.\Generated_Source\PSoC4/KBD_COLPins.c **** *  The current value of the data register masked and shifted into a right 
 161:.\Generated_Source\PSoC4/KBD_COLPins.c **** *  justified number for the component instance.
 162:.\Generated_Source\PSoC4/KBD_COLPins.c **** *
 163:.\Generated_Source\PSoC4/KBD_COLPins.c **** * \funcusage
 164:.\Generated_Source\PSoC4/KBD_COLPins.c **** *  \snippet KBD_COLPins_SUT.c usage_KBD_COLPins_ReadDataReg 
 165:.\Generated_Source\PSoC4/KBD_COLPins.c **** *******************************************************************************/
 166:.\Generated_Source\PSoC4/KBD_COLPins.c **** uint8 KBD_COLPins_ReadDataReg(void)
 167:.\Generated_Source\PSoC4/KBD_COLPins.c **** {
 133              		.loc 1 167 0
 134              		.cfi_startproc
 168:.\Generated_Source\PSoC4/KBD_COLPins.c ****     return (uint8)((KBD_COLPins_DR & KBD_COLPins_MASK) >> KBD_COLPins_SHIFT);
 135              		.loc 1 168 0
 136 0000 024B     		ldr	r3, .L11
 137 0002 1868     		ldr	r0, [r3]
 138 0004 0007     		lsl	r0, r0, #28
 139 0006 400F     		lsr	r0, r0, #29
 169:.\Generated_Source\PSoC4/KBD_COLPins.c **** }
 140              		.loc 1 169 0
 141              		@ sp needed
 142 0008 7047     		bx	lr
 143              	.L12:
 144 000a C046     		.align	2
 145              	.L11:
 146 000c 00010440 		.word	1074004224
 147              		.cfi_endproc
 148              	.LFE3:
 149              		.size	KBD_COLPins_ReadDataReg, .-KBD_COLPins_ReadDataReg
 150              		.section	.text.KBD_COLPins_SetInterruptMode,"ax",%progbits
 151              		.align	2
 152              		.global	KBD_COLPins_SetInterruptMode
 153              		.code	16
 154              		.thumb_func
 155              		.type	KBD_COLPins_SetInterruptMode, %function
 156              	KBD_COLPins_SetInterruptMode:
 157              	.LFB4:
 170:.\Generated_Source\PSoC4/KBD_COLPins.c **** 
 171:.\Generated_Source\PSoC4/KBD_COLPins.c **** 
 172:.\Generated_Source\PSoC4/KBD_COLPins.c **** /*******************************************************************************
 173:.\Generated_Source\PSoC4/KBD_COLPins.c **** * Function Name: KBD_COLPins_SetInterruptMode
 174:.\Generated_Source\PSoC4/KBD_COLPins.c **** ****************************************************************************//**
 175:.\Generated_Source\PSoC4/KBD_COLPins.c **** *
 176:.\Generated_Source\PSoC4/KBD_COLPins.c **** * \brief Configures the interrupt mode for each of the Pins component's
 177:.\Generated_Source\PSoC4/KBD_COLPins.c **** *  pins. Alternatively you may set the interrupt mode for all the pins
 178:.\Generated_Source\PSoC4/KBD_COLPins.c **** *  specified in the Pins component.
 179:.\Generated_Source\PSoC4/KBD_COLPins.c **** *
 180:.\Generated_Source\PSoC4/KBD_COLPins.c **** *  <b>Note</b> The interrupt is port-wide and therefore any enabled pin
 181:.\Generated_Source\PSoC4/KBD_COLPins.c **** *  interrupt may trigger it.
 182:.\Generated_Source\PSoC4/KBD_COLPins.c **** *
 183:.\Generated_Source\PSoC4/KBD_COLPins.c **** * \param position
 184:.\Generated_Source\PSoC4/KBD_COLPins.c **** *  The pin position as listed in the Pins component. You may OR these to be 
 185:.\Generated_Source\PSoC4/KBD_COLPins.c **** *  able to configure the interrupt mode of multiple pins within a Pins 
ARM GAS  C:\Users\IEUser\AppData\Local\Temp\cc8Iv5bs.s 			page 7


 186:.\Generated_Source\PSoC4/KBD_COLPins.c **** *  component. Or you may use KBD_COLPins_INTR_ALL to configure the
 187:.\Generated_Source\PSoC4/KBD_COLPins.c **** *  interrupt mode of all the pins in the Pins component.       
 188:.\Generated_Source\PSoC4/KBD_COLPins.c **** *  - KBD_COLPins_0_INTR       (First pin in the list)
 189:.\Generated_Source\PSoC4/KBD_COLPins.c **** *  - KBD_COLPins_1_INTR       (Second pin in the list)
 190:.\Generated_Source\PSoC4/KBD_COLPins.c **** *  - ...
 191:.\Generated_Source\PSoC4/KBD_COLPins.c **** *  - KBD_COLPins_INTR_ALL     (All pins in Pins component)
 192:.\Generated_Source\PSoC4/KBD_COLPins.c **** *
 193:.\Generated_Source\PSoC4/KBD_COLPins.c **** * \param mode
 194:.\Generated_Source\PSoC4/KBD_COLPins.c **** *  Interrupt mode for the selected pins. Valid options are documented in
 195:.\Generated_Source\PSoC4/KBD_COLPins.c **** *  \ref intrMode.
 196:.\Generated_Source\PSoC4/KBD_COLPins.c **** *
 197:.\Generated_Source\PSoC4/KBD_COLPins.c **** * \return 
 198:.\Generated_Source\PSoC4/KBD_COLPins.c **** *  None
 199:.\Generated_Source\PSoC4/KBD_COLPins.c **** *  
 200:.\Generated_Source\PSoC4/KBD_COLPins.c **** * \sideeffect
 201:.\Generated_Source\PSoC4/KBD_COLPins.c **** *  It is recommended that the interrupt be disabled before calling this 
 202:.\Generated_Source\PSoC4/KBD_COLPins.c **** *  function to avoid unintended interrupt requests. Note that the interrupt
 203:.\Generated_Source\PSoC4/KBD_COLPins.c **** *  type is port wide, and therefore will trigger for any enabled pin on the 
 204:.\Generated_Source\PSoC4/KBD_COLPins.c **** *  port.
 205:.\Generated_Source\PSoC4/KBD_COLPins.c **** *
 206:.\Generated_Source\PSoC4/KBD_COLPins.c **** * \funcusage
 207:.\Generated_Source\PSoC4/KBD_COLPins.c **** *  \snippet KBD_COLPins_SUT.c usage_KBD_COLPins_SetInterruptMode
 208:.\Generated_Source\PSoC4/KBD_COLPins.c **** *******************************************************************************/
 209:.\Generated_Source\PSoC4/KBD_COLPins.c **** void KBD_COLPins_SetInterruptMode(uint16 position, uint16 mode)
 210:.\Generated_Source\PSoC4/KBD_COLPins.c **** {
 158              		.loc 1 210 0
 159              		.cfi_startproc
 160              	.LVL6:
 211:.\Generated_Source\PSoC4/KBD_COLPins.c ****     uint32 intrCfg;
 212:.\Generated_Source\PSoC4/KBD_COLPins.c ****     
 213:.\Generated_Source\PSoC4/KBD_COLPins.c ****     intrCfg =  KBD_COLPins_INTCFG & (uint32)(~(uint32)position);
 161              		.loc 1 213 0
 162 0000 034A     		ldr	r2, .L14
 163 0002 1368     		ldr	r3, [r2]
 164 0004 8343     		bic	r3, r0
 165              	.LVL7:
 214:.\Generated_Source\PSoC4/KBD_COLPins.c ****     KBD_COLPins_INTCFG = intrCfg | ((uint32)position & (uint32)mode);
 166              		.loc 1 214 0
 167 0006 0140     		and	r1, r0
 168              	.LVL8:
 169 0008 1943     		orr	r1, r3
 170 000a 1160     		str	r1, [r2]
 215:.\Generated_Source\PSoC4/KBD_COLPins.c **** }
 171              		.loc 1 215 0
 172              		@ sp needed
 173 000c 7047     		bx	lr
 174              	.L15:
 175 000e C046     		.align	2
 176              	.L14:
 177 0010 0C010440 		.word	1074004236
 178              		.cfi_endproc
 179              	.LFE4:
 180              		.size	KBD_COLPins_SetInterruptMode, .-KBD_COLPins_SetInterruptMode
 181              		.section	.text.KBD_COLPins_ClearInterrupt,"ax",%progbits
 182              		.align	2
 183              		.global	KBD_COLPins_ClearInterrupt
 184              		.code	16
ARM GAS  C:\Users\IEUser\AppData\Local\Temp\cc8Iv5bs.s 			page 8


 185              		.thumb_func
 186              		.type	KBD_COLPins_ClearInterrupt, %function
 187              	KBD_COLPins_ClearInterrupt:
 188              	.LFB5:
 216:.\Generated_Source\PSoC4/KBD_COLPins.c **** 
 217:.\Generated_Source\PSoC4/KBD_COLPins.c **** 
 218:.\Generated_Source\PSoC4/KBD_COLPins.c **** /*******************************************************************************
 219:.\Generated_Source\PSoC4/KBD_COLPins.c **** * Function Name: KBD_COLPins_ClearInterrupt
 220:.\Generated_Source\PSoC4/KBD_COLPins.c **** ****************************************************************************//**
 221:.\Generated_Source\PSoC4/KBD_COLPins.c **** *
 222:.\Generated_Source\PSoC4/KBD_COLPins.c **** * \brief Clears any active interrupts attached with the component and returns 
 223:.\Generated_Source\PSoC4/KBD_COLPins.c **** *  the value of the interrupt status register allowing determination of which
 224:.\Generated_Source\PSoC4/KBD_COLPins.c **** *  pins generated an interrupt event.
 225:.\Generated_Source\PSoC4/KBD_COLPins.c **** *
 226:.\Generated_Source\PSoC4/KBD_COLPins.c **** * \return 
 227:.\Generated_Source\PSoC4/KBD_COLPins.c **** *  The right-shifted current value of the interrupt status register. Each pin 
 228:.\Generated_Source\PSoC4/KBD_COLPins.c **** *  has one bit set if it generated an interrupt event. For example, bit 0 is 
 229:.\Generated_Source\PSoC4/KBD_COLPins.c **** *  for pin 0 and bit 1 is for pin 1 of the Pins component.
 230:.\Generated_Source\PSoC4/KBD_COLPins.c **** *  
 231:.\Generated_Source\PSoC4/KBD_COLPins.c **** * \sideeffect
 232:.\Generated_Source\PSoC4/KBD_COLPins.c **** *  Clears all bits of the physical port's interrupt status register, not just
 233:.\Generated_Source\PSoC4/KBD_COLPins.c **** *  those associated with the Pins component.
 234:.\Generated_Source\PSoC4/KBD_COLPins.c **** *
 235:.\Generated_Source\PSoC4/KBD_COLPins.c **** * \funcusage
 236:.\Generated_Source\PSoC4/KBD_COLPins.c **** *  \snippet KBD_COLPins_SUT.c usage_KBD_COLPins_ClearInterrupt
 237:.\Generated_Source\PSoC4/KBD_COLPins.c **** *******************************************************************************/
 238:.\Generated_Source\PSoC4/KBD_COLPins.c **** uint8 KBD_COLPins_ClearInterrupt(void)
 239:.\Generated_Source\PSoC4/KBD_COLPins.c **** {
 189              		.loc 1 239 0
 190              		.cfi_startproc
 240:.\Generated_Source\PSoC4/KBD_COLPins.c **** 	uint8 maskedStatus = (uint8)(KBD_COLPins_INTSTAT & KBD_COLPins_MASK);
 191              		.loc 1 240 0
 192 0000 034A     		ldr	r2, .L17
 193 0002 1068     		ldr	r0, [r2]
 194 0004 0E23     		mov	r3, #14
 195 0006 1840     		and	r0, r3
 196              	.LVL9:
 241:.\Generated_Source\PSoC4/KBD_COLPins.c **** 	KBD_COLPins_INTSTAT = maskedStatus;
 197              		.loc 1 241 0
 198 0008 1060     		str	r0, [r2]
 242:.\Generated_Source\PSoC4/KBD_COLPins.c ****     return maskedStatus >> KBD_COLPins_SHIFT;
 199              		.loc 1 242 0
 200 000a 4008     		lsr	r0, r0, #1
 201              	.LVL10:
 243:.\Generated_Source\PSoC4/KBD_COLPins.c **** }
 202              		.loc 1 243 0
 203              		@ sp needed
 204 000c 7047     		bx	lr
 205              	.L18:
 206 000e C046     		.align	2
 207              	.L17:
 208 0010 10010440 		.word	1074004240
 209              		.cfi_endproc
 210              	.LFE5:
 211              		.size	KBD_COLPins_ClearInterrupt, .-KBD_COLPins_ClearInterrupt
 212              		.text
 213              	.Letext0:
ARM GAS  C:\Users\IEUser\AppData\Local\Temp\cc8Iv5bs.s 			page 9


 214              		.file 2 ".\\Generated_Source\\PSoC4\\cytypes.h"
 215              		.section	.debug_info,"",%progbits
 216              	.Ldebug_info0:
 217 0000 99010000 		.4byte	0x199
 218 0004 0400     		.2byte	0x4
 219 0006 00000000 		.4byte	.Ldebug_abbrev0
 220 000a 04       		.byte	0x4
 221 000b 01       		.uleb128 0x1
 222 000c 7A010000 		.4byte	.LASF28
 223 0010 01       		.byte	0x1
 224 0011 4E010000 		.4byte	.LASF29
 225 0015 FB000000 		.4byte	.LASF30
 226 0019 00000000 		.4byte	.Ldebug_ranges0+0
 227 001d 00000000 		.4byte	0
 228 0021 00000000 		.4byte	.Ldebug_line0
 229 0025 02       		.uleb128 0x2
 230 0026 01       		.byte	0x1
 231 0027 06       		.byte	0x6
 232 0028 59020000 		.4byte	.LASF0
 233 002c 02       		.uleb128 0x2
 234 002d 01       		.byte	0x1
 235 002e 08       		.byte	0x8
 236 002f 5B000000 		.4byte	.LASF1
 237 0033 02       		.uleb128 0x2
 238 0034 02       		.byte	0x2
 239 0035 05       		.byte	0x5
 240 0036 25020000 		.4byte	.LASF2
 241 003a 02       		.uleb128 0x2
 242 003b 02       		.byte	0x2
 243 003c 07       		.byte	0x7
 244 003d 81000000 		.4byte	.LASF3
 245 0041 02       		.uleb128 0x2
 246 0042 04       		.byte	0x4
 247 0043 05       		.byte	0x5
 248 0044 35020000 		.4byte	.LASF4
 249 0048 02       		.uleb128 0x2
 250 0049 04       		.byte	0x4
 251 004a 07       		.byte	0x7
 252 004b 6F000000 		.4byte	.LASF5
 253 004f 02       		.uleb128 0x2
 254 0050 08       		.byte	0x8
 255 0051 05       		.byte	0x5
 256 0052 40010000 		.4byte	.LASF6
 257 0056 02       		.uleb128 0x2
 258 0057 08       		.byte	0x8
 259 0058 07       		.byte	0x7
 260 0059 DF000000 		.4byte	.LASF7
 261 005d 03       		.uleb128 0x3
 262 005e 04       		.byte	0x4
 263 005f 05       		.byte	0x5
 264 0060 696E7400 		.ascii	"int\000"
 265 0064 02       		.uleb128 0x2
 266 0065 04       		.byte	0x4
 267 0066 07       		.byte	0x7
 268 0067 D2000000 		.4byte	.LASF8
 269 006b 04       		.uleb128 0x4
 270 006c 2F020000 		.4byte	.LASF9
ARM GAS  C:\Users\IEUser\AppData\Local\Temp\cc8Iv5bs.s 			page 10


 271 0070 02       		.byte	0x2
 272 0071 3801     		.2byte	0x138
 273 0073 2C000000 		.4byte	0x2c
 274 0077 04       		.uleb128 0x4
 275 0078 B3000000 		.4byte	.LASF10
 276 007c 02       		.byte	0x2
 277 007d 3901     		.2byte	0x139
 278 007f 3A000000 		.4byte	0x3a
 279 0083 04       		.uleb128 0x4
 280 0084 C3000000 		.4byte	.LASF11
 281 0088 02       		.byte	0x2
 282 0089 3A01     		.2byte	0x13a
 283 008b 48000000 		.4byte	0x48
 284 008f 02       		.uleb128 0x2
 285 0090 04       		.byte	0x4
 286 0091 04       		.byte	0x4
 287 0092 55000000 		.4byte	.LASF12
 288 0096 02       		.uleb128 0x2
 289 0097 08       		.byte	0x8
 290 0098 04       		.byte	0x4
 291 0099 AC000000 		.4byte	.LASF13
 292 009d 02       		.uleb128 0x2
 293 009e 01       		.byte	0x1
 294 009f 08       		.byte	0x8
 295 00a0 75010000 		.4byte	.LASF14
 296 00a4 04       		.uleb128 0x4
 297 00a5 00000000 		.4byte	.LASF15
 298 00a9 02       		.byte	0x2
 299 00aa E401     		.2byte	0x1e4
 300 00ac B0000000 		.4byte	0xb0
 301 00b0 05       		.uleb128 0x5
 302 00b1 83000000 		.4byte	0x83
 303 00b5 06       		.uleb128 0x6
 304 00b6 19000000 		.4byte	.LASF16
 305 00ba 01       		.byte	0x1
 306 00bb 48       		.byte	0x48
 307 00bc 00000000 		.4byte	.LFB0
 308 00c0 34000000 		.4byte	.LFE0-.LFB0
 309 00c4 01       		.uleb128 0x1
 310 00c5 9C       		.byte	0x9c
 311 00c6 DA000000 		.4byte	0xda
 312 00ca 07       		.uleb128 0x7
 313 00cb F6000000 		.4byte	.LASF18
 314 00cf 01       		.byte	0x1
 315 00d0 48       		.byte	0x48
 316 00d1 6B000000 		.4byte	0x6b
 317 00d5 00000000 		.4byte	.LLST0
 318 00d9 00       		.byte	0
 319 00da 06       		.uleb128 0x6
 320 00db 32000000 		.4byte	.LASF17
 321 00df 01       		.byte	0x1
 322 00e0 71       		.byte	0x71
 323 00e1 00000000 		.4byte	.LFB1
 324 00e5 18000000 		.4byte	.LFE1-.LFB1
 325 00e9 01       		.uleb128 0x1
 326 00ea 9C       		.byte	0x9c
 327 00eb 0E010000 		.4byte	0x10e
ARM GAS  C:\Users\IEUser\AppData\Local\Temp\cc8Iv5bs.s 			page 11


 328 00ef 07       		.uleb128 0x7
 329 00f0 13000000 		.4byte	.LASF19
 330 00f4 01       		.byte	0x1
 331 00f5 71       		.byte	0x71
 332 00f6 6B000000 		.4byte	0x6b
 333 00fa 21000000 		.4byte	.LLST1
 334 00fe 08       		.uleb128 0x8
 335 00ff 69000000 		.4byte	.LASF24
 336 0103 01       		.byte	0x1
 337 0104 73       		.byte	0x73
 338 0105 6B000000 		.4byte	0x6b
 339 0109 42000000 		.4byte	.LLST2
 340 010d 00       		.byte	0
 341 010e 09       		.uleb128 0x9
 342 010f 44000000 		.4byte	.LASF20
 343 0113 01       		.byte	0x1
 344 0114 8A       		.byte	0x8a
 345 0115 6B000000 		.4byte	0x6b
 346 0119 00000000 		.4byte	.LFB2
 347 011d 10000000 		.4byte	.LFE2-.LFB2
 348 0121 01       		.uleb128 0x1
 349 0122 9C       		.byte	0x9c
 350 0123 09       		.uleb128 0x9
 351 0124 94000000 		.4byte	.LASF21
 352 0128 01       		.byte	0x1
 353 0129 A6       		.byte	0xa6
 354 012a 6B000000 		.4byte	0x6b
 355 012e 00000000 		.4byte	.LFB3
 356 0132 10000000 		.4byte	.LFE3-.LFB3
 357 0136 01       		.uleb128 0x1
 358 0137 9C       		.byte	0x9c
 359 0138 06       		.uleb128 0x6
 360 0139 08020000 		.4byte	.LASF22
 361 013d 01       		.byte	0x1
 362 013e D1       		.byte	0xd1
 363 013f 00000000 		.4byte	.LFB4
 364 0143 14000000 		.4byte	.LFE4-.LFB4
 365 0147 01       		.uleb128 0x1
 366 0148 9C       		.byte	0x9c
 367 0149 77010000 		.4byte	0x177
 368 014d 0A       		.uleb128 0xa
 369 014e BA000000 		.4byte	.LASF23
 370 0152 01       		.byte	0x1
 371 0153 D1       		.byte	0xd1
 372 0154 77000000 		.4byte	0x77
 373 0158 01       		.uleb128 0x1
 374 0159 50       		.byte	0x50
 375 015a 07       		.uleb128 0x7
 376 015b F6000000 		.4byte	.LASF18
 377 015f 01       		.byte	0x1
 378 0160 D1       		.byte	0xd1
 379 0161 77000000 		.4byte	0x77
 380 0165 60000000 		.4byte	.LLST3
 381 0169 0B       		.uleb128 0xb
 382 016a CA000000 		.4byte	.LASF25
 383 016e 01       		.byte	0x1
 384 016f D3       		.byte	0xd3
ARM GAS  C:\Users\IEUser\AppData\Local\Temp\cc8Iv5bs.s 			page 12


 385 0170 83000000 		.4byte	0x83
 386 0174 01       		.uleb128 0x1
 387 0175 53       		.byte	0x53
 388 0176 00       		.byte	0
 389 0177 0C       		.uleb128 0xc
 390 0178 3E020000 		.4byte	.LASF26
 391 017c 01       		.byte	0x1
 392 017d EE       		.byte	0xee
 393 017e 6B000000 		.4byte	0x6b
 394 0182 00000000 		.4byte	.LFB5
 395 0186 14000000 		.4byte	.LFE5-.LFB5
 396 018a 01       		.uleb128 0x1
 397 018b 9C       		.byte	0x9c
 398 018c 08       		.uleb128 0x8
 399 018d 06000000 		.4byte	.LASF27
 400 0191 01       		.byte	0x1
 401 0192 F0       		.byte	0xf0
 402 0193 6B000000 		.4byte	0x6b
 403 0197 81000000 		.4byte	.LLST4
 404 019b 00       		.byte	0
 405 019c 00       		.byte	0
 406              		.section	.debug_abbrev,"",%progbits
 407              	.Ldebug_abbrev0:
 408 0000 01       		.uleb128 0x1
 409 0001 11       		.uleb128 0x11
 410 0002 01       		.byte	0x1
 411 0003 25       		.uleb128 0x25
 412 0004 0E       		.uleb128 0xe
 413 0005 13       		.uleb128 0x13
 414 0006 0B       		.uleb128 0xb
 415 0007 03       		.uleb128 0x3
 416 0008 0E       		.uleb128 0xe
 417 0009 1B       		.uleb128 0x1b
 418 000a 0E       		.uleb128 0xe
 419 000b 55       		.uleb128 0x55
 420 000c 17       		.uleb128 0x17
 421 000d 11       		.uleb128 0x11
 422 000e 01       		.uleb128 0x1
 423 000f 10       		.uleb128 0x10
 424 0010 17       		.uleb128 0x17
 425 0011 00       		.byte	0
 426 0012 00       		.byte	0
 427 0013 02       		.uleb128 0x2
 428 0014 24       		.uleb128 0x24
 429 0015 00       		.byte	0
 430 0016 0B       		.uleb128 0xb
 431 0017 0B       		.uleb128 0xb
 432 0018 3E       		.uleb128 0x3e
 433 0019 0B       		.uleb128 0xb
 434 001a 03       		.uleb128 0x3
 435 001b 0E       		.uleb128 0xe
 436 001c 00       		.byte	0
 437 001d 00       		.byte	0
 438 001e 03       		.uleb128 0x3
 439 001f 24       		.uleb128 0x24
 440 0020 00       		.byte	0
 441 0021 0B       		.uleb128 0xb
ARM GAS  C:\Users\IEUser\AppData\Local\Temp\cc8Iv5bs.s 			page 13


 442 0022 0B       		.uleb128 0xb
 443 0023 3E       		.uleb128 0x3e
 444 0024 0B       		.uleb128 0xb
 445 0025 03       		.uleb128 0x3
 446 0026 08       		.uleb128 0x8
 447 0027 00       		.byte	0
 448 0028 00       		.byte	0
 449 0029 04       		.uleb128 0x4
 450 002a 16       		.uleb128 0x16
 451 002b 00       		.byte	0
 452 002c 03       		.uleb128 0x3
 453 002d 0E       		.uleb128 0xe
 454 002e 3A       		.uleb128 0x3a
 455 002f 0B       		.uleb128 0xb
 456 0030 3B       		.uleb128 0x3b
 457 0031 05       		.uleb128 0x5
 458 0032 49       		.uleb128 0x49
 459 0033 13       		.uleb128 0x13
 460 0034 00       		.byte	0
 461 0035 00       		.byte	0
 462 0036 05       		.uleb128 0x5
 463 0037 35       		.uleb128 0x35
 464 0038 00       		.byte	0
 465 0039 49       		.uleb128 0x49
 466 003a 13       		.uleb128 0x13
 467 003b 00       		.byte	0
 468 003c 00       		.byte	0
 469 003d 06       		.uleb128 0x6
 470 003e 2E       		.uleb128 0x2e
 471 003f 01       		.byte	0x1
 472 0040 3F       		.uleb128 0x3f
 473 0041 19       		.uleb128 0x19
 474 0042 03       		.uleb128 0x3
 475 0043 0E       		.uleb128 0xe
 476 0044 3A       		.uleb128 0x3a
 477 0045 0B       		.uleb128 0xb
 478 0046 3B       		.uleb128 0x3b
 479 0047 0B       		.uleb128 0xb
 480 0048 27       		.uleb128 0x27
 481 0049 19       		.uleb128 0x19
 482 004a 11       		.uleb128 0x11
 483 004b 01       		.uleb128 0x1
 484 004c 12       		.uleb128 0x12
 485 004d 06       		.uleb128 0x6
 486 004e 40       		.uleb128 0x40
 487 004f 18       		.uleb128 0x18
 488 0050 9742     		.uleb128 0x2117
 489 0052 19       		.uleb128 0x19
 490 0053 01       		.uleb128 0x1
 491 0054 13       		.uleb128 0x13
 492 0055 00       		.byte	0
 493 0056 00       		.byte	0
 494 0057 07       		.uleb128 0x7
 495 0058 05       		.uleb128 0x5
 496 0059 00       		.byte	0
 497 005a 03       		.uleb128 0x3
 498 005b 0E       		.uleb128 0xe
ARM GAS  C:\Users\IEUser\AppData\Local\Temp\cc8Iv5bs.s 			page 14


 499 005c 3A       		.uleb128 0x3a
 500 005d 0B       		.uleb128 0xb
 501 005e 3B       		.uleb128 0x3b
 502 005f 0B       		.uleb128 0xb
 503 0060 49       		.uleb128 0x49
 504 0061 13       		.uleb128 0x13
 505 0062 02       		.uleb128 0x2
 506 0063 17       		.uleb128 0x17
 507 0064 00       		.byte	0
 508 0065 00       		.byte	0
 509 0066 08       		.uleb128 0x8
 510 0067 34       		.uleb128 0x34
 511 0068 00       		.byte	0
 512 0069 03       		.uleb128 0x3
 513 006a 0E       		.uleb128 0xe
 514 006b 3A       		.uleb128 0x3a
 515 006c 0B       		.uleb128 0xb
 516 006d 3B       		.uleb128 0x3b
 517 006e 0B       		.uleb128 0xb
 518 006f 49       		.uleb128 0x49
 519 0070 13       		.uleb128 0x13
 520 0071 02       		.uleb128 0x2
 521 0072 17       		.uleb128 0x17
 522 0073 00       		.byte	0
 523 0074 00       		.byte	0
 524 0075 09       		.uleb128 0x9
 525 0076 2E       		.uleb128 0x2e
 526 0077 00       		.byte	0
 527 0078 3F       		.uleb128 0x3f
 528 0079 19       		.uleb128 0x19
 529 007a 03       		.uleb128 0x3
 530 007b 0E       		.uleb128 0xe
 531 007c 3A       		.uleb128 0x3a
 532 007d 0B       		.uleb128 0xb
 533 007e 3B       		.uleb128 0x3b
 534 007f 0B       		.uleb128 0xb
 535 0080 27       		.uleb128 0x27
 536 0081 19       		.uleb128 0x19
 537 0082 49       		.uleb128 0x49
 538 0083 13       		.uleb128 0x13
 539 0084 11       		.uleb128 0x11
 540 0085 01       		.uleb128 0x1
 541 0086 12       		.uleb128 0x12
 542 0087 06       		.uleb128 0x6
 543 0088 40       		.uleb128 0x40
 544 0089 18       		.uleb128 0x18
 545 008a 9742     		.uleb128 0x2117
 546 008c 19       		.uleb128 0x19
 547 008d 00       		.byte	0
 548 008e 00       		.byte	0
 549 008f 0A       		.uleb128 0xa
 550 0090 05       		.uleb128 0x5
 551 0091 00       		.byte	0
 552 0092 03       		.uleb128 0x3
 553 0093 0E       		.uleb128 0xe
 554 0094 3A       		.uleb128 0x3a
 555 0095 0B       		.uleb128 0xb
ARM GAS  C:\Users\IEUser\AppData\Local\Temp\cc8Iv5bs.s 			page 15


 556 0096 3B       		.uleb128 0x3b
 557 0097 0B       		.uleb128 0xb
 558 0098 49       		.uleb128 0x49
 559 0099 13       		.uleb128 0x13
 560 009a 02       		.uleb128 0x2
 561 009b 18       		.uleb128 0x18
 562 009c 00       		.byte	0
 563 009d 00       		.byte	0
 564 009e 0B       		.uleb128 0xb
 565 009f 34       		.uleb128 0x34
 566 00a0 00       		.byte	0
 567 00a1 03       		.uleb128 0x3
 568 00a2 0E       		.uleb128 0xe
 569 00a3 3A       		.uleb128 0x3a
 570 00a4 0B       		.uleb128 0xb
 571 00a5 3B       		.uleb128 0x3b
 572 00a6 0B       		.uleb128 0xb
 573 00a7 49       		.uleb128 0x49
 574 00a8 13       		.uleb128 0x13
 575 00a9 02       		.uleb128 0x2
 576 00aa 18       		.uleb128 0x18
 577 00ab 00       		.byte	0
 578 00ac 00       		.byte	0
 579 00ad 0C       		.uleb128 0xc
 580 00ae 2E       		.uleb128 0x2e
 581 00af 01       		.byte	0x1
 582 00b0 3F       		.uleb128 0x3f
 583 00b1 19       		.uleb128 0x19
 584 00b2 03       		.uleb128 0x3
 585 00b3 0E       		.uleb128 0xe
 586 00b4 3A       		.uleb128 0x3a
 587 00b5 0B       		.uleb128 0xb
 588 00b6 3B       		.uleb128 0x3b
 589 00b7 0B       		.uleb128 0xb
 590 00b8 27       		.uleb128 0x27
 591 00b9 19       		.uleb128 0x19
 592 00ba 49       		.uleb128 0x49
 593 00bb 13       		.uleb128 0x13
 594 00bc 11       		.uleb128 0x11
 595 00bd 01       		.uleb128 0x1
 596 00be 12       		.uleb128 0x12
 597 00bf 06       		.uleb128 0x6
 598 00c0 40       		.uleb128 0x40
 599 00c1 18       		.uleb128 0x18
 600 00c2 9742     		.uleb128 0x2117
 601 00c4 19       		.uleb128 0x19
 602 00c5 00       		.byte	0
 603 00c6 00       		.byte	0
 604 00c7 00       		.byte	0
 605              		.section	.debug_loc,"",%progbits
 606              	.Ldebug_loc0:
 607              	.LLST0:
 608 0000 00000000 		.4byte	.LVL0
 609 0004 22000000 		.4byte	.LVL1
 610 0008 0100     		.2byte	0x1
 611 000a 50       		.byte	0x50
 612 000b 22000000 		.4byte	.LVL1
ARM GAS  C:\Users\IEUser\AppData\Local\Temp\cc8Iv5bs.s 			page 16


 613 000f 34000000 		.4byte	.LFE0
 614 0013 0400     		.2byte	0x4
 615 0015 F3       		.byte	0xf3
 616 0016 01       		.uleb128 0x1
 617 0017 50       		.byte	0x50
 618 0018 9F       		.byte	0x9f
 619 0019 00000000 		.4byte	0
 620 001d 00000000 		.4byte	0
 621              	.LLST1:
 622 0021 00000000 		.4byte	.LVL2
 623 0025 0A000000 		.4byte	.LVL4
 624 0029 0100     		.2byte	0x1
 625 002b 50       		.byte	0x50
 626 002c 0A000000 		.4byte	.LVL4
 627 0030 18000000 		.4byte	.LFE1
 628 0034 0400     		.2byte	0x4
 629 0036 F3       		.byte	0xf3
 630 0037 01       		.uleb128 0x1
 631 0038 50       		.byte	0x50
 632 0039 9F       		.byte	0x9f
 633 003a 00000000 		.4byte	0
 634 003e 00000000 		.4byte	0
 635              	.LLST2:
 636 0042 08000000 		.4byte	.LVL3
 637 0046 10000000 		.4byte	.LVL5
 638 004a 0100     		.2byte	0x1
 639 004c 52       		.byte	0x52
 640 004d 10000000 		.4byte	.LVL5
 641 0051 18000000 		.4byte	.LFE1
 642 0055 0100     		.2byte	0x1
 643 0057 50       		.byte	0x50
 644 0058 00000000 		.4byte	0
 645 005c 00000000 		.4byte	0
 646              	.LLST3:
 647 0060 00000000 		.4byte	.LVL6
 648 0064 08000000 		.4byte	.LVL8
 649 0068 0100     		.2byte	0x1
 650 006a 51       		.byte	0x51
 651 006b 08000000 		.4byte	.LVL8
 652 006f 14000000 		.4byte	.LFE4
 653 0073 0400     		.2byte	0x4
 654 0075 F3       		.byte	0xf3
 655 0076 01       		.uleb128 0x1
 656 0077 51       		.byte	0x51
 657 0078 9F       		.byte	0x9f
 658 0079 00000000 		.4byte	0
 659 007d 00000000 		.4byte	0
 660              	.LLST4:
 661 0081 08000000 		.4byte	.LVL9
 662 0085 0C000000 		.4byte	.LVL10
 663 0089 0100     		.2byte	0x1
 664 008b 50       		.byte	0x50
 665 008c 0C000000 		.4byte	.LVL10
 666 0090 14000000 		.4byte	.LFE5
 667 0094 0400     		.2byte	0x4
 668 0096 72       		.byte	0x72
 669 0097 00       		.sleb128 0
ARM GAS  C:\Users\IEUser\AppData\Local\Temp\cc8Iv5bs.s 			page 17


 670 0098 06       		.byte	0x6
 671 0099 9F       		.byte	0x9f
 672 009a 00000000 		.4byte	0
 673 009e 00000000 		.4byte	0
 674              		.section	.debug_aranges,"",%progbits
 675 0000 44000000 		.4byte	0x44
 676 0004 0200     		.2byte	0x2
 677 0006 00000000 		.4byte	.Ldebug_info0
 678 000a 04       		.byte	0x4
 679 000b 00       		.byte	0
 680 000c 0000     		.2byte	0
 681 000e 0000     		.2byte	0
 682 0010 00000000 		.4byte	.LFB0
 683 0014 34000000 		.4byte	.LFE0-.LFB0
 684 0018 00000000 		.4byte	.LFB1
 685 001c 18000000 		.4byte	.LFE1-.LFB1
 686 0020 00000000 		.4byte	.LFB2
 687 0024 10000000 		.4byte	.LFE2-.LFB2
 688 0028 00000000 		.4byte	.LFB3
 689 002c 10000000 		.4byte	.LFE3-.LFB3
 690 0030 00000000 		.4byte	.LFB4
 691 0034 14000000 		.4byte	.LFE4-.LFB4
 692 0038 00000000 		.4byte	.LFB5
 693 003c 14000000 		.4byte	.LFE5-.LFB5
 694 0040 00000000 		.4byte	0
 695 0044 00000000 		.4byte	0
 696              		.section	.debug_ranges,"",%progbits
 697              	.Ldebug_ranges0:
 698 0000 00000000 		.4byte	.LFB0
 699 0004 34000000 		.4byte	.LFE0
 700 0008 00000000 		.4byte	.LFB1
 701 000c 18000000 		.4byte	.LFE1
 702 0010 00000000 		.4byte	.LFB2
 703 0014 10000000 		.4byte	.LFE2
 704 0018 00000000 		.4byte	.LFB3
 705 001c 10000000 		.4byte	.LFE3
 706 0020 00000000 		.4byte	.LFB4
 707 0024 14000000 		.4byte	.LFE4
 708 0028 00000000 		.4byte	.LFB5
 709 002c 14000000 		.4byte	.LFE5
 710 0030 00000000 		.4byte	0
 711 0034 00000000 		.4byte	0
 712              		.section	.debug_line,"",%progbits
 713              	.Ldebug_line0:
 714 0000 C3000000 		.section	.debug_str,"MS",%progbits,1
 714      02004A00 
 714      00000201 
 714      FB0E0D00 
 714      01010101 
 715              	.LASF15:
 716 0000 72656733 		.ascii	"reg32\000"
 716      3200
 717              	.LASF27:
 718 0006 6D61736B 		.ascii	"maskedStatus\000"
 718      65645374 
 718      61747573 
 718      00
ARM GAS  C:\Users\IEUser\AppData\Local\Temp\cc8Iv5bs.s 			page 18


 719              	.LASF19:
 720 0013 76616C75 		.ascii	"value\000"
 720      6500
 721              	.LASF16:
 722 0019 4B42445F 		.ascii	"KBD_COLPins_SetDriveMode\000"
 722      434F4C50 
 722      696E735F 
 722      53657444 
 722      72697665 
 723              	.LASF17:
 724 0032 4B42445F 		.ascii	"KBD_COLPins_Write\000"
 724      434F4C50 
 724      696E735F 
 724      57726974 
 724      6500
 725              	.LASF20:
 726 0044 4B42445F 		.ascii	"KBD_COLPins_Read\000"
 726      434F4C50 
 726      696E735F 
 726      52656164 
 726      00
 727              	.LASF12:
 728 0055 666C6F61 		.ascii	"float\000"
 728      7400
 729              	.LASF1:
 730 005b 756E7369 		.ascii	"unsigned char\000"
 730      676E6564 
 730      20636861 
 730      7200
 731              	.LASF24:
 732 0069 64725661 		.ascii	"drVal\000"
 732      6C00
 733              	.LASF5:
 734 006f 6C6F6E67 		.ascii	"long unsigned int\000"
 734      20756E73 
 734      69676E65 
 734      6420696E 
 734      7400
 735              	.LASF3:
 736 0081 73686F72 		.ascii	"short unsigned int\000"
 736      7420756E 
 736      7369676E 
 736      65642069 
 736      6E7400
 737              	.LASF21:
 738 0094 4B42445F 		.ascii	"KBD_COLPins_ReadDataReg\000"
 738      434F4C50 
 738      696E735F 
 738      52656164 
 738      44617461 
 739              	.LASF13:
 740 00ac 646F7562 		.ascii	"double\000"
 740      6C6500
 741              	.LASF10:
 742 00b3 75696E74 		.ascii	"uint16\000"
 742      313600
 743              	.LASF23:
ARM GAS  C:\Users\IEUser\AppData\Local\Temp\cc8Iv5bs.s 			page 19


 744 00ba 706F7369 		.ascii	"position\000"
 744      74696F6E 
 744      00
 745              	.LASF11:
 746 00c3 75696E74 		.ascii	"uint32\000"
 746      333200
 747              	.LASF25:
 748 00ca 696E7472 		.ascii	"intrCfg\000"
 748      43666700 
 749              	.LASF8:
 750 00d2 756E7369 		.ascii	"unsigned int\000"
 750      676E6564 
 750      20696E74 
 750      00
 751              	.LASF7:
 752 00df 6C6F6E67 		.ascii	"long long unsigned int\000"
 752      206C6F6E 
 752      6720756E 
 752      7369676E 
 752      65642069 
 753              	.LASF18:
 754 00f6 6D6F6465 		.ascii	"mode\000"
 754      00
 755              	.LASF30:
 756 00fb 433A5C55 		.ascii	"C:\\Users\\IEUser\\PSoC4_Projects\\Security system\\"
 756      73657273 
 756      5C494555 
 756      7365725C 
 756      50536F43 
 757 012a 53656375 		.ascii	"Security_system.cydsn\000"
 757      72697479 
 757      5F737973 
 757      74656D2E 
 757      63796473 
 758              	.LASF6:
 759 0140 6C6F6E67 		.ascii	"long long int\000"
 759      206C6F6E 
 759      6720696E 
 759      7400
 760              	.LASF29:
 761 014e 2E5C4765 		.ascii	".\\Generated_Source\\PSoC4\\KBD_COLPins.c\000"
 761      6E657261 
 761      7465645F 
 761      536F7572 
 761      63655C50 
 762              	.LASF14:
 763 0175 63686172 		.ascii	"char\000"
 763      00
 764              	.LASF28:
 765 017a 474E5520 		.ascii	"GNU C 4.9.3 20150303 (release) [ARM/embedded-4_9-br"
 765      4320342E 
 765      392E3320 
 765      32303135 
 765      30333033 
 766 01ad 616E6368 		.ascii	"anch revision 221220] -mcpu=cortex-m0 -mthumb -g -O"
 766      20726576 
 766      6973696F 
ARM GAS  C:\Users\IEUser\AppData\Local\Temp\cc8Iv5bs.s 			page 20


 766      6E203232 
 766      31323230 
 767 01e0 67202D66 		.ascii	"g -ffunction-sections -ffat-lto-objects\000"
 767      66756E63 
 767      74696F6E 
 767      2D736563 
 767      74696F6E 
 768              	.LASF22:
 769 0208 4B42445F 		.ascii	"KBD_COLPins_SetInterruptMode\000"
 769      434F4C50 
 769      696E735F 
 769      53657449 
 769      6E746572 
 770              	.LASF2:
 771 0225 73686F72 		.ascii	"short int\000"
 771      7420696E 
 771      7400
 772              	.LASF9:
 773 022f 75696E74 		.ascii	"uint8\000"
 773      3800
 774              	.LASF4:
 775 0235 6C6F6E67 		.ascii	"long int\000"
 775      20696E74 
 775      00
 776              	.LASF26:
 777 023e 4B42445F 		.ascii	"KBD_COLPins_ClearInterrupt\000"
 777      434F4C50 
 777      696E735F 
 777      436C6561 
 777      72496E74 
 778              	.LASF0:
 779 0259 7369676E 		.ascii	"signed char\000"
 779      65642063 
 779      68617200 
 780              		.ident	"GCC: (GNU Tools for ARM Embedded Processors) 4.9.3 20150303 (release) [ARM/embedded-4_9-br
