ARM GAS  C:\Users\IEUser\AppData\Local\Temp\ccjwttSg.s 			page 1


   1              		.cpu cortex-m0
   2              		.fpu softvfp
   3              		.eabi_attribute 20, 1
   4              		.eabi_attribute 21, 1
   5              		.eabi_attribute 23, 3
   6              		.eabi_attribute 24, 1
   7              		.eabi_attribute 25, 1
   8              		.eabi_attribute 26, 1
   9              		.eabi_attribute 30, 1
  10              		.eabi_attribute 34, 0
  11              		.eabi_attribute 18, 4
  12              		.code	16
  13              		.file	"Keyboard.c"
  14              		.text
  15              	.Ltext0:
  16              		.cfi_sections	.debug_frame
  17              		.section	.text.Keyboard_Init,"ax",%progbits
  18              		.align	2
  19              		.global	Keyboard_Init
  20              		.code	16
  21              		.thumb_func
  22              		.type	Keyboard_Init, %function
  23              	Keyboard_Init:
  24              	.LFB34:
  25              		.file 1 ".\\Keyboard.c"
   1:.\Keyboard.c  **** /********************************************************************************/
   2:.\Keyboard.c  **** /*																				*/
   3:.\Keyboard.c  **** /*    FILENAME:		C:\Cypress PSoC\Tastatur\Tastatur.cydsn\Keyboard.c			*/
   4:.\Keyboard.c  **** /*    VERSION:  	1.0															*/
   5:.\Keyboard.c  **** /*    Date:			October 2011												*/
   6:.\Keyboard.c  **** /*																				*/
   7:.\Keyboard.c  **** /*	(C) 2011 Jörg Meier Software - Entwicklung									*/
   8:.\Keyboard.c  **** /*	Steinfelder Str. 11 27404 Brümmerhof										*/
   9:.\Keyboard.c  **** /*	All rights resereved														*/
  10:.\Keyboard.c  **** /********************************************************************************/
  11:.\Keyboard.c  **** /*																				*/
  12:.\Keyboard.c  **** /*	De-Bouncing of a Keyboard, Buffering, Key-Repeating							*/
  13:.\Keyboard.c  **** /*																				*/
  14:.\Keyboard.c  **** /*	Given to Cypress Community/Developer Forum December 1st 2011				*/
  15:.\Keyboard.c  **** /*	Just as-it-is, no Warranty, use on own risk.								*/
  16:.\Keyboard.c  **** /********************************************************************************/
  17:.\Keyboard.c  **** /*																				*/
  18:.\Keyboard.c  **** /*	Timer to call Debounce_Switches is called at a rate of 2.5ms				*/
  19:.\Keyboard.c  **** /*																				*/
  20:.\Keyboard.c  **** /********************************************************************************/
  21:.\Keyboard.c  **** #include <device.h>
  22:.\Keyboard.c  **** #define TIMER_INTERVAL 5	//5 ms
  23:.\Keyboard.c  **** #define MAX_CHECKS 10 		// Number of Samples Before Key is De-bounced
  24:.\Keyboard.c  **** #define REPEAT_RATE (200/TIMER_INTERVAL)	// 400 ms Key Repeat Rate
  25:.\Keyboard.c  **** #define INITIAL_DELAY (600/TIMER_INTERVAL - REPEAT_RATE) // 600 ms Wait-Time Before Key first Repea
  26:.\Keyboard.c  **** /********************************************************************************/
  27:.\Keyboard.c  **** //#define Debug	//Test purposes													*/
  28:.\Keyboard.c  **** /********************************************************************************/
  29:.\Keyboard.c  **** 
  30:.\Keyboard.c  **** CY_ISR_PROTO(Key_Debounce);
  31:.\Keyboard.c  **** 
  32:.\Keyboard.c  **** 
ARM GAS  C:\Users\IEUser\AppData\Local\Temp\ccjwttSg.s 			page 2


  33:.\Keyboard.c  **** uint8 Debounced_Key = 0; // Last Debounced Key
  34:.\Keyboard.c  **** 
  35:.\Keyboard.c  **** /********** Key Buffer **********************/
  36:.\Keyboard.c  **** #define KEYBUFFSIZE 10	// Number of Keypresses to buffer
  37:.\Keyboard.c  **** /********************************************/
  38:.\Keyboard.c  **** uint8 KBD_WriteIndex = 0;					
  39:.\Keyboard.c  **** uint8 KBD_ReadIndex = 0;
  40:.\Keyboard.c  **** char8 KBD_Buffer[KEYBUFFSIZE];
  41:.\Keyboard.c  **** /********************************************/
  42:.\Keyboard.c  **** 
  43:.\Keyboard.c  **** //********** Definition of the Keyboard Matrix ************//
  44:.\Keyboard.c  **** #define KEYROWS 4
  45:.\Keyboard.c  **** #define KEYCOLS	3
  46:.\Keyboard.c  **** #define KEYRWIDTH 2		// Number of bits to encode KEYROWS-1
  47:.\Keyboard.c  **** #define KEYCWIDTH 2		// Number of bits to encode KEYCOLS-1
  48:.\Keyboard.c  **** // Resulting bit pattern is 0000CCRR with a max value of 0b0000 1011 = 0x0b +1 = 0x0c = 12
  49:.\Keyboard.c  **** //********** End of Matrix Definition *********************//
  50:.\Keyboard.c  **** #define MAXKEYVALUE (((KEYCOLS-1) | ((KEYROWS -1) << KEYCWIDTH)))+1
  51:.\Keyboard.c  **** #define KEYROWMASK ((1 << KEYROWS)-1)
  52:.\Keyboard.c  **** #define KEYCOLMASK ((1 << KEYCOLS)-1)
  53:.\Keyboard.c  **** 
  54:.\Keyboard.c  **** CYCODE const char8 TranslateTable[MAXKEYVALUE] = {
  55:.\Keyboard.c  **** 					'1','4','7',
  56:.\Keyboard.c  ****                     '*','2','5',
  57:.\Keyboard.c  **** 					'8','0','3',
  58:.\Keyboard.c  **** 					'6','9','#'
  59:.\Keyboard.c  **** 												 };
  60:.\Keyboard.c  **** 								 
  61:.\Keyboard.c  **** void Keyboard_Init(void)
  62:.\Keyboard.c  **** {
  26              		.loc 1 62 0
  27              		.cfi_startproc
  28 0000 08B5     		push	{r3, lr}
  29              		.cfi_def_cfa_offset 8
  30              		.cfi_offset 3, -8
  31              		.cfi_offset 14, -4
  63:.\Keyboard.c  **** 	Debounce_Int_StartEx(Key_Debounce);
  32              		.loc 1 63 0
  33 0002 0348     		ldr	r0, .L2
  34 0004 FFF7FEFF 		bl	Debounce_Int_StartEx
  35              	.LVL0:
  64:.\Keyboard.c  **** 	Debounce_Timer_Start();
  36              		.loc 1 64 0
  37 0008 FFF7FEFF 		bl	Debounce_Timer_Start
  38              	.LVL1:
  65:.\Keyboard.c  **** }
  39              		.loc 1 65 0
  40              		@ sp needed
  41 000c 08BD     		pop	{r3, pc}
  42              	.L3:
  43 000e C046     		.align	2
  44              	.L2:
  45 0010 00000000 		.word	Key_Debounce
  46              		.cfi_endproc
  47              	.LFE34:
  48              		.size	Keyboard_Init, .-Keyboard_Init
  49              		.section	.text.Put_KBD_Char,"ax",%progbits
ARM GAS  C:\Users\IEUser\AppData\Local\Temp\ccjwttSg.s 			page 3


  50              		.align	2
  51              		.global	Put_KBD_Char
  52              		.code	16
  53              		.thumb_func
  54              		.type	Put_KBD_Char, %function
  55              	Put_KBD_Char:
  56              	.LFB35:
  66:.\Keyboard.c  **** 
  67:.\Keyboard.c  **** void Put_KBD_Char(char8 Ch)
  68:.\Keyboard.c  **** {
  57              		.loc 1 68 0
  58              		.cfi_startproc
  59              	.LVL2:
  69:.\Keyboard.c  **** 	KBD_Buffer[KBD_WriteIndex++] = TranslateTable[Ch-1];
  60              		.loc 1 69 0
  61 0000 0749     		ldr	r1, .L6
  62 0002 0A78     		ldrb	r2, [r1]
  63 0004 531C     		add	r3, r2, #1
  64 0006 DBB2     		uxtb	r3, r3
  65 0008 0B70     		strb	r3, [r1]
  66 000a 0138     		sub	r0, r0, #1
  67              	.LVL3:
  68 000c 0549     		ldr	r1, .L6+4
  69 000e 085C     		ldrb	r0, [r1, r0]
  70 0010 0549     		ldr	r1, .L6+8
  71 0012 8854     		strb	r0, [r1, r2]
  70:.\Keyboard.c  **** 	if (KBD_WriteIndex >= KEYBUFFSIZE) KBD_WriteIndex = 0;
  72              		.loc 1 70 0
  73 0014 092B     		cmp	r3, #9
  74 0016 02D9     		bls	.L4
  75              		.loc 1 70 0 is_stmt 0 discriminator 1
  76 0018 0022     		mov	r2, #0
  77 001a 014B     		ldr	r3, .L6
  78 001c 1A70     		strb	r2, [r3]
  79              	.L4:
  71:.\Keyboard.c  **** }
  80              		.loc 1 71 0 is_stmt 1
  81              		@ sp needed
  82 001e 7047     		bx	lr
  83              	.L7:
  84              		.align	2
  85              	.L6:
  86 0020 00000000 		.word	.LANCHOR0
  87 0024 00000000 		.word	.LANCHOR1
  88 0028 00000000 		.word	KBD_Buffer
  89              		.cfi_endproc
  90              	.LFE35:
  91              		.size	Put_KBD_Char, .-Put_KBD_Char
  92              		.section	.text.KBD_Char_Ready,"ax",%progbits
  93              		.align	2
  94              		.global	KBD_Char_Ready
  95              		.code	16
  96              		.thumb_func
  97              		.type	KBD_Char_Ready, %function
  98              	KBD_Char_Ready:
  99              	.LFB36:
  72:.\Keyboard.c  **** 
ARM GAS  C:\Users\IEUser\AppData\Local\Temp\ccjwttSg.s 			page 4


  73:.\Keyboard.c  **** char8 KBD_Char_Ready(void)
  74:.\Keyboard.c  **** {
 100              		.loc 1 74 0
 101              		.cfi_startproc
  75:.\Keyboard.c  **** 	return (KBD_WriteIndex != KBD_ReadIndex);
 102              		.loc 1 75 0
 103 0000 034A     		ldr	r2, .L9
 104 0002 1378     		ldrb	r3, [r2]
 105 0004 5078     		ldrb	r0, [r2, #1]
 106 0006 181A     		sub	r0, r3, r0
 107 0008 431E     		sub	r3, r0, #1
 108 000a 9841     		sbc	r0, r0, r3
 109 000c C0B2     		uxtb	r0, r0
  76:.\Keyboard.c  **** }
 110              		.loc 1 76 0
 111              		@ sp needed
 112 000e 7047     		bx	lr
 113              	.L10:
 114              		.align	2
 115              	.L9:
 116 0010 00000000 		.word	.LANCHOR0
 117              		.cfi_endproc
 118              	.LFE36:
 119              		.size	KBD_Char_Ready, .-KBD_Char_Ready
 120              		.section	.text.Get_KBD_Char,"ax",%progbits
 121              		.align	2
 122              		.global	Get_KBD_Char
 123              		.code	16
 124              		.thumb_func
 125              		.type	Get_KBD_Char, %function
 126              	Get_KBD_Char:
 127              	.LFB37:
  77:.\Keyboard.c  **** 
  78:.\Keyboard.c  **** char8 Get_KBD_Char(void)
  79:.\Keyboard.c  **** {
 128              		.loc 1 79 0
 129              		.cfi_startproc
 130 0000 08B5     		push	{r3, lr}
 131              		.cfi_def_cfa_offset 8
 132              		.cfi_offset 3, -8
 133              		.cfi_offset 14, -4
 134              	.L12:
  80:.\Keyboard.c  **** char8 Result;
  81:.\Keyboard.c  **** 	while (!KBD_Char_Ready());
 135              		.loc 1 81 0 discriminator 1
 136 0002 FFF7FEFF 		bl	KBD_Char_Ready
 137              	.LVL4:
 138 0006 0028     		cmp	r0, #0
 139 0008 FBD0     		beq	.L12
  82:.\Keyboard.c  **** 	Result = KBD_Buffer[KBD_ReadIndex++];
 140              		.loc 1 82 0
 141 000a 0649     		ldr	r1, .L14
 142 000c 4A78     		ldrb	r2, [r1, #1]
 143 000e 531C     		add	r3, r2, #1
 144 0010 DBB2     		uxtb	r3, r3
 145 0012 4B70     		strb	r3, [r1, #1]
 146 0014 0449     		ldr	r1, .L14+4
ARM GAS  C:\Users\IEUser\AppData\Local\Temp\ccjwttSg.s 			page 5


 147 0016 885C     		ldrb	r0, [r1, r2]
 148              	.LVL5:
  83:.\Keyboard.c  **** 	if (KBD_ReadIndex >= KEYBUFFSIZE) KBD_ReadIndex = 0;
 149              		.loc 1 83 0
 150 0018 092B     		cmp	r3, #9
 151 001a 02D9     		bls	.L13
 152              		.loc 1 83 0 is_stmt 0 discriminator 1
 153 001c 0022     		mov	r2, #0
 154 001e 014B     		ldr	r3, .L14
 155 0020 5A70     		strb	r2, [r3, #1]
 156              	.L13:
  84:.\Keyboard.c  **** 	return Result;
  85:.\Keyboard.c  **** }
 157              		.loc 1 85 0 is_stmt 1
 158              		@ sp needed
 159 0022 08BD     		pop	{r3, pc}
 160              	.L15:
 161              		.align	2
 162              	.L14:
 163 0024 00000000 		.word	.LANCHOR0
 164 0028 00000000 		.word	KBD_Buffer
 165              		.cfi_endproc
 166              	.LFE37:
 167              		.size	Get_KBD_Char, .-Get_KBD_Char
 168              		.section	.text.LowestBitPosition,"ax",%progbits
 169              		.align	2
 170              		.global	LowestBitPosition
 171              		.code	16
 172              		.thumb_func
 173              		.type	LowestBitPosition, %function
 174              	LowestBitPosition:
 175              	.LFB38:
  86:.\Keyboard.c  **** 
  87:.\Keyboard.c  **** uint8 LowestBitPosition(uint8 Val)
  88:.\Keyboard.c  **** {
 176              		.loc 1 88 0
 177              		.cfi_startproc
 178              	.LVL6:
  89:.\Keyboard.c  **** uint8 ii;
  90:.\Keyboard.c  **** 	for (ii=0; ii < 8;ii++,Val >>= 1)
 179              		.loc 1 90 0
 180 0000 0023     		mov	r3, #0
 181 0002 06E0     		b	.L17
 182              	.LVL7:
 183              	.L20:
  91:.\Keyboard.c  **** 	{
  92:.\Keyboard.c  **** 		if (Val & 0x01u) return ii;
 184              		.loc 1 92 0
 185 0004 C207     		lsl	r2, r0, #31
 186 0006 01D5     		bpl	.L18
 187              		.loc 1 92 0 is_stmt 0 discriminator 1
 188 0008 181C     		mov	r0, r3
 189              	.LVL8:
 190 000a 05E0     		b	.L19
 191              	.LVL9:
 192              	.L18:
  90:.\Keyboard.c  **** 	{
ARM GAS  C:\Users\IEUser\AppData\Local\Temp\ccjwttSg.s 			page 6


 193              		.loc 1 90 0 is_stmt 1 discriminator 2
 194 000c 0133     		add	r3, r3, #1
 195              	.LVL10:
 196 000e DBB2     		uxtb	r3, r3
 197              	.LVL11:
 198 0010 4008     		lsr	r0, r0, #1
 199              	.LVL12:
 200              	.L17:
  90:.\Keyboard.c  **** 	{
 201              		.loc 1 90 0 is_stmt 0 discriminator 1
 202 0012 072B     		cmp	r3, #7
 203 0014 F6D9     		bls	.L20
  93:.\Keyboard.c  **** 	}
  94:.\Keyboard.c  **** 	return 0xffu;
 204              		.loc 1 94 0 is_stmt 1
 205 0016 FF20     		mov	r0, #255
 206              	.LVL13:
 207              	.L19:
  95:.\Keyboard.c  **** }
 208              		.loc 1 95 0
 209              		@ sp needed
 210 0018 7047     		bx	lr
 211              		.cfi_endproc
 212              	.LFE38:
 213              		.size	LowestBitPosition, .-LowestBitPosition
 214 001a C046     		.section	.text.ReadMatrix,"ax",%progbits
 215              		.align	2
 216              		.global	ReadMatrix
 217              		.code	16
 218              		.thumb_func
 219              		.type	ReadMatrix, %function
 220              	ReadMatrix:
 221              	.LFB39:
  96:.\Keyboard.c  **** 
  97:.\Keyboard.c  **** uint8 ReadMatrix(void) 
  98:.\Keyboard.c  **** {
 222              		.loc 1 98 0
 223              		.cfi_startproc
 224 0000 38B5     		push	{r3, r4, r5, lr}
 225              		.cfi_def_cfa_offset 16
 226              		.cfi_offset 3, -16
 227              		.cfi_offset 4, -12
 228              		.cfi_offset 5, -8
 229              		.cfi_offset 14, -4
  99:.\Keyboard.c  **** char8	Row;
 100:.\Keyboard.c  **** char8	Column;
 101:.\Keyboard.c  **** 	//*** Get Row ***//
 102:.\Keyboard.c  **** 	KBD_ROWPins_Write(KEYROWMASK);
 230              		.loc 1 102 0
 231 0002 0F20     		mov	r0, #15
 232 0004 FFF7FEFF 		bl	KBD_ROWPins_Write
 233              	.LVL14:
 103:.\Keyboard.c  **** 	KBD_COLPins_Write(~KEYCOLMASK);
 234              		.loc 1 103 0
 235 0008 F820     		mov	r0, #248
 236 000a FFF7FEFF 		bl	KBD_COLPins_Write
 237              	.LVL15:
ARM GAS  C:\Users\IEUser\AppData\Local\Temp\ccjwttSg.s 			page 7


 104:.\Keyboard.c  **** 	if ((Row=KBD_ROWPins_Read()) == KEYROWMASK) return 0;
 238              		.loc 1 104 0
 239 000e FFF7FEFF 		bl	KBD_ROWPins_Read
 240              	.LVL16:
 241 0012 041E     		sub	r4, r0, #0
 242              	.LVL17:
 243 0014 0F2C     		cmp	r4, #15
 244 0016 18D0     		beq	.L23
 105:.\Keyboard.c  **** 	//*** Get Column ***//
 106:.\Keyboard.c  **** 	KBD_COLPins_Write(KEYCOLMASK);
 245              		.loc 1 106 0
 246 0018 0720     		mov	r0, #7
 247              	.LVL18:
 248 001a FFF7FEFF 		bl	KBD_COLPins_Write
 249              	.LVL19:
 107:.\Keyboard.c  **** 	KBD_ROWPins_Write(Row);
 250              		.loc 1 107 0
 251 001e 201C     		mov	r0, r4
 252 0020 FFF7FEFF 		bl	KBD_ROWPins_Write
 253              	.LVL20:
 108:.\Keyboard.c  **** 	if ((Column = KBD_COLPins_Read()) == KEYCOLMASK) return 0;
 254              		.loc 1 108 0
 255 0024 FFF7FEFF 		bl	KBD_COLPins_Read
 256              	.LVL21:
 257 0028 051E     		sub	r5, r0, #0
 258              	.LVL22:
 259 002a 072D     		cmp	r5, #7
 260 002c 0FD0     		beq	.L24
 109:.\Keyboard.c  **** 
 110:.\Keyboard.c  **** 	return (LowestBitPosition(~Row) | (LowestBitPosition(~Column) << 2))+1; // max is 0b0000 1011 = 11
 261              		.loc 1 110 0
 262 002e E043     		mvn	r0, r4
 263              	.LVL23:
 264 0030 C0B2     		uxtb	r0, r0
 265 0032 FFF7FEFF 		bl	LowestBitPosition
 266              	.LVL24:
 267 0036 041C     		mov	r4, r0
 268 0038 E843     		mvn	r0, r5
 269 003a C0B2     		uxtb	r0, r0
 270 003c FFF7FEFF 		bl	LowestBitPosition
 271              	.LVL25:
 272 0040 8000     		lsl	r0, r0, #2
 273 0042 2043     		orr	r0, r4
 274 0044 0130     		add	r0, r0, #1
 275 0046 C0B2     		uxtb	r0, r0
 276 0048 02E0     		b	.L22
 277              	.LVL26:
 278              	.L23:
 104:.\Keyboard.c  **** 	//*** Get Column ***//
 279              		.loc 1 104 0
 280 004a 0020     		mov	r0, #0
 281              	.LVL27:
 282 004c 00E0     		b	.L22
 283              	.LVL28:
 284              	.L24:
 108:.\Keyboard.c  **** 	if ((Column = KBD_COLPins_Read()) == KEYCOLMASK) return 0;
 285              		.loc 1 108 0
ARM GAS  C:\Users\IEUser\AppData\Local\Temp\ccjwttSg.s 			page 8


 286 004e 0020     		mov	r0, #0
 287              	.LVL29:
 288              	.L22:
 111:.\Keyboard.c  **** }
 289              		.loc 1 111 0
 290              		@ sp needed
 291 0050 38BD     		pop	{r3, r4, r5, pc}
 292              		.cfi_endproc
 293              	.LFE39:
 294              		.size	ReadMatrix, .-ReadMatrix
 295 0052 C046     		.section	.text.Key_Debounce,"ax",%progbits
 296              		.align	2
 297              		.global	Key_Debounce
 298              		.code	16
 299              		.thumb_func
 300              		.type	Key_Debounce, %function
 301              	Key_Debounce:
 302              	.LFB40:
 112:.\Keyboard.c  **** 
 113:.\Keyboard.c  **** //***********************************************//
 114:.\Keyboard.c  **** //* Service routine called by a timer interrupt	**/
 115:.\Keyboard.c  **** //***********************************************//
 116:.\Keyboard.c  **** void Key_Debounce(void)
 117:.\Keyboard.c  **** {
 303              		.loc 1 117 0
 304              		.cfi_startproc
 305 0000 38B5     		push	{r3, r4, r5, lr}
 306              		.cfi_def_cfa_offset 16
 307              		.cfi_offset 3, -16
 308              		.cfi_offset 4, -12
 309              		.cfi_offset 5, -8
 310              		.cfi_offset 14, -4
 118:.\Keyboard.c  **** static uint8 State[MAX_CHECKS];			// 	Array that maintains bounce status
 119:.\Keyboard.c  **** static uint8 StateIndex = 0;			//	Index into State
 120:.\Keyboard.c  **** static uint8 Key_Pressed_Delay	= 0;	//	Delay for continous pressed Key before first keystroke is ge
 121:.\Keyboard.c  **** static uint8 Key_Generate_Delay	= 0;	//	Delay for generating next Keystroke when key is pressed con
 122:.\Keyboard.c  **** uint8 ii;								//	used as a loop-index
 123:.\Keyboard.c  **** uint8 NewKey;							//	New key pressed /released state
 124:.\Keyboard.c  **** 
 125:.\Keyboard.c  **** 	Debounce_Timer_ReadStatusRegister();		// Clear Interrupt source
 311              		.loc 1 125 0
 312 0002 FFF7FEFF 		bl	Debounce_Timer_ReadStatusRegister
 313              	.LVL30:
 126:.\Keyboard.c  **** 	State[StateIndex++] = ReadMatrix();			
 314              		.loc 1 126 0
 315 0006 284C     		ldr	r4, .L35
 316 0008 A578     		ldrb	r5, [r4, #2]
 317 000a 6B1C     		add	r3, r5, #1
 318 000c A370     		strb	r3, [r4, #2]
 319 000e FFF7FEFF 		bl	ReadMatrix
 320              	.LVL31:
 321 0012 6519     		add	r5, r4, r5
 322 0014 2871     		strb	r0, [r5, #4]
 127:.\Keyboard.c  **** 	if(StateIndex >= MAX_CHECKS)StateIndex = 0;	// Wrap around
 323              		.loc 1 127 0
 324 0016 A378     		ldrb	r3, [r4, #2]
 325 0018 092B     		cmp	r3, #9
ARM GAS  C:\Users\IEUser\AppData\Local\Temp\ccjwttSg.s 			page 9


 326 001a 02D9     		bls	.L26
 327              		.loc 1 127 0 is_stmt 0 discriminator 1
 328 001c 0022     		mov	r2, #0
 329 001e 224B     		ldr	r3, .L35
 330 0020 9A70     		strb	r2, [r3, #2]
 331              	.L26:
 332              	.LVL32:
 128:.\Keyboard.c  **** 
 129:.\Keyboard.c  **** 	for(ii=0,NewKey=0xff; ii<MAX_CHECKS;NewKey &= State[ii++]);
 333              		.loc 1 129 0 is_stmt 1
 334 0022 FF24     		mov	r4, #255
 335 0024 0023     		mov	r3, #0
 336 0026 05E0     		b	.L27
 337              	.LVL33:
 338              	.L28:
 339              		.loc 1 129 0 is_stmt 0 discriminator 3
 340 0028 5A1C     		add	r2, r3, #1
 341              	.LVL34:
 342 002a 1F49     		ldr	r1, .L35
 343 002c CB18     		add	r3, r1, r3
 344 002e 1B79     		ldrb	r3, [r3, #4]
 345 0030 1C40     		and	r4, r3
 346              	.LVL35:
 347 0032 D3B2     		uxtb	r3, r2
 348              	.LVL36:
 349              	.L27:
 350              		.loc 1 129 0 discriminator 1
 351 0034 092B     		cmp	r3, #9
 352 0036 F7D9     		bls	.L28
 130:.\Keyboard.c  **** 
 131:.\Keyboard.c  **** /***** NewKey is new, Debounced_Key is old *****/
 132:.\Keyboard.c  **** /*	new old 									*/
 133:.\Keyboard.c  **** /*	0	0	 	nothing happened	!new & !old	*/
 134:.\Keyboard.c  **** /*  0   1		key released		!new &  old	*/
 135:.\Keyboard.c  **** /*	1	0		key pressed			 new & !old	*/
 136:.\Keyboard.c  **** /*	1	1		continued keypress	 new &  old	*/
 137:.\Keyboard.c  **** /************************************************/
 138:.\Keyboard.c  **** 
 139:.\Keyboard.c  **** 	if ((uint8)((~NewKey) & (~Debounced_Key))== 0xffu)	// Nothing has happened
 353              		.loc 1 139 0 is_stmt 1
 354 0038 E3B2     		uxtb	r3, r4
 355              	.LVL37:
 356 003a 1B4A     		ldr	r2, .L35
 357 003c 917B     		ldrb	r1, [r2, #14]
 358 003e CAB2     		uxtb	r2, r1
 359 0040 181C     		mov	r0, r3
 360 0042 1043     		orr	r0, r2
 361 0044 02D1     		bne	.L29
 140:.\Keyboard.c  **** 	{
 141:.\Keyboard.c  **** 		Debounced_Key = NewKey;
 362              		.loc 1 141 0
 363 0046 184B     		ldr	r3, .L35
 364 0048 9C73     		strb	r4, [r3, #14]
 142:.\Keyboard.c  **** 		return;
 365              		.loc 1 142 0
 366 004a 2CE0     		b	.L25
 367              	.L29:
ARM GAS  C:\Users\IEUser\AppData\Local\Temp\ccjwttSg.s 			page 10


 143:.\Keyboard.c  **** 	}
 144:.\Keyboard.c  **** 	
 145:.\Keyboard.c  **** 	if ((uint8)(~NewKey & Debounced_Key)!= 0x00u)		// Any key released
 368              		.loc 1 145 0
 369 004c 101C     		mov	r0, r2
 370 004e 9843     		bic	r0, r3
 371 0050 04D0     		beq	.L31
 146:.\Keyboard.c  **** 	{
 147:.\Keyboard.c  **** 		Debounced_Key = NewKey;
 372              		.loc 1 147 0
 373 0052 154B     		ldr	r3, .L35
 374 0054 9C73     		strb	r4, [r3, #14]
 148:.\Keyboard.c  **** 		Key_Pressed_Delay = 0;
 375              		.loc 1 148 0
 376 0056 0022     		mov	r2, #0
 377 0058 DA73     		strb	r2, [r3, #15]
 149:.\Keyboard.c  **** 		return;
 378              		.loc 1 149 0
 379 005a 24E0     		b	.L25
 380              	.L31:
 150:.\Keyboard.c  **** 	}
 151:.\Keyboard.c  **** 	
 152:.\Keyboard.c  **** 	if ((uint8)(NewKey & ~Debounced_Key)!= 0x00u)		// Key pressed seen first time
 381              		.loc 1 152 0
 382 005c 9343     		bic	r3, r2
 383 005e 07D0     		beq	.L32
 153:.\Keyboard.c  **** 	{
 154:.\Keyboard.c  **** 		Put_KBD_Char(NewKey);
 384              		.loc 1 154 0
 385 0060 201C     		mov	r0, r4
 386 0062 FFF7FEFF 		bl	Put_KBD_Char
 387              	.LVL38:
 155:.\Keyboard.c  **** 		Key_Pressed_Delay = 0;
 388              		.loc 1 155 0
 389 0066 104B     		ldr	r3, .L35
 390 0068 0022     		mov	r2, #0
 391 006a DA73     		strb	r2, [r3, #15]
 156:.\Keyboard.c  **** 		Debounced_Key = NewKey;
 392              		.loc 1 156 0
 393 006c 9C73     		strb	r4, [r3, #14]
 157:.\Keyboard.c  **** 		return;
 394              		.loc 1 157 0
 395 006e 1AE0     		b	.L25
 396              	.L32:
 158:.\Keyboard.c  **** 	}
 159:.\Keyboard.c  **** 	
 160:.\Keyboard.c  **** 	if ((uint8)(NewKey & Debounced_Key)!= 0x00u)		// Key is continously pressed
 397              		.loc 1 160 0
 398 0070 2142     		tst	r1, r4
 399 0072 18D0     		beq	.L25
 161:.\Keyboard.c  **** 	{
 162:.\Keyboard.c  **** 		if (Key_Pressed_Delay < INITIAL_DELAY)
 400              		.loc 1 162 0
 401 0074 0C4B     		ldr	r3, .L35
 402 0076 DB7B     		ldrb	r3, [r3, #15]
 403 0078 4F2B     		cmp	r3, #79
 404 007a 05D8     		bhi	.L33
ARM GAS  C:\Users\IEUser\AppData\Local\Temp\ccjwttSg.s 			page 11


 163:.\Keyboard.c  **** 		{
 164:.\Keyboard.c  **** 			Key_Pressed_Delay++;
 405              		.loc 1 164 0
 406 007c 0A4A     		ldr	r2, .L35
 407 007e 0133     		add	r3, r3, #1
 408 0080 D373     		strb	r3, [r2, #15]
 165:.\Keyboard.c  **** 			Key_Generate_Delay = 0;
 409              		.loc 1 165 0
 410 0082 0023     		mov	r3, #0
 411 0084 1374     		strb	r3, [r2, #16]
 412 0086 0CE0     		b	.L34
 413              	.L33:
 166:.\Keyboard.c  **** 		}
 167:.\Keyboard.c  **** 		else
 168:.\Keyboard.c  **** 		{
 169:.\Keyboard.c  **** 			Key_Generate_Delay++;
 414              		.loc 1 169 0
 415 0088 074A     		ldr	r2, .L35
 416 008a 137C     		ldrb	r3, [r2, #16]
 417 008c 0133     		add	r3, r3, #1
 418 008e DBB2     		uxtb	r3, r3
 419 0090 1374     		strb	r3, [r2, #16]
 170:.\Keyboard.c  **** 			if (Key_Generate_Delay >= REPEAT_RATE)
 420              		.loc 1 170 0
 421 0092 272B     		cmp	r3, #39
 422 0094 05D9     		bls	.L34
 171:.\Keyboard.c  **** 			{
 172:.\Keyboard.c  **** 				Key_Generate_Delay = 0;
 423              		.loc 1 172 0
 424 0096 0022     		mov	r2, #0
 425 0098 034B     		ldr	r3, .L35
 426 009a 1A74     		strb	r2, [r3, #16]
 173:.\Keyboard.c  **** 				Put_KBD_Char(NewKey);
 427              		.loc 1 173 0
 428 009c 201C     		mov	r0, r4
 429 009e FFF7FEFF 		bl	Put_KBD_Char
 430              	.LVL39:
 431              	.L34:
 174:.\Keyboard.c  **** 			}
 175:.\Keyboard.c  **** 		}
 176:.\Keyboard.c  **** 		Debounced_Key = NewKey;	
 432              		.loc 1 176 0
 433 00a2 014B     		ldr	r3, .L35
 434 00a4 9C73     		strb	r4, [r3, #14]
 435              	.L25:
 177:.\Keyboard.c  **** 	}
 178:.\Keyboard.c  **** }
 436              		.loc 1 178 0
 437              		@ sp needed
 438              	.LVL40:
 439 00a6 38BD     		pop	{r3, r4, r5, pc}
 440              	.L36:
 441              		.align	2
 442              	.L35:
 443 00a8 00000000 		.word	.LANCHOR0
 444              		.cfi_endproc
 445              	.LFE40:
ARM GAS  C:\Users\IEUser\AppData\Local\Temp\ccjwttSg.s 			page 12


 446              		.size	Key_Debounce, .-Key_Debounce
 447              		.global	TranslateTable
 448              		.comm	KBD_Buffer,10,4
 449              		.global	KBD_ReadIndex
 450              		.global	KBD_WriteIndex
 451              		.global	Debounced_Key
 452              		.section	.rodata
 453              		.align	2
 454              		.set	.LANCHOR1,. + 0
 455              		.type	TranslateTable, %object
 456              		.size	TranslateTable, 15
 457              	TranslateTable:
 458 0000 31       		.byte	49
 459 0001 34       		.byte	52
 460 0002 37       		.byte	55
 461 0003 2A       		.byte	42
 462 0004 32       		.byte	50
 463 0005 35       		.byte	53
 464 0006 38       		.byte	56
 465 0007 30       		.byte	48
 466 0008 33       		.byte	51
 467 0009 36       		.byte	54
 468 000a 39       		.byte	57
 469 000b 23       		.byte	35
 470 000c 000000   		.space	3
 471 000f 00       		.bss
 472              		.align	2
 473              		.set	.LANCHOR0,. + 0
 474              		.type	KBD_WriteIndex, %object
 475              		.size	KBD_WriteIndex, 1
 476              	KBD_WriteIndex:
 477 0000 00       		.space	1
 478              		.type	KBD_ReadIndex, %object
 479              		.size	KBD_ReadIndex, 1
 480              	KBD_ReadIndex:
 481 0001 00       		.space	1
 482              		.type	StateIndex.5601, %object
 483              		.size	StateIndex.5601, 1
 484              	StateIndex.5601:
 485 0002 00       		.space	1
 486 0003 00       		.space	1
 487              		.type	State.5600, %object
 488              		.size	State.5600, 10
 489              	State.5600:
 490 0004 00000000 		.space	10
 490      00000000 
 490      0000
 491              		.type	Debounced_Key, %object
 492              		.size	Debounced_Key, 1
 493              	Debounced_Key:
 494 000e 00       		.space	1
 495              		.type	Key_Pressed_Delay.5602, %object
 496              		.size	Key_Pressed_Delay.5602, 1
 497              	Key_Pressed_Delay.5602:
 498 000f 00       		.space	1
 499              		.type	Key_Generate_Delay.5603, %object
 500              		.size	Key_Generate_Delay.5603, 1
ARM GAS  C:\Users\IEUser\AppData\Local\Temp\ccjwttSg.s 			page 13


 501              	Key_Generate_Delay.5603:
 502 0010 00       		.space	1
 503 0011 000000   		.text
 504              	.Letext0:
 505              		.file 2 "Generated_Source\\PSoC4/cytypes.h"
 506              		.file 3 "Generated_Source\\PSoC4/Debounce_Int.h"
 507              		.file 4 "Generated_Source\\PSoC4/KBD_ROWPins.h"
 508              		.file 5 "Generated_Source\\PSoC4/KBD_COLPins.h"
 509              		.file 6 "Generated_Source\\PSoC4/Debounce_Timer.h"
 510              		.section	.debug_info,"",%progbits
 511              	.Ldebug_info0:
 512 0000 D5030000 		.4byte	0x3d5
 513 0004 0400     		.2byte	0x4
 514 0006 00000000 		.4byte	.Ldebug_abbrev0
 515 000a 04       		.byte	0x4
 516 000b 01       		.uleb128 0x1
 517 000c CC010000 		.4byte	.LASF40
 518 0010 01       		.byte	0x1
 519 0011 D7000000 		.4byte	.LASF41
 520 0015 70010000 		.4byte	.LASF42
 521 0019 00000000 		.4byte	.Ldebug_ranges0+0
 522 001d 00000000 		.4byte	0
 523 0021 00000000 		.4byte	.Ldebug_line0
 524 0025 02       		.uleb128 0x2
 525 0026 01       		.byte	0x1
 526 0027 06       		.byte	0x6
 527 0028 EE020000 		.4byte	.LASF0
 528 002c 02       		.uleb128 0x2
 529 002d 01       		.byte	0x1
 530 002e 08       		.byte	0x8
 531 002f 98000000 		.4byte	.LASF1
 532 0033 02       		.uleb128 0x2
 533 0034 02       		.byte	0x2
 534 0035 05       		.byte	0x5
 535 0036 C6020000 		.4byte	.LASF2
 536 003a 02       		.uleb128 0x2
 537 003b 02       		.byte	0x2
 538 003c 07       		.byte	0x7
 539 003d 42000000 		.4byte	.LASF3
 540 0041 02       		.uleb128 0x2
 541 0042 04       		.byte	0x4
 542 0043 05       		.byte	0x5
 543 0044 E5020000 		.4byte	.LASF4
 544 0048 02       		.uleb128 0x2
 545 0049 04       		.byte	0x4
 546 004a 07       		.byte	0x7
 547 004b AC000000 		.4byte	.LASF5
 548 004f 02       		.uleb128 0x2
 549 0050 08       		.byte	0x8
 550 0051 05       		.byte	0x5
 551 0052 5A020000 		.4byte	.LASF6
 552 0056 02       		.uleb128 0x2
 553 0057 08       		.byte	0x8
 554 0058 07       		.byte	0x7
 555 0059 4C010000 		.4byte	.LASF7
 556 005d 03       		.uleb128 0x3
 557 005e 04       		.byte	0x4
ARM GAS  C:\Users\IEUser\AppData\Local\Temp\ccjwttSg.s 			page 14


 558 005f 05       		.byte	0x5
 559 0060 696E7400 		.ascii	"int\000"
 560 0064 02       		.uleb128 0x2
 561 0065 04       		.byte	0x4
 562 0066 07       		.byte	0x7
 563 0067 2E010000 		.4byte	.LASF8
 564 006b 04       		.uleb128 0x4
 565 006c BE000000 		.4byte	.LASF11
 566 0070 02       		.byte	0x2
 567 0071 3801     		.2byte	0x138
 568 0073 2C000000 		.4byte	0x2c
 569 0077 02       		.uleb128 0x2
 570 0078 04       		.byte	0x4
 571 0079 04       		.byte	0x4
 572 007a 92000000 		.4byte	.LASF9
 573 007e 02       		.uleb128 0x2
 574 007f 08       		.byte	0x8
 575 0080 04       		.byte	0x4
 576 0081 F2000000 		.4byte	.LASF10
 577 0085 04       		.uleb128 0x4
 578 0086 A6000000 		.4byte	.LASF12
 579 008a 02       		.byte	0x2
 580 008b 4901     		.2byte	0x149
 581 008d 91000000 		.4byte	0x91
 582 0091 02       		.uleb128 0x2
 583 0092 01       		.byte	0x1
 584 0093 08       		.byte	0x8
 585 0094 7B020000 		.4byte	.LASF13
 586 0098 04       		.uleb128 0x4
 587 0099 63010000 		.4byte	.LASF14
 588 009d 02       		.byte	0x2
 589 009e F401     		.2byte	0x1f4
 590 00a0 A4000000 		.4byte	0xa4
 591 00a4 05       		.uleb128 0x5
 592 00a5 04       		.byte	0x4
 593 00a6 AA000000 		.4byte	0xaa
 594 00aa 06       		.uleb128 0x6
 595 00ab 02       		.uleb128 0x2
 596 00ac 04       		.byte	0x4
 597 00ad 07       		.byte	0x7
 598 00ae C3010000 		.4byte	.LASF15
 599 00b2 07       		.uleb128 0x7
 600 00b3 B5010000 		.4byte	.LASF16
 601 00b7 01       		.byte	0x1
 602 00b8 3D       		.byte	0x3d
 603 00b9 00000000 		.4byte	.LFB34
 604 00bd 14000000 		.4byte	.LFE34-.LFB34
 605 00c1 01       		.uleb128 0x1
 606 00c2 9C       		.byte	0x9c
 607 00c3 E8000000 		.4byte	0xe8
 608 00c7 08       		.uleb128 0x8
 609 00c8 08000000 		.4byte	.LVL0
 610 00cc 7D030000 		.4byte	0x37d
 611 00d0 DE000000 		.4byte	0xde
 612 00d4 09       		.uleb128 0x9
 613 00d5 01       		.uleb128 0x1
 614 00d6 50       		.byte	0x50
ARM GAS  C:\Users\IEUser\AppData\Local\Temp\ccjwttSg.s 			page 15


 615 00d7 05       		.uleb128 0x5
 616 00d8 03       		.byte	0x3
 617 00d9 00000000 		.4byte	Key_Debounce
 618 00dd 00       		.byte	0
 619 00de 0A       		.uleb128 0xa
 620 00df 0C000000 		.4byte	.LVL1
 621 00e3 8E030000 		.4byte	0x38e
 622 00e7 00       		.byte	0
 623 00e8 07       		.uleb128 0x7
 624 00e9 00000000 		.4byte	.LASF17
 625 00ed 01       		.byte	0x1
 626 00ee 43       		.byte	0x43
 627 00ef 00000000 		.4byte	.LFB35
 628 00f3 2C000000 		.4byte	.LFE35-.LFB35
 629 00f7 01       		.uleb128 0x1
 630 00f8 9C       		.byte	0x9c
 631 00f9 0C010000 		.4byte	0x10c
 632 00fd 0B       		.uleb128 0xb
 633 00fe 436800   		.ascii	"Ch\000"
 634 0101 01       		.byte	0x1
 635 0102 43       		.byte	0x43
 636 0103 85000000 		.4byte	0x85
 637 0107 00000000 		.4byte	.LLST0
 638 010b 00       		.byte	0
 639 010c 0C       		.uleb128 0xc
 640 010d 72000000 		.4byte	.LASF43
 641 0111 01       		.byte	0x1
 642 0112 49       		.byte	0x49
 643 0113 85000000 		.4byte	0x85
 644 0117 00000000 		.4byte	.LFB36
 645 011b 14000000 		.4byte	.LFE36-.LFB36
 646 011f 01       		.uleb128 0x1
 647 0120 9C       		.byte	0x9c
 648 0121 0D       		.uleb128 0xd
 649 0122 14000000 		.4byte	.LASF18
 650 0126 01       		.byte	0x1
 651 0127 4E       		.byte	0x4e
 652 0128 85000000 		.4byte	0x85
 653 012c 00000000 		.4byte	.LFB37
 654 0130 2C000000 		.4byte	.LFE37-.LFB37
 655 0134 01       		.uleb128 0x1
 656 0135 9C       		.byte	0x9c
 657 0136 51010000 		.4byte	0x151
 658 013a 0E       		.uleb128 0xe
 659 013b 15010000 		.4byte	.LASF20
 660 013f 01       		.byte	0x1
 661 0140 50       		.byte	0x50
 662 0141 85000000 		.4byte	0x85
 663 0145 01       		.uleb128 0x1
 664 0146 50       		.byte	0x50
 665 0147 0A       		.uleb128 0xa
 666 0148 06000000 		.4byte	.LVL4
 667 014c 0C010000 		.4byte	0x10c
 668 0150 00       		.byte	0
 669 0151 0D       		.uleb128 0xd
 670 0152 09030000 		.4byte	.LASF19
 671 0156 01       		.byte	0x1
ARM GAS  C:\Users\IEUser\AppData\Local\Temp\ccjwttSg.s 			page 16


 672 0157 57       		.byte	0x57
 673 0158 6B000000 		.4byte	0x6b
 674 015c 00000000 		.4byte	.LFB38
 675 0160 1A000000 		.4byte	.LFE38-.LFB38
 676 0164 01       		.uleb128 0x1
 677 0165 9C       		.byte	0x9c
 678 0166 88010000 		.4byte	0x188
 679 016a 0B       		.uleb128 0xb
 680 016b 56616C00 		.ascii	"Val\000"
 681 016f 01       		.byte	0x1
 682 0170 57       		.byte	0x57
 683 0171 6B000000 		.4byte	0x6b
 684 0175 21000000 		.4byte	.LLST1
 685 0179 0F       		.uleb128 0xf
 686 017a 696900   		.ascii	"ii\000"
 687 017d 01       		.byte	0x1
 688 017e 59       		.byte	0x59
 689 017f 6B000000 		.4byte	0x6b
 690 0183 3F000000 		.4byte	.LLST2
 691 0187 00       		.byte	0
 692 0188 0D       		.uleb128 0xd
 693 0189 55000000 		.4byte	.LASF21
 694 018d 01       		.byte	0x1
 695 018e 61       		.byte	0x61
 696 018f 6B000000 		.4byte	0x6b
 697 0193 00000000 		.4byte	.LFB39
 698 0197 52000000 		.4byte	.LFE39-.LFB39
 699 019b 01       		.uleb128 0x1
 700 019c 9C       		.byte	0x9c
 701 019d 46020000 		.4byte	0x246
 702 01a1 0F       		.uleb128 0xf
 703 01a2 526F7700 		.ascii	"Row\000"
 704 01a6 01       		.byte	0x1
 705 01a7 63       		.byte	0x63
 706 01a8 85000000 		.4byte	0x85
 707 01ac 69000000 		.4byte	.LLST3
 708 01b0 10       		.uleb128 0x10
 709 01b1 F9000000 		.4byte	.LASF22
 710 01b5 01       		.byte	0x1
 711 01b6 64       		.byte	0x64
 712 01b7 85000000 		.4byte	0x85
 713 01bb 87000000 		.4byte	.LLST4
 714 01bf 08       		.uleb128 0x8
 715 01c0 08000000 		.4byte	.LVL14
 716 01c4 95030000 		.4byte	0x395
 717 01c8 D2010000 		.4byte	0x1d2
 718 01cc 09       		.uleb128 0x9
 719 01cd 01       		.uleb128 0x1
 720 01ce 50       		.byte	0x50
 721 01cf 01       		.uleb128 0x1
 722 01d0 3F       		.byte	0x3f
 723 01d1 00       		.byte	0
 724 01d2 08       		.uleb128 0x8
 725 01d3 0E000000 		.4byte	.LVL15
 726 01d7 A6030000 		.4byte	0x3a6
 727 01db E6010000 		.4byte	0x1e6
 728 01df 09       		.uleb128 0x9
ARM GAS  C:\Users\IEUser\AppData\Local\Temp\ccjwttSg.s 			page 17


 729 01e0 01       		.uleb128 0x1
 730 01e1 50       		.byte	0x50
 731 01e2 02       		.uleb128 0x2
 732 01e3 09       		.byte	0x9
 733 01e4 F8       		.byte	0xf8
 734 01e5 00       		.byte	0
 735 01e6 0A       		.uleb128 0xa
 736 01e7 12000000 		.4byte	.LVL16
 737 01eb B7030000 		.4byte	0x3b7
 738 01ef 08       		.uleb128 0x8
 739 01f0 1E000000 		.4byte	.LVL19
 740 01f4 A6030000 		.4byte	0x3a6
 741 01f8 02020000 		.4byte	0x202
 742 01fc 09       		.uleb128 0x9
 743 01fd 01       		.uleb128 0x1
 744 01fe 50       		.byte	0x50
 745 01ff 01       		.uleb128 0x1
 746 0200 37       		.byte	0x37
 747 0201 00       		.byte	0
 748 0202 08       		.uleb128 0x8
 749 0203 24000000 		.4byte	.LVL20
 750 0207 95030000 		.4byte	0x395
 751 020b 16020000 		.4byte	0x216
 752 020f 09       		.uleb128 0x9
 753 0210 01       		.uleb128 0x1
 754 0211 50       		.byte	0x50
 755 0212 02       		.uleb128 0x2
 756 0213 74       		.byte	0x74
 757 0214 00       		.sleb128 0
 758 0215 00       		.byte	0
 759 0216 0A       		.uleb128 0xa
 760 0217 28000000 		.4byte	.LVL21
 761 021b C2030000 		.4byte	0x3c2
 762 021f 08       		.uleb128 0x8
 763 0220 36000000 		.4byte	.LVL24
 764 0224 51010000 		.4byte	0x151
 765 0228 34020000 		.4byte	0x234
 766 022c 09       		.uleb128 0x9
 767 022d 01       		.uleb128 0x1
 768 022e 50       		.byte	0x50
 769 022f 03       		.uleb128 0x3
 770 0230 74       		.byte	0x74
 771 0231 00       		.sleb128 0
 772 0232 20       		.byte	0x20
 773 0233 00       		.byte	0
 774 0234 11       		.uleb128 0x11
 775 0235 40000000 		.4byte	.LVL25
 776 0239 51010000 		.4byte	0x151
 777 023d 09       		.uleb128 0x9
 778 023e 01       		.uleb128 0x1
 779 023f 50       		.byte	0x50
 780 0240 03       		.uleb128 0x3
 781 0241 75       		.byte	0x75
 782 0242 00       		.sleb128 0
 783 0243 20       		.byte	0x20
 784 0244 00       		.byte	0
 785 0245 00       		.byte	0
ARM GAS  C:\Users\IEUser\AppData\Local\Temp\ccjwttSg.s 			page 18


 786 0246 07       		.uleb128 0x7
 787 0247 CA000000 		.4byte	.LASF23
 788 024b 01       		.byte	0x1
 789 024c 74       		.byte	0x74
 790 024d 00000000 		.4byte	.LFB40
 791 0251 AC000000 		.4byte	.LFE40-.LFB40
 792 0255 01       		.uleb128 0x1
 793 0256 9C       		.byte	0x9c
 794 0257 F3020000 		.4byte	0x2f3
 795 025b 0E       		.uleb128 0xe
 796 025c C4000000 		.4byte	.LASF24
 797 0260 01       		.byte	0x1
 798 0261 76       		.byte	0x76
 799 0262 F3020000 		.4byte	0x2f3
 800 0266 05       		.uleb128 0x5
 801 0267 03       		.byte	0x3
 802 0268 04000000 		.4byte	State.5600
 803 026c 0E       		.uleb128 0xe
 804 026d 8B020000 		.4byte	.LASF25
 805 0271 01       		.byte	0x1
 806 0272 77       		.byte	0x77
 807 0273 6B000000 		.4byte	0x6b
 808 0277 05       		.uleb128 0x5
 809 0278 03       		.byte	0x3
 810 0279 02000000 		.4byte	StateIndex.5601
 811 027d 0E       		.uleb128 0xe
 812 027e 1C010000 		.4byte	.LASF26
 813 0282 01       		.byte	0x1
 814 0283 78       		.byte	0x78
 815 0284 6B000000 		.4byte	0x6b
 816 0288 05       		.uleb128 0x5
 817 0289 03       		.byte	0x3
 818 028a 0F000000 		.4byte	Key_Pressed_Delay.5602
 819 028e 0E       		.uleb128 0xe
 820 028f 68020000 		.4byte	.LASF27
 821 0293 01       		.byte	0x1
 822 0294 79       		.byte	0x79
 823 0295 6B000000 		.4byte	0x6b
 824 0299 05       		.uleb128 0x5
 825 029a 03       		.byte	0x3
 826 029b 10000000 		.4byte	Key_Generate_Delay.5603
 827 029f 0F       		.uleb128 0xf
 828 02a0 696900   		.ascii	"ii\000"
 829 02a3 01       		.byte	0x1
 830 02a4 7A       		.byte	0x7a
 831 02a5 6B000000 		.4byte	0x6b
 832 02a9 A5000000 		.4byte	.LLST5
 833 02ad 10       		.uleb128 0x10
 834 02ae 0D000000 		.4byte	.LASF28
 835 02b2 01       		.byte	0x1
 836 02b3 7B       		.byte	0x7b
 837 02b4 6B000000 		.4byte	0x6b
 838 02b8 DA000000 		.4byte	.LLST6
 839 02bc 0A       		.uleb128 0xa
 840 02bd 06000000 		.4byte	.LVL30
 841 02c1 CD030000 		.4byte	0x3cd
 842 02c5 0A       		.uleb128 0xa
ARM GAS  C:\Users\IEUser\AppData\Local\Temp\ccjwttSg.s 			page 19


 843 02c6 12000000 		.4byte	.LVL31
 844 02ca 88010000 		.4byte	0x188
 845 02ce 08       		.uleb128 0x8
 846 02cf 66000000 		.4byte	.LVL38
 847 02d3 E8000000 		.4byte	0xe8
 848 02d7 E2020000 		.4byte	0x2e2
 849 02db 09       		.uleb128 0x9
 850 02dc 01       		.uleb128 0x1
 851 02dd 50       		.byte	0x50
 852 02de 02       		.uleb128 0x2
 853 02df 74       		.byte	0x74
 854 02e0 00       		.sleb128 0
 855 02e1 00       		.byte	0
 856 02e2 11       		.uleb128 0x11
 857 02e3 A2000000 		.4byte	.LVL39
 858 02e7 E8000000 		.4byte	0xe8
 859 02eb 09       		.uleb128 0x9
 860 02ec 01       		.uleb128 0x1
 861 02ed 50       		.byte	0x50
 862 02ee 02       		.uleb128 0x2
 863 02ef 74       		.byte	0x74
 864 02f0 00       		.sleb128 0
 865 02f1 00       		.byte	0
 866 02f2 00       		.byte	0
 867 02f3 12       		.uleb128 0x12
 868 02f4 6B000000 		.4byte	0x6b
 869 02f8 03030000 		.4byte	0x303
 870 02fc 13       		.uleb128 0x13
 871 02fd AB000000 		.4byte	0xab
 872 0301 09       		.byte	0x9
 873 0302 00       		.byte	0
 874 0303 14       		.uleb128 0x14
 875 0304 96020000 		.4byte	.LASF29
 876 0308 01       		.byte	0x1
 877 0309 21       		.byte	0x21
 878 030a 6B000000 		.4byte	0x6b
 879 030e 05       		.uleb128 0x5
 880 030f 03       		.byte	0x3
 881 0310 00000000 		.4byte	Debounced_Key
 882 0314 14       		.uleb128 0x14
 883 0315 21000000 		.4byte	.LASF30
 884 0319 01       		.byte	0x1
 885 031a 26       		.byte	0x26
 886 031b 6B000000 		.4byte	0x6b
 887 031f 05       		.uleb128 0x5
 888 0320 03       		.byte	0x3
 889 0321 00000000 		.4byte	KBD_WriteIndex
 890 0325 14       		.uleb128 0x14
 891 0326 E4000000 		.4byte	.LASF31
 892 032a 01       		.byte	0x1
 893 032b 27       		.byte	0x27
 894 032c 6B000000 		.4byte	0x6b
 895 0330 05       		.uleb128 0x5
 896 0331 03       		.byte	0x3
 897 0332 00000000 		.4byte	KBD_ReadIndex
 898 0336 12       		.uleb128 0x12
 899 0337 85000000 		.4byte	0x85
ARM GAS  C:\Users\IEUser\AppData\Local\Temp\ccjwttSg.s 			page 20


 900 033b 46030000 		.4byte	0x346
 901 033f 13       		.uleb128 0x13
 902 0340 AB000000 		.4byte	0xab
 903 0344 09       		.byte	0x9
 904 0345 00       		.byte	0
 905 0346 14       		.uleb128 0x14
 906 0347 80020000 		.4byte	.LASF32
 907 034b 01       		.byte	0x1
 908 034c 28       		.byte	0x28
 909 034d 36030000 		.4byte	0x336
 910 0351 05       		.uleb128 0x5
 911 0352 03       		.byte	0x3
 912 0353 00000000 		.4byte	KBD_Buffer
 913 0357 12       		.uleb128 0x12
 914 0358 85000000 		.4byte	0x85
 915 035c 67030000 		.4byte	0x367
 916 0360 13       		.uleb128 0x13
 917 0361 AB000000 		.4byte	0xab
 918 0365 0E       		.byte	0xe
 919 0366 00       		.byte	0
 920 0367 14       		.uleb128 0x14
 921 0368 FA020000 		.4byte	.LASF33
 922 036c 01       		.byte	0x1
 923 036d 36       		.byte	0x36
 924 036e 78030000 		.4byte	0x378
 925 0372 05       		.uleb128 0x5
 926 0373 03       		.byte	0x3
 927 0374 00000000 		.4byte	TranslateTable
 928 0378 15       		.uleb128 0x15
 929 0379 57030000 		.4byte	0x357
 930 037d 16       		.uleb128 0x16
 931 037e D0020000 		.4byte	.LASF34
 932 0382 03       		.byte	0x3
 933 0383 18       		.byte	0x18
 934 0384 8E030000 		.4byte	0x38e
 935 0388 17       		.uleb128 0x17
 936 0389 98000000 		.4byte	0x98
 937 038d 00       		.byte	0
 938 038e 18       		.uleb128 0x18
 939 038f 00010000 		.4byte	.LASF44
 940 0393 06       		.byte	0x6
 941 0394 5A       		.byte	0x5a
 942 0395 16       		.uleb128 0x16
 943 0396 30000000 		.4byte	.LASF35
 944 039a 04       		.byte	0x4
 945 039b 33       		.byte	0x33
 946 039c A6030000 		.4byte	0x3a6
 947 03a0 17       		.uleb128 0x17
 948 03a1 6B000000 		.4byte	0x6b
 949 03a5 00       		.byte	0
 950 03a6 16       		.uleb128 0x16
 951 03a7 60000000 		.4byte	.LASF36
 952 03ab 05       		.byte	0x5
 953 03ac 33       		.byte	0x33
 954 03ad B7030000 		.4byte	0x3b7
 955 03b1 17       		.uleb128 0x17
 956 03b2 6B000000 		.4byte	0x6b
ARM GAS  C:\Users\IEUser\AppData\Local\Temp\ccjwttSg.s 			page 21


 957 03b6 00       		.byte	0
 958 03b7 19       		.uleb128 0x19
 959 03b8 3B010000 		.4byte	.LASF37
 960 03bc 04       		.byte	0x4
 961 03bd 32       		.byte	0x32
 962 03be 6B000000 		.4byte	0x6b
 963 03c2 19       		.uleb128 0x19
 964 03c3 81000000 		.4byte	.LASF38
 965 03c7 05       		.byte	0x5
 966 03c8 32       		.byte	0x32
 967 03c9 6B000000 		.4byte	0x6b
 968 03cd 19       		.uleb128 0x19
 969 03ce A4020000 		.4byte	.LASF39
 970 03d2 06       		.byte	0x6
 971 03d3 5E       		.byte	0x5e
 972 03d4 6B000000 		.4byte	0x6b
 973 03d8 00       		.byte	0
 974              		.section	.debug_abbrev,"",%progbits
 975              	.Ldebug_abbrev0:
 976 0000 01       		.uleb128 0x1
 977 0001 11       		.uleb128 0x11
 978 0002 01       		.byte	0x1
 979 0003 25       		.uleb128 0x25
 980 0004 0E       		.uleb128 0xe
 981 0005 13       		.uleb128 0x13
 982 0006 0B       		.uleb128 0xb
 983 0007 03       		.uleb128 0x3
 984 0008 0E       		.uleb128 0xe
 985 0009 1B       		.uleb128 0x1b
 986 000a 0E       		.uleb128 0xe
 987 000b 55       		.uleb128 0x55
 988 000c 17       		.uleb128 0x17
 989 000d 11       		.uleb128 0x11
 990 000e 01       		.uleb128 0x1
 991 000f 10       		.uleb128 0x10
 992 0010 17       		.uleb128 0x17
 993 0011 00       		.byte	0
 994 0012 00       		.byte	0
 995 0013 02       		.uleb128 0x2
 996 0014 24       		.uleb128 0x24
 997 0015 00       		.byte	0
 998 0016 0B       		.uleb128 0xb
 999 0017 0B       		.uleb128 0xb
 1000 0018 3E       		.uleb128 0x3e
 1001 0019 0B       		.uleb128 0xb
 1002 001a 03       		.uleb128 0x3
 1003 001b 0E       		.uleb128 0xe
 1004 001c 00       		.byte	0
 1005 001d 00       		.byte	0
 1006 001e 03       		.uleb128 0x3
 1007 001f 24       		.uleb128 0x24
 1008 0020 00       		.byte	0
 1009 0021 0B       		.uleb128 0xb
 1010 0022 0B       		.uleb128 0xb
 1011 0023 3E       		.uleb128 0x3e
 1012 0024 0B       		.uleb128 0xb
 1013 0025 03       		.uleb128 0x3
ARM GAS  C:\Users\IEUser\AppData\Local\Temp\ccjwttSg.s 			page 22


 1014 0026 08       		.uleb128 0x8
 1015 0027 00       		.byte	0
 1016 0028 00       		.byte	0
 1017 0029 04       		.uleb128 0x4
 1018 002a 16       		.uleb128 0x16
 1019 002b 00       		.byte	0
 1020 002c 03       		.uleb128 0x3
 1021 002d 0E       		.uleb128 0xe
 1022 002e 3A       		.uleb128 0x3a
 1023 002f 0B       		.uleb128 0xb
 1024 0030 3B       		.uleb128 0x3b
 1025 0031 05       		.uleb128 0x5
 1026 0032 49       		.uleb128 0x49
 1027 0033 13       		.uleb128 0x13
 1028 0034 00       		.byte	0
 1029 0035 00       		.byte	0
 1030 0036 05       		.uleb128 0x5
 1031 0037 0F       		.uleb128 0xf
 1032 0038 00       		.byte	0
 1033 0039 0B       		.uleb128 0xb
 1034 003a 0B       		.uleb128 0xb
 1035 003b 49       		.uleb128 0x49
 1036 003c 13       		.uleb128 0x13
 1037 003d 00       		.byte	0
 1038 003e 00       		.byte	0
 1039 003f 06       		.uleb128 0x6
 1040 0040 15       		.uleb128 0x15
 1041 0041 00       		.byte	0
 1042 0042 27       		.uleb128 0x27
 1043 0043 19       		.uleb128 0x19
 1044 0044 00       		.byte	0
 1045 0045 00       		.byte	0
 1046 0046 07       		.uleb128 0x7
 1047 0047 2E       		.uleb128 0x2e
 1048 0048 01       		.byte	0x1
 1049 0049 3F       		.uleb128 0x3f
 1050 004a 19       		.uleb128 0x19
 1051 004b 03       		.uleb128 0x3
 1052 004c 0E       		.uleb128 0xe
 1053 004d 3A       		.uleb128 0x3a
 1054 004e 0B       		.uleb128 0xb
 1055 004f 3B       		.uleb128 0x3b
 1056 0050 0B       		.uleb128 0xb
 1057 0051 27       		.uleb128 0x27
 1058 0052 19       		.uleb128 0x19
 1059 0053 11       		.uleb128 0x11
 1060 0054 01       		.uleb128 0x1
 1061 0055 12       		.uleb128 0x12
 1062 0056 06       		.uleb128 0x6
 1063 0057 40       		.uleb128 0x40
 1064 0058 18       		.uleb128 0x18
 1065 0059 9742     		.uleb128 0x2117
 1066 005b 19       		.uleb128 0x19
 1067 005c 01       		.uleb128 0x1
 1068 005d 13       		.uleb128 0x13
 1069 005e 00       		.byte	0
 1070 005f 00       		.byte	0
ARM GAS  C:\Users\IEUser\AppData\Local\Temp\ccjwttSg.s 			page 23


 1071 0060 08       		.uleb128 0x8
 1072 0061 898201   		.uleb128 0x4109
 1073 0064 01       		.byte	0x1
 1074 0065 11       		.uleb128 0x11
 1075 0066 01       		.uleb128 0x1
 1076 0067 31       		.uleb128 0x31
 1077 0068 13       		.uleb128 0x13
 1078 0069 01       		.uleb128 0x1
 1079 006a 13       		.uleb128 0x13
 1080 006b 00       		.byte	0
 1081 006c 00       		.byte	0
 1082 006d 09       		.uleb128 0x9
 1083 006e 8A8201   		.uleb128 0x410a
 1084 0071 00       		.byte	0
 1085 0072 02       		.uleb128 0x2
 1086 0073 18       		.uleb128 0x18
 1087 0074 9142     		.uleb128 0x2111
 1088 0076 18       		.uleb128 0x18
 1089 0077 00       		.byte	0
 1090 0078 00       		.byte	0
 1091 0079 0A       		.uleb128 0xa
 1092 007a 898201   		.uleb128 0x4109
 1093 007d 00       		.byte	0
 1094 007e 11       		.uleb128 0x11
 1095 007f 01       		.uleb128 0x1
 1096 0080 31       		.uleb128 0x31
 1097 0081 13       		.uleb128 0x13
 1098 0082 00       		.byte	0
 1099 0083 00       		.byte	0
 1100 0084 0B       		.uleb128 0xb
 1101 0085 05       		.uleb128 0x5
 1102 0086 00       		.byte	0
 1103 0087 03       		.uleb128 0x3
 1104 0088 08       		.uleb128 0x8
 1105 0089 3A       		.uleb128 0x3a
 1106 008a 0B       		.uleb128 0xb
 1107 008b 3B       		.uleb128 0x3b
 1108 008c 0B       		.uleb128 0xb
 1109 008d 49       		.uleb128 0x49
 1110 008e 13       		.uleb128 0x13
 1111 008f 02       		.uleb128 0x2
 1112 0090 17       		.uleb128 0x17
 1113 0091 00       		.byte	0
 1114 0092 00       		.byte	0
 1115 0093 0C       		.uleb128 0xc
 1116 0094 2E       		.uleb128 0x2e
 1117 0095 00       		.byte	0
 1118 0096 3F       		.uleb128 0x3f
 1119 0097 19       		.uleb128 0x19
 1120 0098 03       		.uleb128 0x3
 1121 0099 0E       		.uleb128 0xe
 1122 009a 3A       		.uleb128 0x3a
 1123 009b 0B       		.uleb128 0xb
 1124 009c 3B       		.uleb128 0x3b
 1125 009d 0B       		.uleb128 0xb
 1126 009e 27       		.uleb128 0x27
 1127 009f 19       		.uleb128 0x19
ARM GAS  C:\Users\IEUser\AppData\Local\Temp\ccjwttSg.s 			page 24


 1128 00a0 49       		.uleb128 0x49
 1129 00a1 13       		.uleb128 0x13
 1130 00a2 11       		.uleb128 0x11
 1131 00a3 01       		.uleb128 0x1
 1132 00a4 12       		.uleb128 0x12
 1133 00a5 06       		.uleb128 0x6
 1134 00a6 40       		.uleb128 0x40
 1135 00a7 18       		.uleb128 0x18
 1136 00a8 9742     		.uleb128 0x2117
 1137 00aa 19       		.uleb128 0x19
 1138 00ab 00       		.byte	0
 1139 00ac 00       		.byte	0
 1140 00ad 0D       		.uleb128 0xd
 1141 00ae 2E       		.uleb128 0x2e
 1142 00af 01       		.byte	0x1
 1143 00b0 3F       		.uleb128 0x3f
 1144 00b1 19       		.uleb128 0x19
 1145 00b2 03       		.uleb128 0x3
 1146 00b3 0E       		.uleb128 0xe
 1147 00b4 3A       		.uleb128 0x3a
 1148 00b5 0B       		.uleb128 0xb
 1149 00b6 3B       		.uleb128 0x3b
 1150 00b7 0B       		.uleb128 0xb
 1151 00b8 27       		.uleb128 0x27
 1152 00b9 19       		.uleb128 0x19
 1153 00ba 49       		.uleb128 0x49
 1154 00bb 13       		.uleb128 0x13
 1155 00bc 11       		.uleb128 0x11
 1156 00bd 01       		.uleb128 0x1
 1157 00be 12       		.uleb128 0x12
 1158 00bf 06       		.uleb128 0x6
 1159 00c0 40       		.uleb128 0x40
 1160 00c1 18       		.uleb128 0x18
 1161 00c2 9742     		.uleb128 0x2117
 1162 00c4 19       		.uleb128 0x19
 1163 00c5 01       		.uleb128 0x1
 1164 00c6 13       		.uleb128 0x13
 1165 00c7 00       		.byte	0
 1166 00c8 00       		.byte	0
 1167 00c9 0E       		.uleb128 0xe
 1168 00ca 34       		.uleb128 0x34
 1169 00cb 00       		.byte	0
 1170 00cc 03       		.uleb128 0x3
 1171 00cd 0E       		.uleb128 0xe
 1172 00ce 3A       		.uleb128 0x3a
 1173 00cf 0B       		.uleb128 0xb
 1174 00d0 3B       		.uleb128 0x3b
 1175 00d1 0B       		.uleb128 0xb
 1176 00d2 49       		.uleb128 0x49
 1177 00d3 13       		.uleb128 0x13
 1178 00d4 02       		.uleb128 0x2
 1179 00d5 18       		.uleb128 0x18
 1180 00d6 00       		.byte	0
 1181 00d7 00       		.byte	0
 1182 00d8 0F       		.uleb128 0xf
 1183 00d9 34       		.uleb128 0x34
 1184 00da 00       		.byte	0
ARM GAS  C:\Users\IEUser\AppData\Local\Temp\ccjwttSg.s 			page 25


 1185 00db 03       		.uleb128 0x3
 1186 00dc 08       		.uleb128 0x8
 1187 00dd 3A       		.uleb128 0x3a
 1188 00de 0B       		.uleb128 0xb
 1189 00df 3B       		.uleb128 0x3b
 1190 00e0 0B       		.uleb128 0xb
 1191 00e1 49       		.uleb128 0x49
 1192 00e2 13       		.uleb128 0x13
 1193 00e3 02       		.uleb128 0x2
 1194 00e4 17       		.uleb128 0x17
 1195 00e5 00       		.byte	0
 1196 00e6 00       		.byte	0
 1197 00e7 10       		.uleb128 0x10
 1198 00e8 34       		.uleb128 0x34
 1199 00e9 00       		.byte	0
 1200 00ea 03       		.uleb128 0x3
 1201 00eb 0E       		.uleb128 0xe
 1202 00ec 3A       		.uleb128 0x3a
 1203 00ed 0B       		.uleb128 0xb
 1204 00ee 3B       		.uleb128 0x3b
 1205 00ef 0B       		.uleb128 0xb
 1206 00f0 49       		.uleb128 0x49
 1207 00f1 13       		.uleb128 0x13
 1208 00f2 02       		.uleb128 0x2
 1209 00f3 17       		.uleb128 0x17
 1210 00f4 00       		.byte	0
 1211 00f5 00       		.byte	0
 1212 00f6 11       		.uleb128 0x11
 1213 00f7 898201   		.uleb128 0x4109
 1214 00fa 01       		.byte	0x1
 1215 00fb 11       		.uleb128 0x11
 1216 00fc 01       		.uleb128 0x1
 1217 00fd 31       		.uleb128 0x31
 1218 00fe 13       		.uleb128 0x13
 1219 00ff 00       		.byte	0
 1220 0100 00       		.byte	0
 1221 0101 12       		.uleb128 0x12
 1222 0102 01       		.uleb128 0x1
 1223 0103 01       		.byte	0x1
 1224 0104 49       		.uleb128 0x49
 1225 0105 13       		.uleb128 0x13
 1226 0106 01       		.uleb128 0x1
 1227 0107 13       		.uleb128 0x13
 1228 0108 00       		.byte	0
 1229 0109 00       		.byte	0
 1230 010a 13       		.uleb128 0x13
 1231 010b 21       		.uleb128 0x21
 1232 010c 00       		.byte	0
 1233 010d 49       		.uleb128 0x49
 1234 010e 13       		.uleb128 0x13
 1235 010f 2F       		.uleb128 0x2f
 1236 0110 0B       		.uleb128 0xb
 1237 0111 00       		.byte	0
 1238 0112 00       		.byte	0
 1239 0113 14       		.uleb128 0x14
 1240 0114 34       		.uleb128 0x34
 1241 0115 00       		.byte	0
ARM GAS  C:\Users\IEUser\AppData\Local\Temp\ccjwttSg.s 			page 26


 1242 0116 03       		.uleb128 0x3
 1243 0117 0E       		.uleb128 0xe
 1244 0118 3A       		.uleb128 0x3a
 1245 0119 0B       		.uleb128 0xb
 1246 011a 3B       		.uleb128 0x3b
 1247 011b 0B       		.uleb128 0xb
 1248 011c 49       		.uleb128 0x49
 1249 011d 13       		.uleb128 0x13
 1250 011e 3F       		.uleb128 0x3f
 1251 011f 19       		.uleb128 0x19
 1252 0120 02       		.uleb128 0x2
 1253 0121 18       		.uleb128 0x18
 1254 0122 00       		.byte	0
 1255 0123 00       		.byte	0
 1256 0124 15       		.uleb128 0x15
 1257 0125 26       		.uleb128 0x26
 1258 0126 00       		.byte	0
 1259 0127 49       		.uleb128 0x49
 1260 0128 13       		.uleb128 0x13
 1261 0129 00       		.byte	0
 1262 012a 00       		.byte	0
 1263 012b 16       		.uleb128 0x16
 1264 012c 2E       		.uleb128 0x2e
 1265 012d 01       		.byte	0x1
 1266 012e 3F       		.uleb128 0x3f
 1267 012f 19       		.uleb128 0x19
 1268 0130 03       		.uleb128 0x3
 1269 0131 0E       		.uleb128 0xe
 1270 0132 3A       		.uleb128 0x3a
 1271 0133 0B       		.uleb128 0xb
 1272 0134 3B       		.uleb128 0x3b
 1273 0135 0B       		.uleb128 0xb
 1274 0136 27       		.uleb128 0x27
 1275 0137 19       		.uleb128 0x19
 1276 0138 3C       		.uleb128 0x3c
 1277 0139 19       		.uleb128 0x19
 1278 013a 01       		.uleb128 0x1
 1279 013b 13       		.uleb128 0x13
 1280 013c 00       		.byte	0
 1281 013d 00       		.byte	0
 1282 013e 17       		.uleb128 0x17
 1283 013f 05       		.uleb128 0x5
 1284 0140 00       		.byte	0
 1285 0141 49       		.uleb128 0x49
 1286 0142 13       		.uleb128 0x13
 1287 0143 00       		.byte	0
 1288 0144 00       		.byte	0
 1289 0145 18       		.uleb128 0x18
 1290 0146 2E       		.uleb128 0x2e
 1291 0147 00       		.byte	0
 1292 0148 3F       		.uleb128 0x3f
 1293 0149 19       		.uleb128 0x19
 1294 014a 03       		.uleb128 0x3
 1295 014b 0E       		.uleb128 0xe
 1296 014c 3A       		.uleb128 0x3a
 1297 014d 0B       		.uleb128 0xb
 1298 014e 3B       		.uleb128 0x3b
ARM GAS  C:\Users\IEUser\AppData\Local\Temp\ccjwttSg.s 			page 27


 1299 014f 0B       		.uleb128 0xb
 1300 0150 27       		.uleb128 0x27
 1301 0151 19       		.uleb128 0x19
 1302 0152 3C       		.uleb128 0x3c
 1303 0153 19       		.uleb128 0x19
 1304 0154 00       		.byte	0
 1305 0155 00       		.byte	0
 1306 0156 19       		.uleb128 0x19
 1307 0157 2E       		.uleb128 0x2e
 1308 0158 00       		.byte	0
 1309 0159 3F       		.uleb128 0x3f
 1310 015a 19       		.uleb128 0x19
 1311 015b 03       		.uleb128 0x3
 1312 015c 0E       		.uleb128 0xe
 1313 015d 3A       		.uleb128 0x3a
 1314 015e 0B       		.uleb128 0xb
 1315 015f 3B       		.uleb128 0x3b
 1316 0160 0B       		.uleb128 0xb
 1317 0161 27       		.uleb128 0x27
 1318 0162 19       		.uleb128 0x19
 1319 0163 49       		.uleb128 0x49
 1320 0164 13       		.uleb128 0x13
 1321 0165 3C       		.uleb128 0x3c
 1322 0166 19       		.uleb128 0x19
 1323 0167 00       		.byte	0
 1324 0168 00       		.byte	0
 1325 0169 00       		.byte	0
 1326              		.section	.debug_loc,"",%progbits
 1327              	.Ldebug_loc0:
 1328              	.LLST0:
 1329 0000 00000000 		.4byte	.LVL2
 1330 0004 0C000000 		.4byte	.LVL3
 1331 0008 0100     		.2byte	0x1
 1332 000a 50       		.byte	0x50
 1333 000b 0C000000 		.4byte	.LVL3
 1334 000f 2C000000 		.4byte	.LFE35
 1335 0013 0400     		.2byte	0x4
 1336 0015 F3       		.byte	0xf3
 1337 0016 01       		.uleb128 0x1
 1338 0017 50       		.byte	0x50
 1339 0018 9F       		.byte	0x9f
 1340 0019 00000000 		.4byte	0
 1341 001d 00000000 		.4byte	0
 1342              	.LLST1:
 1343 0021 00000000 		.4byte	.LVL6
 1344 0025 0A000000 		.4byte	.LVL8
 1345 0029 0100     		.2byte	0x1
 1346 002b 50       		.byte	0x50
 1347 002c 0C000000 		.4byte	.LVL9
 1348 0030 18000000 		.4byte	.LVL13
 1349 0034 0100     		.2byte	0x1
 1350 0036 50       		.byte	0x50
 1351 0037 00000000 		.4byte	0
 1352 003b 00000000 		.4byte	0
 1353              	.LLST2:
 1354 003f 00000000 		.4byte	.LVL6
 1355 0043 04000000 		.4byte	.LVL7
ARM GAS  C:\Users\IEUser\AppData\Local\Temp\ccjwttSg.s 			page 28


 1356 0047 0200     		.2byte	0x2
 1357 0049 30       		.byte	0x30
 1358 004a 9F       		.byte	0x9f
 1359 004b 04000000 		.4byte	.LVL7
 1360 004f 0E000000 		.4byte	.LVL10
 1361 0053 0100     		.2byte	0x1
 1362 0055 53       		.byte	0x53
 1363 0056 10000000 		.4byte	.LVL11
 1364 005a 1A000000 		.4byte	.LFE38
 1365 005e 0100     		.2byte	0x1
 1366 0060 53       		.byte	0x53
 1367 0061 00000000 		.4byte	0
 1368 0065 00000000 		.4byte	0
 1369              	.LLST3:
 1370 0069 14000000 		.4byte	.LVL17
 1371 006d 1A000000 		.4byte	.LVL18
 1372 0071 0100     		.2byte	0x1
 1373 0073 50       		.byte	0x50
 1374 0074 4A000000 		.4byte	.LVL26
 1375 0078 4C000000 		.4byte	.LVL27
 1376 007c 0100     		.2byte	0x1
 1377 007e 50       		.byte	0x50
 1378 007f 00000000 		.4byte	0
 1379 0083 00000000 		.4byte	0
 1380              	.LLST4:
 1381 0087 2A000000 		.4byte	.LVL22
 1382 008b 30000000 		.4byte	.LVL23
 1383 008f 0100     		.2byte	0x1
 1384 0091 50       		.byte	0x50
 1385 0092 4E000000 		.4byte	.LVL28
 1386 0096 50000000 		.4byte	.LVL29
 1387 009a 0100     		.2byte	0x1
 1388 009c 50       		.byte	0x50
 1389 009d 00000000 		.4byte	0
 1390 00a1 00000000 		.4byte	0
 1391              	.LLST5:
 1392 00a5 22000000 		.4byte	.LVL32
 1393 00a9 28000000 		.4byte	.LVL33
 1394 00ad 0200     		.2byte	0x2
 1395 00af 30       		.byte	0x30
 1396 00b0 9F       		.byte	0x9f
 1397 00b1 28000000 		.4byte	.LVL33
 1398 00b5 2A000000 		.4byte	.LVL34
 1399 00b9 0100     		.2byte	0x1
 1400 00bb 53       		.byte	0x53
 1401 00bc 2A000000 		.4byte	.LVL34
 1402 00c0 34000000 		.4byte	.LVL36
 1403 00c4 0100     		.2byte	0x1
 1404 00c6 52       		.byte	0x52
 1405 00c7 34000000 		.4byte	.LVL36
 1406 00cb 3A000000 		.4byte	.LVL37
 1407 00cf 0100     		.2byte	0x1
 1408 00d1 53       		.byte	0x53
 1409 00d2 00000000 		.4byte	0
 1410 00d6 00000000 		.4byte	0
 1411              	.LLST6:
 1412 00da 22000000 		.4byte	.LVL32
ARM GAS  C:\Users\IEUser\AppData\Local\Temp\ccjwttSg.s 			page 29


 1413 00de 28000000 		.4byte	.LVL33
 1414 00e2 0300     		.2byte	0x3
 1415 00e4 09       		.byte	0x9
 1416 00e5 FF       		.byte	0xff
 1417 00e6 9F       		.byte	0x9f
 1418 00e7 28000000 		.4byte	.LVL33
 1419 00eb A6000000 		.4byte	.LVL40
 1420 00ef 0100     		.2byte	0x1
 1421 00f1 54       		.byte	0x54
 1422 00f2 00000000 		.4byte	0
 1423 00f6 00000000 		.4byte	0
 1424              		.section	.debug_aranges,"",%progbits
 1425 0000 4C000000 		.4byte	0x4c
 1426 0004 0200     		.2byte	0x2
 1427 0006 00000000 		.4byte	.Ldebug_info0
 1428 000a 04       		.byte	0x4
 1429 000b 00       		.byte	0
 1430 000c 0000     		.2byte	0
 1431 000e 0000     		.2byte	0
 1432 0010 00000000 		.4byte	.LFB34
 1433 0014 14000000 		.4byte	.LFE34-.LFB34
 1434 0018 00000000 		.4byte	.LFB35
 1435 001c 2C000000 		.4byte	.LFE35-.LFB35
 1436 0020 00000000 		.4byte	.LFB36
 1437 0024 14000000 		.4byte	.LFE36-.LFB36
 1438 0028 00000000 		.4byte	.LFB37
 1439 002c 2C000000 		.4byte	.LFE37-.LFB37
 1440 0030 00000000 		.4byte	.LFB38
 1441 0034 1A000000 		.4byte	.LFE38-.LFB38
 1442 0038 00000000 		.4byte	.LFB39
 1443 003c 52000000 		.4byte	.LFE39-.LFB39
 1444 0040 00000000 		.4byte	.LFB40
 1445 0044 AC000000 		.4byte	.LFE40-.LFB40
 1446 0048 00000000 		.4byte	0
 1447 004c 00000000 		.4byte	0
 1448              		.section	.debug_ranges,"",%progbits
 1449              	.Ldebug_ranges0:
 1450 0000 00000000 		.4byte	.LFB34
 1451 0004 14000000 		.4byte	.LFE34
 1452 0008 00000000 		.4byte	.LFB35
 1453 000c 2C000000 		.4byte	.LFE35
 1454 0010 00000000 		.4byte	.LFB36
 1455 0014 14000000 		.4byte	.LFE36
 1456 0018 00000000 		.4byte	.LFB37
 1457 001c 2C000000 		.4byte	.LFE37
 1458 0020 00000000 		.4byte	.LFB38
 1459 0024 1A000000 		.4byte	.LFE38
 1460 0028 00000000 		.4byte	.LFB39
 1461 002c 52000000 		.4byte	.LFE39
 1462 0030 00000000 		.4byte	.LFB40
 1463 0034 AC000000 		.4byte	.LFE40
 1464 0038 00000000 		.4byte	0
 1465 003c 00000000 		.4byte	0
 1466              		.section	.debug_line,"",%progbits
 1467              	.Ldebug_line0:
 1468 0000 74010000 		.section	.debug_str,"MS",%progbits,1
 1468      02008F00 
ARM GAS  C:\Users\IEUser\AppData\Local\Temp\ccjwttSg.s 			page 30


 1468      00000201 
 1468      FB0E0D00 
 1468      01010101 
 1469              	.LASF17:
 1470 0000 5075745F 		.ascii	"Put_KBD_Char\000"
 1470      4B42445F 
 1470      43686172 
 1470      00
 1471              	.LASF28:
 1472 000d 4E65774B 		.ascii	"NewKey\000"
 1472      657900
 1473              	.LASF18:
 1474 0014 4765745F 		.ascii	"Get_KBD_Char\000"
 1474      4B42445F 
 1474      43686172 
 1474      00
 1475              	.LASF30:
 1476 0021 4B42445F 		.ascii	"KBD_WriteIndex\000"
 1476      57726974 
 1476      65496E64 
 1476      657800
 1477              	.LASF35:
 1478 0030 4B42445F 		.ascii	"KBD_ROWPins_Write\000"
 1478      524F5750 
 1478      696E735F 
 1478      57726974 
 1478      6500
 1479              	.LASF3:
 1480 0042 73686F72 		.ascii	"short unsigned int\000"
 1480      7420756E 
 1480      7369676E 
 1480      65642069 
 1480      6E7400
 1481              	.LASF21:
 1482 0055 52656164 		.ascii	"ReadMatrix\000"
 1482      4D617472 
 1482      697800
 1483              	.LASF36:
 1484 0060 4B42445F 		.ascii	"KBD_COLPins_Write\000"
 1484      434F4C50 
 1484      696E735F 
 1484      57726974 
 1484      6500
 1485              	.LASF43:
 1486 0072 4B42445F 		.ascii	"KBD_Char_Ready\000"
 1486      43686172 
 1486      5F526561 
 1486      647900
 1487              	.LASF38:
 1488 0081 4B42445F 		.ascii	"KBD_COLPins_Read\000"
 1488      434F4C50 
 1488      696E735F 
 1488      52656164 
 1488      00
 1489              	.LASF9:
 1490 0092 666C6F61 		.ascii	"float\000"
 1490      7400
ARM GAS  C:\Users\IEUser\AppData\Local\Temp\ccjwttSg.s 			page 31


 1491              	.LASF1:
 1492 0098 756E7369 		.ascii	"unsigned char\000"
 1492      676E6564 
 1492      20636861 
 1492      7200
 1493              	.LASF12:
 1494 00a6 63686172 		.ascii	"char8\000"
 1494      3800
 1495              	.LASF5:
 1496 00ac 6C6F6E67 		.ascii	"long unsigned int\000"
 1496      20756E73 
 1496      69676E65 
 1496      6420696E 
 1496      7400
 1497              	.LASF11:
 1498 00be 75696E74 		.ascii	"uint8\000"
 1498      3800
 1499              	.LASF24:
 1500 00c4 53746174 		.ascii	"State\000"
 1500      6500
 1501              	.LASF23:
 1502 00ca 4B65795F 		.ascii	"Key_Debounce\000"
 1502      4465626F 
 1502      756E6365 
 1502      00
 1503              	.LASF41:
 1504 00d7 2E5C4B65 		.ascii	".\\Keyboard.c\000"
 1504      79626F61 
 1504      72642E63 
 1504      00
 1505              	.LASF31:
 1506 00e4 4B42445F 		.ascii	"KBD_ReadIndex\000"
 1506      52656164 
 1506      496E6465 
 1506      7800
 1507              	.LASF10:
 1508 00f2 646F7562 		.ascii	"double\000"
 1508      6C6500
 1509              	.LASF22:
 1510 00f9 436F6C75 		.ascii	"Column\000"
 1510      6D6E00
 1511              	.LASF44:
 1512 0100 4465626F 		.ascii	"Debounce_Timer_Start\000"
 1512      756E6365 
 1512      5F54696D 
 1512      65725F53 
 1512      74617274 
 1513              	.LASF20:
 1514 0115 52657375 		.ascii	"Result\000"
 1514      6C7400
 1515              	.LASF26:
 1516 011c 4B65795F 		.ascii	"Key_Pressed_Delay\000"
 1516      50726573 
 1516      7365645F 
 1516      44656C61 
 1516      7900
 1517              	.LASF8:
ARM GAS  C:\Users\IEUser\AppData\Local\Temp\ccjwttSg.s 			page 32


 1518 012e 756E7369 		.ascii	"unsigned int\000"
 1518      676E6564 
 1518      20696E74 
 1518      00
 1519              	.LASF37:
 1520 013b 4B42445F 		.ascii	"KBD_ROWPins_Read\000"
 1520      524F5750 
 1520      696E735F 
 1520      52656164 
 1520      00
 1521              	.LASF7:
 1522 014c 6C6F6E67 		.ascii	"long long unsigned int\000"
 1522      206C6F6E 
 1522      6720756E 
 1522      7369676E 
 1522      65642069 
 1523              	.LASF14:
 1524 0163 63796973 		.ascii	"cyisraddress\000"
 1524      72616464 
 1524      72657373 
 1524      00
 1525              	.LASF42:
 1526 0170 433A5C55 		.ascii	"C:\\Users\\IEUser\\PSoC4_Projects\\Security system\\"
 1526      73657273 
 1526      5C494555 
 1526      7365725C 
 1526      50536F43 
 1527 019f 53656375 		.ascii	"Security_system.cydsn\000"
 1527      72697479 
 1527      5F737973 
 1527      74656D2E 
 1527      63796473 
 1528              	.LASF16:
 1529 01b5 4B657962 		.ascii	"Keyboard_Init\000"
 1529      6F617264 
 1529      5F496E69 
 1529      7400
 1530              	.LASF15:
 1531 01c3 73697A65 		.ascii	"sizetype\000"
 1531      74797065 
 1531      00
 1532              	.LASF40:
 1533 01cc 474E5520 		.ascii	"GNU C 4.9.3 20150303 (release) [ARM/embedded-4_9-br"
 1533      4320342E 
 1533      392E3320 
 1533      32303135 
 1533      30333033 
 1534 01ff 616E6368 		.ascii	"anch revision 221220] -mcpu=cortex-m0 -mthumb -g -O"
 1534      20726576 
 1534      6973696F 
 1534      6E203232 
 1534      31323230 
 1535 0232 67202D66 		.ascii	"g -ffunction-sections -ffat-lto-objects\000"
 1535      66756E63 
 1535      74696F6E 
 1535      2D736563 
 1535      74696F6E 
ARM GAS  C:\Users\IEUser\AppData\Local\Temp\ccjwttSg.s 			page 33


 1536              	.LASF6:
 1537 025a 6C6F6E67 		.ascii	"long long int\000"
 1537      206C6F6E 
 1537      6720696E 
 1537      7400
 1538              	.LASF27:
 1539 0268 4B65795F 		.ascii	"Key_Generate_Delay\000"
 1539      47656E65 
 1539      72617465 
 1539      5F44656C 
 1539      617900
 1540              	.LASF13:
 1541 027b 63686172 		.ascii	"char\000"
 1541      00
 1542              	.LASF32:
 1543 0280 4B42445F 		.ascii	"KBD_Buffer\000"
 1543      42756666 
 1543      657200
 1544              	.LASF25:
 1545 028b 53746174 		.ascii	"StateIndex\000"
 1545      65496E64 
 1545      657800
 1546              	.LASF29:
 1547 0296 4465626F 		.ascii	"Debounced_Key\000"
 1547      756E6365 
 1547      645F4B65 
 1547      7900
 1548              	.LASF39:
 1549 02a4 4465626F 		.ascii	"Debounce_Timer_ReadStatusRegister\000"
 1549      756E6365 
 1549      5F54696D 
 1549      65725F52 
 1549      65616453 
 1550              	.LASF2:
 1551 02c6 73686F72 		.ascii	"short int\000"
 1551      7420696E 
 1551      7400
 1552              	.LASF34:
 1553 02d0 4465626F 		.ascii	"Debounce_Int_StartEx\000"
 1553      756E6365 
 1553      5F496E74 
 1553      5F537461 
 1553      72744578 
 1554              	.LASF4:
 1555 02e5 6C6F6E67 		.ascii	"long int\000"
 1555      20696E74 
 1555      00
 1556              	.LASF0:
 1557 02ee 7369676E 		.ascii	"signed char\000"
 1557      65642063 
 1557      68617200 
 1558              	.LASF33:
 1559 02fa 5472616E 		.ascii	"TranslateTable\000"
 1559      736C6174 
 1559      65546162 
 1559      6C6500
 1560              	.LASF19:
ARM GAS  C:\Users\IEUser\AppData\Local\Temp\ccjwttSg.s 			page 34


 1561 0309 4C6F7765 		.ascii	"LowestBitPosition\000"
 1561      73744269 
 1561      74506F73 
 1561      6974696F 
 1561      6E00
 1562              		.ident	"GCC: (GNU Tools for ARM Embedded Processors) 4.9.3 20150303 (release) [ARM/embedded-4_9-br
