--------------- Build Started: 03/28/2016 22:31:37 Project: pir_sensor, Configuration: ARM GCC 4.9-2015-q1-update Debug ---------------
cydsfit.exe -.appdatapath "C:\Users\744\AppData\Local\Cypress Semiconductor\PSoC Creator\3.3" -.fdsnotice -.fdswarpdepfile=warp_dependencies.txt -.fdselabdepfile=elab_dependencies.txt -.fdsbldfile=generated_files.txt -p E:\744\Education\Git\PSoC4_Projects\Diploma_sketch\pir_sensor.cydsn\pir_sensor.cyprj -d CY8C4245AXI-483 -s E:\744\Education\Git\PSoC4_Projects\Diploma_sketch\pir_sensor.cydsn\Generated_Source\PSoC4 -- -yv2 -q10 -ygs -o2 -v3 -.fftcfgtype=LE
Elaborating Design...
HDL Generation ...
Synthesis ...
Place and Route ...
Tech mapping ...
ADD: pft.M0040: information: The following 1 pin(s) will be assigned a location by the fitter: bzz(0)
Analog Placement ...
Analog Routing ...
Analog Code Generation ...
Digital Placement ...
Digital Routing ...
Bitstream Generation ...
Static timing analysis ...
API Generation ...
Dependency Generation ...
Clean Temporary Files ...
arm-none-eabi-gcc.exe -mcpu=cortex-m0 -mthumb -Wno-main -I. -IGenerated_Source\PSoC4 -Wa,-alh=.\CortexM0\ARM_GCC_493\Debug/cyfitter_cfg.lst -g -D DEBUG -Wall -ffunction-sections -Og -ffat-lto-objects -c .\Generated_Source\PSoC4\cyfitter_cfg.c -o .\CortexM0\ARM_GCC_493\Debug\cyfitter_cfg.o
arm-none-eabi-ar.exe -rs .\CortexM0\ARM_GCC_493\Debug\pir_sensor.a .\CortexM0\ARM_GCC_493\Debug\cyfitter_cfg.o .\CortexM0\ARM_GCC_493\Debug\pir.o .\CortexM0\ARM_GCC_493\Debug\pir_PM.o .\CortexM0\ARM_GCC_493\Debug\LED.o .\CortexM0\ARM_GCC_493\Debug\LED_PM.o .\CortexM0\ARM_GCC_493\Debug\CyBootAsmGnu.o .\CortexM0\ARM_GCC_493\Debug\CyFlash.o .\CortexM0\ARM_GCC_493\Debug\CyLib.o .\CortexM0\ARM_GCC_493\Debug\cyPm.o .\CortexM0\ARM_GCC_493\Debug\cyutils.o .\CortexM0\ARM_GCC_493\Debug\CyLFClk.o .\CortexM0\ARM_GCC_493\Debug\bzz.o .\CortexM0\ARM_GCC_493\Debug\bzz_PM.o
arm-none-eabi-ar.exe: creating .\CortexM0\ARM_GCC_493\Debug\pir_sensor.a
arm-none-eabi-gcc.exe -Wl,--start-group -o .\CortexM0\ARM_GCC_493\Debug\pir_sensor.elf .\CortexM0\ARM_GCC_493\Debug\main.o .\CortexM0\ARM_GCC_493\Debug\cymetadata.o .\CortexM0\ARM_GCC_493\Debug\Cm0Start.o .\CortexM0\ARM_GCC_493\Debug\pir_sensor.a "C:\Program Files (x86)\Cypress\PSoC Creator\3.3\PSoC Creator\psoc\content\cycomponentlibrary\CyComponentLibrary.cylib\CortexM0\ARM_GCC_493\Debug\CyComponentLibrary.a" -mcpu=cortex-m0 -mthumb -g -ffunction-sections -Og -L Generated_Source\PSoC4 -Wl,-Map,.\CortexM0\ARM_GCC_493\Debug/pir_sensor.map -T Generated_Source\PSoC4\cm0gcc.ld -specs=nano.specs -Wl,--gc-sections -Wl,--end-group
cyelftool.exe -C E:\744\Education\Git\PSoC4_Projects\Diploma_sketch\pir_sensor.cydsn\CortexM0\ARM_GCC_493\Debug\pir_sensor.elf --flash_row_size 128 --flash_size 32768
cyelftool.exe -S E:\744\Education\Git\PSoC4_Projects\Diploma_sketch\pir_sensor.cydsn\CortexM0\ARM_GCC_493\Debug\pir_sensor.elf
Flash used: 1664 of 32768 bytes (5,1%).
SRAM used: 1428 of 4096 bytes (34,9%). Stack: 1024 bytes. Heap: 128 bytes.
--------------- Build Succeeded: 03/28/2016 22:31:42 ---------------
