ARM GAS  C:\Users\744\AppData\Local\Temp\cceABzEK.s 			page 1


   1              		.cpu cortex-m0
   2              		.fpu softvfp
   3              		.eabi_attribute 20, 1
   4              		.eabi_attribute 21, 1
   5              		.eabi_attribute 23, 3
   6              		.eabi_attribute 24, 1
   7              		.eabi_attribute 25, 1
   8              		.eabi_attribute 26, 1
   9              		.eabi_attribute 30, 1
  10              		.eabi_attribute 34, 0
  11              		.eabi_attribute 18, 4
  12              		.code	16
  13              		.file	"main.c"
  14              		.text
  15              	.Ltext0:
  16              		.cfi_sections	.debug_frame
  17              		.section	.text.main,"ax",%progbits
  18              		.align	2
  19              		.global	main
  20              		.code	16
  21              		.thumb_func
  22              		.type	main, %function
  23              	main:
  24              	.LFB34:
  25              		.file 1 ".\\main.c"
   1:.\main.c      **** /* ========================================
   2:.\main.c      ****  *
   3:.\main.c      ****  * Copyright YOUR COMPANY, THE YEAR
   4:.\main.c      ****  * All Rights Reserved
   5:.\main.c      ****  * UNPUBLISHED, LICENSED SOFTWARE.
   6:.\main.c      ****  *
   7:.\main.c      ****  * CONFIDENTIAL AND PROPRIETARY INFORMATION
   8:.\main.c      ****  * WHICH IS THE PROPERTY OF your company.
   9:.\main.c      ****  *
  10:.\main.c      ****  * ========================================
  11:.\main.c      **** */
  12:.\main.c      **** #include <project.h>
  13:.\main.c      **** 
  14:.\main.c      **** int main()
  15:.\main.c      **** {
  26              		.loc 1 15 0
  27              		.cfi_startproc
  28 0000 08B5     		push	{r3, lr}
  29              		.cfi_def_cfa_offset 8
  30              		.cfi_offset 3, -8
  31              		.cfi_offset 14, -4
  16:.\main.c      ****     CyGlobalIntEnable; /* Enable global interrupts. */
  32              		.loc 1 16 0
  33              	@ 16 ".\main.c" 1
  34 0002 62B6     		CPSIE   i
  35              	@ 0 "" 2
  36              		.code	16
  37              	.L2:
  17:.\main.c      **** 
  18:.\main.c      ****     /* Place your initialization/startup code here (e.g. MyInst_Start()) */
  19:.\main.c      **** 
  20:.\main.c      ****     for(;;)
ARM GAS  C:\Users\744\AppData\Local\Temp\cceABzEK.s 			page 2


  21:.\main.c      ****     {
  22:.\main.c      ****         if(pir_Read() == 1)
  38              		.loc 1 22 0
  39 0004 FFF7FEFF 		bl	pir_Read
  40              	.LVL0:
  41 0008 0128     		cmp	r0, #1
  42 000a 03D1     		bne	.L3
  23:.\main.c      ****         {
  24:.\main.c      ****             LED_Write(0);
  43              		.loc 1 24 0
  44 000c 0020     		mov	r0, #0
  45 000e FFF7FEFF 		bl	LED_Write
  46              	.LVL1:
  47 0012 F7E7     		b	.L2
  48              	.L3:
  25:.\main.c      ****         }
  26:.\main.c      ****         else if(pir_Read() == 0)
  49              		.loc 1 26 0
  50 0014 FFF7FEFF 		bl	pir_Read
  51              	.LVL2:
  52 0018 0028     		cmp	r0, #0
  53 001a F3D1     		bne	.L2
  27:.\main.c      ****         {
  28:.\main.c      ****             LED_Write(1);
  54              		.loc 1 28 0
  55 001c 0130     		add	r0, r0, #1
  56 001e FFF7FEFF 		bl	LED_Write
  57              	.LVL3:
  58 0022 EFE7     		b	.L2
  59              		.cfi_endproc
  60              	.LFE34:
  61              		.size	main, .-main
  62              		.text
  63              	.Letext0:
  64              		.file 2 "Generated_Source\\PSoC4/cytypes.h"
  65              		.file 3 "Generated_Source\\PSoC4/pir.h"
  66              		.file 4 "Generated_Source\\PSoC4/LED.h"
  67              		.section	.debug_info,"",%progbits
  68              	.Ldebug_info0:
  69 0000 F0000000 		.4byte	0xf0
  70 0004 0400     		.2byte	0x4
  71 0006 00000000 		.4byte	.Ldebug_abbrev0
  72 000a 04       		.byte	0x4
  73 000b 01       		.uleb128 0x1
  74 000c F8000000 		.4byte	.LASF13
  75 0010 01       		.byte	0x1
  76 0011 C9000000 		.4byte	.LASF14
  77 0015 69000000 		.4byte	.LASF15
  78 0019 00000000 		.4byte	.Ldebug_ranges0+0
  79 001d 00000000 		.4byte	0
  80 0021 00000000 		.4byte	.Ldebug_line0
  81 0025 02       		.uleb128 0x2
  82 0026 01       		.byte	0x1
  83 0027 06       		.byte	0x6
  84 0028 EC000000 		.4byte	.LASF0
  85 002c 02       		.uleb128 0x2
  86 002d 01       		.byte	0x1
ARM GAS  C:\Users\744\AppData\Local\Temp\cceABzEK.s 			page 3


  87 002e 08       		.byte	0x8
  88 002f AD000000 		.4byte	.LASF1
  89 0033 02       		.uleb128 0x2
  90 0034 02       		.byte	0x2
  91 0035 05       		.byte	0x5
  92 0036 42000000 		.4byte	.LASF2
  93 003a 02       		.uleb128 0x2
  94 003b 02       		.byte	0x2
  95 003c 07       		.byte	0x7
  96 003d D9000000 		.4byte	.LASF3
  97 0041 02       		.uleb128 0x2
  98 0042 04       		.byte	0x4
  99 0043 05       		.byte	0x5
 100 0044 C0000000 		.4byte	.LASF4
 101 0048 02       		.uleb128 0x2
 102 0049 04       		.byte	0x4
 103 004a 07       		.byte	0x7
 104 004b 30000000 		.4byte	.LASF5
 105 004f 02       		.uleb128 0x2
 106 0050 08       		.byte	0x8
 107 0051 05       		.byte	0x5
 108 0052 00000000 		.4byte	.LASF6
 109 0056 02       		.uleb128 0x2
 110 0057 08       		.byte	0x8
 111 0058 07       		.byte	0x7
 112 0059 4C000000 		.4byte	.LASF7
 113 005d 03       		.uleb128 0x3
 114 005e 04       		.byte	0x4
 115 005f 05       		.byte	0x5
 116 0060 696E7400 		.ascii	"int\000"
 117 0064 02       		.uleb128 0x2
 118 0065 04       		.byte	0x4
 119 0066 07       		.byte	0x7
 120 0067 0E000000 		.4byte	.LASF8
 121 006b 04       		.uleb128 0x4
 122 006c 2A000000 		.4byte	.LASF16
 123 0070 02       		.byte	0x2
 124 0071 3801     		.2byte	0x138
 125 0073 2C000000 		.4byte	0x2c
 126 0077 02       		.uleb128 0x2
 127 0078 04       		.byte	0x4
 128 0079 04       		.byte	0x4
 129 007a 63000000 		.4byte	.LASF9
 130 007e 02       		.uleb128 0x2
 131 007f 08       		.byte	0x8
 132 0080 04       		.byte	0x4
 133 0081 D2000000 		.4byte	.LASF10
 134 0085 02       		.uleb128 0x2
 135 0086 01       		.byte	0x1
 136 0087 08       		.byte	0x8
 137 0088 BB000000 		.4byte	.LASF11
 138 008c 02       		.uleb128 0x2
 139 008d 04       		.byte	0x4
 140 008e 07       		.byte	0x7
 141 008f 8F010000 		.4byte	.LASF12
 142 0093 05       		.uleb128 0x5
 143 0094 1B000000 		.4byte	.LASF17
ARM GAS  C:\Users\744\AppData\Local\Temp\cceABzEK.s 			page 4


 144 0098 01       		.byte	0x1
 145 0099 0E       		.byte	0xe
 146 009a 5D000000 		.4byte	0x5d
 147 009e 00000000 		.4byte	.LFB34
 148 00a2 24000000 		.4byte	.LFE34-.LFB34
 149 00a6 01       		.uleb128 0x1
 150 00a7 9C       		.byte	0x9c
 151 00a8 DB000000 		.4byte	0xdb
 152 00ac 06       		.uleb128 0x6
 153 00ad 08000000 		.4byte	.LVL0
 154 00b1 DB000000 		.4byte	0xdb
 155 00b5 07       		.uleb128 0x7
 156 00b6 12000000 		.4byte	.LVL1
 157 00ba E6000000 		.4byte	0xe6
 158 00be C8000000 		.4byte	0xc8
 159 00c2 08       		.uleb128 0x8
 160 00c3 01       		.uleb128 0x1
 161 00c4 50       		.byte	0x50
 162 00c5 01       		.uleb128 0x1
 163 00c6 30       		.byte	0x30
 164 00c7 00       		.byte	0
 165 00c8 06       		.uleb128 0x6
 166 00c9 18000000 		.4byte	.LVL2
 167 00cd DB000000 		.4byte	0xdb
 168 00d1 06       		.uleb128 0x6
 169 00d2 22000000 		.4byte	.LVL3
 170 00d6 E6000000 		.4byte	0xe6
 171 00da 00       		.byte	0
 172 00db 09       		.uleb128 0x9
 173 00dc 86010000 		.4byte	.LASF18
 174 00e0 03       		.byte	0x3
 175 00e1 32       		.byte	0x32
 176 00e2 6B000000 		.4byte	0x6b
 177 00e6 0A       		.uleb128 0xa
 178 00e7 20000000 		.4byte	.LASF19
 179 00eb 04       		.byte	0x4
 180 00ec 33       		.byte	0x33
 181 00ed 0B       		.uleb128 0xb
 182 00ee 6B000000 		.4byte	0x6b
 183 00f2 00       		.byte	0
 184 00f3 00       		.byte	0
 185              		.section	.debug_abbrev,"",%progbits
 186              	.Ldebug_abbrev0:
 187 0000 01       		.uleb128 0x1
 188 0001 11       		.uleb128 0x11
 189 0002 01       		.byte	0x1
 190 0003 25       		.uleb128 0x25
 191 0004 0E       		.uleb128 0xe
 192 0005 13       		.uleb128 0x13
 193 0006 0B       		.uleb128 0xb
 194 0007 03       		.uleb128 0x3
 195 0008 0E       		.uleb128 0xe
 196 0009 1B       		.uleb128 0x1b
 197 000a 0E       		.uleb128 0xe
 198 000b 55       		.uleb128 0x55
 199 000c 17       		.uleb128 0x17
 200 000d 11       		.uleb128 0x11
ARM GAS  C:\Users\744\AppData\Local\Temp\cceABzEK.s 			page 5


 201 000e 01       		.uleb128 0x1
 202 000f 10       		.uleb128 0x10
 203 0010 17       		.uleb128 0x17
 204 0011 00       		.byte	0
 205 0012 00       		.byte	0
 206 0013 02       		.uleb128 0x2
 207 0014 24       		.uleb128 0x24
 208 0015 00       		.byte	0
 209 0016 0B       		.uleb128 0xb
 210 0017 0B       		.uleb128 0xb
 211 0018 3E       		.uleb128 0x3e
 212 0019 0B       		.uleb128 0xb
 213 001a 03       		.uleb128 0x3
 214 001b 0E       		.uleb128 0xe
 215 001c 00       		.byte	0
 216 001d 00       		.byte	0
 217 001e 03       		.uleb128 0x3
 218 001f 24       		.uleb128 0x24
 219 0020 00       		.byte	0
 220 0021 0B       		.uleb128 0xb
 221 0022 0B       		.uleb128 0xb
 222 0023 3E       		.uleb128 0x3e
 223 0024 0B       		.uleb128 0xb
 224 0025 03       		.uleb128 0x3
 225 0026 08       		.uleb128 0x8
 226 0027 00       		.byte	0
 227 0028 00       		.byte	0
 228 0029 04       		.uleb128 0x4
 229 002a 16       		.uleb128 0x16
 230 002b 00       		.byte	0
 231 002c 03       		.uleb128 0x3
 232 002d 0E       		.uleb128 0xe
 233 002e 3A       		.uleb128 0x3a
 234 002f 0B       		.uleb128 0xb
 235 0030 3B       		.uleb128 0x3b
 236 0031 05       		.uleb128 0x5
 237 0032 49       		.uleb128 0x49
 238 0033 13       		.uleb128 0x13
 239 0034 00       		.byte	0
 240 0035 00       		.byte	0
 241 0036 05       		.uleb128 0x5
 242 0037 2E       		.uleb128 0x2e
 243 0038 01       		.byte	0x1
 244 0039 3F       		.uleb128 0x3f
 245 003a 19       		.uleb128 0x19
 246 003b 03       		.uleb128 0x3
 247 003c 0E       		.uleb128 0xe
 248 003d 3A       		.uleb128 0x3a
 249 003e 0B       		.uleb128 0xb
 250 003f 3B       		.uleb128 0x3b
 251 0040 0B       		.uleb128 0xb
 252 0041 49       		.uleb128 0x49
 253 0042 13       		.uleb128 0x13
 254 0043 11       		.uleb128 0x11
 255 0044 01       		.uleb128 0x1
 256 0045 12       		.uleb128 0x12
 257 0046 06       		.uleb128 0x6
ARM GAS  C:\Users\744\AppData\Local\Temp\cceABzEK.s 			page 6


 258 0047 40       		.uleb128 0x40
 259 0048 18       		.uleb128 0x18
 260 0049 9742     		.uleb128 0x2117
 261 004b 19       		.uleb128 0x19
 262 004c 01       		.uleb128 0x1
 263 004d 13       		.uleb128 0x13
 264 004e 00       		.byte	0
 265 004f 00       		.byte	0
 266 0050 06       		.uleb128 0x6
 267 0051 898201   		.uleb128 0x4109
 268 0054 00       		.byte	0
 269 0055 11       		.uleb128 0x11
 270 0056 01       		.uleb128 0x1
 271 0057 31       		.uleb128 0x31
 272 0058 13       		.uleb128 0x13
 273 0059 00       		.byte	0
 274 005a 00       		.byte	0
 275 005b 07       		.uleb128 0x7
 276 005c 898201   		.uleb128 0x4109
 277 005f 01       		.byte	0x1
 278 0060 11       		.uleb128 0x11
 279 0061 01       		.uleb128 0x1
 280 0062 31       		.uleb128 0x31
 281 0063 13       		.uleb128 0x13
 282 0064 01       		.uleb128 0x1
 283 0065 13       		.uleb128 0x13
 284 0066 00       		.byte	0
 285 0067 00       		.byte	0
 286 0068 08       		.uleb128 0x8
 287 0069 8A8201   		.uleb128 0x410a
 288 006c 00       		.byte	0
 289 006d 02       		.uleb128 0x2
 290 006e 18       		.uleb128 0x18
 291 006f 9142     		.uleb128 0x2111
 292 0071 18       		.uleb128 0x18
 293 0072 00       		.byte	0
 294 0073 00       		.byte	0
 295 0074 09       		.uleb128 0x9
 296 0075 2E       		.uleb128 0x2e
 297 0076 00       		.byte	0
 298 0077 3F       		.uleb128 0x3f
 299 0078 19       		.uleb128 0x19
 300 0079 03       		.uleb128 0x3
 301 007a 0E       		.uleb128 0xe
 302 007b 3A       		.uleb128 0x3a
 303 007c 0B       		.uleb128 0xb
 304 007d 3B       		.uleb128 0x3b
 305 007e 0B       		.uleb128 0xb
 306 007f 27       		.uleb128 0x27
 307 0080 19       		.uleb128 0x19
 308 0081 49       		.uleb128 0x49
 309 0082 13       		.uleb128 0x13
 310 0083 3C       		.uleb128 0x3c
 311 0084 19       		.uleb128 0x19
 312 0085 00       		.byte	0
 313 0086 00       		.byte	0
 314 0087 0A       		.uleb128 0xa
ARM GAS  C:\Users\744\AppData\Local\Temp\cceABzEK.s 			page 7


 315 0088 2E       		.uleb128 0x2e
 316 0089 01       		.byte	0x1
 317 008a 3F       		.uleb128 0x3f
 318 008b 19       		.uleb128 0x19
 319 008c 03       		.uleb128 0x3
 320 008d 0E       		.uleb128 0xe
 321 008e 3A       		.uleb128 0x3a
 322 008f 0B       		.uleb128 0xb
 323 0090 3B       		.uleb128 0x3b
 324 0091 0B       		.uleb128 0xb
 325 0092 27       		.uleb128 0x27
 326 0093 19       		.uleb128 0x19
 327 0094 3C       		.uleb128 0x3c
 328 0095 19       		.uleb128 0x19
 329 0096 00       		.byte	0
 330 0097 00       		.byte	0
 331 0098 0B       		.uleb128 0xb
 332 0099 05       		.uleb128 0x5
 333 009a 00       		.byte	0
 334 009b 49       		.uleb128 0x49
 335 009c 13       		.uleb128 0x13
 336 009d 00       		.byte	0
 337 009e 00       		.byte	0
 338 009f 00       		.byte	0
 339              		.section	.debug_aranges,"",%progbits
 340 0000 1C000000 		.4byte	0x1c
 341 0004 0200     		.2byte	0x2
 342 0006 00000000 		.4byte	.Ldebug_info0
 343 000a 04       		.byte	0x4
 344 000b 00       		.byte	0
 345 000c 0000     		.2byte	0
 346 000e 0000     		.2byte	0
 347 0010 00000000 		.4byte	.LFB34
 348 0014 24000000 		.4byte	.LFE34-.LFB34
 349 0018 00000000 		.4byte	0
 350 001c 00000000 		.4byte	0
 351              		.section	.debug_ranges,"",%progbits
 352              	.Ldebug_ranges0:
 353 0000 00000000 		.4byte	.LFB34
 354 0004 24000000 		.4byte	.LFE34
 355 0008 00000000 		.4byte	0
 356 000c 00000000 		.4byte	0
 357              		.section	.debug_line,"",%progbits
 358              	.Ldebug_line0:
 359 0000 6F000000 		.section	.debug_str,"MS",%progbits,1
 359      02005500 
 359      00000201 
 359      FB0E0D00 
 359      01010101 
 360              	.LASF6:
 361 0000 6C6F6E67 		.ascii	"long long int\000"
 361      206C6F6E 
 361      6720696E 
 361      7400
 362              	.LASF8:
 363 000e 756E7369 		.ascii	"unsigned int\000"
 363      676E6564 
ARM GAS  C:\Users\744\AppData\Local\Temp\cceABzEK.s 			page 8


 363      20696E74 
 363      00
 364              	.LASF17:
 365 001b 6D61696E 		.ascii	"main\000"
 365      00
 366              	.LASF19:
 367 0020 4C45445F 		.ascii	"LED_Write\000"
 367      57726974 
 367      6500
 368              	.LASF16:
 369 002a 75696E74 		.ascii	"uint8\000"
 369      3800
 370              	.LASF5:
 371 0030 6C6F6E67 		.ascii	"long unsigned int\000"
 371      20756E73 
 371      69676E65 
 371      6420696E 
 371      7400
 372              	.LASF2:
 373 0042 73686F72 		.ascii	"short int\000"
 373      7420696E 
 373      7400
 374              	.LASF7:
 375 004c 6C6F6E67 		.ascii	"long long unsigned int\000"
 375      206C6F6E 
 375      6720756E 
 375      7369676E 
 375      65642069 
 376              	.LASF9:
 377 0063 666C6F61 		.ascii	"float\000"
 377      7400
 378              	.LASF15:
 379 0069 453A5C37 		.ascii	"E:\\744\\Education\\Git\\PSoC4_Projects\\Diploma_sk"
 379      34345C45 
 379      64756361 
 379      74696F6E 
 379      5C476974 
 380 0097 65746368 		.ascii	"etch\\pir_sensor.cydsn\000"
 380      5C706972 
 380      5F73656E 
 380      736F722E 
 380      63796473 
 381              	.LASF1:
 382 00ad 756E7369 		.ascii	"unsigned char\000"
 382      676E6564 
 382      20636861 
 382      7200
 383              	.LASF11:
 384 00bb 63686172 		.ascii	"char\000"
 384      00
 385              	.LASF4:
 386 00c0 6C6F6E67 		.ascii	"long int\000"
 386      20696E74 
 386      00
 387              	.LASF14:
 388 00c9 2E5C6D61 		.ascii	".\\main.c\000"
 388      696E2E63 
ARM GAS  C:\Users\744\AppData\Local\Temp\cceABzEK.s 			page 9


 388      00
 389              	.LASF10:
 390 00d2 646F7562 		.ascii	"double\000"
 390      6C6500
 391              	.LASF3:
 392 00d9 73686F72 		.ascii	"short unsigned int\000"
 392      7420756E 
 392      7369676E 
 392      65642069 
 392      6E7400
 393              	.LASF0:
 394 00ec 7369676E 		.ascii	"signed char\000"
 394      65642063 
 394      68617200 
 395              	.LASF13:
 396 00f8 474E5520 		.ascii	"GNU C 4.9.3 20150303 (release) [ARM/embedded-4_9-br"
 396      4320342E 
 396      392E3320 
 396      32303135 
 396      30333033 
 397 012b 616E6368 		.ascii	"anch revision 221220] -mcpu=cortex-m0 -mthumb -g -O"
 397      20726576 
 397      6973696F 
 397      6E203232 
 397      31323230 
 398 015e 67202D66 		.ascii	"g -ffunction-sections -ffat-lto-objects\000"
 398      66756E63 
 398      74696F6E 
 398      2D736563 
 398      74696F6E 
 399              	.LASF18:
 400 0186 7069725F 		.ascii	"pir_Read\000"
 400      52656164 
 400      00
 401              	.LASF12:
 402 018f 73697A65 		.ascii	"sizetype\000"
 402      74797065 
 402      00
 403              		.ident	"GCC: (GNU Tools for ARM Embedded Processors) 4.9.3 20150303 (release) [ARM/embedded-4_9-br
