ARM GAS  C:\Users\744\AppData\Local\Temp\ccnqm42S.s 			page 1


   1              		.cpu cortex-m0
   2              		.fpu softvfp
   3              		.eabi_attribute 20, 1
   4              		.eabi_attribute 21, 1
   5              		.eabi_attribute 23, 3
   6              		.eabi_attribute 24, 1
   7              		.eabi_attribute 25, 1
   8              		.eabi_attribute 26, 1
   9              		.eabi_attribute 30, 1
  10              		.eabi_attribute 34, 0
  11              		.eabi_attribute 18, 4
  12              		.code	16
  13              		.file	"PWM_PM.c"
  14              		.text
  15              	.Ltext0:
  16              		.cfi_sections	.debug_frame
  17              		.section	.text.PWM_SaveConfig,"ax",%progbits
  18              		.align	2
  19              		.global	PWM_SaveConfig
  20              		.code	16
  21              		.thumb_func
  22              		.type	PWM_SaveConfig, %function
  23              	PWM_SaveConfig:
  24              	.LFB0:
  25              		.file 1 ".\\Generated_Source\\PSoC4\\PWM_PM.c"
   1:.\Generated_Source\PSoC4/PWM_PM.c **** /*******************************************************************************
   2:.\Generated_Source\PSoC4/PWM_PM.c **** * File Name: PWM_PM.c
   3:.\Generated_Source\PSoC4/PWM_PM.c **** * Version 3.30
   4:.\Generated_Source\PSoC4/PWM_PM.c **** *
   5:.\Generated_Source\PSoC4/PWM_PM.c **** * Description:
   6:.\Generated_Source\PSoC4/PWM_PM.c **** *  This file provides the power management source code to API for the
   7:.\Generated_Source\PSoC4/PWM_PM.c **** *  PWM.
   8:.\Generated_Source\PSoC4/PWM_PM.c **** *
   9:.\Generated_Source\PSoC4/PWM_PM.c **** * Note:
  10:.\Generated_Source\PSoC4/PWM_PM.c **** *
  11:.\Generated_Source\PSoC4/PWM_PM.c **** ********************************************************************************
  12:.\Generated_Source\PSoC4/PWM_PM.c **** * Copyright 2008-2014, Cypress Semiconductor Corporation.  All rights reserved.
  13:.\Generated_Source\PSoC4/PWM_PM.c **** * You may use this file only in accordance with the license, terms, conditions,
  14:.\Generated_Source\PSoC4/PWM_PM.c **** * disclaimers, and limitations in the end user license agreement accompanying
  15:.\Generated_Source\PSoC4/PWM_PM.c **** * the software package with which this file was provided.
  16:.\Generated_Source\PSoC4/PWM_PM.c **** *******************************************************************************/
  17:.\Generated_Source\PSoC4/PWM_PM.c **** 
  18:.\Generated_Source\PSoC4/PWM_PM.c **** #include "PWM.h"
  19:.\Generated_Source\PSoC4/PWM_PM.c **** 
  20:.\Generated_Source\PSoC4/PWM_PM.c **** static PWM_backupStruct PWM_backup;
  21:.\Generated_Source\PSoC4/PWM_PM.c **** 
  22:.\Generated_Source\PSoC4/PWM_PM.c **** 
  23:.\Generated_Source\PSoC4/PWM_PM.c **** /*******************************************************************************
  24:.\Generated_Source\PSoC4/PWM_PM.c **** * Function Name: PWM_SaveConfig
  25:.\Generated_Source\PSoC4/PWM_PM.c **** ********************************************************************************
  26:.\Generated_Source\PSoC4/PWM_PM.c **** *
  27:.\Generated_Source\PSoC4/PWM_PM.c **** * Summary:
  28:.\Generated_Source\PSoC4/PWM_PM.c **** *  Saves the current user configuration of the component.
  29:.\Generated_Source\PSoC4/PWM_PM.c **** *
  30:.\Generated_Source\PSoC4/PWM_PM.c **** * Parameters:
  31:.\Generated_Source\PSoC4/PWM_PM.c **** *  None
  32:.\Generated_Source\PSoC4/PWM_PM.c **** *
ARM GAS  C:\Users\744\AppData\Local\Temp\ccnqm42S.s 			page 2


  33:.\Generated_Source\PSoC4/PWM_PM.c **** * Return:
  34:.\Generated_Source\PSoC4/PWM_PM.c **** *  None
  35:.\Generated_Source\PSoC4/PWM_PM.c **** *
  36:.\Generated_Source\PSoC4/PWM_PM.c **** * Global variables:
  37:.\Generated_Source\PSoC4/PWM_PM.c **** *  PWM_backup:  Variables of this global structure are modified to
  38:.\Generated_Source\PSoC4/PWM_PM.c **** *  store the values of non retention configuration registers when Sleep() API is
  39:.\Generated_Source\PSoC4/PWM_PM.c **** *  called.
  40:.\Generated_Source\PSoC4/PWM_PM.c **** *
  41:.\Generated_Source\PSoC4/PWM_PM.c **** *******************************************************************************/
  42:.\Generated_Source\PSoC4/PWM_PM.c **** void PWM_SaveConfig(void) 
  43:.\Generated_Source\PSoC4/PWM_PM.c **** {
  26              		.loc 1 43 0
  27              		.cfi_startproc
  28 0000 10B5     		push	{r4, lr}
  29              		.cfi_def_cfa_offset 8
  30              		.cfi_offset 4, -8
  31              		.cfi_offset 14, -4
  44:.\Generated_Source\PSoC4/PWM_PM.c **** 
  45:.\Generated_Source\PSoC4/PWM_PM.c ****     #if(!PWM_UsingFixedFunction)
  46:.\Generated_Source\PSoC4/PWM_PM.c ****         #if(!PWM_PWMModeIsCenterAligned)
  47:.\Generated_Source\PSoC4/PWM_PM.c ****             PWM_backup.PWMPeriod = PWM_ReadPeriod();
  32              		.loc 1 47 0
  33 0002 FFF7FEFF 		bl	PWM_ReadPeriod
  34              	.LVL0:
  35 0006 064C     		ldr	r4, .L2
  36 0008 A080     		strh	r0, [r4, #4]
  48:.\Generated_Source\PSoC4/PWM_PM.c ****         #endif /* (!PWM_PWMModeIsCenterAligned) */
  49:.\Generated_Source\PSoC4/PWM_PM.c ****         PWM_backup.PWMUdb = PWM_ReadCounter();
  37              		.loc 1 49 0
  38 000a FFF7FEFF 		bl	PWM_ReadCounter
  39              	.LVL1:
  40 000e 6080     		strh	r0, [r4, #2]
  50:.\Generated_Source\PSoC4/PWM_PM.c ****         #if (PWM_UseStatus)
  51:.\Generated_Source\PSoC4/PWM_PM.c ****             PWM_backup.InterruptMaskValue = PWM_STATUS_MASK;
  41              		.loc 1 51 0
  42 0010 044B     		ldr	r3, .L2+4
  43 0012 1B78     		ldrb	r3, [r3]
  44 0014 A371     		strb	r3, [r4, #6]
  52:.\Generated_Source\PSoC4/PWM_PM.c ****         #endif /* (PWM_UseStatus) */
  53:.\Generated_Source\PSoC4/PWM_PM.c **** 
  54:.\Generated_Source\PSoC4/PWM_PM.c ****         #if(PWM_DeadBandMode == PWM__B_PWM__DBM_256_CLOCKS || \
  55:.\Generated_Source\PSoC4/PWM_PM.c ****             PWM_DeadBandMode == PWM__B_PWM__DBM_2_4_CLOCKS)
  56:.\Generated_Source\PSoC4/PWM_PM.c ****             PWM_backup.PWMdeadBandValue = PWM_ReadDeadTime();
  57:.\Generated_Source\PSoC4/PWM_PM.c ****         #endif /*  deadband count is either 2-4 clocks or 256 clocks */
  58:.\Generated_Source\PSoC4/PWM_PM.c **** 
  59:.\Generated_Source\PSoC4/PWM_PM.c ****         #if(PWM_KillModeMinTime)
  60:.\Generated_Source\PSoC4/PWM_PM.c ****              PWM_backup.PWMKillCounterPeriod = PWM_ReadKillTime();
  61:.\Generated_Source\PSoC4/PWM_PM.c ****         #endif /* (PWM_KillModeMinTime) */
  62:.\Generated_Source\PSoC4/PWM_PM.c **** 
  63:.\Generated_Source\PSoC4/PWM_PM.c ****         #if(PWM_UseControl)
  64:.\Generated_Source\PSoC4/PWM_PM.c ****             PWM_backup.PWMControlRegister = PWM_ReadControlRegister();
  45              		.loc 1 64 0
  46 0016 FFF7FEFF 		bl	PWM_ReadControlRegister
  47              	.LVL2:
  48 001a E071     		strb	r0, [r4, #7]
  65:.\Generated_Source\PSoC4/PWM_PM.c ****         #endif /* (PWM_UseControl) */
  66:.\Generated_Source\PSoC4/PWM_PM.c ****     #endif  /* (!PWM_UsingFixedFunction) */
ARM GAS  C:\Users\744\AppData\Local\Temp\ccnqm42S.s 			page 3


  67:.\Generated_Source\PSoC4/PWM_PM.c **** }
  49              		.loc 1 67 0
  50              		@ sp needed
  51 001c 10BD     		pop	{r4, pc}
  52              	.L3:
  53 001e C046     		.align	2
  54              	.L2:
  55 0020 00000000 		.word	.LANCHOR0
  56 0024 83000F40 		.word	1074724995
  57              		.cfi_endproc
  58              	.LFE0:
  59              		.size	PWM_SaveConfig, .-PWM_SaveConfig
  60              		.section	.text.PWM_RestoreConfig,"ax",%progbits
  61              		.align	2
  62              		.global	PWM_RestoreConfig
  63              		.code	16
  64              		.thumb_func
  65              		.type	PWM_RestoreConfig, %function
  66              	PWM_RestoreConfig:
  67              	.LFB1:
  68:.\Generated_Source\PSoC4/PWM_PM.c **** 
  69:.\Generated_Source\PSoC4/PWM_PM.c **** 
  70:.\Generated_Source\PSoC4/PWM_PM.c **** /*******************************************************************************
  71:.\Generated_Source\PSoC4/PWM_PM.c **** * Function Name: PWM_RestoreConfig
  72:.\Generated_Source\PSoC4/PWM_PM.c **** ********************************************************************************
  73:.\Generated_Source\PSoC4/PWM_PM.c **** *
  74:.\Generated_Source\PSoC4/PWM_PM.c **** * Summary:
  75:.\Generated_Source\PSoC4/PWM_PM.c **** *  Restores the current user configuration of the component.
  76:.\Generated_Source\PSoC4/PWM_PM.c **** *
  77:.\Generated_Source\PSoC4/PWM_PM.c **** * Parameters:
  78:.\Generated_Source\PSoC4/PWM_PM.c **** *  None
  79:.\Generated_Source\PSoC4/PWM_PM.c **** *
  80:.\Generated_Source\PSoC4/PWM_PM.c **** * Return:
  81:.\Generated_Source\PSoC4/PWM_PM.c **** *  None
  82:.\Generated_Source\PSoC4/PWM_PM.c **** *
  83:.\Generated_Source\PSoC4/PWM_PM.c **** * Global variables:
  84:.\Generated_Source\PSoC4/PWM_PM.c **** *  PWM_backup:  Variables of this global structure are used to
  85:.\Generated_Source\PSoC4/PWM_PM.c **** *  restore the values of non retention registers on wakeup from sleep mode.
  86:.\Generated_Source\PSoC4/PWM_PM.c **** *
  87:.\Generated_Source\PSoC4/PWM_PM.c **** *******************************************************************************/
  88:.\Generated_Source\PSoC4/PWM_PM.c **** void PWM_RestoreConfig(void) 
  89:.\Generated_Source\PSoC4/PWM_PM.c **** {
  68              		.loc 1 89 0
  69              		.cfi_startproc
  70 0000 10B5     		push	{r4, lr}
  71              		.cfi_def_cfa_offset 8
  72              		.cfi_offset 4, -8
  73              		.cfi_offset 14, -4
  90:.\Generated_Source\PSoC4/PWM_PM.c ****         #if(!PWM_UsingFixedFunction)
  91:.\Generated_Source\PSoC4/PWM_PM.c ****             #if(!PWM_PWMModeIsCenterAligned)
  92:.\Generated_Source\PSoC4/PWM_PM.c ****                 PWM_WritePeriod(PWM_backup.PWMPeriod);
  74              		.loc 1 92 0
  75 0002 074C     		ldr	r4, .L5
  76 0004 A088     		ldrh	r0, [r4, #4]
  77 0006 FFF7FEFF 		bl	PWM_WritePeriod
  78              	.LVL3:
  93:.\Generated_Source\PSoC4/PWM_PM.c ****             #endif /* (!PWM_PWMModeIsCenterAligned) */
ARM GAS  C:\Users\744\AppData\Local\Temp\ccnqm42S.s 			page 4


  94:.\Generated_Source\PSoC4/PWM_PM.c **** 
  95:.\Generated_Source\PSoC4/PWM_PM.c ****             PWM_WriteCounter(PWM_backup.PWMUdb);
  79              		.loc 1 95 0
  80 000a 6088     		ldrh	r0, [r4, #2]
  81 000c FFF7FEFF 		bl	PWM_WriteCounter
  82              	.LVL4:
  96:.\Generated_Source\PSoC4/PWM_PM.c **** 
  97:.\Generated_Source\PSoC4/PWM_PM.c ****             #if (PWM_UseStatus)
  98:.\Generated_Source\PSoC4/PWM_PM.c ****                 PWM_STATUS_MASK = PWM_backup.InterruptMaskValue;
  83              		.loc 1 98 0
  84 0010 A279     		ldrb	r2, [r4, #6]
  85 0012 044B     		ldr	r3, .L5+4
  86 0014 1A70     		strb	r2, [r3]
  99:.\Generated_Source\PSoC4/PWM_PM.c ****             #endif /* (PWM_UseStatus) */
 100:.\Generated_Source\PSoC4/PWM_PM.c **** 
 101:.\Generated_Source\PSoC4/PWM_PM.c ****             #if(PWM_DeadBandMode == PWM__B_PWM__DBM_256_CLOCKS || \
 102:.\Generated_Source\PSoC4/PWM_PM.c ****                 PWM_DeadBandMode == PWM__B_PWM__DBM_2_4_CLOCKS)
 103:.\Generated_Source\PSoC4/PWM_PM.c ****                 PWM_WriteDeadTime(PWM_backup.PWMdeadBandValue);
 104:.\Generated_Source\PSoC4/PWM_PM.c ****             #endif /* deadband count is either 2-4 clocks or 256 clocks */
 105:.\Generated_Source\PSoC4/PWM_PM.c **** 
 106:.\Generated_Source\PSoC4/PWM_PM.c ****             #if(PWM_KillModeMinTime)
 107:.\Generated_Source\PSoC4/PWM_PM.c ****                 PWM_WriteKillTime(PWM_backup.PWMKillCounterPeriod);
 108:.\Generated_Source\PSoC4/PWM_PM.c ****             #endif /* (PWM_KillModeMinTime) */
 109:.\Generated_Source\PSoC4/PWM_PM.c **** 
 110:.\Generated_Source\PSoC4/PWM_PM.c ****             #if(PWM_UseControl)
 111:.\Generated_Source\PSoC4/PWM_PM.c ****                 PWM_WriteControlRegister(PWM_backup.PWMControlRegister);
  87              		.loc 1 111 0
  88 0016 E079     		ldrb	r0, [r4, #7]
  89 0018 FFF7FEFF 		bl	PWM_WriteControlRegister
  90              	.LVL5:
 112:.\Generated_Source\PSoC4/PWM_PM.c ****             #endif /* (PWM_UseControl) */
 113:.\Generated_Source\PSoC4/PWM_PM.c ****         #endif  /* (!PWM_UsingFixedFunction) */
 114:.\Generated_Source\PSoC4/PWM_PM.c ****     }
  91              		.loc 1 114 0
  92              		@ sp needed
  93 001c 10BD     		pop	{r4, pc}
  94              	.L6:
  95 001e C046     		.align	2
  96              	.L5:
  97 0020 00000000 		.word	.LANCHOR0
  98 0024 83000F40 		.word	1074724995
  99              		.cfi_endproc
 100              	.LFE1:
 101              		.size	PWM_RestoreConfig, .-PWM_RestoreConfig
 102              		.section	.text.PWM_Sleep,"ax",%progbits
 103              		.align	2
 104              		.global	PWM_Sleep
 105              		.code	16
 106              		.thumb_func
 107              		.type	PWM_Sleep, %function
 108              	PWM_Sleep:
 109              	.LFB2:
 115:.\Generated_Source\PSoC4/PWM_PM.c **** 
 116:.\Generated_Source\PSoC4/PWM_PM.c **** 
 117:.\Generated_Source\PSoC4/PWM_PM.c **** /*******************************************************************************
 118:.\Generated_Source\PSoC4/PWM_PM.c **** * Function Name: PWM_Sleep
 119:.\Generated_Source\PSoC4/PWM_PM.c **** ********************************************************************************
ARM GAS  C:\Users\744\AppData\Local\Temp\ccnqm42S.s 			page 5


 120:.\Generated_Source\PSoC4/PWM_PM.c **** *
 121:.\Generated_Source\PSoC4/PWM_PM.c **** * Summary:
 122:.\Generated_Source\PSoC4/PWM_PM.c **** *  Disables block's operation and saves the user configuration. Should be called
 123:.\Generated_Source\PSoC4/PWM_PM.c **** *  just prior to entering sleep.
 124:.\Generated_Source\PSoC4/PWM_PM.c **** *
 125:.\Generated_Source\PSoC4/PWM_PM.c **** * Parameters:
 126:.\Generated_Source\PSoC4/PWM_PM.c **** *  None
 127:.\Generated_Source\PSoC4/PWM_PM.c **** *
 128:.\Generated_Source\PSoC4/PWM_PM.c **** * Return:
 129:.\Generated_Source\PSoC4/PWM_PM.c **** *  None
 130:.\Generated_Source\PSoC4/PWM_PM.c **** *
 131:.\Generated_Source\PSoC4/PWM_PM.c **** * Global variables:
 132:.\Generated_Source\PSoC4/PWM_PM.c **** *  PWM_backup.PWMEnableState:  Is modified depending on the enable
 133:.\Generated_Source\PSoC4/PWM_PM.c **** *  state of the block before entering sleep mode.
 134:.\Generated_Source\PSoC4/PWM_PM.c **** *
 135:.\Generated_Source\PSoC4/PWM_PM.c **** *******************************************************************************/
 136:.\Generated_Source\PSoC4/PWM_PM.c **** void PWM_Sleep(void) 
 137:.\Generated_Source\PSoC4/PWM_PM.c **** {
 110              		.loc 1 137 0
 111              		.cfi_startproc
 112 0000 08B5     		push	{r3, lr}
 113              		.cfi_def_cfa_offset 8
 114              		.cfi_offset 3, -8
 115              		.cfi_offset 14, -4
 138:.\Generated_Source\PSoC4/PWM_PM.c ****     #if(PWM_UseControl)
 139:.\Generated_Source\PSoC4/PWM_PM.c ****         if(PWM_CTRL_ENABLE == (PWM_CONTROL & PWM_CTRL_ENABLE))
 116              		.loc 1 139 0
 117 0002 084B     		ldr	r3, .L10
 118 0004 1B78     		ldrb	r3, [r3]
 119 0006 5BB2     		sxtb	r3, r3
 120 0008 002B     		cmp	r3, #0
 121 000a 03DA     		bge	.L8
 140:.\Generated_Source\PSoC4/PWM_PM.c ****         {
 141:.\Generated_Source\PSoC4/PWM_PM.c ****             /*Component is enabled */
 142:.\Generated_Source\PSoC4/PWM_PM.c ****             PWM_backup.PWMEnableState = 1u;
 122              		.loc 1 142 0
 123 000c 0122     		mov	r2, #1
 124 000e 064B     		ldr	r3, .L10+4
 125 0010 1A70     		strb	r2, [r3]
 126 0012 02E0     		b	.L9
 127              	.L8:
 143:.\Generated_Source\PSoC4/PWM_PM.c ****         }
 144:.\Generated_Source\PSoC4/PWM_PM.c ****         else
 145:.\Generated_Source\PSoC4/PWM_PM.c ****         {
 146:.\Generated_Source\PSoC4/PWM_PM.c ****             /* Component is disabled */
 147:.\Generated_Source\PSoC4/PWM_PM.c ****             PWM_backup.PWMEnableState = 0u;
 128              		.loc 1 147 0
 129 0014 0022     		mov	r2, #0
 130 0016 044B     		ldr	r3, .L10+4
 131 0018 1A70     		strb	r2, [r3]
 132              	.L9:
 148:.\Generated_Source\PSoC4/PWM_PM.c ****         }
 149:.\Generated_Source\PSoC4/PWM_PM.c ****     #endif /* (PWM_UseControl) */
 150:.\Generated_Source\PSoC4/PWM_PM.c **** 
 151:.\Generated_Source\PSoC4/PWM_PM.c ****     /* Stop component */
 152:.\Generated_Source\PSoC4/PWM_PM.c ****     PWM_Stop();
 133              		.loc 1 152 0
ARM GAS  C:\Users\744\AppData\Local\Temp\ccnqm42S.s 			page 6


 134 001a FFF7FEFF 		bl	PWM_Stop
 135              	.LVL6:
 153:.\Generated_Source\PSoC4/PWM_PM.c **** 
 154:.\Generated_Source\PSoC4/PWM_PM.c ****     /* Save registers configuration */
 155:.\Generated_Source\PSoC4/PWM_PM.c ****     PWM_SaveConfig();
 136              		.loc 1 155 0
 137 001e FFF7FEFF 		bl	PWM_SaveConfig
 138              	.LVL7:
 156:.\Generated_Source\PSoC4/PWM_PM.c **** }
 139              		.loc 1 156 0
 140              		@ sp needed
 141 0022 08BD     		pop	{r3, pc}
 142              	.L11:
 143              		.align	2
 144              	.L10:
 145 0024 73000F40 		.word	1074724979
 146 0028 00000000 		.word	.LANCHOR0
 147              		.cfi_endproc
 148              	.LFE2:
 149              		.size	PWM_Sleep, .-PWM_Sleep
 150              		.section	.text.PWM_Wakeup,"ax",%progbits
 151              		.align	2
 152              		.global	PWM_Wakeup
 153              		.code	16
 154              		.thumb_func
 155              		.type	PWM_Wakeup, %function
 156              	PWM_Wakeup:
 157              	.LFB3:
 157:.\Generated_Source\PSoC4/PWM_PM.c **** 
 158:.\Generated_Source\PSoC4/PWM_PM.c **** 
 159:.\Generated_Source\PSoC4/PWM_PM.c **** /*******************************************************************************
 160:.\Generated_Source\PSoC4/PWM_PM.c **** * Function Name: PWM_Wakeup
 161:.\Generated_Source\PSoC4/PWM_PM.c **** ********************************************************************************
 162:.\Generated_Source\PSoC4/PWM_PM.c **** *
 163:.\Generated_Source\PSoC4/PWM_PM.c **** * Summary:
 164:.\Generated_Source\PSoC4/PWM_PM.c **** *  Restores and enables the user configuration. Should be called just after
 165:.\Generated_Source\PSoC4/PWM_PM.c **** *  awaking from sleep.
 166:.\Generated_Source\PSoC4/PWM_PM.c **** *
 167:.\Generated_Source\PSoC4/PWM_PM.c **** * Parameters:
 168:.\Generated_Source\PSoC4/PWM_PM.c **** *  None
 169:.\Generated_Source\PSoC4/PWM_PM.c **** *
 170:.\Generated_Source\PSoC4/PWM_PM.c **** * Return:
 171:.\Generated_Source\PSoC4/PWM_PM.c **** *  None
 172:.\Generated_Source\PSoC4/PWM_PM.c **** *
 173:.\Generated_Source\PSoC4/PWM_PM.c **** * Global variables:
 174:.\Generated_Source\PSoC4/PWM_PM.c **** *  PWM_backup.pwmEnable:  Is used to restore the enable state of
 175:.\Generated_Source\PSoC4/PWM_PM.c **** *  block on wakeup from sleep mode.
 176:.\Generated_Source\PSoC4/PWM_PM.c **** *
 177:.\Generated_Source\PSoC4/PWM_PM.c **** *******************************************************************************/
 178:.\Generated_Source\PSoC4/PWM_PM.c **** void PWM_Wakeup(void) 
 179:.\Generated_Source\PSoC4/PWM_PM.c **** {
 158              		.loc 1 179 0
 159              		.cfi_startproc
 160 0000 08B5     		push	{r3, lr}
 161              		.cfi_def_cfa_offset 8
 162              		.cfi_offset 3, -8
 163              		.cfi_offset 14, -4
ARM GAS  C:\Users\744\AppData\Local\Temp\ccnqm42S.s 			page 7


 180:.\Generated_Source\PSoC4/PWM_PM.c ****      /* Restore registers values */
 181:.\Generated_Source\PSoC4/PWM_PM.c ****     PWM_RestoreConfig();
 164              		.loc 1 181 0
 165 0002 FFF7FEFF 		bl	PWM_RestoreConfig
 166              	.LVL8:
 182:.\Generated_Source\PSoC4/PWM_PM.c **** 
 183:.\Generated_Source\PSoC4/PWM_PM.c ****     if(PWM_backup.PWMEnableState != 0u)
 167              		.loc 1 183 0
 168 0006 034B     		ldr	r3, .L14
 169 0008 1B78     		ldrb	r3, [r3]
 170 000a 002B     		cmp	r3, #0
 171 000c 01D0     		beq	.L12
 184:.\Generated_Source\PSoC4/PWM_PM.c ****     {
 185:.\Generated_Source\PSoC4/PWM_PM.c ****         /* Enable component's operation */
 186:.\Generated_Source\PSoC4/PWM_PM.c ****         PWM_Enable();
 172              		.loc 1 186 0
 173 000e FFF7FEFF 		bl	PWM_Enable
 174              	.LVL9:
 175              	.L12:
 187:.\Generated_Source\PSoC4/PWM_PM.c ****     } /* Do nothing if component's block was disabled before */
 188:.\Generated_Source\PSoC4/PWM_PM.c **** 
 189:.\Generated_Source\PSoC4/PWM_PM.c **** }
 176              		.loc 1 189 0
 177              		@ sp needed
 178 0012 08BD     		pop	{r3, pc}
 179              	.L15:
 180              		.align	2
 181              	.L14:
 182 0014 00000000 		.word	.LANCHOR0
 183              		.cfi_endproc
 184              	.LFE3:
 185              		.size	PWM_Wakeup, .-PWM_Wakeup
 186              		.bss
 187              		.align	2
 188              		.set	.LANCHOR0,. + 0
 189              		.type	PWM_backup, %object
 190              		.size	PWM_backup, 8
 191              	PWM_backup:
 192 0000 00000000 		.space	8
 192      00000000 
 193              		.text
 194              	.Letext0:
 195              		.file 2 ".\\Generated_Source\\PSoC4\\cytypes.h"
 196              		.file 3 ".\\Generated_Source\\PSoC4\\PWM.h"
 197              		.section	.debug_info,"",%progbits
 198              	.Ldebug_info0:
 199 0000 20020000 		.4byte	0x220
 200 0004 0400     		.2byte	0x4
 201 0006 00000000 		.4byte	.Ldebug_abbrev0
 202 000a 04       		.byte	0x4
 203 000b 01       		.uleb128 0x1
 204 000c 6D010000 		.4byte	.LASF34
 205 0010 01       		.byte	0x1
 206 0011 2E020000 		.4byte	.LASF35
 207 0015 C0000000 		.4byte	.LASF36
 208 0019 00000000 		.4byte	.Ldebug_ranges0+0
 209 001d 00000000 		.4byte	0
ARM GAS  C:\Users\744\AppData\Local\Temp\ccnqm42S.s 			page 8


 210 0021 00000000 		.4byte	.Ldebug_line0
 211 0025 02       		.uleb128 0x2
 212 0026 01       		.byte	0x1
 213 0027 06       		.byte	0x6
 214 0028 71020000 		.4byte	.LASF0
 215 002c 02       		.uleb128 0x2
 216 002d 01       		.byte	0x1
 217 002e 08       		.byte	0x8
 218 002f 5D000000 		.4byte	.LASF1
 219 0033 02       		.uleb128 0x2
 220 0034 02       		.byte	0x2
 221 0035 05       		.byte	0x5
 222 0036 0A020000 		.4byte	.LASF2
 223 003a 02       		.uleb128 0x2
 224 003b 02       		.byte	0x2
 225 003c 07       		.byte	0x7
 226 003d 16000000 		.4byte	.LASF3
 227 0041 02       		.uleb128 0x2
 228 0042 04       		.byte	0x4
 229 0043 05       		.byte	0x5
 230 0044 50020000 		.4byte	.LASF4
 231 0048 02       		.uleb128 0x2
 232 0049 04       		.byte	0x4
 233 004a 07       		.byte	0x7
 234 004b 7A000000 		.4byte	.LASF5
 235 004f 02       		.uleb128 0x2
 236 0050 08       		.byte	0x8
 237 0051 05       		.byte	0x5
 238 0052 41010000 		.4byte	.LASF6
 239 0056 02       		.uleb128 0x2
 240 0057 08       		.byte	0x8
 241 0058 07       		.byte	0x7
 242 0059 07010000 		.4byte	.LASF7
 243 005d 03       		.uleb128 0x3
 244 005e 04       		.byte	0x4
 245 005f 05       		.byte	0x5
 246 0060 696E7400 		.ascii	"int\000"
 247 0064 02       		.uleb128 0x2
 248 0065 04       		.byte	0x4
 249 0066 07       		.byte	0x7
 250 0067 FA000000 		.4byte	.LASF8
 251 006b 04       		.uleb128 0x4
 252 006c 9C000000 		.4byte	.LASF9
 253 0070 02       		.byte	0x2
 254 0071 C2       		.byte	0xc2
 255 0072 2C000000 		.4byte	0x2c
 256 0076 04       		.uleb128 0x4
 257 0077 F3000000 		.4byte	.LASF10
 258 007b 02       		.byte	0x2
 259 007c C3       		.byte	0xc3
 260 007d 3A000000 		.4byte	0x3a
 261 0081 02       		.uleb128 0x2
 262 0082 04       		.byte	0x4
 263 0083 04       		.byte	0x4
 264 0084 4C000000 		.4byte	.LASF11
 265 0088 02       		.uleb128 0x2
 266 0089 08       		.byte	0x8
ARM GAS  C:\Users\744\AppData\Local\Temp\ccnqm42S.s 			page 9


 267 008a 04       		.byte	0x4
 268 008b DD000000 		.4byte	.LASF12
 269 008f 02       		.uleb128 0x2
 270 0090 01       		.byte	0x1
 271 0091 08       		.byte	0x8
 272 0092 4F010000 		.4byte	.LASF13
 273 0096 05       		.uleb128 0x5
 274 0097 07000000 		.4byte	.LASF14
 275 009b 02       		.byte	0x2
 276 009c 6C01     		.2byte	0x16c
 277 009e A2000000 		.4byte	0xa2
 278 00a2 06       		.uleb128 0x6
 279 00a3 6B000000 		.4byte	0x6b
 280 00a7 02       		.uleb128 0x2
 281 00a8 04       		.byte	0x4
 282 00a9 07       		.byte	0x7
 283 00aa 38010000 		.4byte	.LASF15
 284 00ae 07       		.uleb128 0x7
 285 00af 08       		.byte	0x8
 286 00b0 03       		.byte	0x3
 287 00b1 6B       		.byte	0x6b
 288 00b2 F3000000 		.4byte	0xf3
 289 00b6 08       		.uleb128 0x8
 290 00b7 6B000000 		.4byte	.LASF16
 291 00bb 03       		.byte	0x3
 292 00bc 6E       		.byte	0x6e
 293 00bd 6B000000 		.4byte	0x6b
 294 00c1 00       		.byte	0
 295 00c2 08       		.uleb128 0x8
 296 00c3 00000000 		.4byte	.LASF17
 297 00c7 03       		.byte	0x3
 298 00c8 71       		.byte	0x71
 299 00c9 76000000 		.4byte	0x76
 300 00cd 02       		.byte	0x2
 301 00ce 08       		.uleb128 0x8
 302 00cf 0C000000 		.4byte	.LASF18
 303 00d3 03       		.byte	0x3
 304 00d4 73       		.byte	0x73
 305 00d5 76000000 		.4byte	0x76
 306 00d9 04       		.byte	0x4
 307 00da 08       		.uleb128 0x8
 308 00db 88020000 		.4byte	.LASF19
 309 00df 03       		.byte	0x3
 310 00e0 76       		.byte	0x76
 311 00e1 6B000000 		.4byte	0x6b
 312 00e5 06       		.byte	0x6
 313 00e6 08       		.uleb128 0x8
 314 00e7 AD000000 		.4byte	.LASF20
 315 00eb 03       		.byte	0x3
 316 00ec 86       		.byte	0x86
 317 00ed 6B000000 		.4byte	0x6b
 318 00f1 07       		.byte	0x7
 319 00f2 00       		.byte	0
 320 00f3 04       		.uleb128 0x4
 321 00f4 3B000000 		.4byte	.LASF21
 322 00f8 03       		.byte	0x3
 323 00f9 8B       		.byte	0x8b
ARM GAS  C:\Users\744\AppData\Local\Temp\ccnqm42S.s 			page 10


 324 00fa AE000000 		.4byte	0xae
 325 00fe 09       		.uleb128 0x9
 326 00ff E4000000 		.4byte	.LASF22
 327 0103 01       		.byte	0x1
 328 0104 2A       		.byte	0x2a
 329 0105 00000000 		.4byte	.LFB0
 330 0109 28000000 		.4byte	.LFE0-.LFB0
 331 010d 01       		.uleb128 0x1
 332 010e 9C       		.byte	0x9c
 333 010f 2F010000 		.4byte	0x12f
 334 0113 0A       		.uleb128 0xa
 335 0114 06000000 		.4byte	.LVL0
 336 0118 C1010000 		.4byte	0x1c1
 337 011c 0A       		.uleb128 0xa
 338 011d 0E000000 		.4byte	.LVL1
 339 0121 CC010000 		.4byte	0x1cc
 340 0125 0A       		.uleb128 0xa
 341 0126 1A000000 		.4byte	.LVL2
 342 012a D7010000 		.4byte	0x1d7
 343 012e 00       		.byte	0
 344 012f 09       		.uleb128 0x9
 345 0130 29000000 		.4byte	.LASF23
 346 0134 01       		.byte	0x1
 347 0135 58       		.byte	0x58
 348 0136 00000000 		.4byte	.LFB1
 349 013a 28000000 		.4byte	.LFE1-.LFB1
 350 013e 01       		.uleb128 0x1
 351 013f 9C       		.byte	0x9c
 352 0140 60010000 		.4byte	0x160
 353 0144 0A       		.uleb128 0xa
 354 0145 0A000000 		.4byte	.LVL3
 355 0149 E2010000 		.4byte	0x1e2
 356 014d 0A       		.uleb128 0xa
 357 014e 10000000 		.4byte	.LVL4
 358 0152 F3010000 		.4byte	0x1f3
 359 0156 0A       		.uleb128 0xa
 360 0157 1C000000 		.4byte	.LVL5
 361 015b 04020000 		.4byte	0x204
 362 015f 00       		.byte	0
 363 0160 09       		.uleb128 0x9
 364 0161 1E010000 		.4byte	.LASF24
 365 0165 01       		.byte	0x1
 366 0166 88       		.byte	0x88
 367 0167 00000000 		.4byte	.LFB2
 368 016b 2C000000 		.4byte	.LFE2-.LFB2
 369 016f 01       		.uleb128 0x1
 370 0170 9C       		.byte	0x9c
 371 0171 88010000 		.4byte	0x188
 372 0175 0A       		.uleb128 0xa
 373 0176 1E000000 		.4byte	.LVL6
 374 017a 15020000 		.4byte	0x215
 375 017e 0A       		.uleb128 0xa
 376 017f 22000000 		.4byte	.LVL7
 377 0183 FE000000 		.4byte	0xfe
 378 0187 00       		.byte	0
 379 0188 09       		.uleb128 0x9
 380 0189 A2000000 		.4byte	.LASF25
ARM GAS  C:\Users\744\AppData\Local\Temp\ccnqm42S.s 			page 11


 381 018d 01       		.byte	0x1
 382 018e B2       		.byte	0xb2
 383 018f 00000000 		.4byte	.LFB3
 384 0193 18000000 		.4byte	.LFE3-.LFB3
 385 0197 01       		.uleb128 0x1
 386 0198 9C       		.byte	0x9c
 387 0199 B0010000 		.4byte	0x1b0
 388 019d 0A       		.uleb128 0xa
 389 019e 06000000 		.4byte	.LVL8
 390 01a2 2F010000 		.4byte	0x12f
 391 01a6 0A       		.uleb128 0xa
 392 01a7 12000000 		.4byte	.LVL9
 393 01ab 1C020000 		.4byte	0x21c
 394 01af 00       		.byte	0
 395 01b0 0B       		.uleb128 0xb
 396 01b1 52000000 		.4byte	.LASF37
 397 01b5 01       		.byte	0x1
 398 01b6 14       		.byte	0x14
 399 01b7 F3000000 		.4byte	0xf3
 400 01bb 05       		.uleb128 0x5
 401 01bc 03       		.byte	0x3
 402 01bd 00000000 		.4byte	PWM_backup
 403 01c1 0C       		.uleb128 0xc
 404 01c2 FB010000 		.4byte	.LASF26
 405 01c6 03       		.byte	0x3
 406 01c7 C0       		.byte	0xc0
 407 01c8 76000000 		.4byte	0x76
 408 01cc 0C       		.uleb128 0xc
 409 01cd 8C000000 		.4byte	.LASF27
 410 01d1 03       		.byte	0x3
 411 01d2 B3       		.byte	0xb3
 412 01d3 76000000 		.4byte	0x76
 413 01d7 0C       		.uleb128 0xc
 414 01d8 59020000 		.4byte	.LASF28
 415 01dc 03       		.byte	0x3
 416 01dd 9D       		.byte	0x9d
 417 01de 6B000000 		.4byte	0x6b
 418 01e2 0D       		.uleb128 0xd
 419 01e3 28010000 		.4byte	.LASF29
 420 01e7 03       		.byte	0x3
 421 01e8 BE       		.byte	0xbe
 422 01e9 F3010000 		.4byte	0x1f3
 423 01ed 0E       		.uleb128 0xe
 424 01ee 76000000 		.4byte	0x76
 425 01f2 00       		.byte	0
 426 01f3 0D       		.uleb128 0xd
 427 01f4 14020000 		.4byte	.LASF30
 428 01f8 03       		.byte	0x3
 429 01f9 BA       		.byte	0xba
 430 01fa 04020000 		.4byte	0x204
 431 01fe 0E       		.uleb128 0xe
 432 01ff 76000000 		.4byte	0x76
 433 0203 00       		.byte	0
 434 0204 0D       		.uleb128 0xd
 435 0205 54010000 		.4byte	.LASF31
 436 0209 03       		.byte	0x3
 437 020a 9E       		.byte	0x9e
ARM GAS  C:\Users\744\AppData\Local\Temp\ccnqm42S.s 			page 12


 438 020b 15020000 		.4byte	0x215
 439 020f 0E       		.uleb128 0xe
 440 0210 6B000000 		.4byte	0x6b
 441 0214 00       		.byte	0
 442 0215 0F       		.uleb128 0xf
 443 0216 25020000 		.4byte	.LASF32
 444 021a 03       		.byte	0x3
 445 021b 93       		.byte	0x93
 446 021c 0F       		.uleb128 0xf
 447 021d 7D020000 		.4byte	.LASF33
 448 0221 03       		.byte	0x3
 449 0222 DB       		.byte	0xdb
 450 0223 00       		.byte	0
 451              		.section	.debug_abbrev,"",%progbits
 452              	.Ldebug_abbrev0:
 453 0000 01       		.uleb128 0x1
 454 0001 11       		.uleb128 0x11
 455 0002 01       		.byte	0x1
 456 0003 25       		.uleb128 0x25
 457 0004 0E       		.uleb128 0xe
 458 0005 13       		.uleb128 0x13
 459 0006 0B       		.uleb128 0xb
 460 0007 03       		.uleb128 0x3
 461 0008 0E       		.uleb128 0xe
 462 0009 1B       		.uleb128 0x1b
 463 000a 0E       		.uleb128 0xe
 464 000b 55       		.uleb128 0x55
 465 000c 17       		.uleb128 0x17
 466 000d 11       		.uleb128 0x11
 467 000e 01       		.uleb128 0x1
 468 000f 10       		.uleb128 0x10
 469 0010 17       		.uleb128 0x17
 470 0011 00       		.byte	0
 471 0012 00       		.byte	0
 472 0013 02       		.uleb128 0x2
 473 0014 24       		.uleb128 0x24
 474 0015 00       		.byte	0
 475 0016 0B       		.uleb128 0xb
 476 0017 0B       		.uleb128 0xb
 477 0018 3E       		.uleb128 0x3e
 478 0019 0B       		.uleb128 0xb
 479 001a 03       		.uleb128 0x3
 480 001b 0E       		.uleb128 0xe
 481 001c 00       		.byte	0
 482 001d 00       		.byte	0
 483 001e 03       		.uleb128 0x3
 484 001f 24       		.uleb128 0x24
 485 0020 00       		.byte	0
 486 0021 0B       		.uleb128 0xb
 487 0022 0B       		.uleb128 0xb
 488 0023 3E       		.uleb128 0x3e
 489 0024 0B       		.uleb128 0xb
 490 0025 03       		.uleb128 0x3
 491 0026 08       		.uleb128 0x8
 492 0027 00       		.byte	0
 493 0028 00       		.byte	0
 494 0029 04       		.uleb128 0x4
ARM GAS  C:\Users\744\AppData\Local\Temp\ccnqm42S.s 			page 13


 495 002a 16       		.uleb128 0x16
 496 002b 00       		.byte	0
 497 002c 03       		.uleb128 0x3
 498 002d 0E       		.uleb128 0xe
 499 002e 3A       		.uleb128 0x3a
 500 002f 0B       		.uleb128 0xb
 501 0030 3B       		.uleb128 0x3b
 502 0031 0B       		.uleb128 0xb
 503 0032 49       		.uleb128 0x49
 504 0033 13       		.uleb128 0x13
 505 0034 00       		.byte	0
 506 0035 00       		.byte	0
 507 0036 05       		.uleb128 0x5
 508 0037 16       		.uleb128 0x16
 509 0038 00       		.byte	0
 510 0039 03       		.uleb128 0x3
 511 003a 0E       		.uleb128 0xe
 512 003b 3A       		.uleb128 0x3a
 513 003c 0B       		.uleb128 0xb
 514 003d 3B       		.uleb128 0x3b
 515 003e 05       		.uleb128 0x5
 516 003f 49       		.uleb128 0x49
 517 0040 13       		.uleb128 0x13
 518 0041 00       		.byte	0
 519 0042 00       		.byte	0
 520 0043 06       		.uleb128 0x6
 521 0044 35       		.uleb128 0x35
 522 0045 00       		.byte	0
 523 0046 49       		.uleb128 0x49
 524 0047 13       		.uleb128 0x13
 525 0048 00       		.byte	0
 526 0049 00       		.byte	0
 527 004a 07       		.uleb128 0x7
 528 004b 13       		.uleb128 0x13
 529 004c 01       		.byte	0x1
 530 004d 0B       		.uleb128 0xb
 531 004e 0B       		.uleb128 0xb
 532 004f 3A       		.uleb128 0x3a
 533 0050 0B       		.uleb128 0xb
 534 0051 3B       		.uleb128 0x3b
 535 0052 0B       		.uleb128 0xb
 536 0053 01       		.uleb128 0x1
 537 0054 13       		.uleb128 0x13
 538 0055 00       		.byte	0
 539 0056 00       		.byte	0
 540 0057 08       		.uleb128 0x8
 541 0058 0D       		.uleb128 0xd
 542 0059 00       		.byte	0
 543 005a 03       		.uleb128 0x3
 544 005b 0E       		.uleb128 0xe
 545 005c 3A       		.uleb128 0x3a
 546 005d 0B       		.uleb128 0xb
 547 005e 3B       		.uleb128 0x3b
 548 005f 0B       		.uleb128 0xb
 549 0060 49       		.uleb128 0x49
 550 0061 13       		.uleb128 0x13
 551 0062 38       		.uleb128 0x38
ARM GAS  C:\Users\744\AppData\Local\Temp\ccnqm42S.s 			page 14


 552 0063 0B       		.uleb128 0xb
 553 0064 00       		.byte	0
 554 0065 00       		.byte	0
 555 0066 09       		.uleb128 0x9
 556 0067 2E       		.uleb128 0x2e
 557 0068 01       		.byte	0x1
 558 0069 3F       		.uleb128 0x3f
 559 006a 19       		.uleb128 0x19
 560 006b 03       		.uleb128 0x3
 561 006c 0E       		.uleb128 0xe
 562 006d 3A       		.uleb128 0x3a
 563 006e 0B       		.uleb128 0xb
 564 006f 3B       		.uleb128 0x3b
 565 0070 0B       		.uleb128 0xb
 566 0071 27       		.uleb128 0x27
 567 0072 19       		.uleb128 0x19
 568 0073 11       		.uleb128 0x11
 569 0074 01       		.uleb128 0x1
 570 0075 12       		.uleb128 0x12
 571 0076 06       		.uleb128 0x6
 572 0077 40       		.uleb128 0x40
 573 0078 18       		.uleb128 0x18
 574 0079 9742     		.uleb128 0x2117
 575 007b 19       		.uleb128 0x19
 576 007c 01       		.uleb128 0x1
 577 007d 13       		.uleb128 0x13
 578 007e 00       		.byte	0
 579 007f 00       		.byte	0
 580 0080 0A       		.uleb128 0xa
 581 0081 898201   		.uleb128 0x4109
 582 0084 00       		.byte	0
 583 0085 11       		.uleb128 0x11
 584 0086 01       		.uleb128 0x1
 585 0087 31       		.uleb128 0x31
 586 0088 13       		.uleb128 0x13
 587 0089 00       		.byte	0
 588 008a 00       		.byte	0
 589 008b 0B       		.uleb128 0xb
 590 008c 34       		.uleb128 0x34
 591 008d 00       		.byte	0
 592 008e 03       		.uleb128 0x3
 593 008f 0E       		.uleb128 0xe
 594 0090 3A       		.uleb128 0x3a
 595 0091 0B       		.uleb128 0xb
 596 0092 3B       		.uleb128 0x3b
 597 0093 0B       		.uleb128 0xb
 598 0094 49       		.uleb128 0x49
 599 0095 13       		.uleb128 0x13
 600 0096 02       		.uleb128 0x2
 601 0097 18       		.uleb128 0x18
 602 0098 00       		.byte	0
 603 0099 00       		.byte	0
 604 009a 0C       		.uleb128 0xc
 605 009b 2E       		.uleb128 0x2e
 606 009c 00       		.byte	0
 607 009d 3F       		.uleb128 0x3f
 608 009e 19       		.uleb128 0x19
ARM GAS  C:\Users\744\AppData\Local\Temp\ccnqm42S.s 			page 15


 609 009f 03       		.uleb128 0x3
 610 00a0 0E       		.uleb128 0xe
 611 00a1 3A       		.uleb128 0x3a
 612 00a2 0B       		.uleb128 0xb
 613 00a3 3B       		.uleb128 0x3b
 614 00a4 0B       		.uleb128 0xb
 615 00a5 27       		.uleb128 0x27
 616 00a6 19       		.uleb128 0x19
 617 00a7 49       		.uleb128 0x49
 618 00a8 13       		.uleb128 0x13
 619 00a9 3C       		.uleb128 0x3c
 620 00aa 19       		.uleb128 0x19
 621 00ab 00       		.byte	0
 622 00ac 00       		.byte	0
 623 00ad 0D       		.uleb128 0xd
 624 00ae 2E       		.uleb128 0x2e
 625 00af 01       		.byte	0x1
 626 00b0 3F       		.uleb128 0x3f
 627 00b1 19       		.uleb128 0x19
 628 00b2 03       		.uleb128 0x3
 629 00b3 0E       		.uleb128 0xe
 630 00b4 3A       		.uleb128 0x3a
 631 00b5 0B       		.uleb128 0xb
 632 00b6 3B       		.uleb128 0x3b
 633 00b7 0B       		.uleb128 0xb
 634 00b8 27       		.uleb128 0x27
 635 00b9 19       		.uleb128 0x19
 636 00ba 3C       		.uleb128 0x3c
 637 00bb 19       		.uleb128 0x19
 638 00bc 01       		.uleb128 0x1
 639 00bd 13       		.uleb128 0x13
 640 00be 00       		.byte	0
 641 00bf 00       		.byte	0
 642 00c0 0E       		.uleb128 0xe
 643 00c1 05       		.uleb128 0x5
 644 00c2 00       		.byte	0
 645 00c3 49       		.uleb128 0x49
 646 00c4 13       		.uleb128 0x13
 647 00c5 00       		.byte	0
 648 00c6 00       		.byte	0
 649 00c7 0F       		.uleb128 0xf
 650 00c8 2E       		.uleb128 0x2e
 651 00c9 00       		.byte	0
 652 00ca 3F       		.uleb128 0x3f
 653 00cb 19       		.uleb128 0x19
 654 00cc 03       		.uleb128 0x3
 655 00cd 0E       		.uleb128 0xe
 656 00ce 3A       		.uleb128 0x3a
 657 00cf 0B       		.uleb128 0xb
 658 00d0 3B       		.uleb128 0x3b
 659 00d1 0B       		.uleb128 0xb
 660 00d2 27       		.uleb128 0x27
 661 00d3 19       		.uleb128 0x19
 662 00d4 3C       		.uleb128 0x3c
 663 00d5 19       		.uleb128 0x19
 664 00d6 00       		.byte	0
 665 00d7 00       		.byte	0
ARM GAS  C:\Users\744\AppData\Local\Temp\ccnqm42S.s 			page 16


 666 00d8 00       		.byte	0
 667              		.section	.debug_aranges,"",%progbits
 668 0000 34000000 		.4byte	0x34
 669 0004 0200     		.2byte	0x2
 670 0006 00000000 		.4byte	.Ldebug_info0
 671 000a 04       		.byte	0x4
 672 000b 00       		.byte	0
 673 000c 0000     		.2byte	0
 674 000e 0000     		.2byte	0
 675 0010 00000000 		.4byte	.LFB0
 676 0014 28000000 		.4byte	.LFE0-.LFB0
 677 0018 00000000 		.4byte	.LFB1
 678 001c 28000000 		.4byte	.LFE1-.LFB1
 679 0020 00000000 		.4byte	.LFB2
 680 0024 2C000000 		.4byte	.LFE2-.LFB2
 681 0028 00000000 		.4byte	.LFB3
 682 002c 18000000 		.4byte	.LFE3-.LFB3
 683 0030 00000000 		.4byte	0
 684 0034 00000000 		.4byte	0
 685              		.section	.debug_ranges,"",%progbits
 686              	.Ldebug_ranges0:
 687 0000 00000000 		.4byte	.LFB0
 688 0004 28000000 		.4byte	.LFE0
 689 0008 00000000 		.4byte	.LFB1
 690 000c 28000000 		.4byte	.LFE1
 691 0010 00000000 		.4byte	.LFB2
 692 0014 2C000000 		.4byte	.LFE2
 693 0018 00000000 		.4byte	.LFB3
 694 001c 18000000 		.4byte	.LFE3
 695 0020 00000000 		.4byte	0
 696 0024 00000000 		.4byte	0
 697              		.section	.debug_line,"",%progbits
 698              	.Ldebug_line0:
 699 0000 AB000000 		.section	.debug_str,"MS",%progbits,1
 699      02004E00 
 699      00000201 
 699      FB0E0D00 
 699      01010101 
 700              	.LASF17:
 701 0000 50574D55 		.ascii	"PWMUdb\000"
 701      646200
 702              	.LASF14:
 703 0007 72656738 		.ascii	"reg8\000"
 703      00
 704              	.LASF18:
 705 000c 50574D50 		.ascii	"PWMPeriod\000"
 705      6572696F 
 705      6400
 706              	.LASF3:
 707 0016 73686F72 		.ascii	"short unsigned int\000"
 707      7420756E 
 707      7369676E 
 707      65642069 
 707      6E7400
 708              	.LASF23:
 709 0029 50574D5F 		.ascii	"PWM_RestoreConfig\000"
 709      52657374 
ARM GAS  C:\Users\744\AppData\Local\Temp\ccnqm42S.s 			page 17


 709      6F726543 
 709      6F6E6669 
 709      6700
 710              	.LASF21:
 711 003b 50574D5F 		.ascii	"PWM_backupStruct\000"
 711      6261636B 
 711      75705374 
 711      72756374 
 711      00
 712              	.LASF11:
 713 004c 666C6F61 		.ascii	"float\000"
 713      7400
 714              	.LASF37:
 715 0052 50574D5F 		.ascii	"PWM_backup\000"
 715      6261636B 
 715      757000
 716              	.LASF1:
 717 005d 756E7369 		.ascii	"unsigned char\000"
 717      676E6564 
 717      20636861 
 717      7200
 718              	.LASF16:
 719 006b 50574D45 		.ascii	"PWMEnableState\000"
 719      6E61626C 
 719      65537461 
 719      746500
 720              	.LASF5:
 721 007a 6C6F6E67 		.ascii	"long unsigned int\000"
 721      20756E73 
 721      69676E65 
 721      6420696E 
 721      7400
 722              	.LASF27:
 723 008c 50574D5F 		.ascii	"PWM_ReadCounter\000"
 723      52656164 
 723      436F756E 
 723      74657200 
 724              	.LASF9:
 725 009c 75696E74 		.ascii	"uint8\000"
 725      3800
 726              	.LASF25:
 727 00a2 50574D5F 		.ascii	"PWM_Wakeup\000"
 727      57616B65 
 727      757000
 728              	.LASF20:
 729 00ad 50574D43 		.ascii	"PWMControlRegister\000"
 729      6F6E7472 
 729      6F6C5265 
 729      67697374 
 729      657200
 730              	.LASF36:
 731 00c0 443A5C37 		.ascii	"D:\\744\\psoc\\Timers\\T_1.cydsn\000"
 731      34345C70 
 731      736F635C 
 731      54696D65 
 731      72735C54 
 732              	.LASF12:
ARM GAS  C:\Users\744\AppData\Local\Temp\ccnqm42S.s 			page 18


 733 00dd 646F7562 		.ascii	"double\000"
 733      6C6500
 734              	.LASF22:
 735 00e4 50574D5F 		.ascii	"PWM_SaveConfig\000"
 735      53617665 
 735      436F6E66 
 735      696700
 736              	.LASF10:
 737 00f3 75696E74 		.ascii	"uint16\000"
 737      313600
 738              	.LASF8:
 739 00fa 756E7369 		.ascii	"unsigned int\000"
 739      676E6564 
 739      20696E74 
 739      00
 740              	.LASF7:
 741 0107 6C6F6E67 		.ascii	"long long unsigned int\000"
 741      206C6F6E 
 741      6720756E 
 741      7369676E 
 741      65642069 
 742              	.LASF24:
 743 011e 50574D5F 		.ascii	"PWM_Sleep\000"
 743      536C6565 
 743      7000
 744              	.LASF29:
 745 0128 50574D5F 		.ascii	"PWM_WritePeriod\000"
 745      57726974 
 745      65506572 
 745      696F6400 
 746              	.LASF15:
 747 0138 73697A65 		.ascii	"sizetype\000"
 747      74797065 
 747      00
 748              	.LASF6:
 749 0141 6C6F6E67 		.ascii	"long long int\000"
 749      206C6F6E 
 749      6720696E 
 749      7400
 750              	.LASF13:
 751 014f 63686172 		.ascii	"char\000"
 751      00
 752              	.LASF31:
 753 0154 50574D5F 		.ascii	"PWM_WriteControlRegister\000"
 753      57726974 
 753      65436F6E 
 753      74726F6C 
 753      52656769 
 754              	.LASF34:
 755 016d 474E5520 		.ascii	"GNU C 4.9.3 20150303 (release) [ARM/embedded-4_9-br"
 755      4320342E 
 755      392E3320 
 755      32303135 
 755      30333033 
 756 01a0 616E6368 		.ascii	"anch revision 221220] -mcpu=cortex-m0 -mthumb -g -O"
 756      20726576 
 756      6973696F 
ARM GAS  C:\Users\744\AppData\Local\Temp\ccnqm42S.s 			page 19


 756      6E203232 
 756      31323230 
 757 01d3 67202D66 		.ascii	"g -ffunction-sections -ffat-lto-objects\000"
 757      66756E63 
 757      74696F6E 
 757      2D736563 
 757      74696F6E 
 758              	.LASF26:
 759 01fb 50574D5F 		.ascii	"PWM_ReadPeriod\000"
 759      52656164 
 759      50657269 
 759      6F6400
 760              	.LASF2:
 761 020a 73686F72 		.ascii	"short int\000"
 761      7420696E 
 761      7400
 762              	.LASF30:
 763 0214 50574D5F 		.ascii	"PWM_WriteCounter\000"
 763      57726974 
 763      65436F75 
 763      6E746572 
 763      00
 764              	.LASF32:
 765 0225 50574D5F 		.ascii	"PWM_Stop\000"
 765      53746F70 
 765      00
 766              	.LASF35:
 767 022e 2E5C4765 		.ascii	".\\Generated_Source\\PSoC4\\PWM_PM.c\000"
 767      6E657261 
 767      7465645F 
 767      536F7572 
 767      63655C50 
 768              	.LASF4:
 769 0250 6C6F6E67 		.ascii	"long int\000"
 769      20696E74 
 769      00
 770              	.LASF28:
 771 0259 50574D5F 		.ascii	"PWM_ReadControlRegister\000"
 771      52656164 
 771      436F6E74 
 771      726F6C52 
 771      65676973 
 772              	.LASF0:
 773 0271 7369676E 		.ascii	"signed char\000"
 773      65642063 
 773      68617200 
 774              	.LASF33:
 775 027d 50574D5F 		.ascii	"PWM_Enable\000"
 775      456E6162 
 775      6C6500
 776              	.LASF19:
 777 0288 496E7465 		.ascii	"InterruptMaskValue\000"
 777      72727570 
 777      744D6173 
 777      6B56616C 
 777      756500
 778              		.ident	"GCC: (GNU Tools for ARM Embedded Processors) 4.9.3 20150303 (release) [ARM/embedded-4_9-br
ARM GAS  C:\Users\744\AppData\Local\Temp\ccnqm42S.s 			page 20


