ARM GAS  C:\Users\744\AppData\Local\Temp\ccOdjDld.s 			page 1


   1              		.cpu cortex-m0
   2              		.fpu softvfp
   3              		.eabi_attribute 20, 1
   4              		.eabi_attribute 21, 1
   5              		.eabi_attribute 23, 3
   6              		.eabi_attribute 24, 1
   7              		.eabi_attribute 25, 1
   8              		.eabi_attribute 26, 1
   9              		.eabi_attribute 30, 1
  10              		.eabi_attribute 34, 0
  11              		.eabi_attribute 18, 4
  12              		.code	16
  13              		.file	"Switch_Pin.c"
  14              		.text
  15              	.Ltext0:
  16              		.cfi_sections	.debug_frame
  17              		.section	.text.Switch_Pin_Write,"ax",%progbits
  18              		.align	2
  19              		.global	Switch_Pin_Write
  20              		.code	16
  21              		.thumb_func
  22              		.type	Switch_Pin_Write, %function
  23              	Switch_Pin_Write:
  24              	.LFB0:
  25              		.file 1 ".\\Generated_Source\\PSoC4\\Switch_Pin.c"
   1:.\Generated_Source\PSoC4/Switch_Pin.c **** /*******************************************************************************
   2:.\Generated_Source\PSoC4/Switch_Pin.c **** * File Name: Switch_Pin.c  
   3:.\Generated_Source\PSoC4/Switch_Pin.c **** * Version 2.10
   4:.\Generated_Source\PSoC4/Switch_Pin.c **** *
   5:.\Generated_Source\PSoC4/Switch_Pin.c **** * Description:
   6:.\Generated_Source\PSoC4/Switch_Pin.c **** *  This file contains API to enable firmware control of a Pins component.
   7:.\Generated_Source\PSoC4/Switch_Pin.c **** *
   8:.\Generated_Source\PSoC4/Switch_Pin.c **** * Note:
   9:.\Generated_Source\PSoC4/Switch_Pin.c **** *
  10:.\Generated_Source\PSoC4/Switch_Pin.c **** ********************************************************************************
  11:.\Generated_Source\PSoC4/Switch_Pin.c **** * Copyright 2008-2014, Cypress Semiconductor Corporation.  All rights reserved.
  12:.\Generated_Source\PSoC4/Switch_Pin.c **** * You may use this file only in accordance with the license, terms, conditions, 
  13:.\Generated_Source\PSoC4/Switch_Pin.c **** * disclaimers, and limitations in the end user license agreement accompanying 
  14:.\Generated_Source\PSoC4/Switch_Pin.c **** * the software package with which this file was provided.
  15:.\Generated_Source\PSoC4/Switch_Pin.c **** *******************************************************************************/
  16:.\Generated_Source\PSoC4/Switch_Pin.c **** 
  17:.\Generated_Source\PSoC4/Switch_Pin.c **** #include "cytypes.h"
  18:.\Generated_Source\PSoC4/Switch_Pin.c **** #include "Switch_Pin.h"
  19:.\Generated_Source\PSoC4/Switch_Pin.c **** 
  20:.\Generated_Source\PSoC4/Switch_Pin.c **** #define SetP4PinDriveMode(shift, mode)  \
  21:.\Generated_Source\PSoC4/Switch_Pin.c ****     do { \
  22:.\Generated_Source\PSoC4/Switch_Pin.c ****         Switch_Pin_PC =   (Switch_Pin_PC & \
  23:.\Generated_Source\PSoC4/Switch_Pin.c ****                                 (uint32)(~(uint32)(Switch_Pin_DRIVE_MODE_IND_MASK << (Switch_Pin_DR
  24:.\Generated_Source\PSoC4/Switch_Pin.c ****                                 (uint32)((uint32)(mode) << (Switch_Pin_DRIVE_MODE_BITS * (shift)));
  25:.\Generated_Source\PSoC4/Switch_Pin.c ****     } while (0)
  26:.\Generated_Source\PSoC4/Switch_Pin.c **** 
  27:.\Generated_Source\PSoC4/Switch_Pin.c **** 
  28:.\Generated_Source\PSoC4/Switch_Pin.c **** /*******************************************************************************
  29:.\Generated_Source\PSoC4/Switch_Pin.c **** * Function Name: Switch_Pin_Write
  30:.\Generated_Source\PSoC4/Switch_Pin.c **** ********************************************************************************
  31:.\Generated_Source\PSoC4/Switch_Pin.c **** *
  32:.\Generated_Source\PSoC4/Switch_Pin.c **** * Summary:
ARM GAS  C:\Users\744\AppData\Local\Temp\ccOdjDld.s 			page 2


  33:.\Generated_Source\PSoC4/Switch_Pin.c **** *  Assign a new value to the digital port's data output register.  
  34:.\Generated_Source\PSoC4/Switch_Pin.c **** *
  35:.\Generated_Source\PSoC4/Switch_Pin.c **** * Parameters:  
  36:.\Generated_Source\PSoC4/Switch_Pin.c **** *  prtValue:  The value to be assigned to the Digital Port. 
  37:.\Generated_Source\PSoC4/Switch_Pin.c **** *
  38:.\Generated_Source\PSoC4/Switch_Pin.c **** * Return: 
  39:.\Generated_Source\PSoC4/Switch_Pin.c **** *  None 
  40:.\Generated_Source\PSoC4/Switch_Pin.c **** *  
  41:.\Generated_Source\PSoC4/Switch_Pin.c **** *******************************************************************************/
  42:.\Generated_Source\PSoC4/Switch_Pin.c **** void Switch_Pin_Write(uint8 value) 
  43:.\Generated_Source\PSoC4/Switch_Pin.c **** {
  26              		.loc 1 43 0
  27              		.cfi_startproc
  28              	.LVL0:
  44:.\Generated_Source\PSoC4/Switch_Pin.c ****     uint8 drVal = (uint8)(Switch_Pin_DR & (uint8)(~Switch_Pin_MASK));
  29              		.loc 1 44 0
  30 0000 044A     		ldr	r2, .L2
  31 0002 1168     		ldr	r1, [r2]
  32 0004 7F23     		mov	r3, #127
  33 0006 0B40     		and	r3, r1
  34              	.LVL1:
  45:.\Generated_Source\PSoC4/Switch_Pin.c ****     drVal = (drVal | ((uint8)(value << Switch_Pin_SHIFT) & Switch_Pin_MASK));
  35              		.loc 1 45 0
  36 0008 C001     		lsl	r0, r0, #7
  37              	.LVL2:
  38 000a C0B2     		uxtb	r0, r0
  39 000c 1843     		orr	r0, r3
  40              	.LVL3:
  46:.\Generated_Source\PSoC4/Switch_Pin.c ****     Switch_Pin_DR = (uint32)drVal;
  41              		.loc 1 46 0
  42 000e 1060     		str	r0, [r2]
  47:.\Generated_Source\PSoC4/Switch_Pin.c **** }
  43              		.loc 1 47 0
  44              		@ sp needed
  45 0010 7047     		bx	lr
  46              	.L3:
  47 0012 C046     		.align	2
  48              	.L2:
  49 0014 00000440 		.word	1074003968
  50              		.cfi_endproc
  51              	.LFE0:
  52              		.size	Switch_Pin_Write, .-Switch_Pin_Write
  53              		.section	.text.Switch_Pin_SetDriveMode,"ax",%progbits
  54              		.align	2
  55              		.global	Switch_Pin_SetDriveMode
  56              		.code	16
  57              		.thumb_func
  58              		.type	Switch_Pin_SetDriveMode, %function
  59              	Switch_Pin_SetDriveMode:
  60              	.LFB1:
  48:.\Generated_Source\PSoC4/Switch_Pin.c **** 
  49:.\Generated_Source\PSoC4/Switch_Pin.c **** 
  50:.\Generated_Source\PSoC4/Switch_Pin.c **** /*******************************************************************************
  51:.\Generated_Source\PSoC4/Switch_Pin.c **** * Function Name: Switch_Pin_SetDriveMode
  52:.\Generated_Source\PSoC4/Switch_Pin.c **** ********************************************************************************
  53:.\Generated_Source\PSoC4/Switch_Pin.c **** *
  54:.\Generated_Source\PSoC4/Switch_Pin.c **** * Summary:
ARM GAS  C:\Users\744\AppData\Local\Temp\ccOdjDld.s 			page 3


  55:.\Generated_Source\PSoC4/Switch_Pin.c **** *  Change the drive mode on the pins of the port.
  56:.\Generated_Source\PSoC4/Switch_Pin.c **** * 
  57:.\Generated_Source\PSoC4/Switch_Pin.c **** * Parameters:  
  58:.\Generated_Source\PSoC4/Switch_Pin.c **** *  mode:  Change the pins to one of the following drive modes.
  59:.\Generated_Source\PSoC4/Switch_Pin.c **** *
  60:.\Generated_Source\PSoC4/Switch_Pin.c **** *  Switch_Pin_DM_STRONG     Strong Drive 
  61:.\Generated_Source\PSoC4/Switch_Pin.c **** *  Switch_Pin_DM_OD_HI      Open Drain, Drives High 
  62:.\Generated_Source\PSoC4/Switch_Pin.c **** *  Switch_Pin_DM_OD_LO      Open Drain, Drives Low 
  63:.\Generated_Source\PSoC4/Switch_Pin.c **** *  Switch_Pin_DM_RES_UP     Resistive Pull Up 
  64:.\Generated_Source\PSoC4/Switch_Pin.c **** *  Switch_Pin_DM_RES_DWN    Resistive Pull Down 
  65:.\Generated_Source\PSoC4/Switch_Pin.c **** *  Switch_Pin_DM_RES_UPDWN  Resistive Pull Up/Down 
  66:.\Generated_Source\PSoC4/Switch_Pin.c **** *  Switch_Pin_DM_DIG_HIZ    High Impedance Digital 
  67:.\Generated_Source\PSoC4/Switch_Pin.c **** *  Switch_Pin_DM_ALG_HIZ    High Impedance Analog 
  68:.\Generated_Source\PSoC4/Switch_Pin.c **** *
  69:.\Generated_Source\PSoC4/Switch_Pin.c **** * Return: 
  70:.\Generated_Source\PSoC4/Switch_Pin.c **** *  None
  71:.\Generated_Source\PSoC4/Switch_Pin.c **** *
  72:.\Generated_Source\PSoC4/Switch_Pin.c **** *******************************************************************************/
  73:.\Generated_Source\PSoC4/Switch_Pin.c **** void Switch_Pin_SetDriveMode(uint8 mode) 
  74:.\Generated_Source\PSoC4/Switch_Pin.c **** {
  61              		.loc 1 74 0
  62              		.cfi_startproc
  63              	.LVL4:
  75:.\Generated_Source\PSoC4/Switch_Pin.c **** 	SetP4PinDriveMode(Switch_Pin__0__SHIFT, mode);
  64              		.loc 1 75 0
  65 0000 034A     		ldr	r2, .L5
  66 0002 1168     		ldr	r1, [r2]
  67 0004 034B     		ldr	r3, .L5+4
  68 0006 0B40     		and	r3, r1
  69 0008 4005     		lsl	r0, r0, #21
  70              	.LVL5:
  71 000a 1843     		orr	r0, r3
  72 000c 1060     		str	r0, [r2]
  76:.\Generated_Source\PSoC4/Switch_Pin.c **** }
  73              		.loc 1 76 0
  74              		@ sp needed
  75 000e 7047     		bx	lr
  76              	.L6:
  77              		.align	2
  78              	.L5:
  79 0010 08000440 		.word	1074003976
  80 0014 FFFF1FFF 		.word	-14680065
  81              		.cfi_endproc
  82              	.LFE1:
  83              		.size	Switch_Pin_SetDriveMode, .-Switch_Pin_SetDriveMode
  84              		.section	.text.Switch_Pin_Read,"ax",%progbits
  85              		.align	2
  86              		.global	Switch_Pin_Read
  87              		.code	16
  88              		.thumb_func
  89              		.type	Switch_Pin_Read, %function
  90              	Switch_Pin_Read:
  91              	.LFB2:
  77:.\Generated_Source\PSoC4/Switch_Pin.c **** 
  78:.\Generated_Source\PSoC4/Switch_Pin.c **** 
  79:.\Generated_Source\PSoC4/Switch_Pin.c **** /*******************************************************************************
  80:.\Generated_Source\PSoC4/Switch_Pin.c **** * Function Name: Switch_Pin_Read
ARM GAS  C:\Users\744\AppData\Local\Temp\ccOdjDld.s 			page 4


  81:.\Generated_Source\PSoC4/Switch_Pin.c **** ********************************************************************************
  82:.\Generated_Source\PSoC4/Switch_Pin.c **** *
  83:.\Generated_Source\PSoC4/Switch_Pin.c **** * Summary:
  84:.\Generated_Source\PSoC4/Switch_Pin.c **** *  Read the current value on the pins of the Digital Port in right justified 
  85:.\Generated_Source\PSoC4/Switch_Pin.c **** *  form.
  86:.\Generated_Source\PSoC4/Switch_Pin.c **** *
  87:.\Generated_Source\PSoC4/Switch_Pin.c **** * Parameters:  
  88:.\Generated_Source\PSoC4/Switch_Pin.c **** *  None 
  89:.\Generated_Source\PSoC4/Switch_Pin.c **** *
  90:.\Generated_Source\PSoC4/Switch_Pin.c **** * Return: 
  91:.\Generated_Source\PSoC4/Switch_Pin.c **** *  Returns the current value of the Digital Port as a right justified number
  92:.\Generated_Source\PSoC4/Switch_Pin.c **** *  
  93:.\Generated_Source\PSoC4/Switch_Pin.c **** * Note:
  94:.\Generated_Source\PSoC4/Switch_Pin.c **** *  Macro Switch_Pin_ReadPS calls this function. 
  95:.\Generated_Source\PSoC4/Switch_Pin.c **** *  
  96:.\Generated_Source\PSoC4/Switch_Pin.c **** *******************************************************************************/
  97:.\Generated_Source\PSoC4/Switch_Pin.c **** uint8 Switch_Pin_Read(void) 
  98:.\Generated_Source\PSoC4/Switch_Pin.c **** {
  92              		.loc 1 98 0
  93              		.cfi_startproc
  99:.\Generated_Source\PSoC4/Switch_Pin.c ****     return (uint8)((Switch_Pin_PS & Switch_Pin_MASK) >> Switch_Pin_SHIFT);
  94              		.loc 1 99 0
  95 0000 024B     		ldr	r3, .L8
  96 0002 1868     		ldr	r0, [r3]
  97 0004 0006     		lsl	r0, r0, #24
  98 0006 C00F     		lsr	r0, r0, #31
 100:.\Generated_Source\PSoC4/Switch_Pin.c **** }
  99              		.loc 1 100 0
 100              		@ sp needed
 101 0008 7047     		bx	lr
 102              	.L9:
 103 000a C046     		.align	2
 104              	.L8:
 105 000c 04000440 		.word	1074003972
 106              		.cfi_endproc
 107              	.LFE2:
 108              		.size	Switch_Pin_Read, .-Switch_Pin_Read
 109              		.section	.text.Switch_Pin_ReadDataReg,"ax",%progbits
 110              		.align	2
 111              		.global	Switch_Pin_ReadDataReg
 112              		.code	16
 113              		.thumb_func
 114              		.type	Switch_Pin_ReadDataReg, %function
 115              	Switch_Pin_ReadDataReg:
 116              	.LFB3:
 101:.\Generated_Source\PSoC4/Switch_Pin.c **** 
 102:.\Generated_Source\PSoC4/Switch_Pin.c **** 
 103:.\Generated_Source\PSoC4/Switch_Pin.c **** /*******************************************************************************
 104:.\Generated_Source\PSoC4/Switch_Pin.c **** * Function Name: Switch_Pin_ReadDataReg
 105:.\Generated_Source\PSoC4/Switch_Pin.c **** ********************************************************************************
 106:.\Generated_Source\PSoC4/Switch_Pin.c **** *
 107:.\Generated_Source\PSoC4/Switch_Pin.c **** * Summary:
 108:.\Generated_Source\PSoC4/Switch_Pin.c **** *  Read the current value assigned to a Digital Port's data output register
 109:.\Generated_Source\PSoC4/Switch_Pin.c **** *
 110:.\Generated_Source\PSoC4/Switch_Pin.c **** * Parameters:  
 111:.\Generated_Source\PSoC4/Switch_Pin.c **** *  None 
 112:.\Generated_Source\PSoC4/Switch_Pin.c **** *
ARM GAS  C:\Users\744\AppData\Local\Temp\ccOdjDld.s 			page 5


 113:.\Generated_Source\PSoC4/Switch_Pin.c **** * Return: 
 114:.\Generated_Source\PSoC4/Switch_Pin.c **** *  Returns the current value assigned to the Digital Port's data output register
 115:.\Generated_Source\PSoC4/Switch_Pin.c **** *  
 116:.\Generated_Source\PSoC4/Switch_Pin.c **** *******************************************************************************/
 117:.\Generated_Source\PSoC4/Switch_Pin.c **** uint8 Switch_Pin_ReadDataReg(void) 
 118:.\Generated_Source\PSoC4/Switch_Pin.c **** {
 117              		.loc 1 118 0
 118              		.cfi_startproc
 119:.\Generated_Source\PSoC4/Switch_Pin.c ****     return (uint8)((Switch_Pin_DR & Switch_Pin_MASK) >> Switch_Pin_SHIFT);
 119              		.loc 1 119 0
 120 0000 024B     		ldr	r3, .L11
 121 0002 1868     		ldr	r0, [r3]
 122 0004 0006     		lsl	r0, r0, #24
 123 0006 C00F     		lsr	r0, r0, #31
 120:.\Generated_Source\PSoC4/Switch_Pin.c **** }
 124              		.loc 1 120 0
 125              		@ sp needed
 126 0008 7047     		bx	lr
 127              	.L12:
 128 000a C046     		.align	2
 129              	.L11:
 130 000c 00000440 		.word	1074003968
 131              		.cfi_endproc
 132              	.LFE3:
 133              		.size	Switch_Pin_ReadDataReg, .-Switch_Pin_ReadDataReg
 134              		.section	.text.Switch_Pin_ClearInterrupt,"ax",%progbits
 135              		.align	2
 136              		.global	Switch_Pin_ClearInterrupt
 137              		.code	16
 138              		.thumb_func
 139              		.type	Switch_Pin_ClearInterrupt, %function
 140              	Switch_Pin_ClearInterrupt:
 141              	.LFB4:
 121:.\Generated_Source\PSoC4/Switch_Pin.c **** 
 122:.\Generated_Source\PSoC4/Switch_Pin.c **** 
 123:.\Generated_Source\PSoC4/Switch_Pin.c **** /* If Interrupts Are Enabled for this Pins component */ 
 124:.\Generated_Source\PSoC4/Switch_Pin.c **** #if defined(Switch_Pin_INTSTAT) 
 125:.\Generated_Source\PSoC4/Switch_Pin.c **** 
 126:.\Generated_Source\PSoC4/Switch_Pin.c ****     /*******************************************************************************
 127:.\Generated_Source\PSoC4/Switch_Pin.c ****     * Function Name: Switch_Pin_ClearInterrupt
 128:.\Generated_Source\PSoC4/Switch_Pin.c ****     ********************************************************************************
 129:.\Generated_Source\PSoC4/Switch_Pin.c ****     *
 130:.\Generated_Source\PSoC4/Switch_Pin.c ****     * Summary:
 131:.\Generated_Source\PSoC4/Switch_Pin.c ****     *  Clears any active interrupts attached to port and returns the value of the 
 132:.\Generated_Source\PSoC4/Switch_Pin.c ****     *  interrupt status register.
 133:.\Generated_Source\PSoC4/Switch_Pin.c ****     *
 134:.\Generated_Source\PSoC4/Switch_Pin.c ****     * Parameters:  
 135:.\Generated_Source\PSoC4/Switch_Pin.c ****     *  None 
 136:.\Generated_Source\PSoC4/Switch_Pin.c ****     *
 137:.\Generated_Source\PSoC4/Switch_Pin.c ****     * Return: 
 138:.\Generated_Source\PSoC4/Switch_Pin.c ****     *  Returns the value of the interrupt status register
 139:.\Generated_Source\PSoC4/Switch_Pin.c ****     *  
 140:.\Generated_Source\PSoC4/Switch_Pin.c ****     *******************************************************************************/
 141:.\Generated_Source\PSoC4/Switch_Pin.c ****     uint8 Switch_Pin_ClearInterrupt(void) 
 142:.\Generated_Source\PSoC4/Switch_Pin.c ****     {
 142              		.loc 1 142 0
 143              		.cfi_startproc
ARM GAS  C:\Users\744\AppData\Local\Temp\ccOdjDld.s 			page 6


 143:.\Generated_Source\PSoC4/Switch_Pin.c **** 		uint8 maskedStatus = (uint8)(Switch_Pin_INTSTAT & Switch_Pin_MASK);
 144              		.loc 1 143 0
 145 0000 034A     		ldr	r2, .L14
 146 0002 1068     		ldr	r0, [r2]
 147 0004 8023     		mov	r3, #128
 148 0006 1840     		and	r0, r3
 149              	.LVL6:
 144:.\Generated_Source\PSoC4/Switch_Pin.c **** 		Switch_Pin_INTSTAT = maskedStatus;
 150              		.loc 1 144 0
 151 0008 1060     		str	r0, [r2]
 145:.\Generated_Source\PSoC4/Switch_Pin.c ****         return maskedStatus >> Switch_Pin_SHIFT;
 152              		.loc 1 145 0
 153 000a C009     		lsr	r0, r0, #7
 154              	.LVL7:
 155 000c C0B2     		uxtb	r0, r0
 146:.\Generated_Source\PSoC4/Switch_Pin.c ****     }
 156              		.loc 1 146 0
 157              		@ sp needed
 158 000e 7047     		bx	lr
 159              	.L15:
 160              		.align	2
 161              	.L14:
 162 0010 10000440 		.word	1074003984
 163              		.cfi_endproc
 164              	.LFE4:
 165              		.size	Switch_Pin_ClearInterrupt, .-Switch_Pin_ClearInterrupt
 166              		.text
 167              	.Letext0:
 168              		.file 2 ".\\Generated_Source\\PSoC4\\cytypes.h"
 169              		.section	.debug_info,"",%progbits
 170              	.Ldebug_info0:
 171 0000 4C010000 		.4byte	0x14c
 172 0004 0400     		.2byte	0x4
 173 0006 00000000 		.4byte	.Ldebug_abbrev0
 174 000a 04       		.byte	0x4
 175 000b 01       		.uleb128 0x1
 176 000c 20010000 		.4byte	.LASF24
 177 0010 01       		.byte	0x1
 178 0011 FA000000 		.4byte	.LASF25
 179 0015 76000000 		.4byte	.LASF26
 180 0019 00000000 		.4byte	.Ldebug_ranges0+0
 181 001d 00000000 		.4byte	0
 182 0021 00000000 		.4byte	.Ldebug_line0
 183 0025 02       		.uleb128 0x2
 184 0026 01       		.byte	0x1
 185 0027 06       		.byte	0x6
 186 0028 F6010000 		.4byte	.LASF0
 187 002c 02       		.uleb128 0x2
 188 002d 01       		.byte	0x1
 189 002e 08       		.byte	0x8
 190 002f 3D000000 		.4byte	.LASF1
 191 0033 02       		.uleb128 0x2
 192 0034 02       		.byte	0x2
 193 0035 05       		.byte	0x5
 194 0036 AE010000 		.4byte	.LASF2
 195 003a 02       		.uleb128 0x2
 196 003b 02       		.byte	0x2
ARM GAS  C:\Users\744\AppData\Local\Temp\ccOdjDld.s 			page 7


 197 003c 07       		.byte	0x7
 198 003d 63000000 		.4byte	.LASF3
 199 0041 02       		.uleb128 0x2
 200 0042 04       		.byte	0x4
 201 0043 05       		.byte	0x5
 202 0044 BE010000 		.4byte	.LASF4
 203 0048 02       		.uleb128 0x2
 204 0049 04       		.byte	0x4
 205 004a 07       		.byte	0x7
 206 004b 51000000 		.4byte	.LASF5
 207 004f 02       		.uleb128 0x2
 208 0050 08       		.byte	0x8
 209 0051 05       		.byte	0x5
 210 0052 DA000000 		.4byte	.LASF6
 211 0056 02       		.uleb128 0x2
 212 0057 08       		.byte	0x8
 213 0058 07       		.byte	0x7
 214 0059 BE000000 		.4byte	.LASF7
 215 005d 03       		.uleb128 0x3
 216 005e 04       		.byte	0x4
 217 005f 05       		.byte	0x5
 218 0060 696E7400 		.ascii	"int\000"
 219 0064 02       		.uleb128 0x2
 220 0065 04       		.byte	0x4
 221 0066 07       		.byte	0x7
 222 0067 B1000000 		.4byte	.LASF8
 223 006b 04       		.uleb128 0x4
 224 006c B8010000 		.4byte	.LASF9
 225 0070 02       		.byte	0x2
 226 0071 C2       		.byte	0xc2
 227 0072 2C000000 		.4byte	0x2c
 228 0076 04       		.uleb128 0x4
 229 0077 AA000000 		.4byte	.LASF10
 230 007b 02       		.byte	0x2
 231 007c C4       		.byte	0xc4
 232 007d 48000000 		.4byte	0x48
 233 0081 02       		.uleb128 0x2
 234 0082 04       		.byte	0x4
 235 0083 04       		.byte	0x4
 236 0084 1D000000 		.4byte	.LASF11
 237 0088 02       		.uleb128 0x2
 238 0089 08       		.byte	0x8
 239 008a 04       		.byte	0x4
 240 008b 93000000 		.4byte	.LASF12
 241 008f 02       		.uleb128 0x2
 242 0090 01       		.byte	0x1
 243 0091 08       		.byte	0x8
 244 0092 F5000000 		.4byte	.LASF13
 245 0096 05       		.uleb128 0x5
 246 0097 11000000 		.4byte	.LASF14
 247 009b 02       		.byte	0x2
 248 009c 6E01     		.2byte	0x16e
 249 009e A2000000 		.4byte	0xa2
 250 00a2 06       		.uleb128 0x6
 251 00a3 76000000 		.4byte	0x76
 252 00a7 07       		.uleb128 0x7
 253 00a8 00000000 		.4byte	.LASF15
ARM GAS  C:\Users\744\AppData\Local\Temp\ccOdjDld.s 			page 8


 254 00ac 01       		.byte	0x1
 255 00ad 2A       		.byte	0x2a
 256 00ae 00000000 		.4byte	.LFB0
 257 00b2 18000000 		.4byte	.LFE0-.LFB0
 258 00b6 01       		.uleb128 0x1
 259 00b7 9C       		.byte	0x9c
 260 00b8 DB000000 		.4byte	0xdb
 261 00bc 08       		.uleb128 0x8
 262 00bd 17000000 		.4byte	.LASF17
 263 00c1 01       		.byte	0x1
 264 00c2 2A       		.byte	0x2a
 265 00c3 6B000000 		.4byte	0x6b
 266 00c7 00000000 		.4byte	.LLST0
 267 00cb 09       		.uleb128 0x9
 268 00cc 4B000000 		.4byte	.LASF22
 269 00d0 01       		.byte	0x1
 270 00d1 2C       		.byte	0x2c
 271 00d2 6B000000 		.4byte	0x6b
 272 00d6 21000000 		.4byte	.LLST1
 273 00da 00       		.byte	0
 274 00db 07       		.uleb128 0x7
 275 00dc C7010000 		.4byte	.LASF16
 276 00e0 01       		.byte	0x1
 277 00e1 49       		.byte	0x49
 278 00e2 00000000 		.4byte	.LFB1
 279 00e6 18000000 		.4byte	.LFE1-.LFB1
 280 00ea 01       		.uleb128 0x1
 281 00eb 9C       		.byte	0x9c
 282 00ec 00010000 		.4byte	0x100
 283 00f0 08       		.uleb128 0x8
 284 00f1 D5000000 		.4byte	.LASF18
 285 00f5 01       		.byte	0x1
 286 00f6 49       		.byte	0x49
 287 00f7 6B000000 		.4byte	0x6b
 288 00fb 3F000000 		.4byte	.LLST2
 289 00ff 00       		.byte	0
 290 0100 0A       		.uleb128 0xa
 291 0101 9A000000 		.4byte	.LASF19
 292 0105 01       		.byte	0x1
 293 0106 61       		.byte	0x61
 294 0107 6B000000 		.4byte	0x6b
 295 010b 00000000 		.4byte	.LFB2
 296 010f 10000000 		.4byte	.LFE2-.LFB2
 297 0113 01       		.uleb128 0x1
 298 0114 9C       		.byte	0x9c
 299 0115 0A       		.uleb128 0xa
 300 0116 DF010000 		.4byte	.LASF20
 301 011a 01       		.byte	0x1
 302 011b 75       		.byte	0x75
 303 011c 6B000000 		.4byte	0x6b
 304 0120 00000000 		.4byte	.LFB3
 305 0124 10000000 		.4byte	.LFE3-.LFB3
 306 0128 01       		.uleb128 0x1
 307 0129 9C       		.byte	0x9c
 308 012a 0B       		.uleb128 0xb
 309 012b 23000000 		.4byte	.LASF21
 310 012f 01       		.byte	0x1
ARM GAS  C:\Users\744\AppData\Local\Temp\ccOdjDld.s 			page 9


 311 0130 8D       		.byte	0x8d
 312 0131 6B000000 		.4byte	0x6b
 313 0135 00000000 		.4byte	.LFB4
 314 0139 14000000 		.4byte	.LFE4-.LFB4
 315 013d 01       		.uleb128 0x1
 316 013e 9C       		.byte	0x9c
 317 013f 09       		.uleb128 0x9
 318 0140 E8000000 		.4byte	.LASF23
 319 0144 01       		.byte	0x1
 320 0145 8F       		.byte	0x8f
 321 0146 6B000000 		.4byte	0x6b
 322 014a 60000000 		.4byte	.LLST3
 323 014e 00       		.byte	0
 324 014f 00       		.byte	0
 325              		.section	.debug_abbrev,"",%progbits
 326              	.Ldebug_abbrev0:
 327 0000 01       		.uleb128 0x1
 328 0001 11       		.uleb128 0x11
 329 0002 01       		.byte	0x1
 330 0003 25       		.uleb128 0x25
 331 0004 0E       		.uleb128 0xe
 332 0005 13       		.uleb128 0x13
 333 0006 0B       		.uleb128 0xb
 334 0007 03       		.uleb128 0x3
 335 0008 0E       		.uleb128 0xe
 336 0009 1B       		.uleb128 0x1b
 337 000a 0E       		.uleb128 0xe
 338 000b 55       		.uleb128 0x55
 339 000c 17       		.uleb128 0x17
 340 000d 11       		.uleb128 0x11
 341 000e 01       		.uleb128 0x1
 342 000f 10       		.uleb128 0x10
 343 0010 17       		.uleb128 0x17
 344 0011 00       		.byte	0
 345 0012 00       		.byte	0
 346 0013 02       		.uleb128 0x2
 347 0014 24       		.uleb128 0x24
 348 0015 00       		.byte	0
 349 0016 0B       		.uleb128 0xb
 350 0017 0B       		.uleb128 0xb
 351 0018 3E       		.uleb128 0x3e
 352 0019 0B       		.uleb128 0xb
 353 001a 03       		.uleb128 0x3
 354 001b 0E       		.uleb128 0xe
 355 001c 00       		.byte	0
 356 001d 00       		.byte	0
 357 001e 03       		.uleb128 0x3
 358 001f 24       		.uleb128 0x24
 359 0020 00       		.byte	0
 360 0021 0B       		.uleb128 0xb
 361 0022 0B       		.uleb128 0xb
 362 0023 3E       		.uleb128 0x3e
 363 0024 0B       		.uleb128 0xb
 364 0025 03       		.uleb128 0x3
 365 0026 08       		.uleb128 0x8
 366 0027 00       		.byte	0
 367 0028 00       		.byte	0
ARM GAS  C:\Users\744\AppData\Local\Temp\ccOdjDld.s 			page 10


 368 0029 04       		.uleb128 0x4
 369 002a 16       		.uleb128 0x16
 370 002b 00       		.byte	0
 371 002c 03       		.uleb128 0x3
 372 002d 0E       		.uleb128 0xe
 373 002e 3A       		.uleb128 0x3a
 374 002f 0B       		.uleb128 0xb
 375 0030 3B       		.uleb128 0x3b
 376 0031 0B       		.uleb128 0xb
 377 0032 49       		.uleb128 0x49
 378 0033 13       		.uleb128 0x13
 379 0034 00       		.byte	0
 380 0035 00       		.byte	0
 381 0036 05       		.uleb128 0x5
 382 0037 16       		.uleb128 0x16
 383 0038 00       		.byte	0
 384 0039 03       		.uleb128 0x3
 385 003a 0E       		.uleb128 0xe
 386 003b 3A       		.uleb128 0x3a
 387 003c 0B       		.uleb128 0xb
 388 003d 3B       		.uleb128 0x3b
 389 003e 05       		.uleb128 0x5
 390 003f 49       		.uleb128 0x49
 391 0040 13       		.uleb128 0x13
 392 0041 00       		.byte	0
 393 0042 00       		.byte	0
 394 0043 06       		.uleb128 0x6
 395 0044 35       		.uleb128 0x35
 396 0045 00       		.byte	0
 397 0046 49       		.uleb128 0x49
 398 0047 13       		.uleb128 0x13
 399 0048 00       		.byte	0
 400 0049 00       		.byte	0
 401 004a 07       		.uleb128 0x7
 402 004b 2E       		.uleb128 0x2e
 403 004c 01       		.byte	0x1
 404 004d 3F       		.uleb128 0x3f
 405 004e 19       		.uleb128 0x19
 406 004f 03       		.uleb128 0x3
 407 0050 0E       		.uleb128 0xe
 408 0051 3A       		.uleb128 0x3a
 409 0052 0B       		.uleb128 0xb
 410 0053 3B       		.uleb128 0x3b
 411 0054 0B       		.uleb128 0xb
 412 0055 27       		.uleb128 0x27
 413 0056 19       		.uleb128 0x19
 414 0057 11       		.uleb128 0x11
 415 0058 01       		.uleb128 0x1
 416 0059 12       		.uleb128 0x12
 417 005a 06       		.uleb128 0x6
 418 005b 40       		.uleb128 0x40
 419 005c 18       		.uleb128 0x18
 420 005d 9742     		.uleb128 0x2117
 421 005f 19       		.uleb128 0x19
 422 0060 01       		.uleb128 0x1
 423 0061 13       		.uleb128 0x13
 424 0062 00       		.byte	0
ARM GAS  C:\Users\744\AppData\Local\Temp\ccOdjDld.s 			page 11


 425 0063 00       		.byte	0
 426 0064 08       		.uleb128 0x8
 427 0065 05       		.uleb128 0x5
 428 0066 00       		.byte	0
 429 0067 03       		.uleb128 0x3
 430 0068 0E       		.uleb128 0xe
 431 0069 3A       		.uleb128 0x3a
 432 006a 0B       		.uleb128 0xb
 433 006b 3B       		.uleb128 0x3b
 434 006c 0B       		.uleb128 0xb
 435 006d 49       		.uleb128 0x49
 436 006e 13       		.uleb128 0x13
 437 006f 02       		.uleb128 0x2
 438 0070 17       		.uleb128 0x17
 439 0071 00       		.byte	0
 440 0072 00       		.byte	0
 441 0073 09       		.uleb128 0x9
 442 0074 34       		.uleb128 0x34
 443 0075 00       		.byte	0
 444 0076 03       		.uleb128 0x3
 445 0077 0E       		.uleb128 0xe
 446 0078 3A       		.uleb128 0x3a
 447 0079 0B       		.uleb128 0xb
 448 007a 3B       		.uleb128 0x3b
 449 007b 0B       		.uleb128 0xb
 450 007c 49       		.uleb128 0x49
 451 007d 13       		.uleb128 0x13
 452 007e 02       		.uleb128 0x2
 453 007f 17       		.uleb128 0x17
 454 0080 00       		.byte	0
 455 0081 00       		.byte	0
 456 0082 0A       		.uleb128 0xa
 457 0083 2E       		.uleb128 0x2e
 458 0084 00       		.byte	0
 459 0085 3F       		.uleb128 0x3f
 460 0086 19       		.uleb128 0x19
 461 0087 03       		.uleb128 0x3
 462 0088 0E       		.uleb128 0xe
 463 0089 3A       		.uleb128 0x3a
 464 008a 0B       		.uleb128 0xb
 465 008b 3B       		.uleb128 0x3b
 466 008c 0B       		.uleb128 0xb
 467 008d 27       		.uleb128 0x27
 468 008e 19       		.uleb128 0x19
 469 008f 49       		.uleb128 0x49
 470 0090 13       		.uleb128 0x13
 471 0091 11       		.uleb128 0x11
 472 0092 01       		.uleb128 0x1
 473 0093 12       		.uleb128 0x12
 474 0094 06       		.uleb128 0x6
 475 0095 40       		.uleb128 0x40
 476 0096 18       		.uleb128 0x18
 477 0097 9742     		.uleb128 0x2117
 478 0099 19       		.uleb128 0x19
 479 009a 00       		.byte	0
 480 009b 00       		.byte	0
 481 009c 0B       		.uleb128 0xb
ARM GAS  C:\Users\744\AppData\Local\Temp\ccOdjDld.s 			page 12


 482 009d 2E       		.uleb128 0x2e
 483 009e 01       		.byte	0x1
 484 009f 3F       		.uleb128 0x3f
 485 00a0 19       		.uleb128 0x19
 486 00a1 03       		.uleb128 0x3
 487 00a2 0E       		.uleb128 0xe
 488 00a3 3A       		.uleb128 0x3a
 489 00a4 0B       		.uleb128 0xb
 490 00a5 3B       		.uleb128 0x3b
 491 00a6 0B       		.uleb128 0xb
 492 00a7 27       		.uleb128 0x27
 493 00a8 19       		.uleb128 0x19
 494 00a9 49       		.uleb128 0x49
 495 00aa 13       		.uleb128 0x13
 496 00ab 11       		.uleb128 0x11
 497 00ac 01       		.uleb128 0x1
 498 00ad 12       		.uleb128 0x12
 499 00ae 06       		.uleb128 0x6
 500 00af 40       		.uleb128 0x40
 501 00b0 18       		.uleb128 0x18
 502 00b1 9742     		.uleb128 0x2117
 503 00b3 19       		.uleb128 0x19
 504 00b4 00       		.byte	0
 505 00b5 00       		.byte	0
 506 00b6 00       		.byte	0
 507              		.section	.debug_loc,"",%progbits
 508              	.Ldebug_loc0:
 509              	.LLST0:
 510 0000 00000000 		.4byte	.LVL0
 511 0004 0A000000 		.4byte	.LVL2
 512 0008 0100     		.2byte	0x1
 513 000a 50       		.byte	0x50
 514 000b 0A000000 		.4byte	.LVL2
 515 000f 18000000 		.4byte	.LFE0
 516 0013 0400     		.2byte	0x4
 517 0015 F3       		.byte	0xf3
 518 0016 01       		.uleb128 0x1
 519 0017 50       		.byte	0x50
 520 0018 9F       		.byte	0x9f
 521 0019 00000000 		.4byte	0
 522 001d 00000000 		.4byte	0
 523              	.LLST1:
 524 0021 08000000 		.4byte	.LVL1
 525 0025 0E000000 		.4byte	.LVL3
 526 0029 0100     		.2byte	0x1
 527 002b 53       		.byte	0x53
 528 002c 0E000000 		.4byte	.LVL3
 529 0030 18000000 		.4byte	.LFE0
 530 0034 0100     		.2byte	0x1
 531 0036 50       		.byte	0x50
 532 0037 00000000 		.4byte	0
 533 003b 00000000 		.4byte	0
 534              	.LLST2:
 535 003f 00000000 		.4byte	.LVL4
 536 0043 0A000000 		.4byte	.LVL5
 537 0047 0100     		.2byte	0x1
 538 0049 50       		.byte	0x50
ARM GAS  C:\Users\744\AppData\Local\Temp\ccOdjDld.s 			page 13


 539 004a 0A000000 		.4byte	.LVL5
 540 004e 18000000 		.4byte	.LFE1
 541 0052 0400     		.2byte	0x4
 542 0054 F3       		.byte	0xf3
 543 0055 01       		.uleb128 0x1
 544 0056 50       		.byte	0x50
 545 0057 9F       		.byte	0x9f
 546 0058 00000000 		.4byte	0
 547 005c 00000000 		.4byte	0
 548              	.LLST3:
 549 0060 08000000 		.4byte	.LVL6
 550 0064 0C000000 		.4byte	.LVL7
 551 0068 0100     		.2byte	0x1
 552 006a 50       		.byte	0x50
 553 006b 0C000000 		.4byte	.LVL7
 554 006f 14000000 		.4byte	.LFE4
 555 0073 0400     		.2byte	0x4
 556 0075 72       		.byte	0x72
 557 0076 00       		.sleb128 0
 558 0077 06       		.byte	0x6
 559 0078 9F       		.byte	0x9f
 560 0079 00000000 		.4byte	0
 561 007d 00000000 		.4byte	0
 562              		.section	.debug_aranges,"",%progbits
 563 0000 3C000000 		.4byte	0x3c
 564 0004 0200     		.2byte	0x2
 565 0006 00000000 		.4byte	.Ldebug_info0
 566 000a 04       		.byte	0x4
 567 000b 00       		.byte	0
 568 000c 0000     		.2byte	0
 569 000e 0000     		.2byte	0
 570 0010 00000000 		.4byte	.LFB0
 571 0014 18000000 		.4byte	.LFE0-.LFB0
 572 0018 00000000 		.4byte	.LFB1
 573 001c 18000000 		.4byte	.LFE1-.LFB1
 574 0020 00000000 		.4byte	.LFB2
 575 0024 10000000 		.4byte	.LFE2-.LFB2
 576 0028 00000000 		.4byte	.LFB3
 577 002c 10000000 		.4byte	.LFE3-.LFB3
 578 0030 00000000 		.4byte	.LFB4
 579 0034 14000000 		.4byte	.LFE4-.LFB4
 580 0038 00000000 		.4byte	0
 581 003c 00000000 		.4byte	0
 582              		.section	.debug_ranges,"",%progbits
 583              	.Ldebug_ranges0:
 584 0000 00000000 		.4byte	.LFB0
 585 0004 18000000 		.4byte	.LFE0
 586 0008 00000000 		.4byte	.LFB1
 587 000c 18000000 		.4byte	.LFE1
 588 0010 00000000 		.4byte	.LFB2
 589 0014 10000000 		.4byte	.LFE2
 590 0018 00000000 		.4byte	.LFB3
 591 001c 10000000 		.4byte	.LFE3
 592 0020 00000000 		.4byte	.LFB4
 593 0024 14000000 		.4byte	.LFE4
 594 0028 00000000 		.4byte	0
 595 002c 00000000 		.4byte	0
ARM GAS  C:\Users\744\AppData\Local\Temp\ccOdjDld.s 			page 14


 596              		.section	.debug_line,"",%progbits
 597              	.Ldebug_line0:
 598 0000 AC000000 		.section	.debug_str,"MS",%progbits,1
 598      02004900 
 598      00000201 
 598      FB0E0D00 
 598      01010101 
 599              	.LASF15:
 600 0000 53776974 		.ascii	"Switch_Pin_Write\000"
 600      63685F50 
 600      696E5F57 
 600      72697465 
 600      00
 601              	.LASF14:
 602 0011 72656733 		.ascii	"reg32\000"
 602      3200
 603              	.LASF17:
 604 0017 76616C75 		.ascii	"value\000"
 604      6500
 605              	.LASF11:
 606 001d 666C6F61 		.ascii	"float\000"
 606      7400
 607              	.LASF21:
 608 0023 53776974 		.ascii	"Switch_Pin_ClearInterrupt\000"
 608      63685F50 
 608      696E5F43 
 608      6C656172 
 608      496E7465 
 609              	.LASF1:
 610 003d 756E7369 		.ascii	"unsigned char\000"
 610      676E6564 
 610      20636861 
 610      7200
 611              	.LASF22:
 612 004b 64725661 		.ascii	"drVal\000"
 612      6C00
 613              	.LASF5:
 614 0051 6C6F6E67 		.ascii	"long unsigned int\000"
 614      20756E73 
 614      69676E65 
 614      6420696E 
 614      7400
 615              	.LASF3:
 616 0063 73686F72 		.ascii	"short unsigned int\000"
 616      7420756E 
 616      7369676E 
 616      65642069 
 616      6E7400
 617              	.LASF26:
 618 0076 443A5C37 		.ascii	"D:\\744\\psoc\\Timers\\T_1.cydsn\000"
 618      34345C70 
 618      736F635C 
 618      54696D65 
 618      72735C54 
 619              	.LASF12:
 620 0093 646F7562 		.ascii	"double\000"
 620      6C6500
ARM GAS  C:\Users\744\AppData\Local\Temp\ccOdjDld.s 			page 15


 621              	.LASF19:
 622 009a 53776974 		.ascii	"Switch_Pin_Read\000"
 622      63685F50 
 622      696E5F52 
 622      65616400 
 623              	.LASF10:
 624 00aa 75696E74 		.ascii	"uint32\000"
 624      333200
 625              	.LASF8:
 626 00b1 756E7369 		.ascii	"unsigned int\000"
 626      676E6564 
 626      20696E74 
 626      00
 627              	.LASF7:
 628 00be 6C6F6E67 		.ascii	"long long unsigned int\000"
 628      206C6F6E 
 628      6720756E 
 628      7369676E 
 628      65642069 
 629              	.LASF18:
 630 00d5 6D6F6465 		.ascii	"mode\000"
 630      00
 631              	.LASF6:
 632 00da 6C6F6E67 		.ascii	"long long int\000"
 632      206C6F6E 
 632      6720696E 
 632      7400
 633              	.LASF23:
 634 00e8 6D61736B 		.ascii	"maskedStatus\000"
 634      65645374 
 634      61747573 
 634      00
 635              	.LASF13:
 636 00f5 63686172 		.ascii	"char\000"
 636      00
 637              	.LASF25:
 638 00fa 2E5C4765 		.ascii	".\\Generated_Source\\PSoC4\\Switch_Pin.c\000"
 638      6E657261 
 638      7465645F 
 638      536F7572 
 638      63655C50 
 639              	.LASF24:
 640 0120 474E5520 		.ascii	"GNU C 4.9.3 20150303 (release) [ARM/embedded-4_9-br"
 640      4320342E 
 640      392E3320 
 640      32303135 
 640      30333033 
 641 0153 616E6368 		.ascii	"anch revision 221220] -mcpu=cortex-m0 -mthumb -g -O"
 641      20726576 
 641      6973696F 
 641      6E203232 
 641      31323230 
 642 0186 67202D66 		.ascii	"g -ffunction-sections -ffat-lto-objects\000"
 642      66756E63 
 642      74696F6E 
 642      2D736563 
 642      74696F6E 
ARM GAS  C:\Users\744\AppData\Local\Temp\ccOdjDld.s 			page 16


 643              	.LASF2:
 644 01ae 73686F72 		.ascii	"short int\000"
 644      7420696E 
 644      7400
 645              	.LASF9:
 646 01b8 75696E74 		.ascii	"uint8\000"
 646      3800
 647              	.LASF4:
 648 01be 6C6F6E67 		.ascii	"long int\000"
 648      20696E74 
 648      00
 649              	.LASF16:
 650 01c7 53776974 		.ascii	"Switch_Pin_SetDriveMode\000"
 650      63685F50 
 650      696E5F53 
 650      65744472 
 650      6976654D 
 651              	.LASF20:
 652 01df 53776974 		.ascii	"Switch_Pin_ReadDataReg\000"
 652      63685F50 
 652      696E5F52 
 652      65616444 
 652      61746152 
 653              	.LASF0:
 654 01f6 7369676E 		.ascii	"signed char\000"
 654      65642063 
 654      68617200 
 655              		.ident	"GCC: (GNU Tools for ARM Embedded Processors) 4.9.3 20150303 (release) [ARM/embedded-4_9-br
