ARM GAS  C:\Users\744\AppData\Local\Temp\ccIJvfmk.s 			page 1


   1              		.cpu cortex-m0
   2              		.fpu softvfp
   3              		.eabi_attribute 20, 1
   4              		.eabi_attribute 21, 1
   5              		.eabi_attribute 23, 3
   6              		.eabi_attribute 24, 1
   7              		.eabi_attribute 25, 1
   8              		.eabi_attribute 26, 1
   9              		.eabi_attribute 30, 1
  10              		.eabi_attribute 34, 0
  11              		.eabi_attribute 18, 4
  12              		.code	16
  13              		.file	"KBD_ROWPins.c"
  14              		.text
  15              	.Ltext0:
  16              		.cfi_sections	.debug_frame
  17              		.section	.text.KBD_ROWPins_Write,"ax",%progbits
  18              		.align	2
  19              		.global	KBD_ROWPins_Write
  20              		.code	16
  21              		.thumb_func
  22              		.type	KBD_ROWPins_Write, %function
  23              	KBD_ROWPins_Write:
  24              	.LFB0:
  25              		.file 1 ".\\Generated_Source\\PSoC4\\KBD_ROWPins.c"
   1:.\Generated_Source\PSoC4/KBD_ROWPins.c **** /*******************************************************************************
   2:.\Generated_Source\PSoC4/KBD_ROWPins.c **** * File Name: KBD_ROWPins.c  
   3:.\Generated_Source\PSoC4/KBD_ROWPins.c **** * Version 2.10
   4:.\Generated_Source\PSoC4/KBD_ROWPins.c **** *
   5:.\Generated_Source\PSoC4/KBD_ROWPins.c **** * Description:
   6:.\Generated_Source\PSoC4/KBD_ROWPins.c **** *  This file contains API to enable firmware control of a Pins component.
   7:.\Generated_Source\PSoC4/KBD_ROWPins.c **** *
   8:.\Generated_Source\PSoC4/KBD_ROWPins.c **** * Note:
   9:.\Generated_Source\PSoC4/KBD_ROWPins.c **** *
  10:.\Generated_Source\PSoC4/KBD_ROWPins.c **** ********************************************************************************
  11:.\Generated_Source\PSoC4/KBD_ROWPins.c **** * Copyright 2008-2014, Cypress Semiconductor Corporation.  All rights reserved.
  12:.\Generated_Source\PSoC4/KBD_ROWPins.c **** * You may use this file only in accordance with the license, terms, conditions, 
  13:.\Generated_Source\PSoC4/KBD_ROWPins.c **** * disclaimers, and limitations in the end user license agreement accompanying 
  14:.\Generated_Source\PSoC4/KBD_ROWPins.c **** * the software package with which this file was provided.
  15:.\Generated_Source\PSoC4/KBD_ROWPins.c **** *******************************************************************************/
  16:.\Generated_Source\PSoC4/KBD_ROWPins.c **** 
  17:.\Generated_Source\PSoC4/KBD_ROWPins.c **** #include "cytypes.h"
  18:.\Generated_Source\PSoC4/KBD_ROWPins.c **** #include "KBD_ROWPins.h"
  19:.\Generated_Source\PSoC4/KBD_ROWPins.c **** 
  20:.\Generated_Source\PSoC4/KBD_ROWPins.c **** #define SetP4PinDriveMode(shift, mode)  \
  21:.\Generated_Source\PSoC4/KBD_ROWPins.c ****     do { \
  22:.\Generated_Source\PSoC4/KBD_ROWPins.c ****         KBD_ROWPins_PC =   (KBD_ROWPins_PC & \
  23:.\Generated_Source\PSoC4/KBD_ROWPins.c ****                                 (uint32)(~(uint32)(KBD_ROWPins_DRIVE_MODE_IND_MASK << (KBD_ROWPins_
  24:.\Generated_Source\PSoC4/KBD_ROWPins.c ****                                 (uint32)((uint32)(mode) << (KBD_ROWPins_DRIVE_MODE_BITS * (shift)))
  25:.\Generated_Source\PSoC4/KBD_ROWPins.c ****     } while (0)
  26:.\Generated_Source\PSoC4/KBD_ROWPins.c **** 
  27:.\Generated_Source\PSoC4/KBD_ROWPins.c **** 
  28:.\Generated_Source\PSoC4/KBD_ROWPins.c **** /*******************************************************************************
  29:.\Generated_Source\PSoC4/KBD_ROWPins.c **** * Function Name: KBD_ROWPins_Write
  30:.\Generated_Source\PSoC4/KBD_ROWPins.c **** ********************************************************************************
  31:.\Generated_Source\PSoC4/KBD_ROWPins.c **** *
  32:.\Generated_Source\PSoC4/KBD_ROWPins.c **** * Summary:
ARM GAS  C:\Users\744\AppData\Local\Temp\ccIJvfmk.s 			page 2


  33:.\Generated_Source\PSoC4/KBD_ROWPins.c **** *  Assign a new value to the digital port's data output register.  
  34:.\Generated_Source\PSoC4/KBD_ROWPins.c **** *
  35:.\Generated_Source\PSoC4/KBD_ROWPins.c **** * Parameters:  
  36:.\Generated_Source\PSoC4/KBD_ROWPins.c **** *  prtValue:  The value to be assigned to the Digital Port. 
  37:.\Generated_Source\PSoC4/KBD_ROWPins.c **** *
  38:.\Generated_Source\PSoC4/KBD_ROWPins.c **** * Return: 
  39:.\Generated_Source\PSoC4/KBD_ROWPins.c **** *  None 
  40:.\Generated_Source\PSoC4/KBD_ROWPins.c **** *  
  41:.\Generated_Source\PSoC4/KBD_ROWPins.c **** *******************************************************************************/
  42:.\Generated_Source\PSoC4/KBD_ROWPins.c **** void KBD_ROWPins_Write(uint8 value) 
  43:.\Generated_Source\PSoC4/KBD_ROWPins.c **** {
  26              		.loc 1 43 0
  27              		.cfi_startproc
  28              	.LVL0:
  44:.\Generated_Source\PSoC4/KBD_ROWPins.c ****     uint8 drVal = (uint8)(KBD_ROWPins_DR & (uint8)(~KBD_ROWPins_MASK));
  29              		.loc 1 44 0
  30 0000 0449     		ldr	r1, .L2
  31 0002 0A68     		ldr	r2, [r1]
  32 0004 E123     		mov	r3, #225
  33 0006 1A40     		and	r2, r3
  34              	.LVL1:
  45:.\Generated_Source\PSoC4/KBD_ROWPins.c ****     drVal = (drVal | ((uint8)(value << KBD_ROWPins_SHIFT) & KBD_ROWPins_MASK));
  35              		.loc 1 45 0
  36 0008 4000     		lsl	r0, r0, #1
  37              	.LVL2:
  38 000a C33B     		sub	r3, r3, #195
  39 000c 1840     		and	r0, r3
  40 000e 1043     		orr	r0, r2
  41              	.LVL3:
  46:.\Generated_Source\PSoC4/KBD_ROWPins.c ****     KBD_ROWPins_DR = (uint32)drVal;
  42              		.loc 1 46 0
  43 0010 0860     		str	r0, [r1]
  47:.\Generated_Source\PSoC4/KBD_ROWPins.c **** }
  44              		.loc 1 47 0
  45              		@ sp needed
  46 0012 7047     		bx	lr
  47              	.L3:
  48              		.align	2
  49              	.L2:
  50 0014 00010440 		.word	1074004224
  51              		.cfi_endproc
  52              	.LFE0:
  53              		.size	KBD_ROWPins_Write, .-KBD_ROWPins_Write
  54              		.section	.text.KBD_ROWPins_SetDriveMode,"ax",%progbits
  55              		.align	2
  56              		.global	KBD_ROWPins_SetDriveMode
  57              		.code	16
  58              		.thumb_func
  59              		.type	KBD_ROWPins_SetDriveMode, %function
  60              	KBD_ROWPins_SetDriveMode:
  61              	.LFB1:
  48:.\Generated_Source\PSoC4/KBD_ROWPins.c **** 
  49:.\Generated_Source\PSoC4/KBD_ROWPins.c **** 
  50:.\Generated_Source\PSoC4/KBD_ROWPins.c **** /*******************************************************************************
  51:.\Generated_Source\PSoC4/KBD_ROWPins.c **** * Function Name: KBD_ROWPins_SetDriveMode
  52:.\Generated_Source\PSoC4/KBD_ROWPins.c **** ********************************************************************************
  53:.\Generated_Source\PSoC4/KBD_ROWPins.c **** *
ARM GAS  C:\Users\744\AppData\Local\Temp\ccIJvfmk.s 			page 3


  54:.\Generated_Source\PSoC4/KBD_ROWPins.c **** * Summary:
  55:.\Generated_Source\PSoC4/KBD_ROWPins.c **** *  Change the drive mode on the pins of the port.
  56:.\Generated_Source\PSoC4/KBD_ROWPins.c **** * 
  57:.\Generated_Source\PSoC4/KBD_ROWPins.c **** * Parameters:  
  58:.\Generated_Source\PSoC4/KBD_ROWPins.c **** *  mode:  Change the pins to one of the following drive modes.
  59:.\Generated_Source\PSoC4/KBD_ROWPins.c **** *
  60:.\Generated_Source\PSoC4/KBD_ROWPins.c **** *  KBD_ROWPins_DM_STRONG     Strong Drive 
  61:.\Generated_Source\PSoC4/KBD_ROWPins.c **** *  KBD_ROWPins_DM_OD_HI      Open Drain, Drives High 
  62:.\Generated_Source\PSoC4/KBD_ROWPins.c **** *  KBD_ROWPins_DM_OD_LO      Open Drain, Drives Low 
  63:.\Generated_Source\PSoC4/KBD_ROWPins.c **** *  KBD_ROWPins_DM_RES_UP     Resistive Pull Up 
  64:.\Generated_Source\PSoC4/KBD_ROWPins.c **** *  KBD_ROWPins_DM_RES_DWN    Resistive Pull Down 
  65:.\Generated_Source\PSoC4/KBD_ROWPins.c **** *  KBD_ROWPins_DM_RES_UPDWN  Resistive Pull Up/Down 
  66:.\Generated_Source\PSoC4/KBD_ROWPins.c **** *  KBD_ROWPins_DM_DIG_HIZ    High Impedance Digital 
  67:.\Generated_Source\PSoC4/KBD_ROWPins.c **** *  KBD_ROWPins_DM_ALG_HIZ    High Impedance Analog 
  68:.\Generated_Source\PSoC4/KBD_ROWPins.c **** *
  69:.\Generated_Source\PSoC4/KBD_ROWPins.c **** * Return: 
  70:.\Generated_Source\PSoC4/KBD_ROWPins.c **** *  None
  71:.\Generated_Source\PSoC4/KBD_ROWPins.c **** *
  72:.\Generated_Source\PSoC4/KBD_ROWPins.c **** *******************************************************************************/
  73:.\Generated_Source\PSoC4/KBD_ROWPins.c **** void KBD_ROWPins_SetDriveMode(uint8 mode) 
  74:.\Generated_Source\PSoC4/KBD_ROWPins.c **** {
  62              		.loc 1 74 0
  63              		.cfi_startproc
  64              	.LVL4:
  75:.\Generated_Source\PSoC4/KBD_ROWPins.c **** 	SetP4PinDriveMode(KBD_ROWPins__0__SHIFT, mode);
  65              		.loc 1 75 0
  66 0000 0C4B     		ldr	r3, .L5
  67 0002 1A68     		ldr	r2, [r3]
  68 0004 3821     		mov	r1, #56
  69 0006 8A43     		bic	r2, r1
  70 0008 C100     		lsl	r1, r0, #3
  71 000a 0A43     		orr	r2, r1
  72 000c 1A60     		str	r2, [r3]
  76:.\Generated_Source\PSoC4/KBD_ROWPins.c **** 	SetP4PinDriveMode(KBD_ROWPins__1__SHIFT, mode);
  73              		.loc 1 76 0
  74 000e 1968     		ldr	r1, [r3]
  75 0010 094A     		ldr	r2, .L5+4
  76 0012 0A40     		and	r2, r1
  77 0014 8101     		lsl	r1, r0, #6
  78 0016 0A43     		orr	r2, r1
  79 0018 1A60     		str	r2, [r3]
  77:.\Generated_Source\PSoC4/KBD_ROWPins.c **** 	SetP4PinDriveMode(KBD_ROWPins__2__SHIFT, mode);
  80              		.loc 1 77 0
  81 001a 1968     		ldr	r1, [r3]
  82 001c 074A     		ldr	r2, .L5+8
  83 001e 0A40     		and	r2, r1
  84 0020 4102     		lsl	r1, r0, #9
  85 0022 0A43     		orr	r2, r1
  86 0024 1A60     		str	r2, [r3]
  78:.\Generated_Source\PSoC4/KBD_ROWPins.c **** 	SetP4PinDriveMode(KBD_ROWPins__3__SHIFT, mode);
  87              		.loc 1 78 0
  88 0026 1968     		ldr	r1, [r3]
  89 0028 054A     		ldr	r2, .L5+12
  90 002a 0A40     		and	r2, r1
  91 002c 0003     		lsl	r0, r0, #12
  92              	.LVL5:
  93 002e 1043     		orr	r0, r2
ARM GAS  C:\Users\744\AppData\Local\Temp\ccIJvfmk.s 			page 4


  94 0030 1860     		str	r0, [r3]
  79:.\Generated_Source\PSoC4/KBD_ROWPins.c **** }
  95              		.loc 1 79 0
  96              		@ sp needed
  97 0032 7047     		bx	lr
  98              	.L6:
  99              		.align	2
 100              	.L5:
 101 0034 08010440 		.word	1074004232
 102 0038 3FFEFFFF 		.word	-449
 103 003c FFF1FFFF 		.word	-3585
 104 0040 FF8FFFFF 		.word	-28673
 105              		.cfi_endproc
 106              	.LFE1:
 107              		.size	KBD_ROWPins_SetDriveMode, .-KBD_ROWPins_SetDriveMode
 108              		.section	.text.KBD_ROWPins_Read,"ax",%progbits
 109              		.align	2
 110              		.global	KBD_ROWPins_Read
 111              		.code	16
 112              		.thumb_func
 113              		.type	KBD_ROWPins_Read, %function
 114              	KBD_ROWPins_Read:
 115              	.LFB2:
  80:.\Generated_Source\PSoC4/KBD_ROWPins.c **** 
  81:.\Generated_Source\PSoC4/KBD_ROWPins.c **** 
  82:.\Generated_Source\PSoC4/KBD_ROWPins.c **** /*******************************************************************************
  83:.\Generated_Source\PSoC4/KBD_ROWPins.c **** * Function Name: KBD_ROWPins_Read
  84:.\Generated_Source\PSoC4/KBD_ROWPins.c **** ********************************************************************************
  85:.\Generated_Source\PSoC4/KBD_ROWPins.c **** *
  86:.\Generated_Source\PSoC4/KBD_ROWPins.c **** * Summary:
  87:.\Generated_Source\PSoC4/KBD_ROWPins.c **** *  Read the current value on the pins of the Digital Port in right justified 
  88:.\Generated_Source\PSoC4/KBD_ROWPins.c **** *  form.
  89:.\Generated_Source\PSoC4/KBD_ROWPins.c **** *
  90:.\Generated_Source\PSoC4/KBD_ROWPins.c **** * Parameters:  
  91:.\Generated_Source\PSoC4/KBD_ROWPins.c **** *  None 
  92:.\Generated_Source\PSoC4/KBD_ROWPins.c **** *
  93:.\Generated_Source\PSoC4/KBD_ROWPins.c **** * Return: 
  94:.\Generated_Source\PSoC4/KBD_ROWPins.c **** *  Returns the current value of the Digital Port as a right justified number
  95:.\Generated_Source\PSoC4/KBD_ROWPins.c **** *  
  96:.\Generated_Source\PSoC4/KBD_ROWPins.c **** * Note:
  97:.\Generated_Source\PSoC4/KBD_ROWPins.c **** *  Macro KBD_ROWPins_ReadPS calls this function. 
  98:.\Generated_Source\PSoC4/KBD_ROWPins.c **** *  
  99:.\Generated_Source\PSoC4/KBD_ROWPins.c **** *******************************************************************************/
 100:.\Generated_Source\PSoC4/KBD_ROWPins.c **** uint8 KBD_ROWPins_Read(void) 
 101:.\Generated_Source\PSoC4/KBD_ROWPins.c **** {
 116              		.loc 1 101 0
 117              		.cfi_startproc
 102:.\Generated_Source\PSoC4/KBD_ROWPins.c ****     return (uint8)((KBD_ROWPins_PS & KBD_ROWPins_MASK) >> KBD_ROWPins_SHIFT);
 118              		.loc 1 102 0
 119 0000 024B     		ldr	r3, .L8
 120 0002 1868     		ldr	r0, [r3]
 121 0004 C006     		lsl	r0, r0, #27
 122 0006 000F     		lsr	r0, r0, #28
 103:.\Generated_Source\PSoC4/KBD_ROWPins.c **** }
 123              		.loc 1 103 0
 124              		@ sp needed
 125 0008 7047     		bx	lr
ARM GAS  C:\Users\744\AppData\Local\Temp\ccIJvfmk.s 			page 5


 126              	.L9:
 127 000a C046     		.align	2
 128              	.L8:
 129 000c 04010440 		.word	1074004228
 130              		.cfi_endproc
 131              	.LFE2:
 132              		.size	KBD_ROWPins_Read, .-KBD_ROWPins_Read
 133              		.section	.text.KBD_ROWPins_ReadDataReg,"ax",%progbits
 134              		.align	2
 135              		.global	KBD_ROWPins_ReadDataReg
 136              		.code	16
 137              		.thumb_func
 138              		.type	KBD_ROWPins_ReadDataReg, %function
 139              	KBD_ROWPins_ReadDataReg:
 140              	.LFB3:
 104:.\Generated_Source\PSoC4/KBD_ROWPins.c **** 
 105:.\Generated_Source\PSoC4/KBD_ROWPins.c **** 
 106:.\Generated_Source\PSoC4/KBD_ROWPins.c **** /*******************************************************************************
 107:.\Generated_Source\PSoC4/KBD_ROWPins.c **** * Function Name: KBD_ROWPins_ReadDataReg
 108:.\Generated_Source\PSoC4/KBD_ROWPins.c **** ********************************************************************************
 109:.\Generated_Source\PSoC4/KBD_ROWPins.c **** *
 110:.\Generated_Source\PSoC4/KBD_ROWPins.c **** * Summary:
 111:.\Generated_Source\PSoC4/KBD_ROWPins.c **** *  Read the current value assigned to a Digital Port's data output register
 112:.\Generated_Source\PSoC4/KBD_ROWPins.c **** *
 113:.\Generated_Source\PSoC4/KBD_ROWPins.c **** * Parameters:  
 114:.\Generated_Source\PSoC4/KBD_ROWPins.c **** *  None 
 115:.\Generated_Source\PSoC4/KBD_ROWPins.c **** *
 116:.\Generated_Source\PSoC4/KBD_ROWPins.c **** * Return: 
 117:.\Generated_Source\PSoC4/KBD_ROWPins.c **** *  Returns the current value assigned to the Digital Port's data output register
 118:.\Generated_Source\PSoC4/KBD_ROWPins.c **** *  
 119:.\Generated_Source\PSoC4/KBD_ROWPins.c **** *******************************************************************************/
 120:.\Generated_Source\PSoC4/KBD_ROWPins.c **** uint8 KBD_ROWPins_ReadDataReg(void) 
 121:.\Generated_Source\PSoC4/KBD_ROWPins.c **** {
 141              		.loc 1 121 0
 142              		.cfi_startproc
 122:.\Generated_Source\PSoC4/KBD_ROWPins.c ****     return (uint8)((KBD_ROWPins_DR & KBD_ROWPins_MASK) >> KBD_ROWPins_SHIFT);
 143              		.loc 1 122 0
 144 0000 024B     		ldr	r3, .L11
 145 0002 1868     		ldr	r0, [r3]
 146 0004 C006     		lsl	r0, r0, #27
 147 0006 000F     		lsr	r0, r0, #28
 123:.\Generated_Source\PSoC4/KBD_ROWPins.c **** }
 148              		.loc 1 123 0
 149              		@ sp needed
 150 0008 7047     		bx	lr
 151              	.L12:
 152 000a C046     		.align	2
 153              	.L11:
 154 000c 00010440 		.word	1074004224
 155              		.cfi_endproc
 156              	.LFE3:
 157              		.size	KBD_ROWPins_ReadDataReg, .-KBD_ROWPins_ReadDataReg
 158              		.section	.text.KBD_ROWPins_ClearInterrupt,"ax",%progbits
 159              		.align	2
 160              		.global	KBD_ROWPins_ClearInterrupt
 161              		.code	16
 162              		.thumb_func
ARM GAS  C:\Users\744\AppData\Local\Temp\ccIJvfmk.s 			page 6


 163              		.type	KBD_ROWPins_ClearInterrupt, %function
 164              	KBD_ROWPins_ClearInterrupt:
 165              	.LFB4:
 124:.\Generated_Source\PSoC4/KBD_ROWPins.c **** 
 125:.\Generated_Source\PSoC4/KBD_ROWPins.c **** 
 126:.\Generated_Source\PSoC4/KBD_ROWPins.c **** /* If Interrupts Are Enabled for this Pins component */ 
 127:.\Generated_Source\PSoC4/KBD_ROWPins.c **** #if defined(KBD_ROWPins_INTSTAT) 
 128:.\Generated_Source\PSoC4/KBD_ROWPins.c **** 
 129:.\Generated_Source\PSoC4/KBD_ROWPins.c ****     /*******************************************************************************
 130:.\Generated_Source\PSoC4/KBD_ROWPins.c ****     * Function Name: KBD_ROWPins_ClearInterrupt
 131:.\Generated_Source\PSoC4/KBD_ROWPins.c ****     ********************************************************************************
 132:.\Generated_Source\PSoC4/KBD_ROWPins.c ****     *
 133:.\Generated_Source\PSoC4/KBD_ROWPins.c ****     * Summary:
 134:.\Generated_Source\PSoC4/KBD_ROWPins.c ****     *  Clears any active interrupts attached to port and returns the value of the 
 135:.\Generated_Source\PSoC4/KBD_ROWPins.c ****     *  interrupt status register.
 136:.\Generated_Source\PSoC4/KBD_ROWPins.c ****     *
 137:.\Generated_Source\PSoC4/KBD_ROWPins.c ****     * Parameters:  
 138:.\Generated_Source\PSoC4/KBD_ROWPins.c ****     *  None 
 139:.\Generated_Source\PSoC4/KBD_ROWPins.c ****     *
 140:.\Generated_Source\PSoC4/KBD_ROWPins.c ****     * Return: 
 141:.\Generated_Source\PSoC4/KBD_ROWPins.c ****     *  Returns the value of the interrupt status register
 142:.\Generated_Source\PSoC4/KBD_ROWPins.c ****     *  
 143:.\Generated_Source\PSoC4/KBD_ROWPins.c ****     *******************************************************************************/
 144:.\Generated_Source\PSoC4/KBD_ROWPins.c ****     uint8 KBD_ROWPins_ClearInterrupt(void) 
 145:.\Generated_Source\PSoC4/KBD_ROWPins.c ****     {
 166              		.loc 1 145 0
 167              		.cfi_startproc
 146:.\Generated_Source\PSoC4/KBD_ROWPins.c **** 		uint8 maskedStatus = (uint8)(KBD_ROWPins_INTSTAT & KBD_ROWPins_MASK);
 168              		.loc 1 146 0
 169 0000 034A     		ldr	r2, .L14
 170 0002 1068     		ldr	r0, [r2]
 171 0004 1E23     		mov	r3, #30
 172 0006 1840     		and	r0, r3
 173              	.LVL6:
 147:.\Generated_Source\PSoC4/KBD_ROWPins.c **** 		KBD_ROWPins_INTSTAT = maskedStatus;
 174              		.loc 1 147 0
 175 0008 1060     		str	r0, [r2]
 148:.\Generated_Source\PSoC4/KBD_ROWPins.c ****         return maskedStatus >> KBD_ROWPins_SHIFT;
 176              		.loc 1 148 0
 177 000a 4008     		lsr	r0, r0, #1
 178              	.LVL7:
 149:.\Generated_Source\PSoC4/KBD_ROWPins.c ****     }
 179              		.loc 1 149 0
 180              		@ sp needed
 181 000c 7047     		bx	lr
 182              	.L15:
 183 000e C046     		.align	2
 184              	.L14:
 185 0010 10010440 		.word	1074004240
 186              		.cfi_endproc
 187              	.LFE4:
 188              		.size	KBD_ROWPins_ClearInterrupt, .-KBD_ROWPins_ClearInterrupt
 189              		.text
 190              	.Letext0:
 191              		.file 2 ".\\Generated_Source\\PSoC4\\cytypes.h"
 192              		.section	.debug_info,"",%progbits
 193              	.Ldebug_info0:
ARM GAS  C:\Users\744\AppData\Local\Temp\ccIJvfmk.s 			page 7


 194 0000 4C010000 		.4byte	0x14c
 195 0004 0400     		.2byte	0x4
 196 0006 00000000 		.4byte	.Ldebug_abbrev0
 197 000a 04       		.byte	0x4
 198 000b 01       		.uleb128 0x1
 199 000c 6F010000 		.4byte	.LASF24
 200 0010 01       		.byte	0x1
 201 0011 E6000000 		.4byte	.LASF25
 202 0015 3C000000 		.4byte	.LASF26
 203 0019 00000000 		.4byte	.Ldebug_ranges0+0
 204 001d 00000000 		.4byte	0
 205 0021 00000000 		.4byte	.Ldebug_line0
 206 0025 02       		.uleb128 0x2
 207 0026 01       		.byte	0x1
 208 0027 06       		.byte	0x6
 209 0028 31020000 		.4byte	.LASF0
 210 002c 02       		.uleb128 0x2
 211 002d 01       		.byte	0x1
 212 002e 08       		.byte	0x8
 213 002f CA000000 		.4byte	.LASF1
 214 0033 02       		.uleb128 0x2
 215 0034 02       		.byte	0x2
 216 0035 05       		.byte	0x5
 217 0036 18020000 		.4byte	.LASF2
 218 003a 02       		.uleb128 0x2
 219 003b 02       		.byte	0x2
 220 003c 07       		.byte	0x7
 221 003d A6000000 		.4byte	.LASF3
 222 0041 02       		.uleb128 0x2
 223 0042 04       		.byte	0x4
 224 0043 05       		.byte	0x5
 225 0044 28020000 		.4byte	.LASF4
 226 0048 02       		.uleb128 0x2
 227 0049 04       		.byte	0x4
 228 004a 07       		.byte	0x7
 229 004b 94000000 		.4byte	.LASF5
 230 004f 02       		.uleb128 0x2
 231 0050 08       		.byte	0x8
 232 0051 05       		.byte	0x5
 233 0052 4F010000 		.4byte	.LASF6
 234 0056 02       		.uleb128 0x2
 235 0057 08       		.byte	0x8
 236 0058 07       		.byte	0x7
 237 0059 1A010000 		.4byte	.LASF7
 238 005d 03       		.uleb128 0x3
 239 005e 04       		.byte	0x4
 240 005f 05       		.byte	0x5
 241 0060 696E7400 		.ascii	"int\000"
 242 0064 02       		.uleb128 0x2
 243 0065 04       		.byte	0x4
 244 0066 07       		.byte	0x7
 245 0067 0D010000 		.4byte	.LASF8
 246 006b 04       		.uleb128 0x4
 247 006c 22020000 		.4byte	.LASF9
 248 0070 02       		.byte	0x2
 249 0071 C2       		.byte	0xc2
 250 0072 2C000000 		.4byte	0x2c
ARM GAS  C:\Users\744\AppData\Local\Temp\ccIJvfmk.s 			page 8


 251 0076 04       		.uleb128 0x4
 252 0077 DF000000 		.4byte	.LASF10
 253 007b 02       		.byte	0x2
 254 007c C4       		.byte	0xc4
 255 007d 48000000 		.4byte	0x48
 256 0081 02       		.uleb128 0x2
 257 0082 04       		.byte	0x4
 258 0083 04       		.byte	0x4
 259 0084 36000000 		.4byte	.LASF11
 260 0088 02       		.uleb128 0x2
 261 0089 08       		.byte	0x8
 262 008a 04       		.byte	0x4
 263 008b D8000000 		.4byte	.LASF12
 264 008f 02       		.uleb128 0x2
 265 0090 01       		.byte	0x1
 266 0091 08       		.byte	0x8
 267 0092 6A010000 		.4byte	.LASF13
 268 0096 05       		.uleb128 0x5
 269 0097 18000000 		.4byte	.LASF14
 270 009b 02       		.byte	0x2
 271 009c 6E01     		.2byte	0x16e
 272 009e A2000000 		.4byte	0xa2
 273 00a2 06       		.uleb128 0x6
 274 00a3 76000000 		.4byte	0x76
 275 00a7 07       		.uleb128 0x7
 276 00a8 24000000 		.4byte	.LASF15
 277 00ac 01       		.byte	0x1
 278 00ad 2A       		.byte	0x2a
 279 00ae 00000000 		.4byte	.LFB0
 280 00b2 18000000 		.4byte	.LFE0-.LFB0
 281 00b6 01       		.uleb128 0x1
 282 00b7 9C       		.byte	0x9c
 283 00b8 DB000000 		.4byte	0xdb
 284 00bc 08       		.uleb128 0x8
 285 00bd 1E000000 		.4byte	.LASF17
 286 00c1 01       		.byte	0x1
 287 00c2 2A       		.byte	0x2a
 288 00c3 6B000000 		.4byte	0x6b
 289 00c7 00000000 		.4byte	.LLST0
 290 00cb 09       		.uleb128 0x9
 291 00cc 8E000000 		.4byte	.LASF22
 292 00d0 01       		.byte	0x1
 293 00d1 2C       		.byte	0x2c
 294 00d2 6B000000 		.4byte	0x6b
 295 00d6 21000000 		.4byte	.LLST1
 296 00da 00       		.byte	0
 297 00db 07       		.uleb128 0x7
 298 00dc 36010000 		.4byte	.LASF16
 299 00e0 01       		.byte	0x1
 300 00e1 49       		.byte	0x49
 301 00e2 00000000 		.4byte	.LFB1
 302 00e6 44000000 		.4byte	.LFE1-.LFB1
 303 00ea 01       		.uleb128 0x1
 304 00eb 9C       		.byte	0x9c
 305 00ec 00010000 		.4byte	0x100
 306 00f0 08       		.uleb128 0x8
 307 00f1 31010000 		.4byte	.LASF18
ARM GAS  C:\Users\744\AppData\Local\Temp\ccIJvfmk.s 			page 9


 308 00f5 01       		.byte	0x1
 309 00f6 49       		.byte	0x49
 310 00f7 6B000000 		.4byte	0x6b
 311 00fb 3F000000 		.4byte	.LLST2
 312 00ff 00       		.byte	0
 313 0100 0A       		.uleb128 0xa
 314 0101 B9000000 		.4byte	.LASF19
 315 0105 01       		.byte	0x1
 316 0106 64       		.byte	0x64
 317 0107 6B000000 		.4byte	0x6b
 318 010b 00000000 		.4byte	.LFB2
 319 010f 10000000 		.4byte	.LFE2-.LFB2
 320 0113 01       		.uleb128 0x1
 321 0114 9C       		.byte	0x9c
 322 0115 0A       		.uleb128 0xa
 323 0116 00000000 		.4byte	.LASF20
 324 011a 01       		.byte	0x1
 325 011b 78       		.byte	0x78
 326 011c 6B000000 		.4byte	0x6b
 327 0120 00000000 		.4byte	.LFB3
 328 0124 10000000 		.4byte	.LFE3-.LFB3
 329 0128 01       		.uleb128 0x1
 330 0129 9C       		.byte	0x9c
 331 012a 0B       		.uleb128 0xb
 332 012b FD010000 		.4byte	.LASF21
 333 012f 01       		.byte	0x1
 334 0130 90       		.byte	0x90
 335 0131 6B000000 		.4byte	0x6b
 336 0135 00000000 		.4byte	.LFB4
 337 0139 14000000 		.4byte	.LFE4-.LFB4
 338 013d 01       		.uleb128 0x1
 339 013e 9C       		.byte	0x9c
 340 013f 09       		.uleb128 0x9
 341 0140 5D010000 		.4byte	.LASF23
 342 0144 01       		.byte	0x1
 343 0145 92       		.byte	0x92
 344 0146 6B000000 		.4byte	0x6b
 345 014a 60000000 		.4byte	.LLST3
 346 014e 00       		.byte	0
 347 014f 00       		.byte	0
 348              		.section	.debug_abbrev,"",%progbits
 349              	.Ldebug_abbrev0:
 350 0000 01       		.uleb128 0x1
 351 0001 11       		.uleb128 0x11
 352 0002 01       		.byte	0x1
 353 0003 25       		.uleb128 0x25
 354 0004 0E       		.uleb128 0xe
 355 0005 13       		.uleb128 0x13
 356 0006 0B       		.uleb128 0xb
 357 0007 03       		.uleb128 0x3
 358 0008 0E       		.uleb128 0xe
 359 0009 1B       		.uleb128 0x1b
 360 000a 0E       		.uleb128 0xe
 361 000b 55       		.uleb128 0x55
 362 000c 17       		.uleb128 0x17
 363 000d 11       		.uleb128 0x11
 364 000e 01       		.uleb128 0x1
ARM GAS  C:\Users\744\AppData\Local\Temp\ccIJvfmk.s 			page 10


 365 000f 10       		.uleb128 0x10
 366 0010 17       		.uleb128 0x17
 367 0011 00       		.byte	0
 368 0012 00       		.byte	0
 369 0013 02       		.uleb128 0x2
 370 0014 24       		.uleb128 0x24
 371 0015 00       		.byte	0
 372 0016 0B       		.uleb128 0xb
 373 0017 0B       		.uleb128 0xb
 374 0018 3E       		.uleb128 0x3e
 375 0019 0B       		.uleb128 0xb
 376 001a 03       		.uleb128 0x3
 377 001b 0E       		.uleb128 0xe
 378 001c 00       		.byte	0
 379 001d 00       		.byte	0
 380 001e 03       		.uleb128 0x3
 381 001f 24       		.uleb128 0x24
 382 0020 00       		.byte	0
 383 0021 0B       		.uleb128 0xb
 384 0022 0B       		.uleb128 0xb
 385 0023 3E       		.uleb128 0x3e
 386 0024 0B       		.uleb128 0xb
 387 0025 03       		.uleb128 0x3
 388 0026 08       		.uleb128 0x8
 389 0027 00       		.byte	0
 390 0028 00       		.byte	0
 391 0029 04       		.uleb128 0x4
 392 002a 16       		.uleb128 0x16
 393 002b 00       		.byte	0
 394 002c 03       		.uleb128 0x3
 395 002d 0E       		.uleb128 0xe
 396 002e 3A       		.uleb128 0x3a
 397 002f 0B       		.uleb128 0xb
 398 0030 3B       		.uleb128 0x3b
 399 0031 0B       		.uleb128 0xb
 400 0032 49       		.uleb128 0x49
 401 0033 13       		.uleb128 0x13
 402 0034 00       		.byte	0
 403 0035 00       		.byte	0
 404 0036 05       		.uleb128 0x5
 405 0037 16       		.uleb128 0x16
 406 0038 00       		.byte	0
 407 0039 03       		.uleb128 0x3
 408 003a 0E       		.uleb128 0xe
 409 003b 3A       		.uleb128 0x3a
 410 003c 0B       		.uleb128 0xb
 411 003d 3B       		.uleb128 0x3b
 412 003e 05       		.uleb128 0x5
 413 003f 49       		.uleb128 0x49
 414 0040 13       		.uleb128 0x13
 415 0041 00       		.byte	0
 416 0042 00       		.byte	0
 417 0043 06       		.uleb128 0x6
 418 0044 35       		.uleb128 0x35
 419 0045 00       		.byte	0
 420 0046 49       		.uleb128 0x49
 421 0047 13       		.uleb128 0x13
ARM GAS  C:\Users\744\AppData\Local\Temp\ccIJvfmk.s 			page 11


 422 0048 00       		.byte	0
 423 0049 00       		.byte	0
 424 004a 07       		.uleb128 0x7
 425 004b 2E       		.uleb128 0x2e
 426 004c 01       		.byte	0x1
 427 004d 3F       		.uleb128 0x3f
 428 004e 19       		.uleb128 0x19
 429 004f 03       		.uleb128 0x3
 430 0050 0E       		.uleb128 0xe
 431 0051 3A       		.uleb128 0x3a
 432 0052 0B       		.uleb128 0xb
 433 0053 3B       		.uleb128 0x3b
 434 0054 0B       		.uleb128 0xb
 435 0055 27       		.uleb128 0x27
 436 0056 19       		.uleb128 0x19
 437 0057 11       		.uleb128 0x11
 438 0058 01       		.uleb128 0x1
 439 0059 12       		.uleb128 0x12
 440 005a 06       		.uleb128 0x6
 441 005b 40       		.uleb128 0x40
 442 005c 18       		.uleb128 0x18
 443 005d 9742     		.uleb128 0x2117
 444 005f 19       		.uleb128 0x19
 445 0060 01       		.uleb128 0x1
 446 0061 13       		.uleb128 0x13
 447 0062 00       		.byte	0
 448 0063 00       		.byte	0
 449 0064 08       		.uleb128 0x8
 450 0065 05       		.uleb128 0x5
 451 0066 00       		.byte	0
 452 0067 03       		.uleb128 0x3
 453 0068 0E       		.uleb128 0xe
 454 0069 3A       		.uleb128 0x3a
 455 006a 0B       		.uleb128 0xb
 456 006b 3B       		.uleb128 0x3b
 457 006c 0B       		.uleb128 0xb
 458 006d 49       		.uleb128 0x49
 459 006e 13       		.uleb128 0x13
 460 006f 02       		.uleb128 0x2
 461 0070 17       		.uleb128 0x17
 462 0071 00       		.byte	0
 463 0072 00       		.byte	0
 464 0073 09       		.uleb128 0x9
 465 0074 34       		.uleb128 0x34
 466 0075 00       		.byte	0
 467 0076 03       		.uleb128 0x3
 468 0077 0E       		.uleb128 0xe
 469 0078 3A       		.uleb128 0x3a
 470 0079 0B       		.uleb128 0xb
 471 007a 3B       		.uleb128 0x3b
 472 007b 0B       		.uleb128 0xb
 473 007c 49       		.uleb128 0x49
 474 007d 13       		.uleb128 0x13
 475 007e 02       		.uleb128 0x2
 476 007f 17       		.uleb128 0x17
 477 0080 00       		.byte	0
 478 0081 00       		.byte	0
ARM GAS  C:\Users\744\AppData\Local\Temp\ccIJvfmk.s 			page 12


 479 0082 0A       		.uleb128 0xa
 480 0083 2E       		.uleb128 0x2e
 481 0084 00       		.byte	0
 482 0085 3F       		.uleb128 0x3f
 483 0086 19       		.uleb128 0x19
 484 0087 03       		.uleb128 0x3
 485 0088 0E       		.uleb128 0xe
 486 0089 3A       		.uleb128 0x3a
 487 008a 0B       		.uleb128 0xb
 488 008b 3B       		.uleb128 0x3b
 489 008c 0B       		.uleb128 0xb
 490 008d 27       		.uleb128 0x27
 491 008e 19       		.uleb128 0x19
 492 008f 49       		.uleb128 0x49
 493 0090 13       		.uleb128 0x13
 494 0091 11       		.uleb128 0x11
 495 0092 01       		.uleb128 0x1
 496 0093 12       		.uleb128 0x12
 497 0094 06       		.uleb128 0x6
 498 0095 40       		.uleb128 0x40
 499 0096 18       		.uleb128 0x18
 500 0097 9742     		.uleb128 0x2117
 501 0099 19       		.uleb128 0x19
 502 009a 00       		.byte	0
 503 009b 00       		.byte	0
 504 009c 0B       		.uleb128 0xb
 505 009d 2E       		.uleb128 0x2e
 506 009e 01       		.byte	0x1
 507 009f 3F       		.uleb128 0x3f
 508 00a0 19       		.uleb128 0x19
 509 00a1 03       		.uleb128 0x3
 510 00a2 0E       		.uleb128 0xe
 511 00a3 3A       		.uleb128 0x3a
 512 00a4 0B       		.uleb128 0xb
 513 00a5 3B       		.uleb128 0x3b
 514 00a6 0B       		.uleb128 0xb
 515 00a7 27       		.uleb128 0x27
 516 00a8 19       		.uleb128 0x19
 517 00a9 49       		.uleb128 0x49
 518 00aa 13       		.uleb128 0x13
 519 00ab 11       		.uleb128 0x11
 520 00ac 01       		.uleb128 0x1
 521 00ad 12       		.uleb128 0x12
 522 00ae 06       		.uleb128 0x6
 523 00af 40       		.uleb128 0x40
 524 00b0 18       		.uleb128 0x18
 525 00b1 9742     		.uleb128 0x2117
 526 00b3 19       		.uleb128 0x19
 527 00b4 00       		.byte	0
 528 00b5 00       		.byte	0
 529 00b6 00       		.byte	0
 530              		.section	.debug_loc,"",%progbits
 531              	.Ldebug_loc0:
 532              	.LLST0:
 533 0000 00000000 		.4byte	.LVL0
 534 0004 0A000000 		.4byte	.LVL2
 535 0008 0100     		.2byte	0x1
ARM GAS  C:\Users\744\AppData\Local\Temp\ccIJvfmk.s 			page 13


 536 000a 50       		.byte	0x50
 537 000b 0A000000 		.4byte	.LVL2
 538 000f 18000000 		.4byte	.LFE0
 539 0013 0400     		.2byte	0x4
 540 0015 F3       		.byte	0xf3
 541 0016 01       		.uleb128 0x1
 542 0017 50       		.byte	0x50
 543 0018 9F       		.byte	0x9f
 544 0019 00000000 		.4byte	0
 545 001d 00000000 		.4byte	0
 546              	.LLST1:
 547 0021 08000000 		.4byte	.LVL1
 548 0025 10000000 		.4byte	.LVL3
 549 0029 0100     		.2byte	0x1
 550 002b 52       		.byte	0x52
 551 002c 10000000 		.4byte	.LVL3
 552 0030 18000000 		.4byte	.LFE0
 553 0034 0100     		.2byte	0x1
 554 0036 50       		.byte	0x50
 555 0037 00000000 		.4byte	0
 556 003b 00000000 		.4byte	0
 557              	.LLST2:
 558 003f 00000000 		.4byte	.LVL4
 559 0043 2E000000 		.4byte	.LVL5
 560 0047 0100     		.2byte	0x1
 561 0049 50       		.byte	0x50
 562 004a 2E000000 		.4byte	.LVL5
 563 004e 44000000 		.4byte	.LFE1
 564 0052 0400     		.2byte	0x4
 565 0054 F3       		.byte	0xf3
 566 0055 01       		.uleb128 0x1
 567 0056 50       		.byte	0x50
 568 0057 9F       		.byte	0x9f
 569 0058 00000000 		.4byte	0
 570 005c 00000000 		.4byte	0
 571              	.LLST3:
 572 0060 08000000 		.4byte	.LVL6
 573 0064 0C000000 		.4byte	.LVL7
 574 0068 0100     		.2byte	0x1
 575 006a 50       		.byte	0x50
 576 006b 0C000000 		.4byte	.LVL7
 577 006f 14000000 		.4byte	.LFE4
 578 0073 0400     		.2byte	0x4
 579 0075 72       		.byte	0x72
 580 0076 00       		.sleb128 0
 581 0077 06       		.byte	0x6
 582 0078 9F       		.byte	0x9f
 583 0079 00000000 		.4byte	0
 584 007d 00000000 		.4byte	0
 585              		.section	.debug_aranges,"",%progbits
 586 0000 3C000000 		.4byte	0x3c
 587 0004 0200     		.2byte	0x2
 588 0006 00000000 		.4byte	.Ldebug_info0
 589 000a 04       		.byte	0x4
 590 000b 00       		.byte	0
 591 000c 0000     		.2byte	0
 592 000e 0000     		.2byte	0
ARM GAS  C:\Users\744\AppData\Local\Temp\ccIJvfmk.s 			page 14


 593 0010 00000000 		.4byte	.LFB0
 594 0014 18000000 		.4byte	.LFE0-.LFB0
 595 0018 00000000 		.4byte	.LFB1
 596 001c 44000000 		.4byte	.LFE1-.LFB1
 597 0020 00000000 		.4byte	.LFB2
 598 0024 10000000 		.4byte	.LFE2-.LFB2
 599 0028 00000000 		.4byte	.LFB3
 600 002c 10000000 		.4byte	.LFE3-.LFB3
 601 0030 00000000 		.4byte	.LFB4
 602 0034 14000000 		.4byte	.LFE4-.LFB4
 603 0038 00000000 		.4byte	0
 604 003c 00000000 		.4byte	0
 605              		.section	.debug_ranges,"",%progbits
 606              	.Ldebug_ranges0:
 607 0000 00000000 		.4byte	.LFB0
 608 0004 18000000 		.4byte	.LFE0
 609 0008 00000000 		.4byte	.LFB1
 610 000c 44000000 		.4byte	.LFE1
 611 0010 00000000 		.4byte	.LFB2
 612 0014 10000000 		.4byte	.LFE2
 613 0018 00000000 		.4byte	.LFB3
 614 001c 10000000 		.4byte	.LFE3
 615 0020 00000000 		.4byte	.LFB4
 616 0024 14000000 		.4byte	.LFE4
 617 0028 00000000 		.4byte	0
 618 002c 00000000 		.4byte	0
 619              		.section	.debug_line,"",%progbits
 620              	.Ldebug_line0:
 621 0000 B0000000 		.section	.debug_str,"MS",%progbits,1
 621      02004A00 
 621      00000201 
 621      FB0E0D00 
 621      01010101 
 622              	.LASF20:
 623 0000 4B42445F 		.ascii	"KBD_ROWPins_ReadDataReg\000"
 623      524F5750 
 623      696E735F 
 623      52656164 
 623      44617461 
 624              	.LASF14:
 625 0018 72656733 		.ascii	"reg32\000"
 625      3200
 626              	.LASF17:
 627 001e 76616C75 		.ascii	"value\000"
 627      6500
 628              	.LASF15:
 629 0024 4B42445F 		.ascii	"KBD_ROWPins_Write\000"
 629      524F5750 
 629      696E735F 
 629      57726974 
 629      6500
 630              	.LASF11:
 631 0036 666C6F61 		.ascii	"float\000"
 631      7400
 632              	.LASF26:
 633 003c 453A5C37 		.ascii	"E:\\744\\Education\\Git\\PSoC4_Projects\\Calculator"
 633      34345C45 
ARM GAS  C:\Users\744\AppData\Local\Temp\ccIJvfmk.s 			page 15


 633      64756361 
 633      74696F6E 
 633      5C476974 
 634 006a 5C43616C 		.ascii	"\\Calculator_with_float_values.cydsn\000"
 634      63756C61 
 634      746F725F 
 634      77697468 
 634      5F666C6F 
 635              	.LASF22:
 636 008e 64725661 		.ascii	"drVal\000"
 636      6C00
 637              	.LASF5:
 638 0094 6C6F6E67 		.ascii	"long unsigned int\000"
 638      20756E73 
 638      69676E65 
 638      6420696E 
 638      7400
 639              	.LASF3:
 640 00a6 73686F72 		.ascii	"short unsigned int\000"
 640      7420756E 
 640      7369676E 
 640      65642069 
 640      6E7400
 641              	.LASF19:
 642 00b9 4B42445F 		.ascii	"KBD_ROWPins_Read\000"
 642      524F5750 
 642      696E735F 
 642      52656164 
 642      00
 643              	.LASF1:
 644 00ca 756E7369 		.ascii	"unsigned char\000"
 644      676E6564 
 644      20636861 
 644      7200
 645              	.LASF12:
 646 00d8 646F7562 		.ascii	"double\000"
 646      6C6500
 647              	.LASF10:
 648 00df 75696E74 		.ascii	"uint32\000"
 648      333200
 649              	.LASF25:
 650 00e6 2E5C4765 		.ascii	".\\Generated_Source\\PSoC4\\KBD_ROWPins.c\000"
 650      6E657261 
 650      7465645F 
 650      536F7572 
 650      63655C50 
 651              	.LASF8:
 652 010d 756E7369 		.ascii	"unsigned int\000"
 652      676E6564 
 652      20696E74 
 652      00
 653              	.LASF7:
 654 011a 6C6F6E67 		.ascii	"long long unsigned int\000"
 654      206C6F6E 
 654      6720756E 
 654      7369676E 
 654      65642069 
ARM GAS  C:\Users\744\AppData\Local\Temp\ccIJvfmk.s 			page 16


 655              	.LASF18:
 656 0131 6D6F6465 		.ascii	"mode\000"
 656      00
 657              	.LASF16:
 658 0136 4B42445F 		.ascii	"KBD_ROWPins_SetDriveMode\000"
 658      524F5750 
 658      696E735F 
 658      53657444 
 658      72697665 
 659              	.LASF6:
 660 014f 6C6F6E67 		.ascii	"long long int\000"
 660      206C6F6E 
 660      6720696E 
 660      7400
 661              	.LASF23:
 662 015d 6D61736B 		.ascii	"maskedStatus\000"
 662      65645374 
 662      61747573 
 662      00
 663              	.LASF13:
 664 016a 63686172 		.ascii	"char\000"
 664      00
 665              	.LASF24:
 666 016f 474E5520 		.ascii	"GNU C 4.9.3 20150303 (release) [ARM/embedded-4_9-br"
 666      4320342E 
 666      392E3320 
 666      32303135 
 666      30333033 
 667 01a2 616E6368 		.ascii	"anch revision 221220] -mcpu=cortex-m0 -mthumb -g -O"
 667      20726576 
 667      6973696F 
 667      6E203232 
 667      31323230 
 668 01d5 67202D66 		.ascii	"g -ffunction-sections -ffat-lto-objects\000"
 668      66756E63 
 668      74696F6E 
 668      2D736563 
 668      74696F6E 
 669              	.LASF21:
 670 01fd 4B42445F 		.ascii	"KBD_ROWPins_ClearInterrupt\000"
 670      524F5750 
 670      696E735F 
 670      436C6561 
 670      72496E74 
 671              	.LASF2:
 672 0218 73686F72 		.ascii	"short int\000"
 672      7420696E 
 672      7400
 673              	.LASF9:
 674 0222 75696E74 		.ascii	"uint8\000"
 674      3800
 675              	.LASF4:
 676 0228 6C6F6E67 		.ascii	"long int\000"
 676      20696E74 
 676      00
 677              	.LASF0:
 678 0231 7369676E 		.ascii	"signed char\000"
ARM GAS  C:\Users\744\AppData\Local\Temp\ccIJvfmk.s 			page 17


 678      65642063 
 678      68617200 
 679              		.ident	"GCC: (GNU Tools for ARM Embedded Processors) 4.9.3 20150303 (release) [ARM/embedded-4_9-br
