ARM GAS  C:\Users\744\AppData\Local\Temp\ccrI37G7.s 			page 1


   1              		.cpu cortex-m0
   2              		.fpu softvfp
   3              		.eabi_attribute 20, 1
   4              		.eabi_attribute 21, 1
   5              		.eabi_attribute 23, 3
   6              		.eabi_attribute 24, 1
   7              		.eabi_attribute 25, 1
   8              		.eabi_attribute 26, 1
   9              		.eabi_attribute 30, 1
  10              		.eabi_attribute 34, 0
  11              		.eabi_attribute 18, 4
  12              		.code	16
  13              		.file	"KBD_COLPins.c"
  14              		.text
  15              	.Ltext0:
  16              		.cfi_sections	.debug_frame
  17              		.section	.text.KBD_COLPins_Write,"ax",%progbits
  18              		.align	2
  19              		.global	KBD_COLPins_Write
  20              		.code	16
  21              		.thumb_func
  22              		.type	KBD_COLPins_Write, %function
  23              	KBD_COLPins_Write:
  24              	.LFB0:
  25              		.file 1 ".\\Generated_Source\\PSoC4\\KBD_COLPins.c"
   1:.\Generated_Source\PSoC4/KBD_COLPins.c **** /*******************************************************************************
   2:.\Generated_Source\PSoC4/KBD_COLPins.c **** * File Name: KBD_COLPins.c  
   3:.\Generated_Source\PSoC4/KBD_COLPins.c **** * Version 2.10
   4:.\Generated_Source\PSoC4/KBD_COLPins.c **** *
   5:.\Generated_Source\PSoC4/KBD_COLPins.c **** * Description:
   6:.\Generated_Source\PSoC4/KBD_COLPins.c **** *  This file contains API to enable firmware control of a Pins component.
   7:.\Generated_Source\PSoC4/KBD_COLPins.c **** *
   8:.\Generated_Source\PSoC4/KBD_COLPins.c **** * Note:
   9:.\Generated_Source\PSoC4/KBD_COLPins.c **** *
  10:.\Generated_Source\PSoC4/KBD_COLPins.c **** ********************************************************************************
  11:.\Generated_Source\PSoC4/KBD_COLPins.c **** * Copyright 2008-2014, Cypress Semiconductor Corporation.  All rights reserved.
  12:.\Generated_Source\PSoC4/KBD_COLPins.c **** * You may use this file only in accordance with the license, terms, conditions, 
  13:.\Generated_Source\PSoC4/KBD_COLPins.c **** * disclaimers, and limitations in the end user license agreement accompanying 
  14:.\Generated_Source\PSoC4/KBD_COLPins.c **** * the software package with which this file was provided.
  15:.\Generated_Source\PSoC4/KBD_COLPins.c **** *******************************************************************************/
  16:.\Generated_Source\PSoC4/KBD_COLPins.c **** 
  17:.\Generated_Source\PSoC4/KBD_COLPins.c **** #include "cytypes.h"
  18:.\Generated_Source\PSoC4/KBD_COLPins.c **** #include "KBD_COLPins.h"
  19:.\Generated_Source\PSoC4/KBD_COLPins.c **** 
  20:.\Generated_Source\PSoC4/KBD_COLPins.c **** #define SetP4PinDriveMode(shift, mode)  \
  21:.\Generated_Source\PSoC4/KBD_COLPins.c ****     do { \
  22:.\Generated_Source\PSoC4/KBD_COLPins.c ****         KBD_COLPins_PC =   (KBD_COLPins_PC & \
  23:.\Generated_Source\PSoC4/KBD_COLPins.c ****                                 (uint32)(~(uint32)(KBD_COLPins_DRIVE_MODE_IND_MASK << (KBD_COLPins_
  24:.\Generated_Source\PSoC4/KBD_COLPins.c ****                                 (uint32)((uint32)(mode) << (KBD_COLPins_DRIVE_MODE_BITS * (shift)))
  25:.\Generated_Source\PSoC4/KBD_COLPins.c ****     } while (0)
  26:.\Generated_Source\PSoC4/KBD_COLPins.c **** 
  27:.\Generated_Source\PSoC4/KBD_COLPins.c **** 
  28:.\Generated_Source\PSoC4/KBD_COLPins.c **** /*******************************************************************************
  29:.\Generated_Source\PSoC4/KBD_COLPins.c **** * Function Name: KBD_COLPins_Write
  30:.\Generated_Source\PSoC4/KBD_COLPins.c **** ********************************************************************************
  31:.\Generated_Source\PSoC4/KBD_COLPins.c **** *
  32:.\Generated_Source\PSoC4/KBD_COLPins.c **** * Summary:
ARM GAS  C:\Users\744\AppData\Local\Temp\ccrI37G7.s 			page 2


  33:.\Generated_Source\PSoC4/KBD_COLPins.c **** *  Assign a new value to the digital port's data output register.  
  34:.\Generated_Source\PSoC4/KBD_COLPins.c **** *
  35:.\Generated_Source\PSoC4/KBD_COLPins.c **** * Parameters:  
  36:.\Generated_Source\PSoC4/KBD_COLPins.c **** *  prtValue:  The value to be assigned to the Digital Port. 
  37:.\Generated_Source\PSoC4/KBD_COLPins.c **** *
  38:.\Generated_Source\PSoC4/KBD_COLPins.c **** * Return: 
  39:.\Generated_Source\PSoC4/KBD_COLPins.c **** *  None 
  40:.\Generated_Source\PSoC4/KBD_COLPins.c **** *  
  41:.\Generated_Source\PSoC4/KBD_COLPins.c **** *******************************************************************************/
  42:.\Generated_Source\PSoC4/KBD_COLPins.c **** void KBD_COLPins_Write(uint8 value) 
  43:.\Generated_Source\PSoC4/KBD_COLPins.c **** {
  26              		.loc 1 43 0
  27              		.cfi_startproc
  28              	.LVL0:
  44:.\Generated_Source\PSoC4/KBD_COLPins.c ****     uint8 drVal = (uint8)(KBD_COLPins_DR & (uint8)(~KBD_COLPins_MASK));
  29              		.loc 1 44 0
  30 0000 044A     		ldr	r2, .L2
  31 0002 1168     		ldr	r1, [r2]
  32 0004 0F23     		mov	r3, #15
  33 0006 0B40     		and	r3, r1
  34              	.LVL1:
  45:.\Generated_Source\PSoC4/KBD_COLPins.c ****     drVal = (drVal | ((uint8)(value << KBD_COLPins_SHIFT) & KBD_COLPins_MASK));
  35              		.loc 1 45 0
  36 0008 0001     		lsl	r0, r0, #4
  37              	.LVL2:
  38 000a C0B2     		uxtb	r0, r0
  39 000c 1843     		orr	r0, r3
  40              	.LVL3:
  46:.\Generated_Source\PSoC4/KBD_COLPins.c ****     KBD_COLPins_DR = (uint32)drVal;
  41              		.loc 1 46 0
  42 000e 1060     		str	r0, [r2]
  47:.\Generated_Source\PSoC4/KBD_COLPins.c **** }
  43              		.loc 1 47 0
  44              		@ sp needed
  45 0010 7047     		bx	lr
  46              	.L3:
  47 0012 C046     		.align	2
  48              	.L2:
  49 0014 00030440 		.word	1074004736
  50              		.cfi_endproc
  51              	.LFE0:
  52              		.size	KBD_COLPins_Write, .-KBD_COLPins_Write
  53              		.section	.text.KBD_COLPins_SetDriveMode,"ax",%progbits
  54              		.align	2
  55              		.global	KBD_COLPins_SetDriveMode
  56              		.code	16
  57              		.thumb_func
  58              		.type	KBD_COLPins_SetDriveMode, %function
  59              	KBD_COLPins_SetDriveMode:
  60              	.LFB1:
  48:.\Generated_Source\PSoC4/KBD_COLPins.c **** 
  49:.\Generated_Source\PSoC4/KBD_COLPins.c **** 
  50:.\Generated_Source\PSoC4/KBD_COLPins.c **** /*******************************************************************************
  51:.\Generated_Source\PSoC4/KBD_COLPins.c **** * Function Name: KBD_COLPins_SetDriveMode
  52:.\Generated_Source\PSoC4/KBD_COLPins.c **** ********************************************************************************
  53:.\Generated_Source\PSoC4/KBD_COLPins.c **** *
  54:.\Generated_Source\PSoC4/KBD_COLPins.c **** * Summary:
ARM GAS  C:\Users\744\AppData\Local\Temp\ccrI37G7.s 			page 3


  55:.\Generated_Source\PSoC4/KBD_COLPins.c **** *  Change the drive mode on the pins of the port.
  56:.\Generated_Source\PSoC4/KBD_COLPins.c **** * 
  57:.\Generated_Source\PSoC4/KBD_COLPins.c **** * Parameters:  
  58:.\Generated_Source\PSoC4/KBD_COLPins.c **** *  mode:  Change the pins to one of the following drive modes.
  59:.\Generated_Source\PSoC4/KBD_COLPins.c **** *
  60:.\Generated_Source\PSoC4/KBD_COLPins.c **** *  KBD_COLPins_DM_STRONG     Strong Drive 
  61:.\Generated_Source\PSoC4/KBD_COLPins.c **** *  KBD_COLPins_DM_OD_HI      Open Drain, Drives High 
  62:.\Generated_Source\PSoC4/KBD_COLPins.c **** *  KBD_COLPins_DM_OD_LO      Open Drain, Drives Low 
  63:.\Generated_Source\PSoC4/KBD_COLPins.c **** *  KBD_COLPins_DM_RES_UP     Resistive Pull Up 
  64:.\Generated_Source\PSoC4/KBD_COLPins.c **** *  KBD_COLPins_DM_RES_DWN    Resistive Pull Down 
  65:.\Generated_Source\PSoC4/KBD_COLPins.c **** *  KBD_COLPins_DM_RES_UPDWN  Resistive Pull Up/Down 
  66:.\Generated_Source\PSoC4/KBD_COLPins.c **** *  KBD_COLPins_DM_DIG_HIZ    High Impedance Digital 
  67:.\Generated_Source\PSoC4/KBD_COLPins.c **** *  KBD_COLPins_DM_ALG_HIZ    High Impedance Analog 
  68:.\Generated_Source\PSoC4/KBD_COLPins.c **** *
  69:.\Generated_Source\PSoC4/KBD_COLPins.c **** * Return: 
  70:.\Generated_Source\PSoC4/KBD_COLPins.c **** *  None
  71:.\Generated_Source\PSoC4/KBD_COLPins.c **** *
  72:.\Generated_Source\PSoC4/KBD_COLPins.c **** *******************************************************************************/
  73:.\Generated_Source\PSoC4/KBD_COLPins.c **** void KBD_COLPins_SetDriveMode(uint8 mode) 
  74:.\Generated_Source\PSoC4/KBD_COLPins.c **** {
  61              		.loc 1 74 0
  62              		.cfi_startproc
  63              	.LVL4:
  75:.\Generated_Source\PSoC4/KBD_COLPins.c **** 	SetP4PinDriveMode(KBD_COLPins__0__SHIFT, mode);
  64              		.loc 1 75 0
  65 0000 0C4B     		ldr	r3, .L5
  66 0002 1968     		ldr	r1, [r3]
  67 0004 0C4A     		ldr	r2, .L5+4
  68 0006 0A40     		and	r2, r1
  69 0008 0103     		lsl	r1, r0, #12
  70 000a 0A43     		orr	r2, r1
  71 000c 1A60     		str	r2, [r3]
  76:.\Generated_Source\PSoC4/KBD_COLPins.c **** 	SetP4PinDriveMode(KBD_COLPins__1__SHIFT, mode);
  72              		.loc 1 76 0
  73 000e 1968     		ldr	r1, [r3]
  74 0010 0A4A     		ldr	r2, .L5+8
  75 0012 0A40     		and	r2, r1
  76 0014 C103     		lsl	r1, r0, #15
  77 0016 0A43     		orr	r2, r1
  78 0018 1A60     		str	r2, [r3]
  77:.\Generated_Source\PSoC4/KBD_COLPins.c **** 	SetP4PinDriveMode(KBD_COLPins__2__SHIFT, mode);
  79              		.loc 1 77 0
  80 001a 1968     		ldr	r1, [r3]
  81 001c 084A     		ldr	r2, .L5+12
  82 001e 0A40     		and	r2, r1
  83 0020 8104     		lsl	r1, r0, #18
  84 0022 0A43     		orr	r2, r1
  85 0024 1A60     		str	r2, [r3]
  78:.\Generated_Source\PSoC4/KBD_COLPins.c **** 	SetP4PinDriveMode(KBD_COLPins__3__SHIFT, mode);
  86              		.loc 1 78 0
  87 0026 1968     		ldr	r1, [r3]
  88 0028 064A     		ldr	r2, .L5+16
  89 002a 0A40     		and	r2, r1
  90 002c 4005     		lsl	r0, r0, #21
  91              	.LVL5:
  92 002e 1043     		orr	r0, r2
  93 0030 1860     		str	r0, [r3]
ARM GAS  C:\Users\744\AppData\Local\Temp\ccrI37G7.s 			page 4


  79:.\Generated_Source\PSoC4/KBD_COLPins.c **** }
  94              		.loc 1 79 0
  95              		@ sp needed
  96 0032 7047     		bx	lr
  97              	.L6:
  98              		.align	2
  99              	.L5:
 100 0034 08030440 		.word	1074004744
 101 0038 FF8FFFFF 		.word	-28673
 102 003c FF7FFCFF 		.word	-229377
 103 0040 FFFFE3FF 		.word	-1835009
 104 0044 FFFF1FFF 		.word	-14680065
 105              		.cfi_endproc
 106              	.LFE1:
 107              		.size	KBD_COLPins_SetDriveMode, .-KBD_COLPins_SetDriveMode
 108              		.section	.text.KBD_COLPins_Read,"ax",%progbits
 109              		.align	2
 110              		.global	KBD_COLPins_Read
 111              		.code	16
 112              		.thumb_func
 113              		.type	KBD_COLPins_Read, %function
 114              	KBD_COLPins_Read:
 115              	.LFB2:
  80:.\Generated_Source\PSoC4/KBD_COLPins.c **** 
  81:.\Generated_Source\PSoC4/KBD_COLPins.c **** 
  82:.\Generated_Source\PSoC4/KBD_COLPins.c **** /*******************************************************************************
  83:.\Generated_Source\PSoC4/KBD_COLPins.c **** * Function Name: KBD_COLPins_Read
  84:.\Generated_Source\PSoC4/KBD_COLPins.c **** ********************************************************************************
  85:.\Generated_Source\PSoC4/KBD_COLPins.c **** *
  86:.\Generated_Source\PSoC4/KBD_COLPins.c **** * Summary:
  87:.\Generated_Source\PSoC4/KBD_COLPins.c **** *  Read the current value on the pins of the Digital Port in right justified 
  88:.\Generated_Source\PSoC4/KBD_COLPins.c **** *  form.
  89:.\Generated_Source\PSoC4/KBD_COLPins.c **** *
  90:.\Generated_Source\PSoC4/KBD_COLPins.c **** * Parameters:  
  91:.\Generated_Source\PSoC4/KBD_COLPins.c **** *  None 
  92:.\Generated_Source\PSoC4/KBD_COLPins.c **** *
  93:.\Generated_Source\PSoC4/KBD_COLPins.c **** * Return: 
  94:.\Generated_Source\PSoC4/KBD_COLPins.c **** *  Returns the current value of the Digital Port as a right justified number
  95:.\Generated_Source\PSoC4/KBD_COLPins.c **** *  
  96:.\Generated_Source\PSoC4/KBD_COLPins.c **** * Note:
  97:.\Generated_Source\PSoC4/KBD_COLPins.c **** *  Macro KBD_COLPins_ReadPS calls this function. 
  98:.\Generated_Source\PSoC4/KBD_COLPins.c **** *  
  99:.\Generated_Source\PSoC4/KBD_COLPins.c **** *******************************************************************************/
 100:.\Generated_Source\PSoC4/KBD_COLPins.c **** uint8 KBD_COLPins_Read(void) 
 101:.\Generated_Source\PSoC4/KBD_COLPins.c **** {
 116              		.loc 1 101 0
 117              		.cfi_startproc
 102:.\Generated_Source\PSoC4/KBD_COLPins.c ****     return (uint8)((KBD_COLPins_PS & KBD_COLPins_MASK) >> KBD_COLPins_SHIFT);
 118              		.loc 1 102 0
 119 0000 024B     		ldr	r3, .L8
 120 0002 1868     		ldr	r0, [r3]
 121 0004 0006     		lsl	r0, r0, #24
 122 0006 000F     		lsr	r0, r0, #28
 103:.\Generated_Source\PSoC4/KBD_COLPins.c **** }
 123              		.loc 1 103 0
 124              		@ sp needed
 125 0008 7047     		bx	lr
ARM GAS  C:\Users\744\AppData\Local\Temp\ccrI37G7.s 			page 5


 126              	.L9:
 127 000a C046     		.align	2
 128              	.L8:
 129 000c 04030440 		.word	1074004740
 130              		.cfi_endproc
 131              	.LFE2:
 132              		.size	KBD_COLPins_Read, .-KBD_COLPins_Read
 133              		.section	.text.KBD_COLPins_ReadDataReg,"ax",%progbits
 134              		.align	2
 135              		.global	KBD_COLPins_ReadDataReg
 136              		.code	16
 137              		.thumb_func
 138              		.type	KBD_COLPins_ReadDataReg, %function
 139              	KBD_COLPins_ReadDataReg:
 140              	.LFB3:
 104:.\Generated_Source\PSoC4/KBD_COLPins.c **** 
 105:.\Generated_Source\PSoC4/KBD_COLPins.c **** 
 106:.\Generated_Source\PSoC4/KBD_COLPins.c **** /*******************************************************************************
 107:.\Generated_Source\PSoC4/KBD_COLPins.c **** * Function Name: KBD_COLPins_ReadDataReg
 108:.\Generated_Source\PSoC4/KBD_COLPins.c **** ********************************************************************************
 109:.\Generated_Source\PSoC4/KBD_COLPins.c **** *
 110:.\Generated_Source\PSoC4/KBD_COLPins.c **** * Summary:
 111:.\Generated_Source\PSoC4/KBD_COLPins.c **** *  Read the current value assigned to a Digital Port's data output register
 112:.\Generated_Source\PSoC4/KBD_COLPins.c **** *
 113:.\Generated_Source\PSoC4/KBD_COLPins.c **** * Parameters:  
 114:.\Generated_Source\PSoC4/KBD_COLPins.c **** *  None 
 115:.\Generated_Source\PSoC4/KBD_COLPins.c **** *
 116:.\Generated_Source\PSoC4/KBD_COLPins.c **** * Return: 
 117:.\Generated_Source\PSoC4/KBD_COLPins.c **** *  Returns the current value assigned to the Digital Port's data output register
 118:.\Generated_Source\PSoC4/KBD_COLPins.c **** *  
 119:.\Generated_Source\PSoC4/KBD_COLPins.c **** *******************************************************************************/
 120:.\Generated_Source\PSoC4/KBD_COLPins.c **** uint8 KBD_COLPins_ReadDataReg(void) 
 121:.\Generated_Source\PSoC4/KBD_COLPins.c **** {
 141              		.loc 1 121 0
 142              		.cfi_startproc
 122:.\Generated_Source\PSoC4/KBD_COLPins.c ****     return (uint8)((KBD_COLPins_DR & KBD_COLPins_MASK) >> KBD_COLPins_SHIFT);
 143              		.loc 1 122 0
 144 0000 024B     		ldr	r3, .L11
 145 0002 1868     		ldr	r0, [r3]
 146 0004 0006     		lsl	r0, r0, #24
 147 0006 000F     		lsr	r0, r0, #28
 123:.\Generated_Source\PSoC4/KBD_COLPins.c **** }
 148              		.loc 1 123 0
 149              		@ sp needed
 150 0008 7047     		bx	lr
 151              	.L12:
 152 000a C046     		.align	2
 153              	.L11:
 154 000c 00030440 		.word	1074004736
 155              		.cfi_endproc
 156              	.LFE3:
 157              		.size	KBD_COLPins_ReadDataReg, .-KBD_COLPins_ReadDataReg
 158              		.section	.text.KBD_COLPins_ClearInterrupt,"ax",%progbits
 159              		.align	2
 160              		.global	KBD_COLPins_ClearInterrupt
 161              		.code	16
 162              		.thumb_func
ARM GAS  C:\Users\744\AppData\Local\Temp\ccrI37G7.s 			page 6


 163              		.type	KBD_COLPins_ClearInterrupt, %function
 164              	KBD_COLPins_ClearInterrupt:
 165              	.LFB4:
 124:.\Generated_Source\PSoC4/KBD_COLPins.c **** 
 125:.\Generated_Source\PSoC4/KBD_COLPins.c **** 
 126:.\Generated_Source\PSoC4/KBD_COLPins.c **** /* If Interrupts Are Enabled for this Pins component */ 
 127:.\Generated_Source\PSoC4/KBD_COLPins.c **** #if defined(KBD_COLPins_INTSTAT) 
 128:.\Generated_Source\PSoC4/KBD_COLPins.c **** 
 129:.\Generated_Source\PSoC4/KBD_COLPins.c ****     /*******************************************************************************
 130:.\Generated_Source\PSoC4/KBD_COLPins.c ****     * Function Name: KBD_COLPins_ClearInterrupt
 131:.\Generated_Source\PSoC4/KBD_COLPins.c ****     ********************************************************************************
 132:.\Generated_Source\PSoC4/KBD_COLPins.c ****     *
 133:.\Generated_Source\PSoC4/KBD_COLPins.c ****     * Summary:
 134:.\Generated_Source\PSoC4/KBD_COLPins.c ****     *  Clears any active interrupts attached to port and returns the value of the 
 135:.\Generated_Source\PSoC4/KBD_COLPins.c ****     *  interrupt status register.
 136:.\Generated_Source\PSoC4/KBD_COLPins.c ****     *
 137:.\Generated_Source\PSoC4/KBD_COLPins.c ****     * Parameters:  
 138:.\Generated_Source\PSoC4/KBD_COLPins.c ****     *  None 
 139:.\Generated_Source\PSoC4/KBD_COLPins.c ****     *
 140:.\Generated_Source\PSoC4/KBD_COLPins.c ****     * Return: 
 141:.\Generated_Source\PSoC4/KBD_COLPins.c ****     *  Returns the value of the interrupt status register
 142:.\Generated_Source\PSoC4/KBD_COLPins.c ****     *  
 143:.\Generated_Source\PSoC4/KBD_COLPins.c ****     *******************************************************************************/
 144:.\Generated_Source\PSoC4/KBD_COLPins.c ****     uint8 KBD_COLPins_ClearInterrupt(void) 
 145:.\Generated_Source\PSoC4/KBD_COLPins.c ****     {
 166              		.loc 1 145 0
 167              		.cfi_startproc
 146:.\Generated_Source\PSoC4/KBD_COLPins.c **** 		uint8 maskedStatus = (uint8)(KBD_COLPins_INTSTAT & KBD_COLPins_MASK);
 168              		.loc 1 146 0
 169 0000 034A     		ldr	r2, .L14
 170 0002 1068     		ldr	r0, [r2]
 171 0004 F023     		mov	r3, #240
 172 0006 1840     		and	r0, r3
 173              	.LVL6:
 147:.\Generated_Source\PSoC4/KBD_COLPins.c **** 		KBD_COLPins_INTSTAT = maskedStatus;
 174              		.loc 1 147 0
 175 0008 1060     		str	r0, [r2]
 148:.\Generated_Source\PSoC4/KBD_COLPins.c ****         return maskedStatus >> KBD_COLPins_SHIFT;
 176              		.loc 1 148 0
 177 000a 0009     		lsr	r0, r0, #4
 178              	.LVL7:
 149:.\Generated_Source\PSoC4/KBD_COLPins.c ****     }
 179              		.loc 1 149 0
 180              		@ sp needed
 181 000c 7047     		bx	lr
 182              	.L15:
 183 000e C046     		.align	2
 184              	.L14:
 185 0010 10030440 		.word	1074004752
 186              		.cfi_endproc
 187              	.LFE4:
 188              		.size	KBD_COLPins_ClearInterrupt, .-KBD_COLPins_ClearInterrupt
 189              		.text
 190              	.Letext0:
 191              		.file 2 ".\\Generated_Source\\PSoC4\\cytypes.h"
 192              		.section	.debug_info,"",%progbits
 193              	.Ldebug_info0:
ARM GAS  C:\Users\744\AppData\Local\Temp\ccrI37G7.s 			page 7


 194 0000 4C010000 		.4byte	0x14c
 195 0004 0400     		.2byte	0x4
 196 0006 00000000 		.4byte	.Ldebug_abbrev0
 197 000a 04       		.byte	0x4
 198 000b 01       		.uleb128 0x1
 199 000c 57010000 		.4byte	.LASF24
 200 0010 01       		.byte	0x1
 201 0011 2B010000 		.4byte	.LASF25
 202 0015 06000000 		.4byte	.LASF26
 203 0019 00000000 		.4byte	.Ldebug_ranges0+0
 204 001d 00000000 		.4byte	0
 205 0021 00000000 		.4byte	.Ldebug_line0
 206 0025 02       		.uleb128 0x2
 207 0026 01       		.byte	0x1
 208 0027 06       		.byte	0x6
 209 0028 19020000 		.4byte	.LASF0
 210 002c 02       		.uleb128 0x2
 211 002d 01       		.byte	0x1
 212 002e 08       		.byte	0x8
 213 002f 95000000 		.4byte	.LASF1
 214 0033 02       		.uleb128 0x2
 215 0034 02       		.byte	0x2
 216 0035 05       		.byte	0x5
 217 0036 E5010000 		.4byte	.LASF2
 218 003a 02       		.uleb128 0x2
 219 003b 02       		.byte	0x2
 220 003c 07       		.byte	0x7
 221 003d BB000000 		.4byte	.LASF3
 222 0041 02       		.uleb128 0x2
 223 0042 04       		.byte	0x4
 224 0043 05       		.byte	0x5
 225 0044 F5010000 		.4byte	.LASF4
 226 0048 02       		.uleb128 0x2
 227 0049 04       		.byte	0x4
 228 004a 07       		.byte	0x7
 229 004b A9000000 		.4byte	.LASF5
 230 004f 02       		.uleb128 0x2
 231 0050 08       		.byte	0x8
 232 0051 05       		.byte	0x5
 233 0052 1D010000 		.4byte	.LASF6
 234 0056 02       		.uleb128 0x2
 235 0057 08       		.byte	0x8
 236 0058 07       		.byte	0x7
 237 0059 01010000 		.4byte	.LASF7
 238 005d 03       		.uleb128 0x3
 239 005e 04       		.byte	0x4
 240 005f 05       		.byte	0x5
 241 0060 696E7400 		.ascii	"int\000"
 242 0064 02       		.uleb128 0x2
 243 0065 04       		.byte	0x4
 244 0066 07       		.byte	0x7
 245 0067 F4000000 		.4byte	.LASF8
 246 006b 04       		.uleb128 0x4
 247 006c EF010000 		.4byte	.LASF9
 248 0070 02       		.byte	0x2
 249 0071 C2       		.byte	0xc2
 250 0072 2C000000 		.4byte	0x2c
ARM GAS  C:\Users\744\AppData\Local\Temp\ccrI37G7.s 			page 8


 251 0076 04       		.uleb128 0x4
 252 0077 ED000000 		.4byte	.LASF10
 253 007b 02       		.byte	0x2
 254 007c C4       		.byte	0xc4
 255 007d 48000000 		.4byte	0x48
 256 0081 02       		.uleb128 0x2
 257 0082 04       		.byte	0x4
 258 0083 04       		.byte	0x4
 259 0084 8F000000 		.4byte	.LASF11
 260 0088 02       		.uleb128 0x2
 261 0089 08       		.byte	0x8
 262 008a 04       		.byte	0x4
 263 008b E6000000 		.4byte	.LASF12
 264 008f 02       		.uleb128 0x2
 265 0090 01       		.byte	0x1
 266 0091 08       		.byte	0x8
 267 0092 52010000 		.4byte	.LASF13
 268 0096 05       		.uleb128 0x5
 269 0097 00000000 		.4byte	.LASF14
 270 009b 02       		.byte	0x2
 271 009c 6E01     		.2byte	0x16e
 272 009e A2000000 		.4byte	0xa2
 273 00a2 06       		.uleb128 0x6
 274 00a3 76000000 		.4byte	0x76
 275 00a7 07       		.uleb128 0x7
 276 00a8 6C000000 		.4byte	.LASF15
 277 00ac 01       		.byte	0x1
 278 00ad 2A       		.byte	0x2a
 279 00ae 00000000 		.4byte	.LFB0
 280 00b2 18000000 		.4byte	.LFE0-.LFB0
 281 00b6 01       		.uleb128 0x1
 282 00b7 9C       		.byte	0x9c
 283 00b8 DB000000 		.4byte	0xdb
 284 00bc 08       		.uleb128 0x8
 285 00bd 4D000000 		.4byte	.LASF17
 286 00c1 01       		.byte	0x1
 287 00c2 2A       		.byte	0x2a
 288 00c3 6B000000 		.4byte	0x6b
 289 00c7 00000000 		.4byte	.LLST0
 290 00cb 09       		.uleb128 0x9
 291 00cc A3000000 		.4byte	.LASF22
 292 00d0 01       		.byte	0x1
 293 00d1 2C       		.byte	0x2c
 294 00d2 6B000000 		.4byte	0x6b
 295 00d6 21000000 		.4byte	.LLST1
 296 00da 00       		.byte	0
 297 00db 07       		.uleb128 0x7
 298 00dc 53000000 		.4byte	.LASF16
 299 00e0 01       		.byte	0x1
 300 00e1 49       		.byte	0x49
 301 00e2 00000000 		.4byte	.LFB1
 302 00e6 48000000 		.4byte	.LFE1-.LFB1
 303 00ea 01       		.uleb128 0x1
 304 00eb 9C       		.byte	0x9c
 305 00ec 00010000 		.4byte	0x100
 306 00f0 08       		.uleb128 0x8
 307 00f1 18010000 		.4byte	.LASF18
ARM GAS  C:\Users\744\AppData\Local\Temp\ccrI37G7.s 			page 9


 308 00f5 01       		.byte	0x1
 309 00f6 49       		.byte	0x49
 310 00f7 6B000000 		.4byte	0x6b
 311 00fb 3F000000 		.4byte	.LLST2
 312 00ff 00       		.byte	0
 313 0100 0A       		.uleb128 0xa
 314 0101 7E000000 		.4byte	.LASF19
 315 0105 01       		.byte	0x1
 316 0106 64       		.byte	0x64
 317 0107 6B000000 		.4byte	0x6b
 318 010b 00000000 		.4byte	.LFB2
 319 010f 10000000 		.4byte	.LFE2-.LFB2
 320 0113 01       		.uleb128 0x1
 321 0114 9C       		.byte	0x9c
 322 0115 0A       		.uleb128 0xa
 323 0116 CE000000 		.4byte	.LASF20
 324 011a 01       		.byte	0x1
 325 011b 78       		.byte	0x78
 326 011c 6B000000 		.4byte	0x6b
 327 0120 00000000 		.4byte	.LFB3
 328 0124 10000000 		.4byte	.LFE3-.LFB3
 329 0128 01       		.uleb128 0x1
 330 0129 9C       		.byte	0x9c
 331 012a 0B       		.uleb128 0xb
 332 012b FE010000 		.4byte	.LASF21
 333 012f 01       		.byte	0x1
 334 0130 90       		.byte	0x90
 335 0131 6B000000 		.4byte	0x6b
 336 0135 00000000 		.4byte	.LFB4
 337 0139 14000000 		.4byte	.LFE4-.LFB4
 338 013d 01       		.uleb128 0x1
 339 013e 9C       		.byte	0x9c
 340 013f 09       		.uleb128 0x9
 341 0140 40000000 		.4byte	.LASF23
 342 0144 01       		.byte	0x1
 343 0145 92       		.byte	0x92
 344 0146 6B000000 		.4byte	0x6b
 345 014a 60000000 		.4byte	.LLST3
 346 014e 00       		.byte	0
 347 014f 00       		.byte	0
 348              		.section	.debug_abbrev,"",%progbits
 349              	.Ldebug_abbrev0:
 350 0000 01       		.uleb128 0x1
 351 0001 11       		.uleb128 0x11
 352 0002 01       		.byte	0x1
 353 0003 25       		.uleb128 0x25
 354 0004 0E       		.uleb128 0xe
 355 0005 13       		.uleb128 0x13
 356 0006 0B       		.uleb128 0xb
 357 0007 03       		.uleb128 0x3
 358 0008 0E       		.uleb128 0xe
 359 0009 1B       		.uleb128 0x1b
 360 000a 0E       		.uleb128 0xe
 361 000b 55       		.uleb128 0x55
 362 000c 17       		.uleb128 0x17
 363 000d 11       		.uleb128 0x11
 364 000e 01       		.uleb128 0x1
ARM GAS  C:\Users\744\AppData\Local\Temp\ccrI37G7.s 			page 10


 365 000f 10       		.uleb128 0x10
 366 0010 17       		.uleb128 0x17
 367 0011 00       		.byte	0
 368 0012 00       		.byte	0
 369 0013 02       		.uleb128 0x2
 370 0014 24       		.uleb128 0x24
 371 0015 00       		.byte	0
 372 0016 0B       		.uleb128 0xb
 373 0017 0B       		.uleb128 0xb
 374 0018 3E       		.uleb128 0x3e
 375 0019 0B       		.uleb128 0xb
 376 001a 03       		.uleb128 0x3
 377 001b 0E       		.uleb128 0xe
 378 001c 00       		.byte	0
 379 001d 00       		.byte	0
 380 001e 03       		.uleb128 0x3
 381 001f 24       		.uleb128 0x24
 382 0020 00       		.byte	0
 383 0021 0B       		.uleb128 0xb
 384 0022 0B       		.uleb128 0xb
 385 0023 3E       		.uleb128 0x3e
 386 0024 0B       		.uleb128 0xb
 387 0025 03       		.uleb128 0x3
 388 0026 08       		.uleb128 0x8
 389 0027 00       		.byte	0
 390 0028 00       		.byte	0
 391 0029 04       		.uleb128 0x4
 392 002a 16       		.uleb128 0x16
 393 002b 00       		.byte	0
 394 002c 03       		.uleb128 0x3
 395 002d 0E       		.uleb128 0xe
 396 002e 3A       		.uleb128 0x3a
 397 002f 0B       		.uleb128 0xb
 398 0030 3B       		.uleb128 0x3b
 399 0031 0B       		.uleb128 0xb
 400 0032 49       		.uleb128 0x49
 401 0033 13       		.uleb128 0x13
 402 0034 00       		.byte	0
 403 0035 00       		.byte	0
 404 0036 05       		.uleb128 0x5
 405 0037 16       		.uleb128 0x16
 406 0038 00       		.byte	0
 407 0039 03       		.uleb128 0x3
 408 003a 0E       		.uleb128 0xe
 409 003b 3A       		.uleb128 0x3a
 410 003c 0B       		.uleb128 0xb
 411 003d 3B       		.uleb128 0x3b
 412 003e 05       		.uleb128 0x5
 413 003f 49       		.uleb128 0x49
 414 0040 13       		.uleb128 0x13
 415 0041 00       		.byte	0
 416 0042 00       		.byte	0
 417 0043 06       		.uleb128 0x6
 418 0044 35       		.uleb128 0x35
 419 0045 00       		.byte	0
 420 0046 49       		.uleb128 0x49
 421 0047 13       		.uleb128 0x13
ARM GAS  C:\Users\744\AppData\Local\Temp\ccrI37G7.s 			page 11


 422 0048 00       		.byte	0
 423 0049 00       		.byte	0
 424 004a 07       		.uleb128 0x7
 425 004b 2E       		.uleb128 0x2e
 426 004c 01       		.byte	0x1
 427 004d 3F       		.uleb128 0x3f
 428 004e 19       		.uleb128 0x19
 429 004f 03       		.uleb128 0x3
 430 0050 0E       		.uleb128 0xe
 431 0051 3A       		.uleb128 0x3a
 432 0052 0B       		.uleb128 0xb
 433 0053 3B       		.uleb128 0x3b
 434 0054 0B       		.uleb128 0xb
 435 0055 27       		.uleb128 0x27
 436 0056 19       		.uleb128 0x19
 437 0057 11       		.uleb128 0x11
 438 0058 01       		.uleb128 0x1
 439 0059 12       		.uleb128 0x12
 440 005a 06       		.uleb128 0x6
 441 005b 40       		.uleb128 0x40
 442 005c 18       		.uleb128 0x18
 443 005d 9742     		.uleb128 0x2117
 444 005f 19       		.uleb128 0x19
 445 0060 01       		.uleb128 0x1
 446 0061 13       		.uleb128 0x13
 447 0062 00       		.byte	0
 448 0063 00       		.byte	0
 449 0064 08       		.uleb128 0x8
 450 0065 05       		.uleb128 0x5
 451 0066 00       		.byte	0
 452 0067 03       		.uleb128 0x3
 453 0068 0E       		.uleb128 0xe
 454 0069 3A       		.uleb128 0x3a
 455 006a 0B       		.uleb128 0xb
 456 006b 3B       		.uleb128 0x3b
 457 006c 0B       		.uleb128 0xb
 458 006d 49       		.uleb128 0x49
 459 006e 13       		.uleb128 0x13
 460 006f 02       		.uleb128 0x2
 461 0070 17       		.uleb128 0x17
 462 0071 00       		.byte	0
 463 0072 00       		.byte	0
 464 0073 09       		.uleb128 0x9
 465 0074 34       		.uleb128 0x34
 466 0075 00       		.byte	0
 467 0076 03       		.uleb128 0x3
 468 0077 0E       		.uleb128 0xe
 469 0078 3A       		.uleb128 0x3a
 470 0079 0B       		.uleb128 0xb
 471 007a 3B       		.uleb128 0x3b
 472 007b 0B       		.uleb128 0xb
 473 007c 49       		.uleb128 0x49
 474 007d 13       		.uleb128 0x13
 475 007e 02       		.uleb128 0x2
 476 007f 17       		.uleb128 0x17
 477 0080 00       		.byte	0
 478 0081 00       		.byte	0
ARM GAS  C:\Users\744\AppData\Local\Temp\ccrI37G7.s 			page 12


 479 0082 0A       		.uleb128 0xa
 480 0083 2E       		.uleb128 0x2e
 481 0084 00       		.byte	0
 482 0085 3F       		.uleb128 0x3f
 483 0086 19       		.uleb128 0x19
 484 0087 03       		.uleb128 0x3
 485 0088 0E       		.uleb128 0xe
 486 0089 3A       		.uleb128 0x3a
 487 008a 0B       		.uleb128 0xb
 488 008b 3B       		.uleb128 0x3b
 489 008c 0B       		.uleb128 0xb
 490 008d 27       		.uleb128 0x27
 491 008e 19       		.uleb128 0x19
 492 008f 49       		.uleb128 0x49
 493 0090 13       		.uleb128 0x13
 494 0091 11       		.uleb128 0x11
 495 0092 01       		.uleb128 0x1
 496 0093 12       		.uleb128 0x12
 497 0094 06       		.uleb128 0x6
 498 0095 40       		.uleb128 0x40
 499 0096 18       		.uleb128 0x18
 500 0097 9742     		.uleb128 0x2117
 501 0099 19       		.uleb128 0x19
 502 009a 00       		.byte	0
 503 009b 00       		.byte	0
 504 009c 0B       		.uleb128 0xb
 505 009d 2E       		.uleb128 0x2e
 506 009e 01       		.byte	0x1
 507 009f 3F       		.uleb128 0x3f
 508 00a0 19       		.uleb128 0x19
 509 00a1 03       		.uleb128 0x3
 510 00a2 0E       		.uleb128 0xe
 511 00a3 3A       		.uleb128 0x3a
 512 00a4 0B       		.uleb128 0xb
 513 00a5 3B       		.uleb128 0x3b
 514 00a6 0B       		.uleb128 0xb
 515 00a7 27       		.uleb128 0x27
 516 00a8 19       		.uleb128 0x19
 517 00a9 49       		.uleb128 0x49
 518 00aa 13       		.uleb128 0x13
 519 00ab 11       		.uleb128 0x11
 520 00ac 01       		.uleb128 0x1
 521 00ad 12       		.uleb128 0x12
 522 00ae 06       		.uleb128 0x6
 523 00af 40       		.uleb128 0x40
 524 00b0 18       		.uleb128 0x18
 525 00b1 9742     		.uleb128 0x2117
 526 00b3 19       		.uleb128 0x19
 527 00b4 00       		.byte	0
 528 00b5 00       		.byte	0
 529 00b6 00       		.byte	0
 530              		.section	.debug_loc,"",%progbits
 531              	.Ldebug_loc0:
 532              	.LLST0:
 533 0000 00000000 		.4byte	.LVL0
 534 0004 0A000000 		.4byte	.LVL2
 535 0008 0100     		.2byte	0x1
ARM GAS  C:\Users\744\AppData\Local\Temp\ccrI37G7.s 			page 13


 536 000a 50       		.byte	0x50
 537 000b 0A000000 		.4byte	.LVL2
 538 000f 18000000 		.4byte	.LFE0
 539 0013 0400     		.2byte	0x4
 540 0015 F3       		.byte	0xf3
 541 0016 01       		.uleb128 0x1
 542 0017 50       		.byte	0x50
 543 0018 9F       		.byte	0x9f
 544 0019 00000000 		.4byte	0
 545 001d 00000000 		.4byte	0
 546              	.LLST1:
 547 0021 08000000 		.4byte	.LVL1
 548 0025 0E000000 		.4byte	.LVL3
 549 0029 0100     		.2byte	0x1
 550 002b 53       		.byte	0x53
 551 002c 0E000000 		.4byte	.LVL3
 552 0030 18000000 		.4byte	.LFE0
 553 0034 0100     		.2byte	0x1
 554 0036 50       		.byte	0x50
 555 0037 00000000 		.4byte	0
 556 003b 00000000 		.4byte	0
 557              	.LLST2:
 558 003f 00000000 		.4byte	.LVL4
 559 0043 2E000000 		.4byte	.LVL5
 560 0047 0100     		.2byte	0x1
 561 0049 50       		.byte	0x50
 562 004a 2E000000 		.4byte	.LVL5
 563 004e 48000000 		.4byte	.LFE1
 564 0052 0400     		.2byte	0x4
 565 0054 F3       		.byte	0xf3
 566 0055 01       		.uleb128 0x1
 567 0056 50       		.byte	0x50
 568 0057 9F       		.byte	0x9f
 569 0058 00000000 		.4byte	0
 570 005c 00000000 		.4byte	0
 571              	.LLST3:
 572 0060 08000000 		.4byte	.LVL6
 573 0064 0C000000 		.4byte	.LVL7
 574 0068 0100     		.2byte	0x1
 575 006a 50       		.byte	0x50
 576 006b 0C000000 		.4byte	.LVL7
 577 006f 14000000 		.4byte	.LFE4
 578 0073 0400     		.2byte	0x4
 579 0075 72       		.byte	0x72
 580 0076 00       		.sleb128 0
 581 0077 06       		.byte	0x6
 582 0078 9F       		.byte	0x9f
 583 0079 00000000 		.4byte	0
 584 007d 00000000 		.4byte	0
 585              		.section	.debug_aranges,"",%progbits
 586 0000 3C000000 		.4byte	0x3c
 587 0004 0200     		.2byte	0x2
 588 0006 00000000 		.4byte	.Ldebug_info0
 589 000a 04       		.byte	0x4
 590 000b 00       		.byte	0
 591 000c 0000     		.2byte	0
 592 000e 0000     		.2byte	0
ARM GAS  C:\Users\744\AppData\Local\Temp\ccrI37G7.s 			page 14


 593 0010 00000000 		.4byte	.LFB0
 594 0014 18000000 		.4byte	.LFE0-.LFB0
 595 0018 00000000 		.4byte	.LFB1
 596 001c 48000000 		.4byte	.LFE1-.LFB1
 597 0020 00000000 		.4byte	.LFB2
 598 0024 10000000 		.4byte	.LFE2-.LFB2
 599 0028 00000000 		.4byte	.LFB3
 600 002c 10000000 		.4byte	.LFE3-.LFB3
 601 0030 00000000 		.4byte	.LFB4
 602 0034 14000000 		.4byte	.LFE4-.LFB4
 603 0038 00000000 		.4byte	0
 604 003c 00000000 		.4byte	0
 605              		.section	.debug_ranges,"",%progbits
 606              	.Ldebug_ranges0:
 607 0000 00000000 		.4byte	.LFB0
 608 0004 18000000 		.4byte	.LFE0
 609 0008 00000000 		.4byte	.LFB1
 610 000c 48000000 		.4byte	.LFE1
 611 0010 00000000 		.4byte	.LFB2
 612 0014 10000000 		.4byte	.LFE2
 613 0018 00000000 		.4byte	.LFB3
 614 001c 10000000 		.4byte	.LFE3
 615 0020 00000000 		.4byte	.LFB4
 616 0024 14000000 		.4byte	.LFE4
 617 0028 00000000 		.4byte	0
 618 002c 00000000 		.4byte	0
 619              		.section	.debug_line,"",%progbits
 620              	.Ldebug_line0:
 621 0000 B0000000 		.section	.debug_str,"MS",%progbits,1
 621      02004A00 
 621      00000201 
 621      FB0E0D00 
 621      01010101 
 622              	.LASF14:
 623 0000 72656733 		.ascii	"reg32\000"
 623      3200
 624              	.LASF26:
 625 0006 443A5C37 		.ascii	"D:\\744\\psoc\\Calculator\\Calculator_with_float_va"
 625      34345C70 
 625      736F635C 
 625      43616C63 
 625      756C6174 
 626 0035 6C756573 		.ascii	"lues.cydsn\000"
 626      2E637964 
 626      736E00
 627              	.LASF23:
 628 0040 6D61736B 		.ascii	"maskedStatus\000"
 628      65645374 
 628      61747573 
 628      00
 629              	.LASF17:
 630 004d 76616C75 		.ascii	"value\000"
 630      6500
 631              	.LASF16:
 632 0053 4B42445F 		.ascii	"KBD_COLPins_SetDriveMode\000"
 632      434F4C50 
 632      696E735F 
ARM GAS  C:\Users\744\AppData\Local\Temp\ccrI37G7.s 			page 15


 632      53657444 
 632      72697665 
 633              	.LASF15:
 634 006c 4B42445F 		.ascii	"KBD_COLPins_Write\000"
 634      434F4C50 
 634      696E735F 
 634      57726974 
 634      6500
 635              	.LASF19:
 636 007e 4B42445F 		.ascii	"KBD_COLPins_Read\000"
 636      434F4C50 
 636      696E735F 
 636      52656164 
 636      00
 637              	.LASF11:
 638 008f 666C6F61 		.ascii	"float\000"
 638      7400
 639              	.LASF1:
 640 0095 756E7369 		.ascii	"unsigned char\000"
 640      676E6564 
 640      20636861 
 640      7200
 641              	.LASF22:
 642 00a3 64725661 		.ascii	"drVal\000"
 642      6C00
 643              	.LASF5:
 644 00a9 6C6F6E67 		.ascii	"long unsigned int\000"
 644      20756E73 
 644      69676E65 
 644      6420696E 
 644      7400
 645              	.LASF3:
 646 00bb 73686F72 		.ascii	"short unsigned int\000"
 646      7420756E 
 646      7369676E 
 646      65642069 
 646      6E7400
 647              	.LASF20:
 648 00ce 4B42445F 		.ascii	"KBD_COLPins_ReadDataReg\000"
 648      434F4C50 
 648      696E735F 
 648      52656164 
 648      44617461 
 649              	.LASF12:
 650 00e6 646F7562 		.ascii	"double\000"
 650      6C6500
 651              	.LASF10:
 652 00ed 75696E74 		.ascii	"uint32\000"
 652      333200
 653              	.LASF8:
 654 00f4 756E7369 		.ascii	"unsigned int\000"
 654      676E6564 
 654      20696E74 
 654      00
 655              	.LASF7:
 656 0101 6C6F6E67 		.ascii	"long long unsigned int\000"
 656      206C6F6E 
ARM GAS  C:\Users\744\AppData\Local\Temp\ccrI37G7.s 			page 16


 656      6720756E 
 656      7369676E 
 656      65642069 
 657              	.LASF18:
 658 0118 6D6F6465 		.ascii	"mode\000"
 658      00
 659              	.LASF6:
 660 011d 6C6F6E67 		.ascii	"long long int\000"
 660      206C6F6E 
 660      6720696E 
 660      7400
 661              	.LASF25:
 662 012b 2E5C4765 		.ascii	".\\Generated_Source\\PSoC4\\KBD_COLPins.c\000"
 662      6E657261 
 662      7465645F 
 662      536F7572 
 662      63655C50 
 663              	.LASF13:
 664 0152 63686172 		.ascii	"char\000"
 664      00
 665              	.LASF24:
 666 0157 474E5520 		.ascii	"GNU C 4.9.3 20150303 (release) [ARM/embedded-4_9-br"
 666      4320342E 
 666      392E3320 
 666      32303135 
 666      30333033 
 667 018a 616E6368 		.ascii	"anch revision 221220] -mcpu=cortex-m0 -mthumb -g -O"
 667      20726576 
 667      6973696F 
 667      6E203232 
 667      31323230 
 668 01bd 67202D66 		.ascii	"g -ffunction-sections -ffat-lto-objects\000"
 668      66756E63 
 668      74696F6E 
 668      2D736563 
 668      74696F6E 
 669              	.LASF2:
 670 01e5 73686F72 		.ascii	"short int\000"
 670      7420696E 
 670      7400
 671              	.LASF9:
 672 01ef 75696E74 		.ascii	"uint8\000"
 672      3800
 673              	.LASF4:
 674 01f5 6C6F6E67 		.ascii	"long int\000"
 674      20696E74 
 674      00
 675              	.LASF21:
 676 01fe 4B42445F 		.ascii	"KBD_COLPins_ClearInterrupt\000"
 676      434F4C50 
 676      696E735F 
 676      436C6561 
 676      72496E74 
 677              	.LASF0:
 678 0219 7369676E 		.ascii	"signed char\000"
 678      65642063 
 678      68617200 
ARM GAS  C:\Users\744\AppData\Local\Temp\ccrI37G7.s 			page 17


 679              		.ident	"GCC: (GNU Tools for ARM Embedded Processors) 4.9.3 20150303 (release) [ARM/embedded-4_9-br
