ARM GAS  C:\Users\744\AppData\Local\Temp\ccwItKN1.s 			page 1


   1              		.cpu cortex-m0
   2              		.fpu softvfp
   3              		.eabi_attribute 20, 1
   4              		.eabi_attribute 21, 1
   5              		.eabi_attribute 23, 3
   6              		.eabi_attribute 24, 1
   7              		.eabi_attribute 25, 1
   8              		.eabi_attribute 26, 1
   9              		.eabi_attribute 30, 1
  10              		.eabi_attribute 34, 0
  11              		.eabi_attribute 18, 4
  12              		.code	16
  13              		.file	"Keyboard.c"
  14              		.text
  15              	.Ltext0:
  16              		.cfi_sections	.debug_frame
  17              		.section	.text.Keyboard_Init,"ax",%progbits
  18              		.align	2
  19              		.global	Keyboard_Init
  20              		.code	16
  21              		.thumb_func
  22              		.type	Keyboard_Init, %function
  23              	Keyboard_Init:
  24              	.LFB33:
  25              		.file 1 ".\\Keyboard.c"
   1:.\Keyboard.c  **** /********************************************************************************/
   2:.\Keyboard.c  **** /*																				*/
   3:.\Keyboard.c  **** /*    FILENAME:		C:\Cypress PSoC\Tastatur\Tastatur.cydsn\Keyboard.c			*/
   4:.\Keyboard.c  **** /*    VERSION:  	1.0															*/
   5:.\Keyboard.c  **** /*    Date:			October 2011												*/
   6:.\Keyboard.c  **** /*																				*/
   7:.\Keyboard.c  **** /*	(C) 2011 Jörg Meier Software - Entwicklung									*/
   8:.\Keyboard.c  **** /*	Steinfelder Str. 11 27404 Brümmerhof										*/
   9:.\Keyboard.c  **** /*	All rights resereved														*/
  10:.\Keyboard.c  **** /********************************************************************************/
  11:.\Keyboard.c  **** /*																				*/
  12:.\Keyboard.c  **** /*	De-Bouncing of a Keyboard, Buffering, Key-Repeating							*/
  13:.\Keyboard.c  **** /*																				*/
  14:.\Keyboard.c  **** /*	Given to Cypress Community/Developer Forum December 1st 2011				*/
  15:.\Keyboard.c  **** /*	Just as-it-is, no Warranty, use on own risk.								*/
  16:.\Keyboard.c  **** /********************************************************************************/
  17:.\Keyboard.c  **** /*																				*/
  18:.\Keyboard.c  **** /*	Timer to call Debounce_Switches is called at a rate of 2.5ms				*/
  19:.\Keyboard.c  **** /*																				*/
  20:.\Keyboard.c  **** /********************************************************************************/
  21:.\Keyboard.c  **** #include <device.h>
  22:.\Keyboard.c  **** #define TIMER_INTERVAL 5	//5 ms
  23:.\Keyboard.c  **** #define MAX_CHECKS 10 		// Number of Samples Before Key is De-bounced
  24:.\Keyboard.c  **** #define REPEAT_RATE (200/TIMER_INTERVAL)	// 400 ms Key Repeat Rate
  25:.\Keyboard.c  **** #define INITIAL_DELAY (600/TIMER_INTERVAL - REPEAT_RATE) // 600 ms Wait-Time Before Key first Repea
  26:.\Keyboard.c  **** /********************************************************************************/
  27:.\Keyboard.c  **** //#define Debug	//Test purposes													*/
  28:.\Keyboard.c  **** /********************************************************************************/
  29:.\Keyboard.c  **** 
  30:.\Keyboard.c  **** CY_ISR_PROTO(Key_Debounce);
  31:.\Keyboard.c  **** 
  32:.\Keyboard.c  **** 
ARM GAS  C:\Users\744\AppData\Local\Temp\ccwItKN1.s 			page 2


  33:.\Keyboard.c  **** uint8 Debounced_Key = 0; // Last Debounced Key
  34:.\Keyboard.c  **** 
  35:.\Keyboard.c  **** /********** Key Buffer **********************/
  36:.\Keyboard.c  **** #define KEYBUFFSIZE 10	// Number of Keypresses to buffer
  37:.\Keyboard.c  **** /********************************************/
  38:.\Keyboard.c  **** uint8 KBD_WriteIndex = 0;					
  39:.\Keyboard.c  **** uint8 KBD_ReadIndex = 0;
  40:.\Keyboard.c  **** char8 KBD_Buffer[KEYBUFFSIZE];
  41:.\Keyboard.c  **** /********************************************/
  42:.\Keyboard.c  **** 
  43:.\Keyboard.c  **** //********** Definition of the Keyboard Matrix ************//
  44:.\Keyboard.c  **** #define KEYROWS 4
  45:.\Keyboard.c  **** #define KEYCOLS	4
  46:.\Keyboard.c  **** #define KEYRWIDTH 2		// Number of bits to encode KEYROWS-1
  47:.\Keyboard.c  **** #define KEYCWIDTH 2		// Number of bits to encode KEYCOLS-1
  48:.\Keyboard.c  **** // Resulting bit pattern is 0000CCRR with a max value of 0b0000 1011 = 0x0b +1 = 0x0c = 12
  49:.\Keyboard.c  **** //********** End of Matrix Definition *********************//
  50:.\Keyboard.c  **** #define MAXKEYVALUE (((KEYCOLS-1) | ((KEYROWS -1) << KEYCWIDTH)))+1
  51:.\Keyboard.c  **** #define KEYROWMASK ((1 << KEYROWS)-1)
  52:.\Keyboard.c  **** #define KEYCOLMASK ((1 << KEYCOLS)-1)
  53:.\Keyboard.c  **** 
  54:.\Keyboard.c  **** CYCODE const char8 TranslateTable[MAXKEYVALUE] = {
  55:.\Keyboard.c  **** 					'1','2','3','+',
  56:.\Keyboard.c  ****                     '4','5','6','-',
  57:.\Keyboard.c  **** 					'7','8','9','*',
  58:.\Keyboard.c  **** 					'.','0','=','/'
  59:.\Keyboard.c  **** 												 };
  60:.\Keyboard.c  **** 								 
  61:.\Keyboard.c  **** void Keyboard_Init(void)
  62:.\Keyboard.c  **** {
  26              		.loc 1 62 0
  27              		.cfi_startproc
  28 0000 08B5     		push	{r3, lr}
  29              		.cfi_def_cfa_offset 8
  30              		.cfi_offset 3, -8
  31              		.cfi_offset 14, -4
  63:.\Keyboard.c  **** 	Debounce_Int_StartEx(Key_Debounce);
  32              		.loc 1 63 0
  33 0002 0348     		ldr	r0, .L2
  34 0004 FFF7FEFF 		bl	Debounce_Int_StartEx
  35              	.LVL0:
  64:.\Keyboard.c  **** 	Debounce_Timer_Start();
  36              		.loc 1 64 0
  37 0008 FFF7FEFF 		bl	Debounce_Timer_Start
  38              	.LVL1:
  65:.\Keyboard.c  **** }
  39              		.loc 1 65 0
  40              		@ sp needed
  41 000c 08BD     		pop	{r3, pc}
  42              	.L3:
  43 000e C046     		.align	2
  44              	.L2:
  45 0010 00000000 		.word	Key_Debounce
  46              		.cfi_endproc
  47              	.LFE33:
  48              		.size	Keyboard_Init, .-Keyboard_Init
  49              		.section	.text.Put_KBD_Char,"ax",%progbits
ARM GAS  C:\Users\744\AppData\Local\Temp\ccwItKN1.s 			page 3


  50              		.align	2
  51              		.global	Put_KBD_Char
  52              		.code	16
  53              		.thumb_func
  54              		.type	Put_KBD_Char, %function
  55              	Put_KBD_Char:
  56              	.LFB34:
  66:.\Keyboard.c  **** 
  67:.\Keyboard.c  **** void Put_KBD_Char(char8 Ch)
  68:.\Keyboard.c  **** {
  57              		.loc 1 68 0
  58              		.cfi_startproc
  59              	.LVL2:
  69:.\Keyboard.c  **** 	KBD_Buffer[KBD_WriteIndex++] = TranslateTable[Ch-1];
  60              		.loc 1 69 0
  61 0000 0749     		ldr	r1, .L6
  62 0002 0A78     		ldrb	r2, [r1]
  63 0004 531C     		add	r3, r2, #1
  64 0006 DBB2     		uxtb	r3, r3
  65 0008 0B70     		strb	r3, [r1]
  66 000a 0138     		sub	r0, r0, #1
  67              	.LVL3:
  68 000c 0549     		ldr	r1, .L6+4
  69 000e 085C     		ldrb	r0, [r1, r0]
  70 0010 0549     		ldr	r1, .L6+8
  71 0012 8854     		strb	r0, [r1, r2]
  70:.\Keyboard.c  **** 	if (KBD_WriteIndex >= KEYBUFFSIZE) KBD_WriteIndex = 0;
  72              		.loc 1 70 0
  73 0014 092B     		cmp	r3, #9
  74 0016 02D9     		bls	.L4
  75              		.loc 1 70 0 is_stmt 0 discriminator 1
  76 0018 0022     		mov	r2, #0
  77 001a 014B     		ldr	r3, .L6
  78 001c 1A70     		strb	r2, [r3]
  79              	.L4:
  71:.\Keyboard.c  **** }
  80              		.loc 1 71 0 is_stmt 1
  81              		@ sp needed
  82 001e 7047     		bx	lr
  83              	.L7:
  84              		.align	2
  85              	.L6:
  86 0020 00000000 		.word	.LANCHOR0
  87 0024 00000000 		.word	.LANCHOR1
  88 0028 00000000 		.word	KBD_Buffer
  89              		.cfi_endproc
  90              	.LFE34:
  91              		.size	Put_KBD_Char, .-Put_KBD_Char
  92              		.section	.text.KBD_Char_Ready,"ax",%progbits
  93              		.align	2
  94              		.global	KBD_Char_Ready
  95              		.code	16
  96              		.thumb_func
  97              		.type	KBD_Char_Ready, %function
  98              	KBD_Char_Ready:
  99              	.LFB35:
  72:.\Keyboard.c  **** 
ARM GAS  C:\Users\744\AppData\Local\Temp\ccwItKN1.s 			page 4


  73:.\Keyboard.c  **** char8 KBD_Char_Ready(void)
  74:.\Keyboard.c  **** {
 100              		.loc 1 74 0
 101              		.cfi_startproc
  75:.\Keyboard.c  **** 	return (KBD_WriteIndex != KBD_ReadIndex);
 102              		.loc 1 75 0
 103 0000 034A     		ldr	r2, .L9
 104 0002 1378     		ldrb	r3, [r2]
 105 0004 5078     		ldrb	r0, [r2, #1]
 106 0006 181A     		sub	r0, r3, r0
 107 0008 431E     		sub	r3, r0, #1
 108 000a 9841     		sbc	r0, r0, r3
 109 000c C0B2     		uxtb	r0, r0
  76:.\Keyboard.c  **** }
 110              		.loc 1 76 0
 111              		@ sp needed
 112 000e 7047     		bx	lr
 113              	.L10:
 114              		.align	2
 115              	.L9:
 116 0010 00000000 		.word	.LANCHOR0
 117              		.cfi_endproc
 118              	.LFE35:
 119              		.size	KBD_Char_Ready, .-KBD_Char_Ready
 120              		.section	.text.Get_KBD_Char,"ax",%progbits
 121              		.align	2
 122              		.global	Get_KBD_Char
 123              		.code	16
 124              		.thumb_func
 125              		.type	Get_KBD_Char, %function
 126              	Get_KBD_Char:
 127              	.LFB36:
  77:.\Keyboard.c  **** 
  78:.\Keyboard.c  **** char8 Get_KBD_Char(void)
  79:.\Keyboard.c  **** {
 128              		.loc 1 79 0
 129              		.cfi_startproc
 130 0000 08B5     		push	{r3, lr}
 131              		.cfi_def_cfa_offset 8
 132              		.cfi_offset 3, -8
 133              		.cfi_offset 14, -4
 134              	.L12:
  80:.\Keyboard.c  **** char8 Result;
  81:.\Keyboard.c  **** 	while (!KBD_Char_Ready());
 135              		.loc 1 81 0 discriminator 1
 136 0002 FFF7FEFF 		bl	KBD_Char_Ready
 137              	.LVL4:
 138 0006 0028     		cmp	r0, #0
 139 0008 FBD0     		beq	.L12
  82:.\Keyboard.c  **** 	Result = KBD_Buffer[KBD_ReadIndex++];
 140              		.loc 1 82 0
 141 000a 0649     		ldr	r1, .L14
 142 000c 4A78     		ldrb	r2, [r1, #1]
 143 000e 531C     		add	r3, r2, #1
 144 0010 DBB2     		uxtb	r3, r3
 145 0012 4B70     		strb	r3, [r1, #1]
 146 0014 0449     		ldr	r1, .L14+4
ARM GAS  C:\Users\744\AppData\Local\Temp\ccwItKN1.s 			page 5


 147 0016 885C     		ldrb	r0, [r1, r2]
 148              	.LVL5:
  83:.\Keyboard.c  **** 	if (KBD_ReadIndex >= KEYBUFFSIZE) KBD_ReadIndex = 0;
 149              		.loc 1 83 0
 150 0018 092B     		cmp	r3, #9
 151 001a 02D9     		bls	.L13
 152              		.loc 1 83 0 is_stmt 0 discriminator 1
 153 001c 0022     		mov	r2, #0
 154 001e 014B     		ldr	r3, .L14
 155 0020 5A70     		strb	r2, [r3, #1]
 156              	.L13:
  84:.\Keyboard.c  **** 	return Result;
  85:.\Keyboard.c  **** }
 157              		.loc 1 85 0 is_stmt 1
 158              		@ sp needed
 159 0022 08BD     		pop	{r3, pc}
 160              	.L15:
 161              		.align	2
 162              	.L14:
 163 0024 00000000 		.word	.LANCHOR0
 164 0028 00000000 		.word	KBD_Buffer
 165              		.cfi_endproc
 166              	.LFE36:
 167              		.size	Get_KBD_Char, .-Get_KBD_Char
 168              		.section	.text.LowestBitPosition,"ax",%progbits
 169              		.align	2
 170              		.global	LowestBitPosition
 171              		.code	16
 172              		.thumb_func
 173              		.type	LowestBitPosition, %function
 174              	LowestBitPosition:
 175              	.LFB37:
  86:.\Keyboard.c  **** 
  87:.\Keyboard.c  **** uint8 LowestBitPosition(uint8 Val)
  88:.\Keyboard.c  **** {
 176              		.loc 1 88 0
 177              		.cfi_startproc
 178              	.LVL6:
  89:.\Keyboard.c  **** uint8 ii;
  90:.\Keyboard.c  **** 	for (ii=0; ii < 8;ii++,Val >>= 1)
 179              		.loc 1 90 0
 180 0000 0023     		mov	r3, #0
 181 0002 06E0     		b	.L17
 182              	.LVL7:
 183              	.L20:
  91:.\Keyboard.c  **** 	{
  92:.\Keyboard.c  **** 		if (Val & 0x01u) return ii;
 184              		.loc 1 92 0
 185 0004 C207     		lsl	r2, r0, #31
 186 0006 01D5     		bpl	.L18
 187              		.loc 1 92 0 is_stmt 0 discriminator 1
 188 0008 181C     		mov	r0, r3
 189              	.LVL8:
 190 000a 05E0     		b	.L19
 191              	.LVL9:
 192              	.L18:
  90:.\Keyboard.c  **** 	{
ARM GAS  C:\Users\744\AppData\Local\Temp\ccwItKN1.s 			page 6


 193              		.loc 1 90 0 is_stmt 1 discriminator 2
 194 000c 0133     		add	r3, r3, #1
 195              	.LVL10:
 196 000e DBB2     		uxtb	r3, r3
 197              	.LVL11:
 198 0010 4008     		lsr	r0, r0, #1
 199              	.LVL12:
 200              	.L17:
  90:.\Keyboard.c  **** 	{
 201              		.loc 1 90 0 is_stmt 0 discriminator 1
 202 0012 072B     		cmp	r3, #7
 203 0014 F6D9     		bls	.L20
  93:.\Keyboard.c  **** 	}
  94:.\Keyboard.c  **** 	return 0xffu;
 204              		.loc 1 94 0 is_stmt 1
 205 0016 FF20     		mov	r0, #255
 206              	.LVL13:
 207              	.L19:
  95:.\Keyboard.c  **** }
 208              		.loc 1 95 0
 209              		@ sp needed
 210 0018 7047     		bx	lr
 211              		.cfi_endproc
 212              	.LFE37:
 213              		.size	LowestBitPosition, .-LowestBitPosition
 214 001a C046     		.section	.text.ReadMatrix,"ax",%progbits
 215              		.align	2
 216              		.global	ReadMatrix
 217              		.code	16
 218              		.thumb_func
 219              		.type	ReadMatrix, %function
 220              	ReadMatrix:
 221              	.LFB38:
  96:.\Keyboard.c  **** 
  97:.\Keyboard.c  **** uint8 ReadMatrix(void) 
  98:.\Keyboard.c  **** {
 222              		.loc 1 98 0
 223              		.cfi_startproc
 224 0000 38B5     		push	{r3, r4, r5, lr}
 225              		.cfi_def_cfa_offset 16
 226              		.cfi_offset 3, -16
 227              		.cfi_offset 4, -12
 228              		.cfi_offset 5, -8
 229              		.cfi_offset 14, -4
  99:.\Keyboard.c  **** char8	Row;
 100:.\Keyboard.c  **** char8	Column;
 101:.\Keyboard.c  **** 	//*** Get Row ***//
 102:.\Keyboard.c  **** 	KBD_ROWPins_Write(KEYROWMASK);
 230              		.loc 1 102 0
 231 0002 0F20     		mov	r0, #15
 232 0004 FFF7FEFF 		bl	KBD_ROWPins_Write
 233              	.LVL14:
 103:.\Keyboard.c  **** 	KBD_COLPins_Write(~KEYCOLMASK);
 234              		.loc 1 103 0
 235 0008 F020     		mov	r0, #240
 236 000a FFF7FEFF 		bl	KBD_COLPins_Write
 237              	.LVL15:
ARM GAS  C:\Users\744\AppData\Local\Temp\ccwItKN1.s 			page 7


 104:.\Keyboard.c  **** 	if ((Row=KBD_ROWPins_Read()) == KEYROWMASK) return 0;
 238              		.loc 1 104 0
 239 000e FFF7FEFF 		bl	KBD_ROWPins_Read
 240              	.LVL16:
 241 0012 041E     		sub	r4, r0, #0
 242              	.LVL17:
 243 0014 0F2C     		cmp	r4, #15
 244 0016 18D0     		beq	.L23
 105:.\Keyboard.c  **** 	//*** Get Column ***//
 106:.\Keyboard.c  **** 	KBD_COLPins_Write(KEYCOLMASK);
 245              		.loc 1 106 0
 246 0018 0F20     		mov	r0, #15
 247              	.LVL18:
 248 001a FFF7FEFF 		bl	KBD_COLPins_Write
 249              	.LVL19:
 107:.\Keyboard.c  **** 	KBD_ROWPins_Write(Row);
 250              		.loc 1 107 0
 251 001e 201C     		mov	r0, r4
 252 0020 FFF7FEFF 		bl	KBD_ROWPins_Write
 253              	.LVL20:
 108:.\Keyboard.c  **** 	if ((Column = KBD_COLPins_Read()) == KEYCOLMASK) return 0;
 254              		.loc 1 108 0
 255 0024 FFF7FEFF 		bl	KBD_COLPins_Read
 256              	.LVL21:
 257 0028 051E     		sub	r5, r0, #0
 258              	.LVL22:
 259 002a 0F2D     		cmp	r5, #15
 260 002c 0FD0     		beq	.L24
 109:.\Keyboard.c  **** 
 110:.\Keyboard.c  **** 	return (LowestBitPosition(~Row) | (LowestBitPosition(~Column) << 2))+1; // max is 0b0000 1011 = 11
 261              		.loc 1 110 0
 262 002e E043     		mvn	r0, r4
 263              	.LVL23:
 264 0030 C0B2     		uxtb	r0, r0
 265 0032 FFF7FEFF 		bl	LowestBitPosition
 266              	.LVL24:
 267 0036 041C     		mov	r4, r0
 268 0038 E843     		mvn	r0, r5
 269 003a C0B2     		uxtb	r0, r0
 270 003c FFF7FEFF 		bl	LowestBitPosition
 271              	.LVL25:
 272 0040 8000     		lsl	r0, r0, #2
 273 0042 2043     		orr	r0, r4
 274 0044 0130     		add	r0, r0, #1
 275 0046 C0B2     		uxtb	r0, r0
 276 0048 02E0     		b	.L22
 277              	.LVL26:
 278              	.L23:
 104:.\Keyboard.c  **** 	//*** Get Column ***//
 279              		.loc 1 104 0
 280 004a 0020     		mov	r0, #0
 281              	.LVL27:
 282 004c 00E0     		b	.L22
 283              	.LVL28:
 284              	.L24:
 108:.\Keyboard.c  **** 	if ((Column = KBD_COLPins_Read()) == KEYCOLMASK) return 0;
 285              		.loc 1 108 0
ARM GAS  C:\Users\744\AppData\Local\Temp\ccwItKN1.s 			page 8


 286 004e 0020     		mov	r0, #0
 287              	.LVL29:
 288              	.L22:
 111:.\Keyboard.c  **** }
 289              		.loc 1 111 0
 290              		@ sp needed
 291 0050 38BD     		pop	{r3, r4, r5, pc}
 292              		.cfi_endproc
 293              	.LFE38:
 294              		.size	ReadMatrix, .-ReadMatrix
 295 0052 C046     		.section	.text.Key_Debounce,"ax",%progbits
 296              		.align	2
 297              		.global	Key_Debounce
 298              		.code	16
 299              		.thumb_func
 300              		.type	Key_Debounce, %function
 301              	Key_Debounce:
 302              	.LFB39:
 112:.\Keyboard.c  **** 
 113:.\Keyboard.c  **** //***********************************************//
 114:.\Keyboard.c  **** //* Service routine called by a timer interrupt	**/
 115:.\Keyboard.c  **** //***********************************************//
 116:.\Keyboard.c  **** void Key_Debounce(void)
 117:.\Keyboard.c  **** {
 303              		.loc 1 117 0
 304              		.cfi_startproc
 305 0000 38B5     		push	{r3, r4, r5, lr}
 306              		.cfi_def_cfa_offset 16
 307              		.cfi_offset 3, -16
 308              		.cfi_offset 4, -12
 309              		.cfi_offset 5, -8
 310              		.cfi_offset 14, -4
 118:.\Keyboard.c  **** static uint8 State[MAX_CHECKS];			// 	Array that maintains bounce status
 119:.\Keyboard.c  **** static uint8 StateIndex = 0;			//	Index into State
 120:.\Keyboard.c  **** static uint8 Key_Pressed_Delay	= 0;	//	Delay for continous pressed Key before first keystroke is ge
 121:.\Keyboard.c  **** static uint8 Key_Generate_Delay	= 0;	//	Delay for generating next Keystroke when key is pressed con
 122:.\Keyboard.c  **** uint8 ii;								//	used as a loop-index
 123:.\Keyboard.c  **** uint8 NewKey;							//	New key pressed /released state
 124:.\Keyboard.c  **** 
 125:.\Keyboard.c  **** 	Debounce_Timer_ReadStatusRegister();		// Clear Interrupt source
 311              		.loc 1 125 0
 312 0002 FFF7FEFF 		bl	Debounce_Timer_ReadStatusRegister
 313              	.LVL30:
 126:.\Keyboard.c  **** 	State[StateIndex++] = ReadMatrix();			
 314              		.loc 1 126 0
 315 0006 284C     		ldr	r4, .L35
 316 0008 A578     		ldrb	r5, [r4, #2]
 317 000a 6B1C     		add	r3, r5, #1
 318 000c A370     		strb	r3, [r4, #2]
 319 000e FFF7FEFF 		bl	ReadMatrix
 320              	.LVL31:
 321 0012 6519     		add	r5, r4, r5
 322 0014 2871     		strb	r0, [r5, #4]
 127:.\Keyboard.c  **** 	if(StateIndex >= MAX_CHECKS)StateIndex = 0;	// Wrap around
 323              		.loc 1 127 0
 324 0016 A378     		ldrb	r3, [r4, #2]
 325 0018 092B     		cmp	r3, #9
ARM GAS  C:\Users\744\AppData\Local\Temp\ccwItKN1.s 			page 9


 326 001a 02D9     		bls	.L26
 327              		.loc 1 127 0 is_stmt 0 discriminator 1
 328 001c 0022     		mov	r2, #0
 329 001e 224B     		ldr	r3, .L35
 330 0020 9A70     		strb	r2, [r3, #2]
 331              	.L26:
 332              	.LVL32:
 128:.\Keyboard.c  **** 
 129:.\Keyboard.c  **** 	for(ii=0,NewKey=0xff; ii<MAX_CHECKS;NewKey &= State[ii++]);
 333              		.loc 1 129 0 is_stmt 1
 334 0022 FF24     		mov	r4, #255
 335 0024 0023     		mov	r3, #0
 336 0026 05E0     		b	.L27
 337              	.LVL33:
 338              	.L28:
 339              		.loc 1 129 0 is_stmt 0 discriminator 3
 340 0028 5A1C     		add	r2, r3, #1
 341              	.LVL34:
 342 002a 1F49     		ldr	r1, .L35
 343 002c CB18     		add	r3, r1, r3
 344 002e 1B79     		ldrb	r3, [r3, #4]
 345 0030 1C40     		and	r4, r3
 346              	.LVL35:
 347 0032 D3B2     		uxtb	r3, r2
 348              	.LVL36:
 349              	.L27:
 350              		.loc 1 129 0 discriminator 1
 351 0034 092B     		cmp	r3, #9
 352 0036 F7D9     		bls	.L28
 130:.\Keyboard.c  **** 
 131:.\Keyboard.c  **** /***** NewKey is new, Debounced_Key is old *****/
 132:.\Keyboard.c  **** /*	new old 									*/
 133:.\Keyboard.c  **** /*	0	0	 	nothing happened	!new & !old	*/
 134:.\Keyboard.c  **** /*  0   1		key released		!new &  old	*/
 135:.\Keyboard.c  **** /*	1	0		key pressed			 new & !old	*/
 136:.\Keyboard.c  **** /*	1	1		continued keypress	 new &  old	*/
 137:.\Keyboard.c  **** /************************************************/
 138:.\Keyboard.c  **** 
 139:.\Keyboard.c  **** 	if ((uint8)((~NewKey) & (~Debounced_Key))== 0xffu)	// Nothing has happened
 353              		.loc 1 139 0 is_stmt 1
 354 0038 E3B2     		uxtb	r3, r4
 355              	.LVL37:
 356 003a 1B4A     		ldr	r2, .L35
 357 003c 917B     		ldrb	r1, [r2, #14]
 358 003e CAB2     		uxtb	r2, r1
 359 0040 181C     		mov	r0, r3
 360 0042 1043     		orr	r0, r2
 361 0044 02D1     		bne	.L29
 140:.\Keyboard.c  **** 	{
 141:.\Keyboard.c  **** 		Debounced_Key = NewKey;
 362              		.loc 1 141 0
 363 0046 184B     		ldr	r3, .L35
 364 0048 9C73     		strb	r4, [r3, #14]
 142:.\Keyboard.c  **** 		return;
 365              		.loc 1 142 0
 366 004a 2CE0     		b	.L25
 367              	.L29:
ARM GAS  C:\Users\744\AppData\Local\Temp\ccwItKN1.s 			page 10


 143:.\Keyboard.c  **** 	}
 144:.\Keyboard.c  **** 	
 145:.\Keyboard.c  **** 	if ((uint8)(~NewKey & Debounced_Key)!= 0x00u)		// Any key released
 368              		.loc 1 145 0
 369 004c 101C     		mov	r0, r2
 370 004e 9843     		bic	r0, r3
 371 0050 04D0     		beq	.L31
 146:.\Keyboard.c  **** 	{
 147:.\Keyboard.c  **** 		Debounced_Key = NewKey;
 372              		.loc 1 147 0
 373 0052 154B     		ldr	r3, .L35
 374 0054 9C73     		strb	r4, [r3, #14]
 148:.\Keyboard.c  **** 		Key_Pressed_Delay = 0;
 375              		.loc 1 148 0
 376 0056 0022     		mov	r2, #0
 377 0058 DA73     		strb	r2, [r3, #15]
 149:.\Keyboard.c  **** 		return;
 378              		.loc 1 149 0
 379 005a 24E0     		b	.L25
 380              	.L31:
 150:.\Keyboard.c  **** 	}
 151:.\Keyboard.c  **** 	
 152:.\Keyboard.c  **** 	if ((uint8)(NewKey & ~Debounced_Key)!= 0x00u)		// Key pressed seen first time
 381              		.loc 1 152 0
 382 005c 9343     		bic	r3, r2
 383 005e 07D0     		beq	.L32
 153:.\Keyboard.c  **** 	{
 154:.\Keyboard.c  **** 		Put_KBD_Char(NewKey);
 384              		.loc 1 154 0
 385 0060 201C     		mov	r0, r4
 386 0062 FFF7FEFF 		bl	Put_KBD_Char
 387              	.LVL38:
 155:.\Keyboard.c  **** 		Key_Pressed_Delay = 0;
 388              		.loc 1 155 0
 389 0066 104B     		ldr	r3, .L35
 390 0068 0022     		mov	r2, #0
 391 006a DA73     		strb	r2, [r3, #15]
 156:.\Keyboard.c  **** 		Debounced_Key = NewKey;
 392              		.loc 1 156 0
 393 006c 9C73     		strb	r4, [r3, #14]
 157:.\Keyboard.c  **** 		return;
 394              		.loc 1 157 0
 395 006e 1AE0     		b	.L25
 396              	.L32:
 158:.\Keyboard.c  **** 	}
 159:.\Keyboard.c  **** 	
 160:.\Keyboard.c  **** 	if ((uint8)(NewKey & Debounced_Key)!= 0x00u)		// Key is continously pressed
 397              		.loc 1 160 0
 398 0070 2142     		tst	r1, r4
 399 0072 18D0     		beq	.L25
 161:.\Keyboard.c  **** 	{
 162:.\Keyboard.c  **** 		if (Key_Pressed_Delay < INITIAL_DELAY)
 400              		.loc 1 162 0
 401 0074 0C4B     		ldr	r3, .L35
 402 0076 DB7B     		ldrb	r3, [r3, #15]
 403 0078 4F2B     		cmp	r3, #79
 404 007a 05D8     		bhi	.L33
ARM GAS  C:\Users\744\AppData\Local\Temp\ccwItKN1.s 			page 11


 163:.\Keyboard.c  **** 		{
 164:.\Keyboard.c  **** 			Key_Pressed_Delay++;
 405              		.loc 1 164 0
 406 007c 0A4A     		ldr	r2, .L35
 407 007e 0133     		add	r3, r3, #1
 408 0080 D373     		strb	r3, [r2, #15]
 165:.\Keyboard.c  **** 			Key_Generate_Delay = 0;
 409              		.loc 1 165 0
 410 0082 0023     		mov	r3, #0
 411 0084 1374     		strb	r3, [r2, #16]
 412 0086 0CE0     		b	.L34
 413              	.L33:
 166:.\Keyboard.c  **** 		}
 167:.\Keyboard.c  **** 		else
 168:.\Keyboard.c  **** 		{
 169:.\Keyboard.c  **** 			Key_Generate_Delay++;
 414              		.loc 1 169 0
 415 0088 074A     		ldr	r2, .L35
 416 008a 137C     		ldrb	r3, [r2, #16]
 417 008c 0133     		add	r3, r3, #1
 418 008e DBB2     		uxtb	r3, r3
 419 0090 1374     		strb	r3, [r2, #16]
 170:.\Keyboard.c  **** 			if (Key_Generate_Delay >= REPEAT_RATE)
 420              		.loc 1 170 0
 421 0092 272B     		cmp	r3, #39
 422 0094 05D9     		bls	.L34
 171:.\Keyboard.c  **** 			{
 172:.\Keyboard.c  **** 				Key_Generate_Delay = 0;
 423              		.loc 1 172 0
 424 0096 0022     		mov	r2, #0
 425 0098 034B     		ldr	r3, .L35
 426 009a 1A74     		strb	r2, [r3, #16]
 173:.\Keyboard.c  **** 				Put_KBD_Char(NewKey);
 427              		.loc 1 173 0
 428 009c 201C     		mov	r0, r4
 429 009e FFF7FEFF 		bl	Put_KBD_Char
 430              	.LVL39:
 431              	.L34:
 174:.\Keyboard.c  **** 			}
 175:.\Keyboard.c  **** 		}
 176:.\Keyboard.c  **** 		Debounced_Key = NewKey;	
 432              		.loc 1 176 0
 433 00a2 014B     		ldr	r3, .L35
 434 00a4 9C73     		strb	r4, [r3, #14]
 435              	.L25:
 177:.\Keyboard.c  **** 	}
 178:.\Keyboard.c  **** }
 436              		.loc 1 178 0
 437              		@ sp needed
 438              	.LVL40:
 439 00a6 38BD     		pop	{r3, r4, r5, pc}
 440              	.L36:
 441              		.align	2
 442              	.L35:
 443 00a8 00000000 		.word	.LANCHOR0
 444              		.cfi_endproc
 445              	.LFE39:
ARM GAS  C:\Users\744\AppData\Local\Temp\ccwItKN1.s 			page 12


 446              		.size	Key_Debounce, .-Key_Debounce
 447              		.global	TranslateTable
 448              		.comm	KBD_Buffer,10,4
 449              		.global	KBD_ReadIndex
 450              		.global	KBD_WriteIndex
 451              		.global	Debounced_Key
 452              		.section	.rodata
 453              		.align	2
 454              		.set	.LANCHOR1,. + 0
 455              		.type	TranslateTable, %object
 456              		.size	TranslateTable, 16
 457              	TranslateTable:
 458 0000 31       		.byte	49
 459 0001 32       		.byte	50
 460 0002 33       		.byte	51
 461 0003 2B       		.byte	43
 462 0004 34       		.byte	52
 463 0005 35       		.byte	53
 464 0006 36       		.byte	54
 465 0007 2D       		.byte	45
 466 0008 37       		.byte	55
 467 0009 38       		.byte	56
 468 000a 39       		.byte	57
 469 000b 2A       		.byte	42
 470 000c 2E       		.byte	46
 471 000d 30       		.byte	48
 472 000e 3D       		.byte	61
 473 000f 2F       		.byte	47
 474              		.bss
 475              		.align	2
 476              		.set	.LANCHOR0,. + 0
 477              		.type	KBD_WriteIndex, %object
 478              		.size	KBD_WriteIndex, 1
 479              	KBD_WriteIndex:
 480 0000 00       		.space	1
 481              		.type	KBD_ReadIndex, %object
 482              		.size	KBD_ReadIndex, 1
 483              	KBD_ReadIndex:
 484 0001 00       		.space	1
 485              		.type	StateIndex.5072, %object
 486              		.size	StateIndex.5072, 1
 487              	StateIndex.5072:
 488 0002 00       		.space	1
 489 0003 00       		.space	1
 490              		.type	State.5071, %object
 491              		.size	State.5071, 10
 492              	State.5071:
 493 0004 00000000 		.space	10
 493      00000000 
 493      0000
 494              		.type	Debounced_Key, %object
 495              		.size	Debounced_Key, 1
 496              	Debounced_Key:
 497 000e 00       		.space	1
 498              		.type	Key_Pressed_Delay.5073, %object
 499              		.size	Key_Pressed_Delay.5073, 1
 500              	Key_Pressed_Delay.5073:
ARM GAS  C:\Users\744\AppData\Local\Temp\ccwItKN1.s 			page 13


 501 000f 00       		.space	1
 502              		.type	Key_Generate_Delay.5074, %object
 503              		.size	Key_Generate_Delay.5074, 1
 504              	Key_Generate_Delay.5074:
 505 0010 00       		.space	1
 506 0011 000000   		.text
 507              	.Letext0:
 508              		.file 2 "Generated_Source\\PSoC4/cytypes.h"
 509              		.file 3 "Generated_Source\\PSoC4/Debounce_Int.h"
 510              		.file 4 "Generated_Source\\PSoC4/KBD_ROWPins.h"
 511              		.file 5 "Generated_Source\\PSoC4/KBD_COLPins.h"
 512              		.file 6 "Generated_Source\\PSoC4/Debounce_Timer.h"
 513              		.section	.debug_info,"",%progbits
 514              	.Ldebug_info0:
 515 0000 D3030000 		.4byte	0x3d3
 516 0004 0400     		.2byte	0x4
 517 0006 00000000 		.4byte	.Ldebug_abbrev0
 518 000a 04       		.byte	0x4
 519 000b 01       		.uleb128 0x1
 520 000c C1010000 		.4byte	.LASF40
 521 0010 01       		.byte	0x1
 522 0011 09010000 		.4byte	.LASF41
 523 0015 21000000 		.4byte	.LASF42
 524 0019 00000000 		.4byte	.Ldebug_ranges0+0
 525 001d 00000000 		.4byte	0
 526 0021 00000000 		.4byte	.Ldebug_line0
 527 0025 02       		.uleb128 0x2
 528 0026 01       		.byte	0x1
 529 0027 06       		.byte	0x6
 530 0028 E3020000 		.4byte	.LASF0
 531 002c 02       		.uleb128 0x2
 532 002d 01       		.byte	0x1
 533 002e 08       		.byte	0x8
 534 002f CA000000 		.4byte	.LASF1
 535 0033 02       		.uleb128 0x2
 536 0034 02       		.byte	0x2
 537 0035 05       		.byte	0x5
 538 0036 BB020000 		.4byte	.LASF2
 539 003a 02       		.uleb128 0x2
 540 003b 02       		.byte	0x2
 541 003c 07       		.byte	0x7
 542 003d 6D000000 		.4byte	.LASF3
 543 0041 02       		.uleb128 0x2
 544 0042 04       		.byte	0x4
 545 0043 05       		.byte	0x5
 546 0044 DA020000 		.4byte	.LASF4
 547 0048 02       		.uleb128 0x2
 548 0049 04       		.byte	0x4
 549 004a 07       		.byte	0x7
 550 004b DE000000 		.4byte	.LASF5
 551 004f 02       		.uleb128 0x2
 552 0050 08       		.byte	0x8
 553 0051 05       		.byte	0x5
 554 0052 4F020000 		.4byte	.LASF6
 555 0056 02       		.uleb128 0x2
 556 0057 08       		.byte	0x8
 557 0058 07       		.byte	0x7
ARM GAS  C:\Users\744\AppData\Local\Temp\ccwItKN1.s 			page 14


 558 0059 86010000 		.4byte	.LASF7
 559 005d 03       		.uleb128 0x3
 560 005e 04       		.byte	0x4
 561 005f 05       		.byte	0x5
 562 0060 696E7400 		.ascii	"int\000"
 563 0064 02       		.uleb128 0x2
 564 0065 04       		.byte	0x4
 565 0066 07       		.byte	0x7
 566 0067 59010000 		.4byte	.LASF8
 567 006b 04       		.uleb128 0x4
 568 006c F0000000 		.4byte	.LASF11
 569 0070 02       		.byte	0x2
 570 0071 C2       		.byte	0xc2
 571 0072 2C000000 		.4byte	0x2c
 572 0076 02       		.uleb128 0x2
 573 0077 04       		.byte	0x4
 574 0078 04       		.byte	0x4
 575 0079 BD000000 		.4byte	.LASF9
 576 007d 02       		.uleb128 0x2
 577 007e 08       		.byte	0x8
 578 007f 04       		.byte	0x4
 579 0080 24010000 		.4byte	.LASF10
 580 0084 04       		.uleb128 0x4
 581 0085 D8000000 		.4byte	.LASF12
 582 0089 02       		.byte	0x2
 583 008a D3       		.byte	0xd3
 584 008b 8F000000 		.4byte	0x8f
 585 008f 02       		.uleb128 0x2
 586 0090 01       		.byte	0x1
 587 0091 08       		.byte	0x8
 588 0092 70020000 		.4byte	.LASF13
 589 0096 05       		.uleb128 0x5
 590 0097 9D010000 		.4byte	.LASF14
 591 009b 02       		.byte	0x2
 592 009c 7E01     		.2byte	0x17e
 593 009e A2000000 		.4byte	0xa2
 594 00a2 06       		.uleb128 0x6
 595 00a3 04       		.byte	0x4
 596 00a4 A8000000 		.4byte	0xa8
 597 00a8 07       		.uleb128 0x7
 598 00a9 02       		.uleb128 0x2
 599 00aa 04       		.byte	0x4
 600 00ab 07       		.byte	0x7
 601 00ac B8010000 		.4byte	.LASF15
 602 00b0 08       		.uleb128 0x8
 603 00b1 AA010000 		.4byte	.LASF16
 604 00b5 01       		.byte	0x1
 605 00b6 3D       		.byte	0x3d
 606 00b7 00000000 		.4byte	.LFB33
 607 00bb 14000000 		.4byte	.LFE33-.LFB33
 608 00bf 01       		.uleb128 0x1
 609 00c0 9C       		.byte	0x9c
 610 00c1 E6000000 		.4byte	0xe6
 611 00c5 09       		.uleb128 0x9
 612 00c6 08000000 		.4byte	.LVL0
 613 00ca 7B030000 		.4byte	0x37b
 614 00ce DC000000 		.4byte	0xdc
ARM GAS  C:\Users\744\AppData\Local\Temp\ccwItKN1.s 			page 15


 615 00d2 0A       		.uleb128 0xa
 616 00d3 01       		.uleb128 0x1
 617 00d4 50       		.byte	0x50
 618 00d5 05       		.uleb128 0x5
 619 00d6 03       		.byte	0x3
 620 00d7 00000000 		.4byte	Key_Debounce
 621 00db 00       		.byte	0
 622 00dc 0B       		.uleb128 0xb
 623 00dd 0C000000 		.4byte	.LVL1
 624 00e1 8C030000 		.4byte	0x38c
 625 00e5 00       		.byte	0
 626 00e6 08       		.uleb128 0x8
 627 00e7 00000000 		.4byte	.LASF17
 628 00eb 01       		.byte	0x1
 629 00ec 43       		.byte	0x43
 630 00ed 00000000 		.4byte	.LFB34
 631 00f1 2C000000 		.4byte	.LFE34-.LFB34
 632 00f5 01       		.uleb128 0x1
 633 00f6 9C       		.byte	0x9c
 634 00f7 0A010000 		.4byte	0x10a
 635 00fb 0C       		.uleb128 0xc
 636 00fc 436800   		.ascii	"Ch\000"
 637 00ff 01       		.byte	0x1
 638 0100 43       		.byte	0x43
 639 0101 84000000 		.4byte	0x84
 640 0105 00000000 		.4byte	.LLST0
 641 0109 00       		.byte	0
 642 010a 0D       		.uleb128 0xd
 643 010b 9D000000 		.4byte	.LASF43
 644 010f 01       		.byte	0x1
 645 0110 49       		.byte	0x49
 646 0111 84000000 		.4byte	0x84
 647 0115 00000000 		.4byte	.LFB35
 648 0119 14000000 		.4byte	.LFE35-.LFB35
 649 011d 01       		.uleb128 0x1
 650 011e 9C       		.byte	0x9c
 651 011f 0E       		.uleb128 0xe
 652 0120 14000000 		.4byte	.LASF18
 653 0124 01       		.byte	0x1
 654 0125 4E       		.byte	0x4e
 655 0126 84000000 		.4byte	0x84
 656 012a 00000000 		.4byte	.LFB36
 657 012e 2C000000 		.4byte	.LFE36-.LFB36
 658 0132 01       		.uleb128 0x1
 659 0133 9C       		.byte	0x9c
 660 0134 4F010000 		.4byte	0x14f
 661 0138 0F       		.uleb128 0xf
 662 0139 40010000 		.4byte	.LASF20
 663 013d 01       		.byte	0x1
 664 013e 50       		.byte	0x50
 665 013f 84000000 		.4byte	0x84
 666 0143 01       		.uleb128 0x1
 667 0144 50       		.byte	0x50
 668 0145 0B       		.uleb128 0xb
 669 0146 06000000 		.4byte	.LVL4
 670 014a 0A010000 		.4byte	0x10a
 671 014e 00       		.byte	0
ARM GAS  C:\Users\744\AppData\Local\Temp\ccwItKN1.s 			page 16


 672 014f 0E       		.uleb128 0xe
 673 0150 FE020000 		.4byte	.LASF19
 674 0154 01       		.byte	0x1
 675 0155 57       		.byte	0x57
 676 0156 6B000000 		.4byte	0x6b
 677 015a 00000000 		.4byte	.LFB37
 678 015e 1A000000 		.4byte	.LFE37-.LFB37
 679 0162 01       		.uleb128 0x1
 680 0163 9C       		.byte	0x9c
 681 0164 86010000 		.4byte	0x186
 682 0168 0C       		.uleb128 0xc
 683 0169 56616C00 		.ascii	"Val\000"
 684 016d 01       		.byte	0x1
 685 016e 57       		.byte	0x57
 686 016f 6B000000 		.4byte	0x6b
 687 0173 21000000 		.4byte	.LLST1
 688 0177 10       		.uleb128 0x10
 689 0178 696900   		.ascii	"ii\000"
 690 017b 01       		.byte	0x1
 691 017c 59       		.byte	0x59
 692 017d 6B000000 		.4byte	0x6b
 693 0181 3F000000 		.4byte	.LLST2
 694 0185 00       		.byte	0
 695 0186 0E       		.uleb128 0xe
 696 0187 80000000 		.4byte	.LASF21
 697 018b 01       		.byte	0x1
 698 018c 61       		.byte	0x61
 699 018d 6B000000 		.4byte	0x6b
 700 0191 00000000 		.4byte	.LFB38
 701 0195 52000000 		.4byte	.LFE38-.LFB38
 702 0199 01       		.uleb128 0x1
 703 019a 9C       		.byte	0x9c
 704 019b 44020000 		.4byte	0x244
 705 019f 10       		.uleb128 0x10
 706 01a0 526F7700 		.ascii	"Row\000"
 707 01a4 01       		.byte	0x1
 708 01a5 63       		.byte	0x63
 709 01a6 84000000 		.4byte	0x84
 710 01aa 69000000 		.4byte	.LLST3
 711 01ae 11       		.uleb128 0x11
 712 01af C3000000 		.4byte	.LASF22
 713 01b3 01       		.byte	0x1
 714 01b4 64       		.byte	0x64
 715 01b5 84000000 		.4byte	0x84
 716 01b9 87000000 		.4byte	.LLST4
 717 01bd 09       		.uleb128 0x9
 718 01be 08000000 		.4byte	.LVL14
 719 01c2 93030000 		.4byte	0x393
 720 01c6 D0010000 		.4byte	0x1d0
 721 01ca 0A       		.uleb128 0xa
 722 01cb 01       		.uleb128 0x1
 723 01cc 50       		.byte	0x50
 724 01cd 01       		.uleb128 0x1
 725 01ce 3F       		.byte	0x3f
 726 01cf 00       		.byte	0
 727 01d0 09       		.uleb128 0x9
 728 01d1 0E000000 		.4byte	.LVL15
ARM GAS  C:\Users\744\AppData\Local\Temp\ccwItKN1.s 			page 17


 729 01d5 A4030000 		.4byte	0x3a4
 730 01d9 E4010000 		.4byte	0x1e4
 731 01dd 0A       		.uleb128 0xa
 732 01de 01       		.uleb128 0x1
 733 01df 50       		.byte	0x50
 734 01e0 02       		.uleb128 0x2
 735 01e1 09       		.byte	0x9
 736 01e2 F0       		.byte	0xf0
 737 01e3 00       		.byte	0
 738 01e4 0B       		.uleb128 0xb
 739 01e5 12000000 		.4byte	.LVL16
 740 01e9 B5030000 		.4byte	0x3b5
 741 01ed 09       		.uleb128 0x9
 742 01ee 1E000000 		.4byte	.LVL19
 743 01f2 A4030000 		.4byte	0x3a4
 744 01f6 00020000 		.4byte	0x200
 745 01fa 0A       		.uleb128 0xa
 746 01fb 01       		.uleb128 0x1
 747 01fc 50       		.byte	0x50
 748 01fd 01       		.uleb128 0x1
 749 01fe 3F       		.byte	0x3f
 750 01ff 00       		.byte	0
 751 0200 09       		.uleb128 0x9
 752 0201 24000000 		.4byte	.LVL20
 753 0205 93030000 		.4byte	0x393
 754 0209 14020000 		.4byte	0x214
 755 020d 0A       		.uleb128 0xa
 756 020e 01       		.uleb128 0x1
 757 020f 50       		.byte	0x50
 758 0210 02       		.uleb128 0x2
 759 0211 74       		.byte	0x74
 760 0212 00       		.sleb128 0
 761 0213 00       		.byte	0
 762 0214 0B       		.uleb128 0xb
 763 0215 28000000 		.4byte	.LVL21
 764 0219 C0030000 		.4byte	0x3c0
 765 021d 09       		.uleb128 0x9
 766 021e 36000000 		.4byte	.LVL24
 767 0222 4F010000 		.4byte	0x14f
 768 0226 32020000 		.4byte	0x232
 769 022a 0A       		.uleb128 0xa
 770 022b 01       		.uleb128 0x1
 771 022c 50       		.byte	0x50
 772 022d 03       		.uleb128 0x3
 773 022e 74       		.byte	0x74
 774 022f 00       		.sleb128 0
 775 0230 20       		.byte	0x20
 776 0231 00       		.byte	0
 777 0232 12       		.uleb128 0x12
 778 0233 40000000 		.4byte	.LVL25
 779 0237 4F010000 		.4byte	0x14f
 780 023b 0A       		.uleb128 0xa
 781 023c 01       		.uleb128 0x1
 782 023d 50       		.byte	0x50
 783 023e 03       		.uleb128 0x3
 784 023f 75       		.byte	0x75
 785 0240 00       		.sleb128 0
ARM GAS  C:\Users\744\AppData\Local\Temp\ccwItKN1.s 			page 18


 786 0241 20       		.byte	0x20
 787 0242 00       		.byte	0
 788 0243 00       		.byte	0
 789 0244 08       		.uleb128 0x8
 790 0245 FC000000 		.4byte	.LASF23
 791 0249 01       		.byte	0x1
 792 024a 74       		.byte	0x74
 793 024b 00000000 		.4byte	.LFB39
 794 024f AC000000 		.4byte	.LFE39-.LFB39
 795 0253 01       		.uleb128 0x1
 796 0254 9C       		.byte	0x9c
 797 0255 F1020000 		.4byte	0x2f1
 798 0259 0F       		.uleb128 0xf
 799 025a F6000000 		.4byte	.LASF24
 800 025e 01       		.byte	0x1
 801 025f 76       		.byte	0x76
 802 0260 F1020000 		.4byte	0x2f1
 803 0264 05       		.uleb128 0x5
 804 0265 03       		.byte	0x3
 805 0266 04000000 		.4byte	State.5071
 806 026a 0F       		.uleb128 0xf
 807 026b 80020000 		.4byte	.LASF25
 808 026f 01       		.byte	0x1
 809 0270 77       		.byte	0x77
 810 0271 6B000000 		.4byte	0x6b
 811 0275 05       		.uleb128 0x5
 812 0276 03       		.byte	0x3
 813 0277 02000000 		.4byte	StateIndex.5072
 814 027b 0F       		.uleb128 0xf
 815 027c 47010000 		.4byte	.LASF26
 816 0280 01       		.byte	0x1
 817 0281 78       		.byte	0x78
 818 0282 6B000000 		.4byte	0x6b
 819 0286 05       		.uleb128 0x5
 820 0287 03       		.byte	0x3
 821 0288 0F000000 		.4byte	Key_Pressed_Delay.5073
 822 028c 0F       		.uleb128 0xf
 823 028d 5D020000 		.4byte	.LASF27
 824 0291 01       		.byte	0x1
 825 0292 79       		.byte	0x79
 826 0293 6B000000 		.4byte	0x6b
 827 0297 05       		.uleb128 0x5
 828 0298 03       		.byte	0x3
 829 0299 10000000 		.4byte	Key_Generate_Delay.5074
 830 029d 10       		.uleb128 0x10
 831 029e 696900   		.ascii	"ii\000"
 832 02a1 01       		.byte	0x1
 833 02a2 7A       		.byte	0x7a
 834 02a3 6B000000 		.4byte	0x6b
 835 02a7 A5000000 		.4byte	.LLST5
 836 02ab 11       		.uleb128 0x11
 837 02ac 0D000000 		.4byte	.LASF28
 838 02b0 01       		.byte	0x1
 839 02b1 7B       		.byte	0x7b
 840 02b2 6B000000 		.4byte	0x6b
 841 02b6 DA000000 		.4byte	.LLST6
 842 02ba 0B       		.uleb128 0xb
ARM GAS  C:\Users\744\AppData\Local\Temp\ccwItKN1.s 			page 19


 843 02bb 06000000 		.4byte	.LVL30
 844 02bf CB030000 		.4byte	0x3cb
 845 02c3 0B       		.uleb128 0xb
 846 02c4 12000000 		.4byte	.LVL31
 847 02c8 86010000 		.4byte	0x186
 848 02cc 09       		.uleb128 0x9
 849 02cd 66000000 		.4byte	.LVL38
 850 02d1 E6000000 		.4byte	0xe6
 851 02d5 E0020000 		.4byte	0x2e0
 852 02d9 0A       		.uleb128 0xa
 853 02da 01       		.uleb128 0x1
 854 02db 50       		.byte	0x50
 855 02dc 02       		.uleb128 0x2
 856 02dd 74       		.byte	0x74
 857 02de 00       		.sleb128 0
 858 02df 00       		.byte	0
 859 02e0 12       		.uleb128 0x12
 860 02e1 A2000000 		.4byte	.LVL39
 861 02e5 E6000000 		.4byte	0xe6
 862 02e9 0A       		.uleb128 0xa
 863 02ea 01       		.uleb128 0x1
 864 02eb 50       		.byte	0x50
 865 02ec 02       		.uleb128 0x2
 866 02ed 74       		.byte	0x74
 867 02ee 00       		.sleb128 0
 868 02ef 00       		.byte	0
 869 02f0 00       		.byte	0
 870 02f1 13       		.uleb128 0x13
 871 02f2 6B000000 		.4byte	0x6b
 872 02f6 01030000 		.4byte	0x301
 873 02fa 14       		.uleb128 0x14
 874 02fb A9000000 		.4byte	0xa9
 875 02ff 09       		.byte	0x9
 876 0300 00       		.byte	0
 877 0301 15       		.uleb128 0x15
 878 0302 8B020000 		.4byte	.LASF29
 879 0306 01       		.byte	0x1
 880 0307 21       		.byte	0x21
 881 0308 6B000000 		.4byte	0x6b
 882 030c 05       		.uleb128 0x5
 883 030d 03       		.byte	0x3
 884 030e 00000000 		.4byte	Debounced_Key
 885 0312 15       		.uleb128 0x15
 886 0313 66010000 		.4byte	.LASF30
 887 0317 01       		.byte	0x1
 888 0318 26       		.byte	0x26
 889 0319 6B000000 		.4byte	0x6b
 890 031d 05       		.uleb128 0x5
 891 031e 03       		.byte	0x3
 892 031f 00000000 		.4byte	KBD_WriteIndex
 893 0323 15       		.uleb128 0x15
 894 0324 16010000 		.4byte	.LASF31
 895 0328 01       		.byte	0x1
 896 0329 27       		.byte	0x27
 897 032a 6B000000 		.4byte	0x6b
 898 032e 05       		.uleb128 0x5
 899 032f 03       		.byte	0x3
ARM GAS  C:\Users\744\AppData\Local\Temp\ccwItKN1.s 			page 20


 900 0330 00000000 		.4byte	KBD_ReadIndex
 901 0334 13       		.uleb128 0x13
 902 0335 84000000 		.4byte	0x84
 903 0339 44030000 		.4byte	0x344
 904 033d 14       		.uleb128 0x14
 905 033e A9000000 		.4byte	0xa9
 906 0342 09       		.byte	0x9
 907 0343 00       		.byte	0
 908 0344 15       		.uleb128 0x15
 909 0345 75020000 		.4byte	.LASF32
 910 0349 01       		.byte	0x1
 911 034a 28       		.byte	0x28
 912 034b 34030000 		.4byte	0x334
 913 034f 05       		.uleb128 0x5
 914 0350 03       		.byte	0x3
 915 0351 00000000 		.4byte	KBD_Buffer
 916 0355 13       		.uleb128 0x13
 917 0356 84000000 		.4byte	0x84
 918 035a 65030000 		.4byte	0x365
 919 035e 14       		.uleb128 0x14
 920 035f A9000000 		.4byte	0xa9
 921 0363 0F       		.byte	0xf
 922 0364 00       		.byte	0
 923 0365 15       		.uleb128 0x15
 924 0366 EF020000 		.4byte	.LASF33
 925 036a 01       		.byte	0x1
 926 036b 36       		.byte	0x36
 927 036c 76030000 		.4byte	0x376
 928 0370 05       		.uleb128 0x5
 929 0371 03       		.byte	0x3
 930 0372 00000000 		.4byte	TranslateTable
 931 0376 16       		.uleb128 0x16
 932 0377 55030000 		.4byte	0x355
 933 037b 17       		.uleb128 0x17
 934 037c C5020000 		.4byte	.LASF34
 935 0380 03       		.byte	0x3
 936 0381 18       		.byte	0x18
 937 0382 8C030000 		.4byte	0x38c
 938 0386 18       		.uleb128 0x18
 939 0387 96000000 		.4byte	0x96
 940 038b 00       		.byte	0
 941 038c 19       		.uleb128 0x19
 942 038d 2B010000 		.4byte	.LASF44
 943 0391 06       		.byte	0x6
 944 0392 5A       		.byte	0x5a
 945 0393 17       		.uleb128 0x17
 946 0394 5B000000 		.4byte	.LASF35
 947 0398 04       		.byte	0x4
 948 0399 1D       		.byte	0x1d
 949 039a A4030000 		.4byte	0x3a4
 950 039e 18       		.uleb128 0x18
 951 039f 6B000000 		.4byte	0x6b
 952 03a3 00       		.byte	0
 953 03a4 17       		.uleb128 0x17
 954 03a5 8B000000 		.4byte	.LASF36
 955 03a9 05       		.byte	0x5
 956 03aa 1D       		.byte	0x1d
ARM GAS  C:\Users\744\AppData\Local\Temp\ccwItKN1.s 			page 21


 957 03ab B5030000 		.4byte	0x3b5
 958 03af 18       		.uleb128 0x18
 959 03b0 6B000000 		.4byte	0x6b
 960 03b4 00       		.byte	0
 961 03b5 1A       		.uleb128 0x1a
 962 03b6 75010000 		.4byte	.LASF37
 963 03ba 04       		.byte	0x4
 964 03bb 20       		.byte	0x20
 965 03bc 6B000000 		.4byte	0x6b
 966 03c0 1A       		.uleb128 0x1a
 967 03c1 AC000000 		.4byte	.LASF38
 968 03c5 05       		.byte	0x5
 969 03c6 20       		.byte	0x20
 970 03c7 6B000000 		.4byte	0x6b
 971 03cb 1A       		.uleb128 0x1a
 972 03cc 99020000 		.4byte	.LASF39
 973 03d0 06       		.byte	0x6
 974 03d1 5E       		.byte	0x5e
 975 03d2 6B000000 		.4byte	0x6b
 976 03d6 00       		.byte	0
 977              		.section	.debug_abbrev,"",%progbits
 978              	.Ldebug_abbrev0:
 979 0000 01       		.uleb128 0x1
 980 0001 11       		.uleb128 0x11
 981 0002 01       		.byte	0x1
 982 0003 25       		.uleb128 0x25
 983 0004 0E       		.uleb128 0xe
 984 0005 13       		.uleb128 0x13
 985 0006 0B       		.uleb128 0xb
 986 0007 03       		.uleb128 0x3
 987 0008 0E       		.uleb128 0xe
 988 0009 1B       		.uleb128 0x1b
 989 000a 0E       		.uleb128 0xe
 990 000b 55       		.uleb128 0x55
 991 000c 17       		.uleb128 0x17
 992 000d 11       		.uleb128 0x11
 993 000e 01       		.uleb128 0x1
 994 000f 10       		.uleb128 0x10
 995 0010 17       		.uleb128 0x17
 996 0011 00       		.byte	0
 997 0012 00       		.byte	0
 998 0013 02       		.uleb128 0x2
 999 0014 24       		.uleb128 0x24
 1000 0015 00       		.byte	0
 1001 0016 0B       		.uleb128 0xb
 1002 0017 0B       		.uleb128 0xb
 1003 0018 3E       		.uleb128 0x3e
 1004 0019 0B       		.uleb128 0xb
 1005 001a 03       		.uleb128 0x3
 1006 001b 0E       		.uleb128 0xe
 1007 001c 00       		.byte	0
 1008 001d 00       		.byte	0
 1009 001e 03       		.uleb128 0x3
 1010 001f 24       		.uleb128 0x24
 1011 0020 00       		.byte	0
 1012 0021 0B       		.uleb128 0xb
 1013 0022 0B       		.uleb128 0xb
ARM GAS  C:\Users\744\AppData\Local\Temp\ccwItKN1.s 			page 22


 1014 0023 3E       		.uleb128 0x3e
 1015 0024 0B       		.uleb128 0xb
 1016 0025 03       		.uleb128 0x3
 1017 0026 08       		.uleb128 0x8
 1018 0027 00       		.byte	0
 1019 0028 00       		.byte	0
 1020 0029 04       		.uleb128 0x4
 1021 002a 16       		.uleb128 0x16
 1022 002b 00       		.byte	0
 1023 002c 03       		.uleb128 0x3
 1024 002d 0E       		.uleb128 0xe
 1025 002e 3A       		.uleb128 0x3a
 1026 002f 0B       		.uleb128 0xb
 1027 0030 3B       		.uleb128 0x3b
 1028 0031 0B       		.uleb128 0xb
 1029 0032 49       		.uleb128 0x49
 1030 0033 13       		.uleb128 0x13
 1031 0034 00       		.byte	0
 1032 0035 00       		.byte	0
 1033 0036 05       		.uleb128 0x5
 1034 0037 16       		.uleb128 0x16
 1035 0038 00       		.byte	0
 1036 0039 03       		.uleb128 0x3
 1037 003a 0E       		.uleb128 0xe
 1038 003b 3A       		.uleb128 0x3a
 1039 003c 0B       		.uleb128 0xb
 1040 003d 3B       		.uleb128 0x3b
 1041 003e 05       		.uleb128 0x5
 1042 003f 49       		.uleb128 0x49
 1043 0040 13       		.uleb128 0x13
 1044 0041 00       		.byte	0
 1045 0042 00       		.byte	0
 1046 0043 06       		.uleb128 0x6
 1047 0044 0F       		.uleb128 0xf
 1048 0045 00       		.byte	0
 1049 0046 0B       		.uleb128 0xb
 1050 0047 0B       		.uleb128 0xb
 1051 0048 49       		.uleb128 0x49
 1052 0049 13       		.uleb128 0x13
 1053 004a 00       		.byte	0
 1054 004b 00       		.byte	0
 1055 004c 07       		.uleb128 0x7
 1056 004d 15       		.uleb128 0x15
 1057 004e 00       		.byte	0
 1058 004f 27       		.uleb128 0x27
 1059 0050 19       		.uleb128 0x19
 1060 0051 00       		.byte	0
 1061 0052 00       		.byte	0
 1062 0053 08       		.uleb128 0x8
 1063 0054 2E       		.uleb128 0x2e
 1064 0055 01       		.byte	0x1
 1065 0056 3F       		.uleb128 0x3f
 1066 0057 19       		.uleb128 0x19
 1067 0058 03       		.uleb128 0x3
 1068 0059 0E       		.uleb128 0xe
 1069 005a 3A       		.uleb128 0x3a
 1070 005b 0B       		.uleb128 0xb
ARM GAS  C:\Users\744\AppData\Local\Temp\ccwItKN1.s 			page 23


 1071 005c 3B       		.uleb128 0x3b
 1072 005d 0B       		.uleb128 0xb
 1073 005e 27       		.uleb128 0x27
 1074 005f 19       		.uleb128 0x19
 1075 0060 11       		.uleb128 0x11
 1076 0061 01       		.uleb128 0x1
 1077 0062 12       		.uleb128 0x12
 1078 0063 06       		.uleb128 0x6
 1079 0064 40       		.uleb128 0x40
 1080 0065 18       		.uleb128 0x18
 1081 0066 9742     		.uleb128 0x2117
 1082 0068 19       		.uleb128 0x19
 1083 0069 01       		.uleb128 0x1
 1084 006a 13       		.uleb128 0x13
 1085 006b 00       		.byte	0
 1086 006c 00       		.byte	0
 1087 006d 09       		.uleb128 0x9
 1088 006e 898201   		.uleb128 0x4109
 1089 0071 01       		.byte	0x1
 1090 0072 11       		.uleb128 0x11
 1091 0073 01       		.uleb128 0x1
 1092 0074 31       		.uleb128 0x31
 1093 0075 13       		.uleb128 0x13
 1094 0076 01       		.uleb128 0x1
 1095 0077 13       		.uleb128 0x13
 1096 0078 00       		.byte	0
 1097 0079 00       		.byte	0
 1098 007a 0A       		.uleb128 0xa
 1099 007b 8A8201   		.uleb128 0x410a
 1100 007e 00       		.byte	0
 1101 007f 02       		.uleb128 0x2
 1102 0080 18       		.uleb128 0x18
 1103 0081 9142     		.uleb128 0x2111
 1104 0083 18       		.uleb128 0x18
 1105 0084 00       		.byte	0
 1106 0085 00       		.byte	0
 1107 0086 0B       		.uleb128 0xb
 1108 0087 898201   		.uleb128 0x4109
 1109 008a 00       		.byte	0
 1110 008b 11       		.uleb128 0x11
 1111 008c 01       		.uleb128 0x1
 1112 008d 31       		.uleb128 0x31
 1113 008e 13       		.uleb128 0x13
 1114 008f 00       		.byte	0
 1115 0090 00       		.byte	0
 1116 0091 0C       		.uleb128 0xc
 1117 0092 05       		.uleb128 0x5
 1118 0093 00       		.byte	0
 1119 0094 03       		.uleb128 0x3
 1120 0095 08       		.uleb128 0x8
 1121 0096 3A       		.uleb128 0x3a
 1122 0097 0B       		.uleb128 0xb
 1123 0098 3B       		.uleb128 0x3b
 1124 0099 0B       		.uleb128 0xb
 1125 009a 49       		.uleb128 0x49
 1126 009b 13       		.uleb128 0x13
 1127 009c 02       		.uleb128 0x2
ARM GAS  C:\Users\744\AppData\Local\Temp\ccwItKN1.s 			page 24


 1128 009d 17       		.uleb128 0x17
 1129 009e 00       		.byte	0
 1130 009f 00       		.byte	0
 1131 00a0 0D       		.uleb128 0xd
 1132 00a1 2E       		.uleb128 0x2e
 1133 00a2 00       		.byte	0
 1134 00a3 3F       		.uleb128 0x3f
 1135 00a4 19       		.uleb128 0x19
 1136 00a5 03       		.uleb128 0x3
 1137 00a6 0E       		.uleb128 0xe
 1138 00a7 3A       		.uleb128 0x3a
 1139 00a8 0B       		.uleb128 0xb
 1140 00a9 3B       		.uleb128 0x3b
 1141 00aa 0B       		.uleb128 0xb
 1142 00ab 27       		.uleb128 0x27
 1143 00ac 19       		.uleb128 0x19
 1144 00ad 49       		.uleb128 0x49
 1145 00ae 13       		.uleb128 0x13
 1146 00af 11       		.uleb128 0x11
 1147 00b0 01       		.uleb128 0x1
 1148 00b1 12       		.uleb128 0x12
 1149 00b2 06       		.uleb128 0x6
 1150 00b3 40       		.uleb128 0x40
 1151 00b4 18       		.uleb128 0x18
 1152 00b5 9742     		.uleb128 0x2117
 1153 00b7 19       		.uleb128 0x19
 1154 00b8 00       		.byte	0
 1155 00b9 00       		.byte	0
 1156 00ba 0E       		.uleb128 0xe
 1157 00bb 2E       		.uleb128 0x2e
 1158 00bc 01       		.byte	0x1
 1159 00bd 3F       		.uleb128 0x3f
 1160 00be 19       		.uleb128 0x19
 1161 00bf 03       		.uleb128 0x3
 1162 00c0 0E       		.uleb128 0xe
 1163 00c1 3A       		.uleb128 0x3a
 1164 00c2 0B       		.uleb128 0xb
 1165 00c3 3B       		.uleb128 0x3b
 1166 00c4 0B       		.uleb128 0xb
 1167 00c5 27       		.uleb128 0x27
 1168 00c6 19       		.uleb128 0x19
 1169 00c7 49       		.uleb128 0x49
 1170 00c8 13       		.uleb128 0x13
 1171 00c9 11       		.uleb128 0x11
 1172 00ca 01       		.uleb128 0x1
 1173 00cb 12       		.uleb128 0x12
 1174 00cc 06       		.uleb128 0x6
 1175 00cd 40       		.uleb128 0x40
 1176 00ce 18       		.uleb128 0x18
 1177 00cf 9742     		.uleb128 0x2117
 1178 00d1 19       		.uleb128 0x19
 1179 00d2 01       		.uleb128 0x1
 1180 00d3 13       		.uleb128 0x13
 1181 00d4 00       		.byte	0
 1182 00d5 00       		.byte	0
 1183 00d6 0F       		.uleb128 0xf
 1184 00d7 34       		.uleb128 0x34
ARM GAS  C:\Users\744\AppData\Local\Temp\ccwItKN1.s 			page 25


 1185 00d8 00       		.byte	0
 1186 00d9 03       		.uleb128 0x3
 1187 00da 0E       		.uleb128 0xe
 1188 00db 3A       		.uleb128 0x3a
 1189 00dc 0B       		.uleb128 0xb
 1190 00dd 3B       		.uleb128 0x3b
 1191 00de 0B       		.uleb128 0xb
 1192 00df 49       		.uleb128 0x49
 1193 00e0 13       		.uleb128 0x13
 1194 00e1 02       		.uleb128 0x2
 1195 00e2 18       		.uleb128 0x18
 1196 00e3 00       		.byte	0
 1197 00e4 00       		.byte	0
 1198 00e5 10       		.uleb128 0x10
 1199 00e6 34       		.uleb128 0x34
 1200 00e7 00       		.byte	0
 1201 00e8 03       		.uleb128 0x3
 1202 00e9 08       		.uleb128 0x8
 1203 00ea 3A       		.uleb128 0x3a
 1204 00eb 0B       		.uleb128 0xb
 1205 00ec 3B       		.uleb128 0x3b
 1206 00ed 0B       		.uleb128 0xb
 1207 00ee 49       		.uleb128 0x49
 1208 00ef 13       		.uleb128 0x13
 1209 00f0 02       		.uleb128 0x2
 1210 00f1 17       		.uleb128 0x17
 1211 00f2 00       		.byte	0
 1212 00f3 00       		.byte	0
 1213 00f4 11       		.uleb128 0x11
 1214 00f5 34       		.uleb128 0x34
 1215 00f6 00       		.byte	0
 1216 00f7 03       		.uleb128 0x3
 1217 00f8 0E       		.uleb128 0xe
 1218 00f9 3A       		.uleb128 0x3a
 1219 00fa 0B       		.uleb128 0xb
 1220 00fb 3B       		.uleb128 0x3b
 1221 00fc 0B       		.uleb128 0xb
 1222 00fd 49       		.uleb128 0x49
 1223 00fe 13       		.uleb128 0x13
 1224 00ff 02       		.uleb128 0x2
 1225 0100 17       		.uleb128 0x17
 1226 0101 00       		.byte	0
 1227 0102 00       		.byte	0
 1228 0103 12       		.uleb128 0x12
 1229 0104 898201   		.uleb128 0x4109
 1230 0107 01       		.byte	0x1
 1231 0108 11       		.uleb128 0x11
 1232 0109 01       		.uleb128 0x1
 1233 010a 31       		.uleb128 0x31
 1234 010b 13       		.uleb128 0x13
 1235 010c 00       		.byte	0
 1236 010d 00       		.byte	0
 1237 010e 13       		.uleb128 0x13
 1238 010f 01       		.uleb128 0x1
 1239 0110 01       		.byte	0x1
 1240 0111 49       		.uleb128 0x49
 1241 0112 13       		.uleb128 0x13
ARM GAS  C:\Users\744\AppData\Local\Temp\ccwItKN1.s 			page 26


 1242 0113 01       		.uleb128 0x1
 1243 0114 13       		.uleb128 0x13
 1244 0115 00       		.byte	0
 1245 0116 00       		.byte	0
 1246 0117 14       		.uleb128 0x14
 1247 0118 21       		.uleb128 0x21
 1248 0119 00       		.byte	0
 1249 011a 49       		.uleb128 0x49
 1250 011b 13       		.uleb128 0x13
 1251 011c 2F       		.uleb128 0x2f
 1252 011d 0B       		.uleb128 0xb
 1253 011e 00       		.byte	0
 1254 011f 00       		.byte	0
 1255 0120 15       		.uleb128 0x15
 1256 0121 34       		.uleb128 0x34
 1257 0122 00       		.byte	0
 1258 0123 03       		.uleb128 0x3
 1259 0124 0E       		.uleb128 0xe
 1260 0125 3A       		.uleb128 0x3a
 1261 0126 0B       		.uleb128 0xb
 1262 0127 3B       		.uleb128 0x3b
 1263 0128 0B       		.uleb128 0xb
 1264 0129 49       		.uleb128 0x49
 1265 012a 13       		.uleb128 0x13
 1266 012b 3F       		.uleb128 0x3f
 1267 012c 19       		.uleb128 0x19
 1268 012d 02       		.uleb128 0x2
 1269 012e 18       		.uleb128 0x18
 1270 012f 00       		.byte	0
 1271 0130 00       		.byte	0
 1272 0131 16       		.uleb128 0x16
 1273 0132 26       		.uleb128 0x26
 1274 0133 00       		.byte	0
 1275 0134 49       		.uleb128 0x49
 1276 0135 13       		.uleb128 0x13
 1277 0136 00       		.byte	0
 1278 0137 00       		.byte	0
 1279 0138 17       		.uleb128 0x17
 1280 0139 2E       		.uleb128 0x2e
 1281 013a 01       		.byte	0x1
 1282 013b 3F       		.uleb128 0x3f
 1283 013c 19       		.uleb128 0x19
 1284 013d 03       		.uleb128 0x3
 1285 013e 0E       		.uleb128 0xe
 1286 013f 3A       		.uleb128 0x3a
 1287 0140 0B       		.uleb128 0xb
 1288 0141 3B       		.uleb128 0x3b
 1289 0142 0B       		.uleb128 0xb
 1290 0143 27       		.uleb128 0x27
 1291 0144 19       		.uleb128 0x19
 1292 0145 3C       		.uleb128 0x3c
 1293 0146 19       		.uleb128 0x19
 1294 0147 01       		.uleb128 0x1
 1295 0148 13       		.uleb128 0x13
 1296 0149 00       		.byte	0
 1297 014a 00       		.byte	0
 1298 014b 18       		.uleb128 0x18
ARM GAS  C:\Users\744\AppData\Local\Temp\ccwItKN1.s 			page 27


 1299 014c 05       		.uleb128 0x5
 1300 014d 00       		.byte	0
 1301 014e 49       		.uleb128 0x49
 1302 014f 13       		.uleb128 0x13
 1303 0150 00       		.byte	0
 1304 0151 00       		.byte	0
 1305 0152 19       		.uleb128 0x19
 1306 0153 2E       		.uleb128 0x2e
 1307 0154 00       		.byte	0
 1308 0155 3F       		.uleb128 0x3f
 1309 0156 19       		.uleb128 0x19
 1310 0157 03       		.uleb128 0x3
 1311 0158 0E       		.uleb128 0xe
 1312 0159 3A       		.uleb128 0x3a
 1313 015a 0B       		.uleb128 0xb
 1314 015b 3B       		.uleb128 0x3b
 1315 015c 0B       		.uleb128 0xb
 1316 015d 27       		.uleb128 0x27
 1317 015e 19       		.uleb128 0x19
 1318 015f 3C       		.uleb128 0x3c
 1319 0160 19       		.uleb128 0x19
 1320 0161 00       		.byte	0
 1321 0162 00       		.byte	0
 1322 0163 1A       		.uleb128 0x1a
 1323 0164 2E       		.uleb128 0x2e
 1324 0165 00       		.byte	0
 1325 0166 3F       		.uleb128 0x3f
 1326 0167 19       		.uleb128 0x19
 1327 0168 03       		.uleb128 0x3
 1328 0169 0E       		.uleb128 0xe
 1329 016a 3A       		.uleb128 0x3a
 1330 016b 0B       		.uleb128 0xb
 1331 016c 3B       		.uleb128 0x3b
 1332 016d 0B       		.uleb128 0xb
 1333 016e 27       		.uleb128 0x27
 1334 016f 19       		.uleb128 0x19
 1335 0170 49       		.uleb128 0x49
 1336 0171 13       		.uleb128 0x13
 1337 0172 3C       		.uleb128 0x3c
 1338 0173 19       		.uleb128 0x19
 1339 0174 00       		.byte	0
 1340 0175 00       		.byte	0
 1341 0176 00       		.byte	0
 1342              		.section	.debug_loc,"",%progbits
 1343              	.Ldebug_loc0:
 1344              	.LLST0:
 1345 0000 00000000 		.4byte	.LVL2
 1346 0004 0C000000 		.4byte	.LVL3
 1347 0008 0100     		.2byte	0x1
 1348 000a 50       		.byte	0x50
 1349 000b 0C000000 		.4byte	.LVL3
 1350 000f 2C000000 		.4byte	.LFE34
 1351 0013 0400     		.2byte	0x4
 1352 0015 F3       		.byte	0xf3
 1353 0016 01       		.uleb128 0x1
 1354 0017 50       		.byte	0x50
 1355 0018 9F       		.byte	0x9f
ARM GAS  C:\Users\744\AppData\Local\Temp\ccwItKN1.s 			page 28


 1356 0019 00000000 		.4byte	0
 1357 001d 00000000 		.4byte	0
 1358              	.LLST1:
 1359 0021 00000000 		.4byte	.LVL6
 1360 0025 0A000000 		.4byte	.LVL8
 1361 0029 0100     		.2byte	0x1
 1362 002b 50       		.byte	0x50
 1363 002c 0C000000 		.4byte	.LVL9
 1364 0030 18000000 		.4byte	.LVL13
 1365 0034 0100     		.2byte	0x1
 1366 0036 50       		.byte	0x50
 1367 0037 00000000 		.4byte	0
 1368 003b 00000000 		.4byte	0
 1369              	.LLST2:
 1370 003f 00000000 		.4byte	.LVL6
 1371 0043 04000000 		.4byte	.LVL7
 1372 0047 0200     		.2byte	0x2
 1373 0049 30       		.byte	0x30
 1374 004a 9F       		.byte	0x9f
 1375 004b 04000000 		.4byte	.LVL7
 1376 004f 0E000000 		.4byte	.LVL10
 1377 0053 0100     		.2byte	0x1
 1378 0055 53       		.byte	0x53
 1379 0056 10000000 		.4byte	.LVL11
 1380 005a 1A000000 		.4byte	.LFE37
 1381 005e 0100     		.2byte	0x1
 1382 0060 53       		.byte	0x53
 1383 0061 00000000 		.4byte	0
 1384 0065 00000000 		.4byte	0
 1385              	.LLST3:
 1386 0069 14000000 		.4byte	.LVL17
 1387 006d 1A000000 		.4byte	.LVL18
 1388 0071 0100     		.2byte	0x1
 1389 0073 50       		.byte	0x50
 1390 0074 4A000000 		.4byte	.LVL26
 1391 0078 4C000000 		.4byte	.LVL27
 1392 007c 0100     		.2byte	0x1
 1393 007e 50       		.byte	0x50
 1394 007f 00000000 		.4byte	0
 1395 0083 00000000 		.4byte	0
 1396              	.LLST4:
 1397 0087 2A000000 		.4byte	.LVL22
 1398 008b 30000000 		.4byte	.LVL23
 1399 008f 0100     		.2byte	0x1
 1400 0091 50       		.byte	0x50
 1401 0092 4E000000 		.4byte	.LVL28
 1402 0096 50000000 		.4byte	.LVL29
 1403 009a 0100     		.2byte	0x1
 1404 009c 50       		.byte	0x50
 1405 009d 00000000 		.4byte	0
 1406 00a1 00000000 		.4byte	0
 1407              	.LLST5:
 1408 00a5 22000000 		.4byte	.LVL32
 1409 00a9 28000000 		.4byte	.LVL33
 1410 00ad 0200     		.2byte	0x2
 1411 00af 30       		.byte	0x30
 1412 00b0 9F       		.byte	0x9f
ARM GAS  C:\Users\744\AppData\Local\Temp\ccwItKN1.s 			page 29


 1413 00b1 28000000 		.4byte	.LVL33
 1414 00b5 2A000000 		.4byte	.LVL34
 1415 00b9 0100     		.2byte	0x1
 1416 00bb 53       		.byte	0x53
 1417 00bc 2A000000 		.4byte	.LVL34
 1418 00c0 34000000 		.4byte	.LVL36
 1419 00c4 0100     		.2byte	0x1
 1420 00c6 52       		.byte	0x52
 1421 00c7 34000000 		.4byte	.LVL36
 1422 00cb 3A000000 		.4byte	.LVL37
 1423 00cf 0100     		.2byte	0x1
 1424 00d1 53       		.byte	0x53
 1425 00d2 00000000 		.4byte	0
 1426 00d6 00000000 		.4byte	0
 1427              	.LLST6:
 1428 00da 22000000 		.4byte	.LVL32
 1429 00de 28000000 		.4byte	.LVL33
 1430 00e2 0300     		.2byte	0x3
 1431 00e4 09       		.byte	0x9
 1432 00e5 FF       		.byte	0xff
 1433 00e6 9F       		.byte	0x9f
 1434 00e7 28000000 		.4byte	.LVL33
 1435 00eb A6000000 		.4byte	.LVL40
 1436 00ef 0100     		.2byte	0x1
 1437 00f1 54       		.byte	0x54
 1438 00f2 00000000 		.4byte	0
 1439 00f6 00000000 		.4byte	0
 1440              		.section	.debug_aranges,"",%progbits
 1441 0000 4C000000 		.4byte	0x4c
 1442 0004 0200     		.2byte	0x2
 1443 0006 00000000 		.4byte	.Ldebug_info0
 1444 000a 04       		.byte	0x4
 1445 000b 00       		.byte	0
 1446 000c 0000     		.2byte	0
 1447 000e 0000     		.2byte	0
 1448 0010 00000000 		.4byte	.LFB33
 1449 0014 14000000 		.4byte	.LFE33-.LFB33
 1450 0018 00000000 		.4byte	.LFB34
 1451 001c 2C000000 		.4byte	.LFE34-.LFB34
 1452 0020 00000000 		.4byte	.LFB35
 1453 0024 14000000 		.4byte	.LFE35-.LFB35
 1454 0028 00000000 		.4byte	.LFB36
 1455 002c 2C000000 		.4byte	.LFE36-.LFB36
 1456 0030 00000000 		.4byte	.LFB37
 1457 0034 1A000000 		.4byte	.LFE37-.LFB37
 1458 0038 00000000 		.4byte	.LFB38
 1459 003c 52000000 		.4byte	.LFE38-.LFB38
 1460 0040 00000000 		.4byte	.LFB39
 1461 0044 AC000000 		.4byte	.LFE39-.LFB39
 1462 0048 00000000 		.4byte	0
 1463 004c 00000000 		.4byte	0
 1464              		.section	.debug_ranges,"",%progbits
 1465              	.Ldebug_ranges0:
 1466 0000 00000000 		.4byte	.LFB33
 1467 0004 14000000 		.4byte	.LFE33
 1468 0008 00000000 		.4byte	.LFB34
 1469 000c 2C000000 		.4byte	.LFE34
ARM GAS  C:\Users\744\AppData\Local\Temp\ccwItKN1.s 			page 30


 1470 0010 00000000 		.4byte	.LFB35
 1471 0014 14000000 		.4byte	.LFE35
 1472 0018 00000000 		.4byte	.LFB36
 1473 001c 2C000000 		.4byte	.LFE36
 1474 0020 00000000 		.4byte	.LFB37
 1475 0024 1A000000 		.4byte	.LFE37
 1476 0028 00000000 		.4byte	.LFB38
 1477 002c 52000000 		.4byte	.LFE38
 1478 0030 00000000 		.4byte	.LFB39
 1479 0034 AC000000 		.4byte	.LFE39
 1480 0038 00000000 		.4byte	0
 1481 003c 00000000 		.4byte	0
 1482              		.section	.debug_line,"",%progbits
 1483              	.Ldebug_line0:
 1484 0000 74010000 		.section	.debug_str,"MS",%progbits,1
 1484      02008F00 
 1484      00000201 
 1484      FB0E0D00 
 1484      01010101 
 1485              	.LASF17:
 1486 0000 5075745F 		.ascii	"Put_KBD_Char\000"
 1486      4B42445F 
 1486      43686172 
 1486      00
 1487              	.LASF28:
 1488 000d 4E65774B 		.ascii	"NewKey\000"
 1488      657900
 1489              	.LASF18:
 1490 0014 4765745F 		.ascii	"Get_KBD_Char\000"
 1490      4B42445F 
 1490      43686172 
 1490      00
 1491              	.LASF42:
 1492 0021 443A5C37 		.ascii	"D:\\744\\psoc\\Calculator\\Calculator_with_float_va"
 1492      34345C70 
 1492      736F635C 
 1492      43616C63 
 1492      756C6174 
 1493 0050 6C756573 		.ascii	"lues.cydsn\000"
 1493      2E637964 
 1493      736E00
 1494              	.LASF35:
 1495 005b 4B42445F 		.ascii	"KBD_ROWPins_Write\000"
 1495      524F5750 
 1495      696E735F 
 1495      57726974 
 1495      6500
 1496              	.LASF3:
 1497 006d 73686F72 		.ascii	"short unsigned int\000"
 1497      7420756E 
 1497      7369676E 
 1497      65642069 
 1497      6E7400
 1498              	.LASF21:
 1499 0080 52656164 		.ascii	"ReadMatrix\000"
 1499      4D617472 
 1499      697800
ARM GAS  C:\Users\744\AppData\Local\Temp\ccwItKN1.s 			page 31


 1500              	.LASF36:
 1501 008b 4B42445F 		.ascii	"KBD_COLPins_Write\000"
 1501      434F4C50 
 1501      696E735F 
 1501      57726974 
 1501      6500
 1502              	.LASF43:
 1503 009d 4B42445F 		.ascii	"KBD_Char_Ready\000"
 1503      43686172 
 1503      5F526561 
 1503      647900
 1504              	.LASF38:
 1505 00ac 4B42445F 		.ascii	"KBD_COLPins_Read\000"
 1505      434F4C50 
 1505      696E735F 
 1505      52656164 
 1505      00
 1506              	.LASF9:
 1507 00bd 666C6F61 		.ascii	"float\000"
 1507      7400
 1508              	.LASF22:
 1509 00c3 436F6C75 		.ascii	"Column\000"
 1509      6D6E00
 1510              	.LASF1:
 1511 00ca 756E7369 		.ascii	"unsigned char\000"
 1511      676E6564 
 1511      20636861 
 1511      7200
 1512              	.LASF12:
 1513 00d8 63686172 		.ascii	"char8\000"
 1513      3800
 1514              	.LASF5:
 1515 00de 6C6F6E67 		.ascii	"long unsigned int\000"
 1515      20756E73 
 1515      69676E65 
 1515      6420696E 
 1515      7400
 1516              	.LASF11:
 1517 00f0 75696E74 		.ascii	"uint8\000"
 1517      3800
 1518              	.LASF24:
 1519 00f6 53746174 		.ascii	"State\000"
 1519      6500
 1520              	.LASF23:
 1521 00fc 4B65795F 		.ascii	"Key_Debounce\000"
 1521      4465626F 
 1521      756E6365 
 1521      00
 1522              	.LASF41:
 1523 0109 2E5C4B65 		.ascii	".\\Keyboard.c\000"
 1523      79626F61 
 1523      72642E63 
 1523      00
 1524              	.LASF31:
 1525 0116 4B42445F 		.ascii	"KBD_ReadIndex\000"
 1525      52656164 
 1525      496E6465 
ARM GAS  C:\Users\744\AppData\Local\Temp\ccwItKN1.s 			page 32


 1525      7800
 1526              	.LASF10:
 1527 0124 646F7562 		.ascii	"double\000"
 1527      6C6500
 1528              	.LASF44:
 1529 012b 4465626F 		.ascii	"Debounce_Timer_Start\000"
 1529      756E6365 
 1529      5F54696D 
 1529      65725F53 
 1529      74617274 
 1530              	.LASF20:
 1531 0140 52657375 		.ascii	"Result\000"
 1531      6C7400
 1532              	.LASF26:
 1533 0147 4B65795F 		.ascii	"Key_Pressed_Delay\000"
 1533      50726573 
 1533      7365645F 
 1533      44656C61 
 1533      7900
 1534              	.LASF8:
 1535 0159 756E7369 		.ascii	"unsigned int\000"
 1535      676E6564 
 1535      20696E74 
 1535      00
 1536              	.LASF30:
 1537 0166 4B42445F 		.ascii	"KBD_WriteIndex\000"
 1537      57726974 
 1537      65496E64 
 1537      657800
 1538              	.LASF37:
 1539 0175 4B42445F 		.ascii	"KBD_ROWPins_Read\000"
 1539      524F5750 
 1539      696E735F 
 1539      52656164 
 1539      00
 1540              	.LASF7:
 1541 0186 6C6F6E67 		.ascii	"long long unsigned int\000"
 1541      206C6F6E 
 1541      6720756E 
 1541      7369676E 
 1541      65642069 
 1542              	.LASF14:
 1543 019d 63796973 		.ascii	"cyisraddress\000"
 1543      72616464 
 1543      72657373 
 1543      00
 1544              	.LASF16:
 1545 01aa 4B657962 		.ascii	"Keyboard_Init\000"
 1545      6F617264 
 1545      5F496E69 
 1545      7400
 1546              	.LASF15:
 1547 01b8 73697A65 		.ascii	"sizetype\000"
 1547      74797065 
 1547      00
 1548              	.LASF40:
 1549 01c1 474E5520 		.ascii	"GNU C 4.9.3 20150303 (release) [ARM/embedded-4_9-br"
ARM GAS  C:\Users\744\AppData\Local\Temp\ccwItKN1.s 			page 33


 1549      4320342E 
 1549      392E3320 
 1549      32303135 
 1549      30333033 
 1550 01f4 616E6368 		.ascii	"anch revision 221220] -mcpu=cortex-m0 -mthumb -g -O"
 1550      20726576 
 1550      6973696F 
 1550      6E203232 
 1550      31323230 
 1551 0227 67202D66 		.ascii	"g -ffunction-sections -ffat-lto-objects\000"
 1551      66756E63 
 1551      74696F6E 
 1551      2D736563 
 1551      74696F6E 
 1552              	.LASF6:
 1553 024f 6C6F6E67 		.ascii	"long long int\000"
 1553      206C6F6E 
 1553      6720696E 
 1553      7400
 1554              	.LASF27:
 1555 025d 4B65795F 		.ascii	"Key_Generate_Delay\000"
 1555      47656E65 
 1555      72617465 
 1555      5F44656C 
 1555      617900
 1556              	.LASF13:
 1557 0270 63686172 		.ascii	"char\000"
 1557      00
 1558              	.LASF32:
 1559 0275 4B42445F 		.ascii	"KBD_Buffer\000"
 1559      42756666 
 1559      657200
 1560              	.LASF25:
 1561 0280 53746174 		.ascii	"StateIndex\000"
 1561      65496E64 
 1561      657800
 1562              	.LASF29:
 1563 028b 4465626F 		.ascii	"Debounced_Key\000"
 1563      756E6365 
 1563      645F4B65 
 1563      7900
 1564              	.LASF39:
 1565 0299 4465626F 		.ascii	"Debounce_Timer_ReadStatusRegister\000"
 1565      756E6365 
 1565      5F54696D 
 1565      65725F52 
 1565      65616453 
 1566              	.LASF2:
 1567 02bb 73686F72 		.ascii	"short int\000"
 1567      7420696E 
 1567      7400
 1568              	.LASF34:
 1569 02c5 4465626F 		.ascii	"Debounce_Int_StartEx\000"
 1569      756E6365 
 1569      5F496E74 
 1569      5F537461 
 1569      72744578 
ARM GAS  C:\Users\744\AppData\Local\Temp\ccwItKN1.s 			page 34


 1570              	.LASF4:
 1571 02da 6C6F6E67 		.ascii	"long int\000"
 1571      20696E74 
 1571      00
 1572              	.LASF0:
 1573 02e3 7369676E 		.ascii	"signed char\000"
 1573      65642063 
 1573      68617200 
 1574              	.LASF33:
 1575 02ef 5472616E 		.ascii	"TranslateTable\000"
 1575      736C6174 
 1575      65546162 
 1575      6C6500
 1576              	.LASF19:
 1577 02fe 4C6F7765 		.ascii	"LowestBitPosition\000"
 1577      73744269 
 1577      74506F73 
 1577      6974696F 
 1577      6E00
 1578              		.ident	"GCC: (GNU Tools for ARM Embedded Processors) 4.9.3 20150303 (release) [ARM/embedded-4_9-br
