Loading plugins phase: Elapsed time ==> 0s.248ms
Initializing data phase: Elapsed time ==> 0s.000ms
<CYPRESSTAG name="CyDsfit arguments...">
cydsfit arguments: -.fdsnotice -.fdswarpdepfile=warp_dependencies.txt -.fdselabdepfile=elab_dependencies.txt -.fdsbldfile=generated_files.txt -p D:\744\psoc\test_project\Calculator.cydsn\Calculator.cyprj -d CY8C4245AXI-483 -s D:\744\psoc\test_project\Calculator.cydsn\Generated_Source\PSoC4 -- -yv2 -q10 -ygs -o2 -v3 -.fftcfgtype=LE</CYPRESSTAG>
<CYPRESSTAG name="Design elaboration results...">
</CYPRESSTAG>
Elaboration phase: Elapsed time ==> 0s.480ms
<CYPRESSTAG name="HDL generation results...">
</CYPRESSTAG>
HDL generation phase: Elapsed time ==> 0s.026ms
<CYPRESSTAG name="Synthesis results...">

     | | | | | | |
   _________________
  -|               |-
  -|               |-
  -|               |-
  -|    CYPRESS    |-
  -|               |-
  -|               |-   Warp Verilog Synthesis Compiler: Version 6.3 IR 41
  -|               |-   Copyright (C) 1991-2001 Cypress Semiconductor
   |_______________|
     | | | | | | |

======================================================================
Compiling:  Calculator.v
Program  :   C:\Program Files (x86)\Cypress\PSoC Creator\3.3\PSoC Creator\warp\bin/warp.exe
Options  :    -yv2 -q10 -ygs -o2 -v3 -.fftcfgtype=LE -ya -.fftprj=D:\744\psoc\test_project\Calculator.cydsn\Calculator.cyprj -dcpsoc3 Calculator.v -verilog
======================================================================

======================================================================
Compiling:  Calculator.v
Program  :   C:\Program Files (x86)\Cypress\PSoC Creator\3.3\PSoC Creator\warp\bin/warp.exe
Options  :    -yv2 -q10 -ygs -o2 -v3 -.fftcfgtype=LE -ya -.fftprj=D:\744\psoc\test_project\Calculator.cydsn\Calculator.cyprj -dcpsoc3 Calculator.v -verilog
======================================================================

======================================================================
Compiling:  Calculator.v
Program  :   vlogfe
Options  :    -yv2 -q10 -ygs -o2 -v3 -.fftcfgtype=LE -ya -.fftprj=D:\744\psoc\test_project\Calculator.cydsn\Calculator.cyprj -dcpsoc3 -verilog Calculator.v
======================================================================

vlogfe V6.3 IR 41:  Verilog parser
Sun Nov 29 11:06:45 2015


======================================================================
Compiling:  Calculator.v
Program  :   vpp
Options  :    -yv2 -q10 Calculator.v
======================================================================

vpp V6.3 IR 41:  Verilog Pre-Processor
Sun Nov 29 11:06:45 2015

Flattening file 'C:\Program Files (x86)\Cypress\PSoC Creator\3.3\PSoC Creator\psoc\content\cyprimitives\CyPrimitives.cylib\CyStatusReg_v1_90\CyStatusReg_v1_90.v'
Flattening file 'C:\Program Files (x86)\Cypress\PSoC Creator\3.3\PSoC Creator\warp\lib\common\cypress.v'
Flattening file 'C:\Program Files (x86)\Cypress\PSoC Creator\3.3\PSoC Creator\warp\lib\common\cy_psoc3_inc.v'
Flattening file 'C:\Program Files (x86)\Cypress\PSoC Creator\3.3\PSoC Creator\psoc\content\cycomponentlibrary\CyComponentLibrary.cylib\LUT_v1_50\LUT_v1_50.v'
Flattening file 'C:\Program Files (x86)\Cypress\PSoC Creator\3.3\PSoC Creator\psoc\content\cycomponentlibrary\CyComponentLibrary.cylib\Debouncer_v1_0\Debouncer_v1_0.v'
Flattening file 'C:\Program Files (x86)\Cypress\PSoC Creator\3.3\PSoC Creator\warp\lib\common\cypress.v'

vpp:  No errors.

Library 'work' => directory 'lcpsoc3'
General_symbol_table
General_symbol_table
Linking 'C:\Program Files (x86)\Cypress\PSoC Creator\3.3\PSoC Creator\warp\lib\common\std.vhd'.
Linking 'C:\Program Files (x86)\Cypress\PSoC Creator\3.3\PSoC Creator\warp\lib\common\cypress.vhd'.
Linking 'C:\Program Files (x86)\Cypress\PSoC Creator\3.3\PSoC Creator\warp\lib\common\work\cypress.vif'.
Linking 'C:\Program Files (x86)\Cypress\PSoC Creator\3.3\PSoC Creator\warp\lib\ieee\work\stdlogic.vif'.
Linking 'C:\Program Files (x86)\Cypress\PSoC Creator\3.3\PSoC Creator\warp\lib\common\stdlogic\lpmpkg.vif'.
Linking 'C:\Program Files (x86)\Cypress\PSoC Creator\3.3\PSoC Creator\warp\lib\common\stdlogic\rtlpkg.vif'.
Linking 'C:\Program Files (x86)\Cypress\PSoC Creator\3.3\PSoC Creator\warp\lib\common\stdlogic\mod_cnst.vif'.
Linking 'C:\Program Files (x86)\Cypress\PSoC Creator\3.3\PSoC Creator\warp\lib\common\stdlogic\mod_mthv.vif'.
Linking 'C:\Program Files (x86)\Cypress\PSoC Creator\3.3\PSoC Creator\warp\lib\common\stdlogic\mod_genv.vif'.
Using control file 'Calculator.ctl'.

vlogfe:  No errors.


======================================================================
Compiling:  Calculator.v
Program  :   tovif
Options  :    -yv2 -q10 -ygs -o2 -v3 -.fftcfgtype=LE -ya -.fftprj=D:\744\psoc\test_project\Calculator.cydsn\Calculator.cyprj -dcpsoc3 -verilog Calculator.v
======================================================================

tovif V6.3 IR 41:  High-level synthesis
Sun Nov 29 11:06:45 2015

Linking 'C:\Program Files (x86)\Cypress\PSoC Creator\3.3\PSoC Creator\warp\lib\common\std.vhd'.
Linking 'C:\Program Files (x86)\Cypress\PSoC Creator\3.3\PSoC Creator\warp\lib\common\cypress.vhd'.
Linking 'C:\Program Files (x86)\Cypress\PSoC Creator\3.3\PSoC Creator\warp\lib\common\work\cypress.vif'.
Linking 'C:\Program Files (x86)\Cypress\PSoC Creator\3.3\PSoC Creator\warp\lib\ieee\work\stdlogic.vif'.
Linking 'C:\Program Files (x86)\Cypress\PSoC Creator\3.3\PSoC Creator\warp\lib\common\stdlogic\lpmpkg.vif'.
Linking 'C:\Program Files (x86)\Cypress\PSoC Creator\3.3\PSoC Creator\warp\lib\common\stdlogic\rtlpkg.vif'.
Linking 'C:\Program Files (x86)\Cypress\PSoC Creator\3.3\PSoC Creator\warp\lib\common\stdlogic\mod_cnst.vif'.
Linking 'C:\Program Files (x86)\Cypress\PSoC Creator\3.3\PSoC Creator\warp\lib\common\stdlogic\mod_mthv.vif'.
Linking 'C:\Program Files (x86)\Cypress\PSoC Creator\3.3\PSoC Creator\warp\lib\common\stdlogic\mod_genv.vif'.
Linking 'D:\744\psoc\test_project\Calculator.cydsn\codegentemp\Calculator.ctl'.
Linking 'D:\744\psoc\test_project\Calculator.cydsn\codegentemp\Calculator.v'.
Linking 'C:\Program Files (x86)\Cypress\PSoC Creator\3.3\PSoC Creator\psoc\content\cyprimitives\CyPrimitives.cylib\CyStatusReg_v1_90\CyStatusReg_v1_90.v'.
Linking 'C:\Program Files (x86)\Cypress\PSoC Creator\3.3\PSoC Creator\warp\lib\common\cypress.v'.
Linking 'C:\Program Files (x86)\Cypress\PSoC Creator\3.3\PSoC Creator\warp\lib\common\cy_psoc3_inc.v'.
Linking 'C:\Program Files (x86)\Cypress\PSoC Creator\3.3\PSoC Creator\psoc\content\cycomponentlibrary\CyComponentLibrary.cylib\LUT_v1_50\LUT_v1_50.v'.
Linking 'C:\Program Files (x86)\Cypress\PSoC Creator\3.3\PSoC Creator\psoc\content\cycomponentlibrary\CyComponentLibrary.cylib\Debouncer_v1_0\Debouncer_v1_0.v'.

tovif:  No errors.


======================================================================
Compiling:  Calculator.v
Program  :   topld
Options  :    -yv2 -q10 -ygs -o2 -v3 -.fftcfgtype=LE -ya -.fftprj=D:\744\psoc\test_project\Calculator.cydsn\Calculator.cyprj -dcpsoc3 -verilog Calculator.v
======================================================================

topld V6.3 IR 41:  Synthesis and optimization
Sun Nov 29 11:06:45 2015

Linking 'C:\Program Files (x86)\Cypress\PSoC Creator\3.3\PSoC Creator\warp\lib\common\std.vhd'.
Linking 'C:\Program Files (x86)\Cypress\PSoC Creator\3.3\PSoC Creator\warp\lib\common\cypress.vhd'.
Linking 'C:\Program Files (x86)\Cypress\PSoC Creator\3.3\PSoC Creator\warp\lib\common\work\cypress.vif'.
Linking 'C:\Program Files (x86)\Cypress\PSoC Creator\3.3\PSoC Creator\warp\lib\ieee\work\stdlogic.vif'.
Linking 'C:\Program Files (x86)\Cypress\PSoC Creator\3.3\PSoC Creator\warp\lib\common\stdlogic\lpmpkg.vif'.
Linking 'C:\Program Files (x86)\Cypress\PSoC Creator\3.3\PSoC Creator\warp\lib\common\stdlogic\rtlpkg.vif'.
Linking 'C:\Program Files (x86)\Cypress\PSoC Creator\3.3\PSoC Creator\warp\lib\common\stdlogic\mod_cnst.vif'.
Linking 'C:\Program Files (x86)\Cypress\PSoC Creator\3.3\PSoC Creator\warp\lib\common\stdlogic\mod_mthv.vif'.
Linking 'C:\Program Files (x86)\Cypress\PSoC Creator\3.3\PSoC Creator\warp\lib\common\stdlogic\mod_genv.vif'.
Linking 'D:\744\psoc\test_project\Calculator.cydsn\codegentemp\Calculator.ctl'.
Linking 'D:\744\psoc\test_project\Calculator.cydsn\codegentemp\Calculator.v'.
Linking 'C:\Program Files (x86)\Cypress\PSoC Creator\3.3\PSoC Creator\psoc\content\cyprimitives\CyPrimitives.cylib\CyStatusReg_v1_90\CyStatusReg_v1_90.v'.
Linking 'C:\Program Files (x86)\Cypress\PSoC Creator\3.3\PSoC Creator\warp\lib\common\cypress.v'.
Linking 'C:\Program Files (x86)\Cypress\PSoC Creator\3.3\PSoC Creator\warp\lib\common\cy_psoc3_inc.v'.
Linking 'C:\Program Files (x86)\Cypress\PSoC Creator\3.3\PSoC Creator\psoc\content\cycomponentlibrary\CyComponentLibrary.cylib\LUT_v1_50\LUT_v1_50.v'.
Linking 'C:\Program Files (x86)\Cypress\PSoC Creator\3.3\PSoC Creator\psoc\content\cycomponentlibrary\CyComponentLibrary.cylib\Debouncer_v1_0\Debouncer_v1_0.v'.
Linking 'C:\Program Files (x86)\Cypress\PSoC Creator\3.3\PSoC Creator\warp\lib\lcpsoc3\stdlogic\cpsoc3.vif'.

----------------------------------------------------------
Detecting unused logic.
----------------------------------------------------------
    User names
	Net_33


Deleted 1 User equation or component.
Deleted 0 Synthesized equations/components.

------------------------------------------------------
Alias Detection
------------------------------------------------------
Aliasing \LCD:tmpOE__LCDPort_net_5\ to \LCD:tmpOE__LCDPort_net_6\
Aliasing \LCD:tmpOE__LCDPort_net_4\ to \LCD:tmpOE__LCDPort_net_6\
Aliasing \LCD:tmpOE__LCDPort_net_3\ to \LCD:tmpOE__LCDPort_net_6\
Aliasing \LCD:tmpOE__LCDPort_net_2\ to \LCD:tmpOE__LCDPort_net_6\
Aliasing \LCD:tmpOE__LCDPort_net_1\ to \LCD:tmpOE__LCDPort_net_6\
Aliasing \LCD:tmpOE__LCDPort_net_0\ to \LCD:tmpOE__LCDPort_net_6\
Aliasing one to \LCD:tmpOE__LCDPort_net_6\
Aliasing \Keypad_1:Status_Reg:status_5\ to zero
Aliasing \Keypad_1:Status_Reg:status_6\ to zero
Aliasing \Keypad_1:Status_Reg:status_7\ to zero
Aliasing \Keypad_1:tmpOE__Column_net_3\ to \LCD:tmpOE__LCDPort_net_6\
Aliasing \Keypad_1:tmpOE__Column_net_2\ to \LCD:tmpOE__LCDPort_net_6\
Aliasing \Keypad_1:tmpOE__Column_net_1\ to \LCD:tmpOE__LCDPort_net_6\
Aliasing \Keypad_1:tmpOE__Column_net_0\ to \LCD:tmpOE__LCDPort_net_6\
Aliasing \Keypad_1:tmpOE__Row_net_3\ to \LCD:tmpOE__LCDPort_net_6\
Aliasing \Keypad_1:tmpOE__Row_net_2\ to \LCD:tmpOE__LCDPort_net_6\
Aliasing \Keypad_1:tmpOE__Row_net_1\ to \LCD:tmpOE__LCDPort_net_6\
Aliasing \Keypad_1:tmpOE__Row_net_0\ to \LCD:tmpOE__LCDPort_net_6\
Aliasing \Debouncer_1:DEBOUNCER[0]:d_sync_0\\D\ to \Keypad_1:Status_Reg:status_4\
Aliasing Net_36D to zero
Aliasing Net_34D to zero
Aliasing Net_35D to zero
Removing Lhs of wire \LCD:tmpOE__LCDPort_net_5\[2] = \LCD:tmpOE__LCDPort_net_6\[1]
Removing Lhs of wire \LCD:tmpOE__LCDPort_net_4\[3] = \LCD:tmpOE__LCDPort_net_6\[1]
Removing Lhs of wire \LCD:tmpOE__LCDPort_net_3\[4] = \LCD:tmpOE__LCDPort_net_6\[1]
Removing Lhs of wire \LCD:tmpOE__LCDPort_net_2\[5] = \LCD:tmpOE__LCDPort_net_6\[1]
Removing Lhs of wire \LCD:tmpOE__LCDPort_net_1\[6] = \LCD:tmpOE__LCDPort_net_6\[1]
Removing Lhs of wire \LCD:tmpOE__LCDPort_net_0\[7] = \LCD:tmpOE__LCDPort_net_6\[1]
Removing Rhs of wire one[24] = \LCD:tmpOE__LCDPort_net_6\[1]
Removing Lhs of wire \Keypad_1:Status_Reg:status_0\[26] = \Keypad_1:Net_16\[27]
Removing Rhs of wire \Keypad_1:Net_16\[27] = \Keypad_1:LUT_1:tmp__LUT_1_reg_4\[50]
Removing Lhs of wire \Keypad_1:Status_Reg:status_1\[28] = \Keypad_1:Net_12\[29]
Removing Rhs of wire \Keypad_1:Net_12\[29] = \Keypad_1:LUT_1:tmp__LUT_1_reg_5\[49]
Removing Lhs of wire \Keypad_1:Status_Reg:status_2\[30] = \Keypad_1:Net_14\[31]
Removing Rhs of wire \Keypad_1:Net_14\[31] = \Keypad_1:LUT_2:tmp__LUT_2_reg_0\[65]
Removing Lhs of wire \Keypad_1:Status_Reg:status_3\[32] = \Keypad_1:Net_15\[33]
Removing Rhs of wire \Keypad_1:Net_15\[33] = \Keypad_1:LUT_2:tmp__LUT_2_reg_1\[64]
Removing Lhs of wire \Keypad_1:Status_Reg:status_4\[34] = Net_2[35]
Removing Rhs of wire Net_2[35] = \Keypad_1:LUT_2:tmp__LUT_2_reg_2\[63]
Removing Lhs of wire \Keypad_1:Status_Reg:status_5\[36] = zero[8]
Removing Lhs of wire \Keypad_1:Status_Reg:status_6\[37] = zero[8]
Removing Lhs of wire \Keypad_1:Status_Reg:status_7\[38] = zero[8]
Removing Lhs of wire \Keypad_1:LUT_1:tmp__LUT_1_ins_3\[41] = \Keypad_1:Net_83\[42]
Removing Rhs of wire \Keypad_1:Net_83\[42] = \Keypad_1:LUT_1:tmp__LUT_1_reg_3\[51]
Removing Lhs of wire \Keypad_1:LUT_1:tmp__LUT_1_ins_2\[43] = \Keypad_1:Net_82\[44]
Removing Rhs of wire \Keypad_1:Net_82\[44] = \Keypad_1:LUT_1:tmp__LUT_1_reg_2\[52]
Removing Lhs of wire \Keypad_1:LUT_1:tmp__LUT_1_ins_1\[45] = \Keypad_1:Net_81\[46]
Removing Rhs of wire \Keypad_1:Net_81\[46] = \Keypad_1:LUT_1:tmp__LUT_1_reg_1\[53]
Removing Lhs of wire \Keypad_1:LUT_1:tmp__LUT_1_ins_0\[47] = \Keypad_1:Net_80\[48]
Removing Rhs of wire \Keypad_1:Net_80\[48] = \Keypad_1:LUT_1:tmp__LUT_1_reg_0\[54]
Removing Lhs of wire \Keypad_1:LUT_2:tmp__LUT_2_ins_3\[55] = \Keypad_1:Net_259\[56]
Removing Lhs of wire \Keypad_1:LUT_2:tmp__LUT_2_ins_2\[57] = \Keypad_1:Net_258\[58]
Removing Lhs of wire \Keypad_1:LUT_2:tmp__LUT_2_ins_1\[59] = \Keypad_1:Net_257\[60]
Removing Lhs of wire \Keypad_1:LUT_2:tmp__LUT_2_ins_0\[61] = \Keypad_1:Net_256\[62]
Removing Lhs of wire \Keypad_1:tmpOE__Column_net_3\[67] = one[24]
Removing Lhs of wire \Keypad_1:tmpOE__Column_net_2\[68] = one[24]
Removing Lhs of wire \Keypad_1:tmpOE__Column_net_1\[69] = one[24]
Removing Lhs of wire \Keypad_1:tmpOE__Column_net_0\[70] = one[24]
Removing Lhs of wire \Keypad_1:tmpOE__Row_net_3\[82] = one[24]
Removing Lhs of wire \Keypad_1:tmpOE__Row_net_2\[83] = one[24]
Removing Lhs of wire \Keypad_1:tmpOE__Row_net_1\[84] = one[24]
Removing Lhs of wire \Keypad_1:tmpOE__Row_net_0\[85] = one[24]
Removing Lhs of wire \Debouncer_1:DEBOUNCER[0]:d_sync_0\\D\[109] = Net_2[35]
Removing Lhs of wire \Debouncer_1:DEBOUNCER[0]:d_sync_1\\D\[110] = \Debouncer_1:DEBOUNCER[0]:d_sync_0\[96]
Removing Lhs of wire Net_36D[111] = zero[8]
Removing Lhs of wire Net_34D[112] = zero[8]
Removing Lhs of wire Net_35D[113] = zero[8]

------------------------------------------------------
Aliased 0 equations, 45 wires.
------------------------------------------------------

----------------------------------------------------------
Circuit simplification
----------------------------------------------------------

Substituting virtuals - pass 1:


----------------------------------------------------------
Circuit simplification results:

	Expanded 0 signals.
	Turned 0 signals into soft nodes.
	Maximum default expansion cost was set at 3.
----------------------------------------------------------

topld:  No errors.

CYPRESS_DIR    : C:\Program Files (x86)\Cypress\PSoC Creator\3.3\PSoC Creator\warp
Warp Program   : C:\Program Files (x86)\Cypress\PSoC Creator\3.3\PSoC Creator\warp\bin/warp.exe
Warp Arguments : -yv2 -q10 -ygs -o2 -v3 -.fftcfgtype=LE -ya -.fftprj=D:\744\psoc\test_project\Calculator.cydsn\Calculator.cyprj -dcpsoc3 Calculator.v -verilog
</CYPRESSTAG>
Warp synthesis phase: Elapsed time ==> 0s.309ms
<CYPRESSTAG name="Fitter results...">
<CYPRESSTAG name="Fitter startup details...">
cyp3fit: V3.3.0.410, Family: PSoC3, Started at: Sunday, 29 November 2015 11:06:45
Options: -yv2 -q10 -ygs -o2 -v3 -.fftcfgtype=LE -ya -.fftprj=D:\744\psoc\test_project\Calculator.cydsn\Calculator.cyprj -d CY8C4245AXI-483 Calculator.v -verilog
</CYPRESSTAG>
<CYPRESSTAG name="Design parsing">
Design parsing phase: Elapsed time ==> 0s.009ms
</CYPRESSTAG>
<CYPRESSTAG name="Tech mapping">
<CYPRESSTAG name="Initial Mapping" icon="FILE_RPT_TECHM">
    Converted constant MacroCell: Net_36 from registered to combinatorial
    Converted constant MacroCell: Net_34 from registered to combinatorial
    Converted constant MacroCell: Net_35 from registered to combinatorial

Removing unused cells resulting from optimization
Done removing unused cells.
<CYPRESSTAG name="Global Clock Selection" icon="FILE_RPT_TECHM">
    Digital Clock 0: Automatic-assigning  clock 'Clock_1'. Fanout=1, Signal=Net_13_digital
    Digital Clock 1: Automatic-assigning  clock 'Keypad_1_Clock'. Fanout=6, Signal=\Keypad_1:Net_64_digital\
<CYPRESSTAG name="UDB Clock/Enable Remapping Results">
    UDB Clk/Enable \Debouncer_1:ClkSync\: with output requested to be synchronous
        ClockIn: ClockGenBlock:m0s8clockgenblockcell.gen_clk_out_0 was determined to be a global clock that is synchronous to HFCLK
        EnableIn: Constant 1 was determined to be synchronous to ClockIn
        ClockOut: ClockGenBlock:m0s8clockgenblockcell.gen_clk_out_0, EnableOut: Constant 1
</CYPRESSTAG>
</CYPRESSTAG>

Removing unused cells resulting from optimization
Done removing unused cells.
<CYPRESSTAG name="Duplicate Macrocell detection">
</CYPRESSTAG>
</CYPRESSTAG>
<CYPRESSTAG name="Duplicate Macrocell detection">
</CYPRESSTAG>
<CYPRESSTAG name="Design Equations" icon="FILE_RPT_EQUATION">

------------------------------------------------------------
Design Equations
------------------------------------------------------------
    <CYPRESSTAG name="Pin listing">

    ------------------------------------------------------------
    Pin listing
    ------------------------------------------------------------

    Pin : Name = \LCD:LCDPort(0)\
        Attributes:
            In Group/Port: True
            In Sync Option: AUTO
            Out Sync Option: NOSYNC
            Interrupt generated: False
            Interrupt mode: NONE
            Drive mode: CMOS_OUT
            VTrip: EITHER
            Slew: FAST
            Input Sync needed: False
            Output Sync needed: False
            SC shield enabled: False
            POR State: ANY
            LCD Mode: COMMON
            Register Mode: RegComb
            CaSense Mode: NEITHER
            Treat as pin: False
            Is OE Registered: False
            Uses Analog: False
            Can contain Digital: True
            Is SIO: False
            SIO Output Buf: NONREGULATED
            SIO Input Buf: SINGLE_ENDED
            SIO HiFreq: LOW
            SIO Hyst: DISABLED
            SIO Vtrip: MULTIPLIER_0_5
            SIO Multiplier Index: 0
            SIO RefSel: VCC_IO
            Required Capabilitites: DIGITAL
            Initial Value: 0
            IO Voltage: 0
        PORT MAP (
            pa_out => \LCD:LCDPort(0)\__PA ,
            pad => \LCD:LCDPort(0)_PAD\ );
        Properties:
        {
        }

    Pin : Name = \LCD:LCDPort(1)\
        Attributes:
            In Group/Port: True
            In Sync Option: AUTO
            Out Sync Option: NOSYNC
            Interrupt generated: False
            Interrupt mode: NONE
            Drive mode: CMOS_OUT
            VTrip: EITHER
            Slew: FAST
            Input Sync needed: False
            Output Sync needed: False
            SC shield enabled: False
            POR State: ANY
            LCD Mode: COMMON
            Register Mode: RegComb
            CaSense Mode: NEITHER
            Treat as pin: False
            Is OE Registered: False
            Uses Analog: False
            Can contain Digital: True
            Is SIO: False
            SIO Output Buf: NONREGULATED
            SIO Input Buf: SINGLE_ENDED
            SIO HiFreq: LOW
            SIO Hyst: DISABLED
            SIO Vtrip: MULTIPLIER_0_5
            SIO Multiplier Index: 0
            SIO RefSel: VCC_IO
            Required Capabilitites: DIGITAL
            Initial Value: 0
            IO Voltage: 0
        PORT MAP (
            pa_out => \LCD:LCDPort(1)\__PA ,
            pad => \LCD:LCDPort(1)_PAD\ );
        Properties:
        {
        }

    Pin : Name = \LCD:LCDPort(2)\
        Attributes:
            In Group/Port: True
            In Sync Option: AUTO
            Out Sync Option: NOSYNC
            Interrupt generated: False
            Interrupt mode: NONE
            Drive mode: CMOS_OUT
            VTrip: EITHER
            Slew: FAST
            Input Sync needed: False
            Output Sync needed: False
            SC shield enabled: False
            POR State: ANY
            LCD Mode: COMMON
            Register Mode: RegComb
            CaSense Mode: NEITHER
            Treat as pin: False
            Is OE Registered: False
            Uses Analog: False
            Can contain Digital: True
            Is SIO: False
            SIO Output Buf: NONREGULATED
            SIO Input Buf: SINGLE_ENDED
            SIO HiFreq: LOW
            SIO Hyst: DISABLED
            SIO Vtrip: MULTIPLIER_0_5
            SIO Multiplier Index: 0
            SIO RefSel: VCC_IO
            Required Capabilitites: DIGITAL
            Initial Value: 0
            IO Voltage: 0
        PORT MAP (
            pa_out => \LCD:LCDPort(2)\__PA ,
            pad => \LCD:LCDPort(2)_PAD\ );
        Properties:
        {
        }

    Pin : Name = \LCD:LCDPort(3)\
        Attributes:
            In Group/Port: True
            In Sync Option: AUTO
            Out Sync Option: NOSYNC
            Interrupt generated: False
            Interrupt mode: NONE
            Drive mode: CMOS_OUT
            VTrip: EITHER
            Slew: FAST
            Input Sync needed: False
            Output Sync needed: False
            SC shield enabled: False
            POR State: ANY
            LCD Mode: COMMON
            Register Mode: RegComb
            CaSense Mode: NEITHER
            Treat as pin: False
            Is OE Registered: False
            Uses Analog: False
            Can contain Digital: True
            Is SIO: False
            SIO Output Buf: NONREGULATED
            SIO Input Buf: SINGLE_ENDED
            SIO HiFreq: LOW
            SIO Hyst: DISABLED
            SIO Vtrip: MULTIPLIER_0_5
            SIO Multiplier Index: 0
            SIO RefSel: VCC_IO
            Required Capabilitites: DIGITAL
            Initial Value: 0
            IO Voltage: 0
        PORT MAP (
            pa_out => \LCD:LCDPort(3)\__PA ,
            pad => \LCD:LCDPort(3)_PAD\ );
        Properties:
        {
        }

    Pin : Name = \LCD:LCDPort(4)\
        Attributes:
            In Group/Port: True
            In Sync Option: AUTO
            Out Sync Option: NOSYNC
            Interrupt generated: False
            Interrupt mode: NONE
            Drive mode: CMOS_OUT
            VTrip: EITHER
            Slew: FAST
            Input Sync needed: False
            Output Sync needed: False
            SC shield enabled: False
            POR State: ANY
            LCD Mode: COMMON
            Register Mode: RegComb
            CaSense Mode: NEITHER
            Treat as pin: False
            Is OE Registered: False
            Uses Analog: False
            Can contain Digital: True
            Is SIO: False
            SIO Output Buf: NONREGULATED
            SIO Input Buf: SINGLE_ENDED
            SIO HiFreq: LOW
            SIO Hyst: DISABLED
            SIO Vtrip: MULTIPLIER_0_5
            SIO Multiplier Index: 0
            SIO RefSel: VCC_IO
            Required Capabilitites: DIGITAL
            Initial Value: 0
            IO Voltage: 0
        PORT MAP (
            pa_out => \LCD:LCDPort(4)\__PA ,
            pad => \LCD:LCDPort(4)_PAD\ );
        Properties:
        {
        }

    Pin : Name = \LCD:LCDPort(5)\
        Attributes:
            In Group/Port: True
            In Sync Option: AUTO
            Out Sync Option: NOSYNC
            Interrupt generated: False
            Interrupt mode: NONE
            Drive mode: CMOS_OUT
            VTrip: EITHER
            Slew: FAST
            Input Sync needed: False
            Output Sync needed: False
            SC shield enabled: False
            POR State: ANY
            LCD Mode: COMMON
            Register Mode: RegComb
            CaSense Mode: NEITHER
            Treat as pin: False
            Is OE Registered: False
            Uses Analog: False
            Can contain Digital: True
            Is SIO: False
            SIO Output Buf: NONREGULATED
            SIO Input Buf: SINGLE_ENDED
            SIO HiFreq: LOW
            SIO Hyst: DISABLED
            SIO Vtrip: MULTIPLIER_0_5
            SIO Multiplier Index: 0
            SIO RefSel: VCC_IO
            Required Capabilitites: DIGITAL
            Initial Value: 0
            IO Voltage: 0
        PORT MAP (
            pa_out => \LCD:LCDPort(5)\__PA ,
            pad => \LCD:LCDPort(5)_PAD\ );
        Properties:
        {
        }

    Pin : Name = \LCD:LCDPort(6)\
        Attributes:
            In Group/Port: True
            In Sync Option: AUTO
            Out Sync Option: NOSYNC
            Interrupt generated: False
            Interrupt mode: NONE
            Drive mode: CMOS_OUT
            VTrip: EITHER
            Slew: FAST
            Input Sync needed: False
            Output Sync needed: False
            SC shield enabled: False
            POR State: ANY
            LCD Mode: COMMON
            Register Mode: RegComb
            CaSense Mode: NEITHER
            Treat as pin: False
            Is OE Registered: False
            Uses Analog: False
            Can contain Digital: True
            Is SIO: False
            SIO Output Buf: NONREGULATED
            SIO Input Buf: SINGLE_ENDED
            SIO HiFreq: LOW
            SIO Hyst: DISABLED
            SIO Vtrip: MULTIPLIER_0_5
            SIO Multiplier Index: 0
            SIO RefSel: VCC_IO
            Required Capabilitites: DIGITAL
            Initial Value: 0
            IO Voltage: 0
        PORT MAP (
            pa_out => \LCD:LCDPort(6)\__PA ,
            pad => \LCD:LCDPort(6)_PAD\ );
        Properties:
        {
        }

    Pin : Name = \Keypad_1:Column(0)\
        Attributes:
            In Group/Port: True
            In Sync Option: AUTO
            Out Sync Option: NOSYNC
            Interrupt generated: False
            Interrupt mode: NONE
            Drive mode: RES_PULL_UP
            VTrip: EITHER
            Slew: FAST
            Input Sync needed: False
            Output Sync needed: False
            SC shield enabled: False
            POR State: ANY
            LCD Mode: COMMON
            Register Mode: RegComb
            CaSense Mode: NEITHER
            Treat as pin: True
            Is OE Registered: False
            Uses Analog: False
            Can contain Digital: True
            Is SIO: False
            SIO Output Buf: NONREGULATED
            SIO Input Buf: SINGLE_ENDED
            SIO HiFreq: LOW
            SIO Hyst: DISABLED
            SIO Vtrip: MULTIPLIER_0_5
            SIO Multiplier Index: 0
            SIO RefSel: VCC_IO
            Required Capabilitites: DIGITAL, ROUTABLE
            Initial Value: 1
            IO Voltage: 0
        PORT MAP (
            pa_out => \Keypad_1:Column(0)\__PA ,
            input => \Keypad_1:Net_80\ ,
            pad => \Keypad_1:Column(0)_PAD\ );
        Properties:
        {
        }

    Pin : Name = \Keypad_1:Column(1)\
        Attributes:
            In Group/Port: True
            In Sync Option: AUTO
            Out Sync Option: NOSYNC
            Interrupt generated: False
            Interrupt mode: NONE
            Drive mode: RES_PULL_UP
            VTrip: EITHER
            Slew: FAST
            Input Sync needed: False
            Output Sync needed: False
            SC shield enabled: False
            POR State: ANY
            LCD Mode: COMMON
            Register Mode: RegComb
            CaSense Mode: NEITHER
            Treat as pin: True
            Is OE Registered: False
            Uses Analog: False
            Can contain Digital: True
            Is SIO: False
            SIO Output Buf: NONREGULATED
            SIO Input Buf: SINGLE_ENDED
            SIO HiFreq: LOW
            SIO Hyst: DISABLED
            SIO Vtrip: MULTIPLIER_0_5
            SIO Multiplier Index: 0
            SIO RefSel: VCC_IO
            Required Capabilitites: DIGITAL, ROUTABLE
            Initial Value: 1
            IO Voltage: 0
        PORT MAP (
            pa_out => \Keypad_1:Column(1)\__PA ,
            input => \Keypad_1:Net_81\ ,
            pad => \Keypad_1:Column(1)_PAD\ );
        Properties:
        {
        }

    Pin : Name = \Keypad_1:Column(2)\
        Attributes:
            In Group/Port: True
            In Sync Option: AUTO
            Out Sync Option: NOSYNC
            Interrupt generated: False
            Interrupt mode: NONE
            Drive mode: RES_PULL_UP
            VTrip: EITHER
            Slew: FAST
            Input Sync needed: False
            Output Sync needed: False
            SC shield enabled: False
            POR State: ANY
            LCD Mode: COMMON
            Register Mode: RegComb
            CaSense Mode: NEITHER
            Treat as pin: True
            Is OE Registered: False
            Uses Analog: False
            Can contain Digital: True
            Is SIO: False
            SIO Output Buf: NONREGULATED
            SIO Input Buf: SINGLE_ENDED
            SIO HiFreq: LOW
            SIO Hyst: DISABLED
            SIO Vtrip: MULTIPLIER_0_5
            SIO Multiplier Index: 0
            SIO RefSel: VCC_IO
            Required Capabilitites: DIGITAL, ROUTABLE
            Initial Value: 1
            IO Voltage: 0
        PORT MAP (
            pa_out => \Keypad_1:Column(2)\__PA ,
            input => \Keypad_1:Net_82\ ,
            pad => \Keypad_1:Column(2)_PAD\ );
        Properties:
        {
        }

    Pin : Name = \Keypad_1:Column(3)\
        Attributes:
            In Group/Port: True
            In Sync Option: AUTO
            Out Sync Option: NOSYNC
            Interrupt generated: False
            Interrupt mode: NONE
            Drive mode: RES_PULL_UP
            VTrip: EITHER
            Slew: FAST
            Input Sync needed: False
            Output Sync needed: False
            SC shield enabled: False
            POR State: ANY
            LCD Mode: COMMON
            Register Mode: RegComb
            CaSense Mode: NEITHER
            Treat as pin: True
            Is OE Registered: False
            Uses Analog: False
            Can contain Digital: True
            Is SIO: False
            SIO Output Buf: NONREGULATED
            SIO Input Buf: SINGLE_ENDED
            SIO HiFreq: LOW
            SIO Hyst: DISABLED
            SIO Vtrip: MULTIPLIER_0_5
            SIO Multiplier Index: 0
            SIO RefSel: VCC_IO
            Required Capabilitites: DIGITAL, ROUTABLE
            Initial Value: 1
            IO Voltage: 0
        PORT MAP (
            pa_out => \Keypad_1:Column(3)\__PA ,
            input => \Keypad_1:Net_83\ ,
            pad => \Keypad_1:Column(3)_PAD\ );
        Properties:
        {
        }

    Pin : Name = \Keypad_1:Row(0)\
        Attributes:
            In Group/Port: True
            In Sync Option: SYNC
            Out Sync Option: AUTO
            Interrupt generated: False
            Interrupt mode: NONE
            Drive mode: RES_PULL_UP
            VTrip: CMOS
            Slew: FAST
            Input Sync needed: True
            Output Sync needed: False
            SC shield enabled: False
            POR State: ANY
            LCD Mode: COMMON
            Register Mode: RegComb
            CaSense Mode: NEITHER
            Treat as pin: True
            Is OE Registered: False
            Uses Analog: False
            Can contain Digital: True
            Is SIO: False
            SIO Output Buf: NONREGULATED
            SIO Input Buf: SINGLE_ENDED
            SIO HiFreq: LOW
            SIO Hyst: DISABLED
            SIO Vtrip: MULTIPLIER_0_5
            SIO Multiplier Index: 0
            SIO RefSel: VCC_IO
            Required Capabilitites: DIGITAL, ROUTABLE
            Initial Value: 1
            IO Voltage: 0
        PORT MAP (
            pa_out => \Keypad_1:Row(0)\__PA ,
            fb => \Keypad_1:Net_256\ ,
            pad => \Keypad_1:Row(0)_PAD\ );
        Properties:
        {
        }

    Pin : Name = \Keypad_1:Row(1)\
        Attributes:
            In Group/Port: True
            In Sync Option: SYNC
            Out Sync Option: AUTO
            Interrupt generated: False
            Interrupt mode: NONE
            Drive mode: RES_PULL_UP
            VTrip: CMOS
            Slew: FAST
            Input Sync needed: True
            Output Sync needed: False
            SC shield enabled: False
            POR State: ANY
            LCD Mode: COMMON
            Register Mode: RegComb
            CaSense Mode: NEITHER
            Treat as pin: True
            Is OE Registered: False
            Uses Analog: False
            Can contain Digital: True
            Is SIO: False
            SIO Output Buf: NONREGULATED
            SIO Input Buf: SINGLE_ENDED
            SIO HiFreq: LOW
            SIO Hyst: DISABLED
            SIO Vtrip: MULTIPLIER_0_5
            SIO Multiplier Index: 0
            SIO RefSel: VCC_IO
            Required Capabilitites: DIGITAL, ROUTABLE
            Initial Value: 1
            IO Voltage: 0
        PORT MAP (
            pa_out => \Keypad_1:Row(1)\__PA ,
            fb => \Keypad_1:Net_257\ ,
            pad => \Keypad_1:Row(1)_PAD\ );
        Properties:
        {
        }

    Pin : Name = \Keypad_1:Row(2)\
        Attributes:
            In Group/Port: True
            In Sync Option: SYNC
            Out Sync Option: AUTO
            Interrupt generated: False
            Interrupt mode: NONE
            Drive mode: RES_PULL_UP
            VTrip: CMOS
            Slew: FAST
            Input Sync needed: True
            Output Sync needed: False
            SC shield enabled: False
            POR State: ANY
            LCD Mode: COMMON
            Register Mode: RegComb
            CaSense Mode: NEITHER
            Treat as pin: True
            Is OE Registered: False
            Uses Analog: False
            Can contain Digital: True
            Is SIO: False
            SIO Output Buf: NONREGULATED
            SIO Input Buf: SINGLE_ENDED
            SIO HiFreq: LOW
            SIO Hyst: DISABLED
            SIO Vtrip: MULTIPLIER_0_5
            SIO Multiplier Index: 0
            SIO RefSel: VCC_IO
            Required Capabilitites: DIGITAL, ROUTABLE
            Initial Value: 1
            IO Voltage: 0
        PORT MAP (
            pa_out => \Keypad_1:Row(2)\__PA ,
            fb => \Keypad_1:Net_258\ ,
            pad => \Keypad_1:Row(2)_PAD\ );
        Properties:
        {
        }

    Pin : Name = \Keypad_1:Row(3)\
        Attributes:
            In Group/Port: True
            In Sync Option: SYNC
            Out Sync Option: AUTO
            Interrupt generated: False
            Interrupt mode: NONE
            Drive mode: RES_PULL_UP
            VTrip: CMOS
            Slew: FAST
            Input Sync needed: True
            Output Sync needed: False
            SC shield enabled: False
            POR State: ANY
            LCD Mode: COMMON
            Register Mode: RegComb
            CaSense Mode: NEITHER
            Treat as pin: True
            Is OE Registered: False
            Uses Analog: False
            Can contain Digital: True
            Is SIO: False
            SIO Output Buf: NONREGULATED
            SIO Input Buf: SINGLE_ENDED
            SIO HiFreq: LOW
            SIO Hyst: DISABLED
            SIO Vtrip: MULTIPLIER_0_5
            SIO Multiplier Index: 0
            SIO RefSel: VCC_IO
            Required Capabilitites: DIGITAL, ROUTABLE
            Initial Value: 1
            IO Voltage: 0
        PORT MAP (
            pa_out => \Keypad_1:Row(3)\__PA ,
            fb => \Keypad_1:Net_259\ ,
            pad => \Keypad_1:Row(3)_PAD\ );
        Properties:
        {
        }
    </CYPRESSTAG>
    <CYPRESSTAG name="Macrocell listing" icon="FILE_RPT_EQUATION">

    ------------------------------------------------------------
    Macrocell listing
    ------------------------------------------------------------

    MacroCell: Name=Net_2, Mode=(Combinatorial)
        Total # of inputs        : 4
        Total # of product terms : 4
            Clock Enable: True
        Main Equation            : 4 pterms
        (
              !\Keypad_1:Net_259\ * \Keypad_1:Net_258\ * \Keypad_1:Net_257\ * 
              \Keypad_1:Net_256\
            + \Keypad_1:Net_259\ * !\Keypad_1:Net_258\ * \Keypad_1:Net_257\ * 
              \Keypad_1:Net_256\
            + \Keypad_1:Net_259\ * \Keypad_1:Net_258\ * !\Keypad_1:Net_257\ * 
              \Keypad_1:Net_256\
            + \Keypad_1:Net_259\ * \Keypad_1:Net_258\ * \Keypad_1:Net_257\ * 
              !\Keypad_1:Net_256\
        );
        Output = Net_2 (fanout=1)

    MacroCell: Name=\Keypad_1:Net_15\, Mode=(Combinatorial)
        Total # of inputs        : 4
        Total # of product terms : 2
            Clock Enable: True
        Main Equation            : 2 pterms
        (
              !\Keypad_1:Net_259\ * \Keypad_1:Net_258\ * \Keypad_1:Net_257\ * 
              \Keypad_1:Net_256\
            + \Keypad_1:Net_259\ * !\Keypad_1:Net_258\ * \Keypad_1:Net_257\ * 
              \Keypad_1:Net_256\
        );
        Output = \Keypad_1:Net_15\ (fanout=1)

    MacroCell: Name=\Keypad_1:Net_14\, Mode=(Combinatorial)
        Total # of inputs        : 4
        Total # of product terms : 2
            Clock Enable: True
        Main Equation            : 2 pterms
        (
              !\Keypad_1:Net_259\ * \Keypad_1:Net_258\ * \Keypad_1:Net_257\ * 
              \Keypad_1:Net_256\
            + \Keypad_1:Net_259\ * \Keypad_1:Net_258\ * !\Keypad_1:Net_257\ * 
              \Keypad_1:Net_256\
        );
        Output = \Keypad_1:Net_14\ (fanout=1)

    MacroCell: Name=\Keypad_1:Net_12\, Mode=(D-Register)
        Total # of inputs        : 4
        Total # of product terms : 2
        List of special equations: 
            Clock  = (\Keypad_1:Net_64_digital\) => Global
            Clock Enable: True
        Main Equation            : 2 pterms
        (
              \Keypad_1:Net_83\ * !\Keypad_1:Net_82\ * \Keypad_1:Net_81\ * 
              \Keypad_1:Net_80\
            + \Keypad_1:Net_83\ * \Keypad_1:Net_82\ * !\Keypad_1:Net_81\ * 
              \Keypad_1:Net_80\
        );
        Output = \Keypad_1:Net_12\ (fanout=1)

    MacroCell: Name=\Keypad_1:Net_16\, Mode=(D-Register)
        Total # of inputs        : 4
        Total # of product terms : 2
        List of special equations: 
            Clock  = (\Keypad_1:Net_64_digital\) => Global
            Clock Enable: True
        Main Equation            : 2 pterms
        (
              \Keypad_1:Net_83\ * !\Keypad_1:Net_82\ * \Keypad_1:Net_81\ * 
              \Keypad_1:Net_80\
            + \Keypad_1:Net_83\ * \Keypad_1:Net_82\ * \Keypad_1:Net_81\ * 
              !\Keypad_1:Net_80\
        );
        Output = \Keypad_1:Net_16\ (fanout=1)

    MacroCell: Name=\Keypad_1:Net_83\, Mode=(D-Register)
        Total # of inputs        : 4
        Total # of product terms : 4
        List of special equations: 
            Clock  = (\Keypad_1:Net_64_digital\) => Global
            Clock Enable: True
        Main Equation            : 4 pterms
        (
              !\Keypad_1:Net_83\ * !\Keypad_1:Net_82\ * !\Keypad_1:Net_81\ * 
              !\Keypad_1:Net_80\
            + !\Keypad_1:Net_83\ * \Keypad_1:Net_82\ * \Keypad_1:Net_81\ * 
              \Keypad_1:Net_80\
            + \Keypad_1:Net_83\ * \Keypad_1:Net_82\ * !\Keypad_1:Net_81\ * 
              \Keypad_1:Net_80\
            + \Keypad_1:Net_83\ * \Keypad_1:Net_82\ * \Keypad_1:Net_81\ * 
              !\Keypad_1:Net_80\
        );
        Output = \Keypad_1:Net_83\ (fanout=7)

    MacroCell: Name=\Keypad_1:Net_82\, Mode=(D-Register)
        Total # of inputs        : 4
        Total # of product terms : 4
        List of special equations: 
            Clock  = (\Keypad_1:Net_64_digital\) => Global
            Clock Enable: True
        Main Equation            : 4 pterms
        (
              !\Keypad_1:Net_83\ * !\Keypad_1:Net_82\ * !\Keypad_1:Net_81\ * 
              !\Keypad_1:Net_80\
            + !\Keypad_1:Net_83\ * \Keypad_1:Net_82\ * \Keypad_1:Net_81\ * 
              \Keypad_1:Net_80\
            + \Keypad_1:Net_83\ * !\Keypad_1:Net_82\ * \Keypad_1:Net_81\ * 
              \Keypad_1:Net_80\
            + \Keypad_1:Net_83\ * \Keypad_1:Net_82\ * \Keypad_1:Net_81\ * 
              !\Keypad_1:Net_80\
        );
        Output = \Keypad_1:Net_82\ (fanout=7)

    MacroCell: Name=\Keypad_1:Net_81\, Mode=(D-Register)
        Total # of inputs        : 4
        Total # of product terms : 4
        List of special equations: 
            Clock  = (\Keypad_1:Net_64_digital\) => Global
            Clock Enable: True
        Main Equation            : 4 pterms
        (
              !\Keypad_1:Net_83\ * !\Keypad_1:Net_82\ * !\Keypad_1:Net_81\ * 
              !\Keypad_1:Net_80\
            + !\Keypad_1:Net_83\ * \Keypad_1:Net_82\ * \Keypad_1:Net_81\ * 
              \Keypad_1:Net_80\
            + \Keypad_1:Net_83\ * !\Keypad_1:Net_82\ * \Keypad_1:Net_81\ * 
              \Keypad_1:Net_80\
            + \Keypad_1:Net_83\ * \Keypad_1:Net_82\ * !\Keypad_1:Net_81\ * 
              \Keypad_1:Net_80\
        );
        Output = \Keypad_1:Net_81\ (fanout=7)

    MacroCell: Name=\Keypad_1:Net_80\, Mode=(D-Register)
        Total # of inputs        : 4
        Total # of product terms : 3
        List of special equations: 
            Clock  = (\Keypad_1:Net_64_digital\) => Global
            Clock Enable: True
        Main Equation            : 3 pterms
        (
              \Keypad_1:Net_83\ * !\Keypad_1:Net_82\ * \Keypad_1:Net_81\ * 
              \Keypad_1:Net_80\
            + \Keypad_1:Net_83\ * \Keypad_1:Net_82\ * !\Keypad_1:Net_81\ * 
              \Keypad_1:Net_80\
            + \Keypad_1:Net_83\ * \Keypad_1:Net_82\ * \Keypad_1:Net_81\ * 
              !\Keypad_1:Net_80\
        );
        Output = \Keypad_1:Net_80\ (fanout=7)
    </CYPRESSTAG>
    <CYPRESSTAG name="Datapath listing">
    </CYPRESSTAG>
    <CYPRESSTAG name="Status register listing">

    ------------------------------------------------------------
    Status register listing
    ------------------------------------------------------------

    statuscell: Name =\Keypad_1:Status_Reg:sts:sts_reg\
        PORT MAP (
            status_4 => Net_2 ,
            status_3 => \Keypad_1:Net_15\ ,
            status_2 => \Keypad_1:Net_14\ ,
            status_1 => \Keypad_1:Net_12\ ,
            status_0 => \Keypad_1:Net_16\ );
        Properties:
        {
            cy_force_order = 1
            cy_md_select = "00000000"
        }
        Clock Enable: True
    </CYPRESSTAG>
    <CYPRESSTAG name="StatusI register listing">
    </CYPRESSTAG>
    <CYPRESSTAG name="Sync listing">
    </CYPRESSTAG>
    <CYPRESSTAG name="Control register listing">
    </CYPRESSTAG>
    <CYPRESSTAG name="Count7 listing">
    </CYPRESSTAG>
    <CYPRESSTAG name="DRQ listing">
    </CYPRESSTAG>
    <CYPRESSTAG name="Interrupt listing">
    </CYPRESSTAG>
</CYPRESSTAG>
<CYPRESSTAG name="Technology mapping summary" expanded>

------------------------------------------------------------
Technology mapping summary
------------------------------------------------------------

Resource Type                 : Used : Free :  Max :  % Used
============================================================
Digital Clocks                :    2 :    2 :    4 : 50.00 %
Interrupts                    :    0 :   32 :   32 :  0.00 %
IO                            :   17 :   19 :   36 : 47.22 %
Segment LCD                   :    0 :    1 :    1 :  0.00 %
CapSense                      :    0 :    1 :    1 :  0.00 %
Die Temp                      :    0 :    1 :    1 :  0.00 %
Serial Communication (SCB)    :    0 :    2 :    2 :  0.00 %
Timer/Counter/PWM             :    0 :    4 :    4 :  0.00 %
UDB                           :      :      :      :        
  Macrocells                  :    9 :   23 :   32 : 28.13 %
  Unique P-terms              :    9 :   55 :   64 : 14.06 %
  Total P-terms               :   27 :      :      :        
  Datapath Cells              :    0 :    4 :    4 :  0.00 %
  Status Cells                :    1 :    3 :    4 : 25.00 %
    Status Registers          :    1 :      :      :        
  Control Cells               :    0 :    4 :    4 :  0.00 %
Comparator/Opamp              :    0 :    2 :    2 :  0.00 %
LP Comparator                 :    0 :    2 :    2 :  0.00 %
SAR ADC                       :    0 :    1 :    1 :  0.00 %
DAC                           :      :      :      :        
  7-bit IDAC                  :    0 :    1 :    1 :  0.00 %
  8-bit IDAC                  :    0 :    1 :    1 :  0.00 %
</CYPRESSTAG>
Technology Mapping: Elapsed time ==> 0s.020ms
Tech mapping phase: Elapsed time ==> 0s.040ms
</CYPRESSTAG>
<CYPRESSTAG name="Analog Placement">
<CYPRESSTAG name="Analog Placement">
Elapsed time ==> 0.1153518s
</CYPRESSTAG>
Analog Placement phase: Elapsed time ==> 0s.241ms
</CYPRESSTAG>
<CYPRESSTAG name="Analog Routing">
<CYPRESSTAG name="Analog Routing">
Route success=True, Iterations=1 Elapsed=0.0007120 secs
</CYPRESSTAG>
Analog Routing phase: Elapsed time ==> 0s.001ms
</CYPRESSTAG>
<CYPRESSTAG name="Analog Code Generation">
============ Analog Final Answer Routes ============
Dump of CyAnalogRoutingResultsDB
Map of net to items {
}
Map of item to net {
}
Mux Info {
}
Analog Code Generation phase: Elapsed time ==> 0s.010ms
</CYPRESSTAG>
<CYPRESSTAG name="Digital Placement">
<CYPRESSTAG name="Detailed placement messages">
I2076: Total run-time: 0.2 sec.

</CYPRESSTAG>
<CYPRESSTAG name="PLD Packing">
<CYPRESSTAG name="PLD Packing Summary" expanded>

------------------------------------------------------------
PLD Packing Summary
------------------------------------------------------------
            Resource Type : Used : Free :  Max :  % Used
    ====================================================
                     PLDs :    4 :    4 :    8 :  50.00%

<CYPRESSTAG name="PLD Statistics">

        PLD Resource Type :     Average/LAB
    =======================================
                   Inputs :            4.00
                   Pterms :            4.00
               Macrocells :            2.25
</CYPRESSTAG>
<CYPRESSTAG name="Packed PLD Contents">
Packed PLD Contents not displayed at this verbose level.</CYPRESSTAG>
</CYPRESSTAG>
PLD Packing: Elapsed time ==> 0s.001ms
</CYPRESSTAG>
<CYPRESSTAG name="Partitioning">
<CYPRESSTAG name="Initial Partitioning Summary">
Initial Partitioning Summary not displayed at this verbose level.</CYPRESSTAG>
<CYPRESSTAG name="Final Partitioning Summary">
Final Partitioning Summary not displayed at this verbose level.</CYPRESSTAG>
Partitioning: Elapsed time ==> 0s.008ms
</CYPRESSTAG>
<CYPRESSTAG name="Simulated Annealing">
Annealing: Elapsed time ==> 0s.001ms
<CYPRESSTAG name="Simulated Annealing Results">
The seed used for moves was 114161200.
Inital cost was 63, final cost is 63 (0.00% improvement).</CYPRESSTAG>
</CYPRESSTAG>
<CYPRESSTAG name="Final Placement Summary">

------------------------------------------------------------
Final Placement Summary
------------------------------------------------------------

       Resource Type :      Count : Avg Inputs : Avg Outputs
    ========================================================
                 UDB :          2 :       4.00 :       4.50
<CYPRESSTAG name="Final Placement Details">
<CYPRESSTAG name="Component Details">

------------------------------------------------------------
Component Placement Details
------------------------------------------------------------
UDB [UDB=(0,0)] contents:
LAB@[UDB=(0,0)][LB=0] #macrocells=4, #inputs=4, #pterms=5
{
    [McSlotId=0]:     MacroCell: Name=\Keypad_1:Net_16\, Mode=(D-Register) @ [UDB=(0,0)][LB=0][MC=0]
        Total # of inputs        : 4
        Total # of product terms : 2
        List of special equations: 
            Clock  = (\Keypad_1:Net_64_digital\) => Global
            Clock Enable: True
        Main Equation            : 2 pterms
        (
              \Keypad_1:Net_83\ * !\Keypad_1:Net_82\ * \Keypad_1:Net_81\ * 
              \Keypad_1:Net_80\
            + \Keypad_1:Net_83\ * \Keypad_1:Net_82\ * \Keypad_1:Net_81\ * 
              !\Keypad_1:Net_80\
        );
        Output = \Keypad_1:Net_16\ (fanout=1)
        Properties               : 
        {
        }

    [McSlotId=1]:     MacroCell: Name=\Keypad_1:Net_80\, Mode=(D-Register) @ [UDB=(0,0)][LB=0][MC=1]
        Total # of inputs        : 4
        Total # of product terms : 3
        List of special equations: 
            Clock  = (\Keypad_1:Net_64_digital\) => Global
            Clock Enable: True
        Main Equation            : 3 pterms
        (
              \Keypad_1:Net_83\ * !\Keypad_1:Net_82\ * \Keypad_1:Net_81\ * 
              \Keypad_1:Net_80\
            + \Keypad_1:Net_83\ * \Keypad_1:Net_82\ * !\Keypad_1:Net_81\ * 
              \Keypad_1:Net_80\
            + \Keypad_1:Net_83\ * \Keypad_1:Net_82\ * \Keypad_1:Net_81\ * 
              !\Keypad_1:Net_80\
        );
        Output = \Keypad_1:Net_80\ (fanout=7)
        Properties               : 
        {
        }

    [McSlotId=2]:     MacroCell: Name=\Keypad_1:Net_12\, Mode=(D-Register) @ [UDB=(0,0)][LB=0][MC=2]
        Total # of inputs        : 4
        Total # of product terms : 2
        List of special equations: 
            Clock  = (\Keypad_1:Net_64_digital\) => Global
            Clock Enable: True
        Main Equation            : 2 pterms
        (
              \Keypad_1:Net_83\ * !\Keypad_1:Net_82\ * \Keypad_1:Net_81\ * 
              \Keypad_1:Net_80\
            + \Keypad_1:Net_83\ * \Keypad_1:Net_82\ * !\Keypad_1:Net_81\ * 
              \Keypad_1:Net_80\
        );
        Output = \Keypad_1:Net_12\ (fanout=1)
        Properties               : 
        {
        }

    [McSlotId=3]:     MacroCell: Name=\Keypad_1:Net_81\, Mode=(D-Register) @ [UDB=(0,0)][LB=0][MC=3]
        Total # of inputs        : 4
        Total # of product terms : 4
        List of special equations: 
            Clock  = (\Keypad_1:Net_64_digital\) => Global
            Clock Enable: True
        Main Equation            : 4 pterms
        (
              !\Keypad_1:Net_83\ * !\Keypad_1:Net_82\ * !\Keypad_1:Net_81\ * 
              !\Keypad_1:Net_80\
            + !\Keypad_1:Net_83\ * \Keypad_1:Net_82\ * \Keypad_1:Net_81\ * 
              \Keypad_1:Net_80\
            + \Keypad_1:Net_83\ * !\Keypad_1:Net_82\ * \Keypad_1:Net_81\ * 
              \Keypad_1:Net_80\
            + \Keypad_1:Net_83\ * \Keypad_1:Net_82\ * !\Keypad_1:Net_81\ * 
              \Keypad_1:Net_80\
        );
        Output = \Keypad_1:Net_81\ (fanout=7)
        Properties               : 
        {
        }
}

LAB@[UDB=(0,0)][LB=1] #macrocells=2, #inputs=4, #pterms=5
{
    [McSlotId=0]:     MacroCell: Name=\Keypad_1:Net_82\, Mode=(D-Register) @ [UDB=(0,0)][LB=1][MC=0]
        Total # of inputs        : 4
        Total # of product terms : 4
        List of special equations: 
            Clock  = (\Keypad_1:Net_64_digital\) => Global
            Clock Enable: True
        Main Equation            : 4 pterms
        (
              !\Keypad_1:Net_83\ * !\Keypad_1:Net_82\ * !\Keypad_1:Net_81\ * 
              !\Keypad_1:Net_80\
            + !\Keypad_1:Net_83\ * \Keypad_1:Net_82\ * \Keypad_1:Net_81\ * 
              \Keypad_1:Net_80\
            + \Keypad_1:Net_83\ * !\Keypad_1:Net_82\ * \Keypad_1:Net_81\ * 
              \Keypad_1:Net_80\
            + \Keypad_1:Net_83\ * \Keypad_1:Net_82\ * \Keypad_1:Net_81\ * 
              !\Keypad_1:Net_80\
        );
        Output = \Keypad_1:Net_82\ (fanout=7)
        Properties               : 
        {
        }

    [McSlotId=1]:     MacroCell: Name=\Keypad_1:Net_83\, Mode=(D-Register) @ [UDB=(0,0)][LB=1][MC=1]
        Total # of inputs        : 4
        Total # of product terms : 4
        List of special equations: 
            Clock  = (\Keypad_1:Net_64_digital\) => Global
            Clock Enable: True
        Main Equation            : 4 pterms
        (
              !\Keypad_1:Net_83\ * !\Keypad_1:Net_82\ * !\Keypad_1:Net_81\ * 
              !\Keypad_1:Net_80\
            + !\Keypad_1:Net_83\ * \Keypad_1:Net_82\ * \Keypad_1:Net_81\ * 
              \Keypad_1:Net_80\
            + \Keypad_1:Net_83\ * \Keypad_1:Net_82\ * !\Keypad_1:Net_81\ * 
              \Keypad_1:Net_80\
            + \Keypad_1:Net_83\ * \Keypad_1:Net_82\ * \Keypad_1:Net_81\ * 
              !\Keypad_1:Net_80\
        );
        Output = \Keypad_1:Net_83\ (fanout=7)
        Properties               : 
        {
        }

    [McSlotId=2]: (empty)
    [McSlotId=3]: (empty)
}

UDB [UDB=(0,1)] is empty.
UDB [UDB=(1,0)] contents:
LAB@[UDB=(1,0)][LB=0] #macrocells=2, #inputs=4, #pterms=4
{
    [McSlotId=0]:     MacroCell: Name=Net_2, Mode=(Combinatorial) @ [UDB=(1,0)][LB=0][MC=0]
        Total # of inputs        : 4
        Total # of product terms : 4
            Clock Enable: True
        Main Equation            : 4 pterms
        (
              !\Keypad_1:Net_259\ * \Keypad_1:Net_258\ * \Keypad_1:Net_257\ * 
              \Keypad_1:Net_256\
            + \Keypad_1:Net_259\ * !\Keypad_1:Net_258\ * \Keypad_1:Net_257\ * 
              \Keypad_1:Net_256\
            + \Keypad_1:Net_259\ * \Keypad_1:Net_258\ * !\Keypad_1:Net_257\ * 
              \Keypad_1:Net_256\
            + \Keypad_1:Net_259\ * \Keypad_1:Net_258\ * \Keypad_1:Net_257\ * 
              !\Keypad_1:Net_256\
        );
        Output = Net_2 (fanout=1)
        Properties               : 
        {
        }

    [McSlotId=1]:     MacroCell: Name=\Keypad_1:Net_15\, Mode=(Combinatorial) @ [UDB=(1,0)][LB=0][MC=1]
        Total # of inputs        : 4
        Total # of product terms : 2
            Clock Enable: True
        Main Equation            : 2 pterms
        (
              !\Keypad_1:Net_259\ * \Keypad_1:Net_258\ * \Keypad_1:Net_257\ * 
              \Keypad_1:Net_256\
            + \Keypad_1:Net_259\ * !\Keypad_1:Net_258\ * \Keypad_1:Net_257\ * 
              \Keypad_1:Net_256\
        );
        Output = \Keypad_1:Net_15\ (fanout=1)
        Properties               : 
        {
        }

    [McSlotId=2]: (empty)
    [McSlotId=3]: (empty)
}

LAB@[UDB=(1,0)][LB=1] #macrocells=1, #inputs=4, #pterms=2
{
    [McSlotId=0]: (empty)
    [McSlotId=1]: (empty)
    [McSlotId=2]:     MacroCell: Name=\Keypad_1:Net_14\, Mode=(Combinatorial) @ [UDB=(1,0)][LB=1][MC=2]
        Total # of inputs        : 4
        Total # of product terms : 2
            Clock Enable: True
        Main Equation            : 2 pterms
        (
              !\Keypad_1:Net_259\ * \Keypad_1:Net_258\ * \Keypad_1:Net_257\ * 
              \Keypad_1:Net_256\
            + \Keypad_1:Net_259\ * \Keypad_1:Net_258\ * !\Keypad_1:Net_257\ * 
              \Keypad_1:Net_256\
        );
        Output = \Keypad_1:Net_14\ (fanout=1)
        Properties               : 
        {
        }

    [McSlotId=3]: (empty)
}

statuscell: Name =\Keypad_1:Status_Reg:sts:sts_reg\
    PORT MAP (
        status_4 => Net_2 ,
        status_3 => \Keypad_1:Net_15\ ,
        status_2 => \Keypad_1:Net_14\ ,
        status_1 => \Keypad_1:Net_12\ ,
        status_0 => \Keypad_1:Net_16\ );
    Properties:
    {
        cy_force_order = 1
        cy_md_select = "00000000"
    }
    Clock Enable: True

UDB [UDB=(1,1)] is empty.
Intr container @ [IntrContainer=(0)]: empty
Port 0 contains the following IO cells:
[IoId=0]: 
Pin : Name = \Keypad_1:Column(3)\
    Attributes:
        In Group/Port: True
        In Sync Option: AUTO
        Out Sync Option: NOSYNC
        Interrupt generated: False
        Interrupt mode: NONE
        Drive mode: RES_PULL_UP
        VTrip: EITHER
        Slew: FAST
        Input Sync needed: False
        Output Sync needed: False
        SC shield enabled: False
        POR State: ANY
        LCD Mode: COMMON
        Register Mode: RegComb
        CaSense Mode: NEITHER
        Treat as pin: True
        Is OE Registered: False
        Uses Analog: False
        Can contain Digital: True
        Is SIO: False
        SIO Output Buf: NONREGULATED
        SIO Input Buf: SINGLE_ENDED
        SIO HiFreq: LOW
        SIO Hyst: DISABLED
        SIO Vtrip: MULTIPLIER_0_5
        SIO Multiplier Index: 0
        SIO RefSel: VCC_IO
        Required Capabilitites: DIGITAL, ROUTABLE
        Initial Value: 1
        IO Voltage: 0
    PORT MAP (
        pa_out => \Keypad_1:Column(3)\__PA ,
        input => \Keypad_1:Net_83\ ,
        pad => \Keypad_1:Column(3)_PAD\ );
    Properties:
    {
    }

[IoId=4]: 
Pin : Name = \Keypad_1:Row(3)\
    Attributes:
        In Group/Port: True
        In Sync Option: SYNC
        Out Sync Option: AUTO
        Interrupt generated: False
        Interrupt mode: NONE
        Drive mode: RES_PULL_UP
        VTrip: CMOS
        Slew: FAST
        Input Sync needed: True
        Output Sync needed: False
        SC shield enabled: False
        POR State: ANY
        LCD Mode: COMMON
        Register Mode: RegComb
        CaSense Mode: NEITHER
        Treat as pin: True
        Is OE Registered: False
        Uses Analog: False
        Can contain Digital: True
        Is SIO: False
        SIO Output Buf: NONREGULATED
        SIO Input Buf: SINGLE_ENDED
        SIO HiFreq: LOW
        SIO Hyst: DISABLED
        SIO Vtrip: MULTIPLIER_0_5
        SIO Multiplier Index: 0
        SIO RefSel: VCC_IO
        Required Capabilitites: DIGITAL, ROUTABLE
        Initial Value: 1
        IO Voltage: 0
    PORT MAP (
        pa_out => \Keypad_1:Row(3)\__PA ,
        fb => \Keypad_1:Net_259\ ,
        pad => \Keypad_1:Row(3)_PAD\ );
    Properties:
    {
    }

[IoId=5]: 
Pin : Name = \Keypad_1:Row(2)\
    Attributes:
        In Group/Port: True
        In Sync Option: SYNC
        Out Sync Option: AUTO
        Interrupt generated: False
        Interrupt mode: NONE
        Drive mode: RES_PULL_UP
        VTrip: CMOS
        Slew: FAST
        Input Sync needed: True
        Output Sync needed: False
        SC shield enabled: False
        POR State: ANY
        LCD Mode: COMMON
        Register Mode: RegComb
        CaSense Mode: NEITHER
        Treat as pin: True
        Is OE Registered: False
        Uses Analog: False
        Can contain Digital: True
        Is SIO: False
        SIO Output Buf: NONREGULATED
        SIO Input Buf: SINGLE_ENDED
        SIO HiFreq: LOW
        SIO Hyst: DISABLED
        SIO Vtrip: MULTIPLIER_0_5
        SIO Multiplier Index: 0
        SIO RefSel: VCC_IO
        Required Capabilitites: DIGITAL, ROUTABLE
        Initial Value: 1
        IO Voltage: 0
    PORT MAP (
        pa_out => \Keypad_1:Row(2)\__PA ,
        fb => \Keypad_1:Net_258\ ,
        pad => \Keypad_1:Row(2)_PAD\ );
    Properties:
    {
    }

[IoId=7]: 
Pin : Name = \Keypad_1:Row(1)\
    Attributes:
        In Group/Port: True
        In Sync Option: SYNC
        Out Sync Option: AUTO
        Interrupt generated: False
        Interrupt mode: NONE
        Drive mode: RES_PULL_UP
        VTrip: CMOS
        Slew: FAST
        Input Sync needed: True
        Output Sync needed: False
        SC shield enabled: False
        POR State: ANY
        LCD Mode: COMMON
        Register Mode: RegComb
        CaSense Mode: NEITHER
        Treat as pin: True
        Is OE Registered: False
        Uses Analog: False
        Can contain Digital: True
        Is SIO: False
        SIO Output Buf: NONREGULATED
        SIO Input Buf: SINGLE_ENDED
        SIO HiFreq: LOW
        SIO Hyst: DISABLED
        SIO Vtrip: MULTIPLIER_0_5
        SIO Multiplier Index: 0
        SIO RefSel: VCC_IO
        Required Capabilitites: DIGITAL, ROUTABLE
        Initial Value: 1
        IO Voltage: 0
    PORT MAP (
        pa_out => \Keypad_1:Row(1)\__PA ,
        fb => \Keypad_1:Net_257\ ,
        pad => \Keypad_1:Row(1)_PAD\ );
    Properties:
    {
    }

Port 1 contains the following IO cells:
[IoId=0]: 
Pin : Name = \Keypad_1:Column(1)\
    Attributes:
        In Group/Port: True
        In Sync Option: AUTO
        Out Sync Option: NOSYNC
        Interrupt generated: False
        Interrupt mode: NONE
        Drive mode: RES_PULL_UP
        VTrip: EITHER
        Slew: FAST
        Input Sync needed: False
        Output Sync needed: False
        SC shield enabled: False
        POR State: ANY
        LCD Mode: COMMON
        Register Mode: RegComb
        CaSense Mode: NEITHER
        Treat as pin: True
        Is OE Registered: False
        Uses Analog: False
        Can contain Digital: True
        Is SIO: False
        SIO Output Buf: NONREGULATED
        SIO Input Buf: SINGLE_ENDED
        SIO HiFreq: LOW
        SIO Hyst: DISABLED
        SIO Vtrip: MULTIPLIER_0_5
        SIO Multiplier Index: 0
        SIO RefSel: VCC_IO
        Required Capabilitites: DIGITAL, ROUTABLE
        Initial Value: 1
        IO Voltage: 0
    PORT MAP (
        pa_out => \Keypad_1:Column(1)\__PA ,
        input => \Keypad_1:Net_81\ ,
        pad => \Keypad_1:Column(1)_PAD\ );
    Properties:
    {
    }

Port 2 contains the following IO cells:
[IoId=0]: 
Pin : Name = \LCD:LCDPort(0)\
    Attributes:
        In Group/Port: True
        In Sync Option: AUTO
        Out Sync Option: NOSYNC
        Interrupt generated: False
        Interrupt mode: NONE
        Drive mode: CMOS_OUT
        VTrip: EITHER
        Slew: FAST
        Input Sync needed: False
        Output Sync needed: False
        SC shield enabled: False
        POR State: ANY
        LCD Mode: COMMON
        Register Mode: RegComb
        CaSense Mode: NEITHER
        Treat as pin: False
        Is OE Registered: False
        Uses Analog: False
        Can contain Digital: True
        Is SIO: False
        SIO Output Buf: NONREGULATED
        SIO Input Buf: SINGLE_ENDED
        SIO HiFreq: LOW
        SIO Hyst: DISABLED
        SIO Vtrip: MULTIPLIER_0_5
        SIO Multiplier Index: 0
        SIO RefSel: VCC_IO
        Required Capabilitites: DIGITAL
        Initial Value: 0
        IO Voltage: 0
    PORT MAP (
        pa_out => \LCD:LCDPort(0)\__PA ,
        pad => \LCD:LCDPort(0)_PAD\ );
    Properties:
    {
    }

[IoId=1]: 
Pin : Name = \LCD:LCDPort(1)\
    Attributes:
        In Group/Port: True
        In Sync Option: AUTO
        Out Sync Option: NOSYNC
        Interrupt generated: False
        Interrupt mode: NONE
        Drive mode: CMOS_OUT
        VTrip: EITHER
        Slew: FAST
        Input Sync needed: False
        Output Sync needed: False
        SC shield enabled: False
        POR State: ANY
        LCD Mode: COMMON
        Register Mode: RegComb
        CaSense Mode: NEITHER
        Treat as pin: False
        Is OE Registered: False
        Uses Analog: False
        Can contain Digital: True
        Is SIO: False
        SIO Output Buf: NONREGULATED
        SIO Input Buf: SINGLE_ENDED
        SIO HiFreq: LOW
        SIO Hyst: DISABLED
        SIO Vtrip: MULTIPLIER_0_5
        SIO Multiplier Index: 0
        SIO RefSel: VCC_IO
        Required Capabilitites: DIGITAL
        Initial Value: 0
        IO Voltage: 0
    PORT MAP (
        pa_out => \LCD:LCDPort(1)\__PA ,
        pad => \LCD:LCDPort(1)_PAD\ );
    Properties:
    {
    }

[IoId=2]: 
Pin : Name = \LCD:LCDPort(2)\
    Attributes:
        In Group/Port: True
        In Sync Option: AUTO
        Out Sync Option: NOSYNC
        Interrupt generated: False
        Interrupt mode: NONE
        Drive mode: CMOS_OUT
        VTrip: EITHER
        Slew: FAST
        Input Sync needed: False
        Output Sync needed: False
        SC shield enabled: False
        POR State: ANY
        LCD Mode: COMMON
        Register Mode: RegComb
        CaSense Mode: NEITHER
        Treat as pin: False
        Is OE Registered: False
        Uses Analog: False
        Can contain Digital: True
        Is SIO: False
        SIO Output Buf: NONREGULATED
        SIO Input Buf: SINGLE_ENDED
        SIO HiFreq: LOW
        SIO Hyst: DISABLED
        SIO Vtrip: MULTIPLIER_0_5
        SIO Multiplier Index: 0
        SIO RefSel: VCC_IO
        Required Capabilitites: DIGITAL
        Initial Value: 0
        IO Voltage: 0
    PORT MAP (
        pa_out => \LCD:LCDPort(2)\__PA ,
        pad => \LCD:LCDPort(2)_PAD\ );
    Properties:
    {
    }

[IoId=3]: 
Pin : Name = \LCD:LCDPort(3)\
    Attributes:
        In Group/Port: True
        In Sync Option: AUTO
        Out Sync Option: NOSYNC
        Interrupt generated: False
        Interrupt mode: NONE
        Drive mode: CMOS_OUT
        VTrip: EITHER
        Slew: FAST
        Input Sync needed: False
        Output Sync needed: False
        SC shield enabled: False
        POR State: ANY
        LCD Mode: COMMON
        Register Mode: RegComb
        CaSense Mode: NEITHER
        Treat as pin: False
        Is OE Registered: False
        Uses Analog: False
        Can contain Digital: True
        Is SIO: False
        SIO Output Buf: NONREGULATED
        SIO Input Buf: SINGLE_ENDED
        SIO HiFreq: LOW
        SIO Hyst: DISABLED
        SIO Vtrip: MULTIPLIER_0_5
        SIO Multiplier Index: 0
        SIO RefSel: VCC_IO
        Required Capabilitites: DIGITAL
        Initial Value: 0
        IO Voltage: 0
    PORT MAP (
        pa_out => \LCD:LCDPort(3)\__PA ,
        pad => \LCD:LCDPort(3)_PAD\ );
    Properties:
    {
    }

[IoId=4]: 
Pin : Name = \LCD:LCDPort(4)\
    Attributes:
        In Group/Port: True
        In Sync Option: AUTO
        Out Sync Option: NOSYNC
        Interrupt generated: False
        Interrupt mode: NONE
        Drive mode: CMOS_OUT
        VTrip: EITHER
        Slew: FAST
        Input Sync needed: False
        Output Sync needed: False
        SC shield enabled: False
        POR State: ANY
        LCD Mode: COMMON
        Register Mode: RegComb
        CaSense Mode: NEITHER
        Treat as pin: False
        Is OE Registered: False
        Uses Analog: False
        Can contain Digital: True
        Is SIO: False
        SIO Output Buf: NONREGULATED
        SIO Input Buf: SINGLE_ENDED
        SIO HiFreq: LOW
        SIO Hyst: DISABLED
        SIO Vtrip: MULTIPLIER_0_5
        SIO Multiplier Index: 0
        SIO RefSel: VCC_IO
        Required Capabilitites: DIGITAL
        Initial Value: 0
        IO Voltage: 0
    PORT MAP (
        pa_out => \LCD:LCDPort(4)\__PA ,
        pad => \LCD:LCDPort(4)_PAD\ );
    Properties:
    {
    }

[IoId=5]: 
Pin : Name = \LCD:LCDPort(5)\
    Attributes:
        In Group/Port: True
        In Sync Option: AUTO
        Out Sync Option: NOSYNC
        Interrupt generated: False
        Interrupt mode: NONE
        Drive mode: CMOS_OUT
        VTrip: EITHER
        Slew: FAST
        Input Sync needed: False
        Output Sync needed: False
        SC shield enabled: False
        POR State: ANY
        LCD Mode: COMMON
        Register Mode: RegComb
        CaSense Mode: NEITHER
        Treat as pin: False
        Is OE Registered: False
        Uses Analog: False
        Can contain Digital: True
        Is SIO: False
        SIO Output Buf: NONREGULATED
        SIO Input Buf: SINGLE_ENDED
        SIO HiFreq: LOW
        SIO Hyst: DISABLED
        SIO Vtrip: MULTIPLIER_0_5
        SIO Multiplier Index: 0
        SIO RefSel: VCC_IO
        Required Capabilitites: DIGITAL
        Initial Value: 0
        IO Voltage: 0
    PORT MAP (
        pa_out => \LCD:LCDPort(5)\__PA ,
        pad => \LCD:LCDPort(5)_PAD\ );
    Properties:
    {
    }

[IoId=6]: 
Pin : Name = \LCD:LCDPort(6)\
    Attributes:
        In Group/Port: True
        In Sync Option: AUTO
        Out Sync Option: NOSYNC
        Interrupt generated: False
        Interrupt mode: NONE
        Drive mode: CMOS_OUT
        VTrip: EITHER
        Slew: FAST
        Input Sync needed: False
        Output Sync needed: False
        SC shield enabled: False
        POR State: ANY
        LCD Mode: COMMON
        Register Mode: RegComb
        CaSense Mode: NEITHER
        Treat as pin: False
        Is OE Registered: False
        Uses Analog: False
        Can contain Digital: True
        Is SIO: False
        SIO Output Buf: NONREGULATED
        SIO Input Buf: SINGLE_ENDED
        SIO HiFreq: LOW
        SIO Hyst: DISABLED
        SIO Vtrip: MULTIPLIER_0_5
        SIO Multiplier Index: 0
        SIO RefSel: VCC_IO
        Required Capabilitites: DIGITAL
        Initial Value: 0
        IO Voltage: 0
    PORT MAP (
        pa_out => \LCD:LCDPort(6)\__PA ,
        pad => \LCD:LCDPort(6)_PAD\ );
    Properties:
    {
    }

[IoId=7]: 
Pin : Name = \Keypad_1:Column(0)\
    Attributes:
        In Group/Port: True
        In Sync Option: AUTO
        Out Sync Option: NOSYNC
        Interrupt generated: False
        Interrupt mode: NONE
        Drive mode: RES_PULL_UP
        VTrip: EITHER
        Slew: FAST
        Input Sync needed: False
        Output Sync needed: False
        SC shield enabled: False
        POR State: ANY
        LCD Mode: COMMON
        Register Mode: RegComb
        CaSense Mode: NEITHER
        Treat as pin: True
        Is OE Registered: False
        Uses Analog: False
        Can contain Digital: True
        Is SIO: False
        SIO Output Buf: NONREGULATED
        SIO Input Buf: SINGLE_ENDED
        SIO HiFreq: LOW
        SIO Hyst: DISABLED
        SIO Vtrip: MULTIPLIER_0_5
        SIO Multiplier Index: 0
        SIO RefSel: VCC_IO
        Required Capabilitites: DIGITAL, ROUTABLE
        Initial Value: 1
        IO Voltage: 0
    PORT MAP (
        pa_out => \Keypad_1:Column(0)\__PA ,
        input => \Keypad_1:Net_80\ ,
        pad => \Keypad_1:Column(0)_PAD\ );
    Properties:
    {
    }

Port 3 contains the following IO cells:
[IoId=5]: 
Pin : Name = \Keypad_1:Column(2)\
    Attributes:
        In Group/Port: True
        In Sync Option: AUTO
        Out Sync Option: NOSYNC
        Interrupt generated: False
        Interrupt mode: NONE
        Drive mode: RES_PULL_UP
        VTrip: EITHER
        Slew: FAST
        Input Sync needed: False
        Output Sync needed: False
        SC shield enabled: False
        POR State: ANY
        LCD Mode: COMMON
        Register Mode: RegComb
        CaSense Mode: NEITHER
        Treat as pin: True
        Is OE Registered: False
        Uses Analog: False
        Can contain Digital: True
        Is SIO: False
        SIO Output Buf: NONREGULATED
        SIO Input Buf: SINGLE_ENDED
        SIO HiFreq: LOW
        SIO Hyst: DISABLED
        SIO Vtrip: MULTIPLIER_0_5
        SIO Multiplier Index: 0
        SIO RefSel: VCC_IO
        Required Capabilitites: DIGITAL, ROUTABLE
        Initial Value: 1
        IO Voltage: 0
    PORT MAP (
        pa_out => \Keypad_1:Column(2)\__PA ,
        input => \Keypad_1:Net_82\ ,
        pad => \Keypad_1:Column(2)_PAD\ );
    Properties:
    {
    }

[IoId=7]: 
Pin : Name = \Keypad_1:Row(0)\
    Attributes:
        In Group/Port: True
        In Sync Option: SYNC
        Out Sync Option: AUTO
        Interrupt generated: False
        Interrupt mode: NONE
        Drive mode: RES_PULL_UP
        VTrip: CMOS
        Slew: FAST
        Input Sync needed: True
        Output Sync needed: False
        SC shield enabled: False
        POR State: ANY
        LCD Mode: COMMON
        Register Mode: RegComb
        CaSense Mode: NEITHER
        Treat as pin: True
        Is OE Registered: False
        Uses Analog: False
        Can contain Digital: True
        Is SIO: False
        SIO Output Buf: NONREGULATED
        SIO Input Buf: SINGLE_ENDED
        SIO HiFreq: LOW
        SIO Hyst: DISABLED
        SIO Vtrip: MULTIPLIER_0_5
        SIO Multiplier Index: 0
        SIO RefSel: VCC_IO
        Required Capabilitites: DIGITAL, ROUTABLE
        Initial Value: 1
        IO Voltage: 0
    PORT MAP (
        pa_out => \Keypad_1:Row(0)\__PA ,
        fb => \Keypad_1:Net_256\ ,
        pad => \Keypad_1:Row(0)_PAD\ );
    Properties:
    {
    }

Port 4 is empty
Clock group 0: 
    M0S8 Clock Block @ F(Clock,0): 
    m0s8clockblockcell: Name =ClockBlock
        PORT MAP (
            hfclk => ClockBlock_HFCLK ,
            imo => ClockBlock_IMO ,
            ext => ClockBlock_EXTCLK ,
            sysclk => ClockBlock_SYSCLK ,
            ilo => ClockBlock_ILO ,
            lfclk => ClockBlock_LFCLK ,
            dsi_in_0 => ClockBlock_Routed1 ,
            udb_div_0 => dclk_to_genclk ,
            udb_div_1 => dclk_to_genclk_1 );
        Properties:
        {
        }
PM group 0: empty
SPC group 0: empty
WDT group 0: empty
FSS group 0: empty
LP Comparator group 0: empty
Serial Communication (SCB) group 0: empty
CapSense group 0: empty
8-bit IDAC group 0: empty
7-bit IDAC group 0: empty
Timer/Counter/PWM group 0: empty
Comparator/Opamp group 0: empty
Die Temp group 0: empty
SAR ADC group 0: empty
Segment LCD group 0: empty
CLK_GEN group 0: 
    M0S8 Clock Gen Block @ F(CLK_GEN,0): 
    m0s8clockgenblockcell: Name =ClockGenBlock
        PORT MAP (
            gen_clk_out_0 => Net_13_digital ,
            gen_clk_in_0 => dclk_to_genclk ,
            gen_clk_out_1 => \Keypad_1:Net_64_digital\ ,
            gen_clk_in_1 => dclk_to_genclk_1 );
        Properties:
        {
        }
LPCOMPBLOCK group 0: empty
PASSBLOCK group 0: empty
ANAPUMP group 0: empty
</CYPRESSTAG>
<CYPRESSTAG name="Port Configuration Details">

------------------------------------------------------------
Port Configuration report
------------------------------------------------------------
     |     |       | Interrupt |                  |                      | 
Port | Pin | Fixed |      Type |       Drive Mode |                 Name | Connections
-----+-----+-------+-----------+------------------+----------------------+-----------------------
   0 |   0 |     * |      NONE |      RES_PULL_UP | \Keypad_1:Column(3)\ | In(\Keypad_1:Net_83\)
     |   4 |     * |      NONE |      RES_PULL_UP |    \Keypad_1:Row(3)\ | FB(\Keypad_1:Net_259\)
     |   5 |     * |      NONE |      RES_PULL_UP |    \Keypad_1:Row(2)\ | FB(\Keypad_1:Net_258\)
     |   7 |     * |      NONE |      RES_PULL_UP |    \Keypad_1:Row(1)\ | FB(\Keypad_1:Net_257\)
-----+-----+-------+-----------+------------------+----------------------+-----------------------
   1 |   0 |     * |      NONE |      RES_PULL_UP | \Keypad_1:Column(1)\ | In(\Keypad_1:Net_81\)
-----+-----+-------+-----------+------------------+----------------------+-----------------------
   2 |   0 |     * |      NONE |         CMOS_OUT |     \LCD:LCDPort(0)\ | 
     |   1 |     * |      NONE |         CMOS_OUT |     \LCD:LCDPort(1)\ | 
     |   2 |     * |      NONE |         CMOS_OUT |     \LCD:LCDPort(2)\ | 
     |   3 |     * |      NONE |         CMOS_OUT |     \LCD:LCDPort(3)\ | 
     |   4 |     * |      NONE |         CMOS_OUT |     \LCD:LCDPort(4)\ | 
     |   5 |     * |      NONE |         CMOS_OUT |     \LCD:LCDPort(5)\ | 
     |   6 |     * |      NONE |         CMOS_OUT |     \LCD:LCDPort(6)\ | 
     |   7 |     * |      NONE |      RES_PULL_UP | \Keypad_1:Column(0)\ | In(\Keypad_1:Net_80\)
-----+-----+-------+-----------+------------------+----------------------+-----------------------
   3 |   5 |     * |      NONE |      RES_PULL_UP | \Keypad_1:Column(2)\ | In(\Keypad_1:Net_82\)
     |   7 |     * |      NONE |      RES_PULL_UP |    \Keypad_1:Row(0)\ | FB(\Keypad_1:Net_256\)
-------------------------------------------------------------------------------------------------
</CYPRESSTAG>
</CYPRESSTAG>
</CYPRESSTAG>
Digital component placer commit/Report: Elapsed time ==> 0s.001ms
Digital Placement phase: Elapsed time ==> 0s.366ms
</CYPRESSTAG>
<CYPRESSTAG name="Digital Routing">
Routing successful.
Digital Routing phase: Elapsed time ==> 0s.670ms
</CYPRESSTAG>
<CYPRESSTAG name="Bitstream and API generation">
Bitstream and API generation phase: Elapsed time ==> 0s.116ms
</CYPRESSTAG>
<CYPRESSTAG name="Bitstream verification">
Bitstream verification phase: Elapsed time ==> 0s.021ms
</CYPRESSTAG>
<CYPRESSTAG name="Static timing analysis">
Timing report is in Calculator_timing.html.
Static timing analysis phase: Elapsed time ==> 0s.155ms
</CYPRESSTAG>
<CYPRESSTAG name="Data reporting">
Data reporting phase: Elapsed time ==> 0s.000ms
</CYPRESSTAG>
<CYPRESSTAG name="Database update...">
Design database save phase: Elapsed time ==> 0s.121ms
</CYPRESSTAG>
cydsfit: Elapsed time ==> 1s.762ms
</CYPRESSTAG>
Fitter phase: Elapsed time ==> 1s.790ms
API generation phase: Elapsed time ==> 0s.704ms
Dependency generation phase: Elapsed time ==> 0s.005ms
Cleanup phase: Elapsed time ==> 0s.001ms
