ARM GAS  C:\Users\IEUser\AppData\Local\Temp\ccQ7R6kD.s 			page 1


   1              		.cpu cortex-m0
   2              		.fpu softvfp
   3              		.eabi_attribute 20, 1
   4              		.eabi_attribute 21, 1
   5              		.eabi_attribute 23, 3
   6              		.eabi_attribute 24, 1
   7              		.eabi_attribute 25, 1
   8              		.eabi_attribute 26, 1
   9              		.eabi_attribute 30, 1
  10              		.eabi_attribute 34, 0
  11              		.eabi_attribute 18, 4
  12              		.code	16
  13              		.file	"KBD_ROWPins.c"
  14              		.text
  15              	.Ltext0:
  16              		.cfi_sections	.debug_frame
  17              		.section	.text.KBD_ROWPins_SetDriveMode,"ax",%progbits
  18              		.align	2
  19              		.global	KBD_ROWPins_SetDriveMode
  20              		.code	16
  21              		.thumb_func
  22              		.type	KBD_ROWPins_SetDriveMode, %function
  23              	KBD_ROWPins_SetDriveMode:
  24              	.LFB0:
  25              		.file 1 ".\\Generated_Source\\PSoC4\\KBD_ROWPins.c"
   1:.\Generated_Source\PSoC4/KBD_ROWPins.c **** /*******************************************************************************
   2:.\Generated_Source\PSoC4/KBD_ROWPins.c **** * File Name: KBD_ROWPins.c  
   3:.\Generated_Source\PSoC4/KBD_ROWPins.c **** * Version 2.20
   4:.\Generated_Source\PSoC4/KBD_ROWPins.c **** *
   5:.\Generated_Source\PSoC4/KBD_ROWPins.c **** * Description:
   6:.\Generated_Source\PSoC4/KBD_ROWPins.c **** *  This file contains API to enable firmware control of a Pins component.
   7:.\Generated_Source\PSoC4/KBD_ROWPins.c **** *
   8:.\Generated_Source\PSoC4/KBD_ROWPins.c **** ********************************************************************************
   9:.\Generated_Source\PSoC4/KBD_ROWPins.c **** * Copyright 2008-2015, Cypress Semiconductor Corporation.  All rights reserved.
  10:.\Generated_Source\PSoC4/KBD_ROWPins.c **** * You may use this file only in accordance with the license, terms, conditions, 
  11:.\Generated_Source\PSoC4/KBD_ROWPins.c **** * disclaimers, and limitations in the end user license agreement accompanying 
  12:.\Generated_Source\PSoC4/KBD_ROWPins.c **** * the software package with which this file was provided.
  13:.\Generated_Source\PSoC4/KBD_ROWPins.c **** *******************************************************************************/
  14:.\Generated_Source\PSoC4/KBD_ROWPins.c **** 
  15:.\Generated_Source\PSoC4/KBD_ROWPins.c **** #include "cytypes.h"
  16:.\Generated_Source\PSoC4/KBD_ROWPins.c **** #include "KBD_ROWPins.h"
  17:.\Generated_Source\PSoC4/KBD_ROWPins.c **** 
  18:.\Generated_Source\PSoC4/KBD_ROWPins.c **** 
  19:.\Generated_Source\PSoC4/KBD_ROWPins.c **** #if defined(KBD_ROWPins__PC)
  20:.\Generated_Source\PSoC4/KBD_ROWPins.c ****     #define KBD_ROWPins_SetP4PinDriveMode(shift, mode)  \
  21:.\Generated_Source\PSoC4/KBD_ROWPins.c ****     do { \
  22:.\Generated_Source\PSoC4/KBD_ROWPins.c ****         KBD_ROWPins_PC =   (KBD_ROWPins_PC & \
  23:.\Generated_Source\PSoC4/KBD_ROWPins.c ****                                 (uint32)(~(uint32)(KBD_ROWPins_DRIVE_MODE_IND_MASK << \
  24:.\Generated_Source\PSoC4/KBD_ROWPins.c ****                                 (KBD_ROWPins_DRIVE_MODE_BITS * (shift))))) | \
  25:.\Generated_Source\PSoC4/KBD_ROWPins.c ****                                 (uint32)((uint32)(mode) << \
  26:.\Generated_Source\PSoC4/KBD_ROWPins.c ****                                 (KBD_ROWPins_DRIVE_MODE_BITS * (shift))); \
  27:.\Generated_Source\PSoC4/KBD_ROWPins.c ****     } while (0)
  28:.\Generated_Source\PSoC4/KBD_ROWPins.c **** #else
  29:.\Generated_Source\PSoC4/KBD_ROWPins.c ****     #if (CY_PSOC4_4200L)
  30:.\Generated_Source\PSoC4/KBD_ROWPins.c ****         #define KBD_ROWPins_SetP4PinDriveMode(shift, mode)  \
  31:.\Generated_Source\PSoC4/KBD_ROWPins.c ****         do { \
  32:.\Generated_Source\PSoC4/KBD_ROWPins.c ****             KBD_ROWPins_USBIO_CTRL_REG = (KBD_ROWPins_USBIO_CTRL_REG & \
ARM GAS  C:\Users\IEUser\AppData\Local\Temp\ccQ7R6kD.s 			page 2


  33:.\Generated_Source\PSoC4/KBD_ROWPins.c ****                                     (uint32)(~(uint32)(KBD_ROWPins_DRIVE_MODE_IND_MASK << \
  34:.\Generated_Source\PSoC4/KBD_ROWPins.c ****                                     (KBD_ROWPins_DRIVE_MODE_BITS * (shift))))) | \
  35:.\Generated_Source\PSoC4/KBD_ROWPins.c ****                                     (uint32)((uint32)(mode) << \
  36:.\Generated_Source\PSoC4/KBD_ROWPins.c ****                                     (KBD_ROWPins_DRIVE_MODE_BITS * (shift))); \
  37:.\Generated_Source\PSoC4/KBD_ROWPins.c ****         } while (0)
  38:.\Generated_Source\PSoC4/KBD_ROWPins.c ****     #endif
  39:.\Generated_Source\PSoC4/KBD_ROWPins.c **** #endif
  40:.\Generated_Source\PSoC4/KBD_ROWPins.c ****   
  41:.\Generated_Source\PSoC4/KBD_ROWPins.c **** 
  42:.\Generated_Source\PSoC4/KBD_ROWPins.c **** #if defined(KBD_ROWPins__PC) || (CY_PSOC4_4200L) 
  43:.\Generated_Source\PSoC4/KBD_ROWPins.c ****     /*******************************************************************************
  44:.\Generated_Source\PSoC4/KBD_ROWPins.c ****     * Function Name: KBD_ROWPins_SetDriveMode
  45:.\Generated_Source\PSoC4/KBD_ROWPins.c ****     ****************************************************************************//**
  46:.\Generated_Source\PSoC4/KBD_ROWPins.c ****     *
  47:.\Generated_Source\PSoC4/KBD_ROWPins.c ****     * \brief Sets the drive mode for each of the Pins component's pins.
  48:.\Generated_Source\PSoC4/KBD_ROWPins.c ****     * 
  49:.\Generated_Source\PSoC4/KBD_ROWPins.c ****     * <b>Note</b> This affects all pins in the Pins component instance. Use the
  50:.\Generated_Source\PSoC4/KBD_ROWPins.c ****     * Per-Pin APIs if you wish to control individual pin's drive modes.
  51:.\Generated_Source\PSoC4/KBD_ROWPins.c ****     *
  52:.\Generated_Source\PSoC4/KBD_ROWPins.c ****     * <b>Note</b> USBIOs have limited drive functionality. Refer to the Drive Mode
  53:.\Generated_Source\PSoC4/KBD_ROWPins.c ****     * parameter for more information.
  54:.\Generated_Source\PSoC4/KBD_ROWPins.c ****     *
  55:.\Generated_Source\PSoC4/KBD_ROWPins.c ****     * \param mode
  56:.\Generated_Source\PSoC4/KBD_ROWPins.c ****     *  Mode for the selected signals. Valid options are documented in 
  57:.\Generated_Source\PSoC4/KBD_ROWPins.c ****     *  \ref driveMode.
  58:.\Generated_Source\PSoC4/KBD_ROWPins.c ****     *
  59:.\Generated_Source\PSoC4/KBD_ROWPins.c ****     * \return
  60:.\Generated_Source\PSoC4/KBD_ROWPins.c ****     *  None
  61:.\Generated_Source\PSoC4/KBD_ROWPins.c ****     *
  62:.\Generated_Source\PSoC4/KBD_ROWPins.c ****     * \sideeffect
  63:.\Generated_Source\PSoC4/KBD_ROWPins.c ****     *  If you use read-modify-write operations that are not atomic, the ISR can
  64:.\Generated_Source\PSoC4/KBD_ROWPins.c ****     *  cause corruption of this function. An ISR that interrupts this function 
  65:.\Generated_Source\PSoC4/KBD_ROWPins.c ****     *  and performs writes to the Pins component Drive Mode registers can cause 
  66:.\Generated_Source\PSoC4/KBD_ROWPins.c ****     *  corrupted port data. To avoid this issue, you should either use the Per-Pin
  67:.\Generated_Source\PSoC4/KBD_ROWPins.c ****     *  APIs (primary method) or disable interrupts around this function.
  68:.\Generated_Source\PSoC4/KBD_ROWPins.c ****     *
  69:.\Generated_Source\PSoC4/KBD_ROWPins.c ****     * \funcusage
  70:.\Generated_Source\PSoC4/KBD_ROWPins.c ****     *  \snippet KBD_ROWPins_SUT.c usage_KBD_ROWPins_SetDriveMode
  71:.\Generated_Source\PSoC4/KBD_ROWPins.c ****     *******************************************************************************/
  72:.\Generated_Source\PSoC4/KBD_ROWPins.c ****     void KBD_ROWPins_SetDriveMode(uint8 mode)
  73:.\Generated_Source\PSoC4/KBD_ROWPins.c ****     {
  26              		.loc 1 73 0
  27              		.cfi_startproc
  28              	.LVL0:
  74:.\Generated_Source\PSoC4/KBD_ROWPins.c **** 		KBD_ROWPins_SetP4PinDriveMode(KBD_ROWPins__0__SHIFT, mode);
  29              		.loc 1 74 0
  30 0000 0C4B     		ldr	r3, .L2
  31 0002 1968     		ldr	r1, [r3]
  32 0004 0C4A     		ldr	r2, .L2+4
  33 0006 0A40     		and	r2, r1
  34 0008 0103     		lsl	r1, r0, #12
  35 000a 0A43     		orr	r2, r1
  36 000c 1A60     		str	r2, [r3]
  75:.\Generated_Source\PSoC4/KBD_ROWPins.c **** 		KBD_ROWPins_SetP4PinDriveMode(KBD_ROWPins__1__SHIFT, mode);
  37              		.loc 1 75 0
  38 000e 1968     		ldr	r1, [r3]
  39 0010 0A4A     		ldr	r2, .L2+8
ARM GAS  C:\Users\IEUser\AppData\Local\Temp\ccQ7R6kD.s 			page 3


  40 0012 0A40     		and	r2, r1
  41 0014 C103     		lsl	r1, r0, #15
  42 0016 0A43     		orr	r2, r1
  43 0018 1A60     		str	r2, [r3]
  76:.\Generated_Source\PSoC4/KBD_ROWPins.c **** 		KBD_ROWPins_SetP4PinDriveMode(KBD_ROWPins__2__SHIFT, mode);
  44              		.loc 1 76 0
  45 001a 1968     		ldr	r1, [r3]
  46 001c 084A     		ldr	r2, .L2+12
  47 001e 0A40     		and	r2, r1
  48 0020 8104     		lsl	r1, r0, #18
  49 0022 0A43     		orr	r2, r1
  50 0024 1A60     		str	r2, [r3]
  77:.\Generated_Source\PSoC4/KBD_ROWPins.c **** 		KBD_ROWPins_SetP4PinDriveMode(KBD_ROWPins__3__SHIFT, mode);
  51              		.loc 1 77 0
  52 0026 1968     		ldr	r1, [r3]
  53 0028 064A     		ldr	r2, .L2+16
  54 002a 0A40     		and	r2, r1
  55 002c 4005     		lsl	r0, r0, #21
  56              	.LVL1:
  57 002e 1043     		orr	r0, r2
  58 0030 1860     		str	r0, [r3]
  78:.\Generated_Source\PSoC4/KBD_ROWPins.c ****     }
  59              		.loc 1 78 0
  60              		@ sp needed
  61 0032 7047     		bx	lr
  62              	.L3:
  63              		.align	2
  64              	.L2:
  65 0034 08030440 		.word	1074004744
  66 0038 FF8FFFFF 		.word	-28673
  67 003c FF7FFCFF 		.word	-229377
  68 0040 FFFFE3FF 		.word	-1835009
  69 0044 FFFF1FFF 		.word	-14680065
  70              		.cfi_endproc
  71              	.LFE0:
  72              		.size	KBD_ROWPins_SetDriveMode, .-KBD_ROWPins_SetDriveMode
  73              		.section	.text.KBD_ROWPins_Write,"ax",%progbits
  74              		.align	2
  75              		.global	KBD_ROWPins_Write
  76              		.code	16
  77              		.thumb_func
  78              		.type	KBD_ROWPins_Write, %function
  79              	KBD_ROWPins_Write:
  80              	.LFB1:
  79:.\Generated_Source\PSoC4/KBD_ROWPins.c **** #endif
  80:.\Generated_Source\PSoC4/KBD_ROWPins.c **** 
  81:.\Generated_Source\PSoC4/KBD_ROWPins.c **** 
  82:.\Generated_Source\PSoC4/KBD_ROWPins.c **** /*******************************************************************************
  83:.\Generated_Source\PSoC4/KBD_ROWPins.c **** * Function Name: KBD_ROWPins_Write
  84:.\Generated_Source\PSoC4/KBD_ROWPins.c **** ****************************************************************************//**
  85:.\Generated_Source\PSoC4/KBD_ROWPins.c **** *
  86:.\Generated_Source\PSoC4/KBD_ROWPins.c **** * \brief Writes the value to the physical port (data output register), masking
  87:.\Generated_Source\PSoC4/KBD_ROWPins.c **** *  and shifting the bits appropriately. 
  88:.\Generated_Source\PSoC4/KBD_ROWPins.c **** *
  89:.\Generated_Source\PSoC4/KBD_ROWPins.c **** * The data output register controls the signal applied to the physical pin in 
  90:.\Generated_Source\PSoC4/KBD_ROWPins.c **** * conjunction with the drive mode parameter. This function avoids changing 
  91:.\Generated_Source\PSoC4/KBD_ROWPins.c **** * other bits in the port by using the appropriate method (read-modify-write or
ARM GAS  C:\Users\IEUser\AppData\Local\Temp\ccQ7R6kD.s 			page 4


  92:.\Generated_Source\PSoC4/KBD_ROWPins.c **** * bit banding).
  93:.\Generated_Source\PSoC4/KBD_ROWPins.c **** *
  94:.\Generated_Source\PSoC4/KBD_ROWPins.c **** * <b>Note</b> This function should not be used on a hardware digital output pin 
  95:.\Generated_Source\PSoC4/KBD_ROWPins.c **** * as it is driven by the hardware signal attached to it.
  96:.\Generated_Source\PSoC4/KBD_ROWPins.c **** *
  97:.\Generated_Source\PSoC4/KBD_ROWPins.c **** * \param value
  98:.\Generated_Source\PSoC4/KBD_ROWPins.c **** *  Value to write to the component instance.
  99:.\Generated_Source\PSoC4/KBD_ROWPins.c **** *
 100:.\Generated_Source\PSoC4/KBD_ROWPins.c **** * \return 
 101:.\Generated_Source\PSoC4/KBD_ROWPins.c **** *  None 
 102:.\Generated_Source\PSoC4/KBD_ROWPins.c **** *
 103:.\Generated_Source\PSoC4/KBD_ROWPins.c **** * \sideeffect
 104:.\Generated_Source\PSoC4/KBD_ROWPins.c **** *  If you use read-modify-write operations that are not atomic; the Interrupt 
 105:.\Generated_Source\PSoC4/KBD_ROWPins.c **** *  Service Routines (ISR) can cause corruption of this function. An ISR that 
 106:.\Generated_Source\PSoC4/KBD_ROWPins.c **** *  interrupts this function and performs writes to the Pins component data 
 107:.\Generated_Source\PSoC4/KBD_ROWPins.c **** *  register can cause corrupted port data. To avoid this issue, you should 
 108:.\Generated_Source\PSoC4/KBD_ROWPins.c **** *  either use the Per-Pin APIs (primary method) or disable interrupts around 
 109:.\Generated_Source\PSoC4/KBD_ROWPins.c **** *  this function.
 110:.\Generated_Source\PSoC4/KBD_ROWPins.c **** *
 111:.\Generated_Source\PSoC4/KBD_ROWPins.c **** * \funcusage
 112:.\Generated_Source\PSoC4/KBD_ROWPins.c **** *  \snippet KBD_ROWPins_SUT.c usage_KBD_ROWPins_Write
 113:.\Generated_Source\PSoC4/KBD_ROWPins.c **** *******************************************************************************/
 114:.\Generated_Source\PSoC4/KBD_ROWPins.c **** void KBD_ROWPins_Write(uint8 value)
 115:.\Generated_Source\PSoC4/KBD_ROWPins.c **** {
  81              		.loc 1 115 0
  82              		.cfi_startproc
  83              	.LVL2:
 116:.\Generated_Source\PSoC4/KBD_ROWPins.c ****     uint8 drVal = (uint8)(KBD_ROWPins_DR & (uint8)(~KBD_ROWPins_MASK));
  84              		.loc 1 116 0
  85 0000 044A     		ldr	r2, .L5
  86 0002 1168     		ldr	r1, [r2]
  87 0004 0F23     		mov	r3, #15
  88 0006 0B40     		and	r3, r1
  89              	.LVL3:
 117:.\Generated_Source\PSoC4/KBD_ROWPins.c ****     drVal = (drVal | ((uint8)(value << KBD_ROWPins_SHIFT) & KBD_ROWPins_MASK));
  90              		.loc 1 117 0
  91 0008 0001     		lsl	r0, r0, #4
  92              	.LVL4:
  93 000a C0B2     		uxtb	r0, r0
  94 000c 1843     		orr	r0, r3
  95              	.LVL5:
 118:.\Generated_Source\PSoC4/KBD_ROWPins.c ****     KBD_ROWPins_DR = (uint32)drVal;
  96              		.loc 1 118 0
  97 000e 1060     		str	r0, [r2]
 119:.\Generated_Source\PSoC4/KBD_ROWPins.c **** }
  98              		.loc 1 119 0
  99              		@ sp needed
 100 0010 7047     		bx	lr
 101              	.L6:
 102 0012 C046     		.align	2
 103              	.L5:
 104 0014 00030440 		.word	1074004736
 105              		.cfi_endproc
 106              	.LFE1:
 107              		.size	KBD_ROWPins_Write, .-KBD_ROWPins_Write
 108              		.section	.text.KBD_ROWPins_Read,"ax",%progbits
 109              		.align	2
ARM GAS  C:\Users\IEUser\AppData\Local\Temp\ccQ7R6kD.s 			page 5


 110              		.global	KBD_ROWPins_Read
 111              		.code	16
 112              		.thumb_func
 113              		.type	KBD_ROWPins_Read, %function
 114              	KBD_ROWPins_Read:
 115              	.LFB2:
 120:.\Generated_Source\PSoC4/KBD_ROWPins.c **** 
 121:.\Generated_Source\PSoC4/KBD_ROWPins.c **** 
 122:.\Generated_Source\PSoC4/KBD_ROWPins.c **** /*******************************************************************************
 123:.\Generated_Source\PSoC4/KBD_ROWPins.c **** * Function Name: KBD_ROWPins_Read
 124:.\Generated_Source\PSoC4/KBD_ROWPins.c **** ****************************************************************************//**
 125:.\Generated_Source\PSoC4/KBD_ROWPins.c **** *
 126:.\Generated_Source\PSoC4/KBD_ROWPins.c **** * \brief Reads the associated physical port (pin status register) and masks 
 127:.\Generated_Source\PSoC4/KBD_ROWPins.c **** *  the required bits according to the width and bit position of the component
 128:.\Generated_Source\PSoC4/KBD_ROWPins.c **** *  instance. 
 129:.\Generated_Source\PSoC4/KBD_ROWPins.c **** *
 130:.\Generated_Source\PSoC4/KBD_ROWPins.c **** * The pin's status register returns the current logic level present on the 
 131:.\Generated_Source\PSoC4/KBD_ROWPins.c **** * physical pin.
 132:.\Generated_Source\PSoC4/KBD_ROWPins.c **** *
 133:.\Generated_Source\PSoC4/KBD_ROWPins.c **** * \return 
 134:.\Generated_Source\PSoC4/KBD_ROWPins.c **** *  The current value for the pins in the component as a right justified number.
 135:.\Generated_Source\PSoC4/KBD_ROWPins.c **** *
 136:.\Generated_Source\PSoC4/KBD_ROWPins.c **** * \funcusage
 137:.\Generated_Source\PSoC4/KBD_ROWPins.c **** *  \snippet KBD_ROWPins_SUT.c usage_KBD_ROWPins_Read  
 138:.\Generated_Source\PSoC4/KBD_ROWPins.c **** *******************************************************************************/
 139:.\Generated_Source\PSoC4/KBD_ROWPins.c **** uint8 KBD_ROWPins_Read(void)
 140:.\Generated_Source\PSoC4/KBD_ROWPins.c **** {
 116              		.loc 1 140 0
 117              		.cfi_startproc
 141:.\Generated_Source\PSoC4/KBD_ROWPins.c ****     return (uint8)((KBD_ROWPins_PS & KBD_ROWPins_MASK) >> KBD_ROWPins_SHIFT);
 118              		.loc 1 141 0
 119 0000 024B     		ldr	r3, .L8
 120 0002 1868     		ldr	r0, [r3]
 121 0004 0006     		lsl	r0, r0, #24
 122 0006 000F     		lsr	r0, r0, #28
 142:.\Generated_Source\PSoC4/KBD_ROWPins.c **** }
 123              		.loc 1 142 0
 124              		@ sp needed
 125 0008 7047     		bx	lr
 126              	.L9:
 127 000a C046     		.align	2
 128              	.L8:
 129 000c 04030440 		.word	1074004740
 130              		.cfi_endproc
 131              	.LFE2:
 132              		.size	KBD_ROWPins_Read, .-KBD_ROWPins_Read
 133              		.section	.text.KBD_ROWPins_ReadDataReg,"ax",%progbits
 134              		.align	2
 135              		.global	KBD_ROWPins_ReadDataReg
 136              		.code	16
 137              		.thumb_func
 138              		.type	KBD_ROWPins_ReadDataReg, %function
 139              	KBD_ROWPins_ReadDataReg:
 140              	.LFB3:
 143:.\Generated_Source\PSoC4/KBD_ROWPins.c **** 
 144:.\Generated_Source\PSoC4/KBD_ROWPins.c **** 
 145:.\Generated_Source\PSoC4/KBD_ROWPins.c **** /*******************************************************************************
ARM GAS  C:\Users\IEUser\AppData\Local\Temp\ccQ7R6kD.s 			page 6


 146:.\Generated_Source\PSoC4/KBD_ROWPins.c **** * Function Name: KBD_ROWPins_ReadDataReg
 147:.\Generated_Source\PSoC4/KBD_ROWPins.c **** ****************************************************************************//**
 148:.\Generated_Source\PSoC4/KBD_ROWPins.c **** *
 149:.\Generated_Source\PSoC4/KBD_ROWPins.c **** * \brief Reads the associated physical port's data output register and masks 
 150:.\Generated_Source\PSoC4/KBD_ROWPins.c **** *  the correct bits according to the width and bit position of the component 
 151:.\Generated_Source\PSoC4/KBD_ROWPins.c **** *  instance. 
 152:.\Generated_Source\PSoC4/KBD_ROWPins.c **** *
 153:.\Generated_Source\PSoC4/KBD_ROWPins.c **** * The data output register controls the signal applied to the physical pin in 
 154:.\Generated_Source\PSoC4/KBD_ROWPins.c **** * conjunction with the drive mode parameter. This is not the same as the 
 155:.\Generated_Source\PSoC4/KBD_ROWPins.c **** * preferred KBD_ROWPins_Read() API because the 
 156:.\Generated_Source\PSoC4/KBD_ROWPins.c **** * KBD_ROWPins_ReadDataReg() reads the data register instead of the status 
 157:.\Generated_Source\PSoC4/KBD_ROWPins.c **** * register. For output pins this is a useful function to determine the value 
 158:.\Generated_Source\PSoC4/KBD_ROWPins.c **** * just written to the pin.
 159:.\Generated_Source\PSoC4/KBD_ROWPins.c **** *
 160:.\Generated_Source\PSoC4/KBD_ROWPins.c **** * \return 
 161:.\Generated_Source\PSoC4/KBD_ROWPins.c **** *  The current value of the data register masked and shifted into a right 
 162:.\Generated_Source\PSoC4/KBD_ROWPins.c **** *  justified number for the component instance.
 163:.\Generated_Source\PSoC4/KBD_ROWPins.c **** *
 164:.\Generated_Source\PSoC4/KBD_ROWPins.c **** * \funcusage
 165:.\Generated_Source\PSoC4/KBD_ROWPins.c **** *  \snippet KBD_ROWPins_SUT.c usage_KBD_ROWPins_ReadDataReg 
 166:.\Generated_Source\PSoC4/KBD_ROWPins.c **** *******************************************************************************/
 167:.\Generated_Source\PSoC4/KBD_ROWPins.c **** uint8 KBD_ROWPins_ReadDataReg(void)
 168:.\Generated_Source\PSoC4/KBD_ROWPins.c **** {
 141              		.loc 1 168 0
 142              		.cfi_startproc
 169:.\Generated_Source\PSoC4/KBD_ROWPins.c ****     return (uint8)((KBD_ROWPins_DR & KBD_ROWPins_MASK) >> KBD_ROWPins_SHIFT);
 143              		.loc 1 169 0
 144 0000 024B     		ldr	r3, .L11
 145 0002 1868     		ldr	r0, [r3]
 146 0004 0006     		lsl	r0, r0, #24
 147 0006 000F     		lsr	r0, r0, #28
 170:.\Generated_Source\PSoC4/KBD_ROWPins.c **** }
 148              		.loc 1 170 0
 149              		@ sp needed
 150 0008 7047     		bx	lr
 151              	.L12:
 152 000a C046     		.align	2
 153              	.L11:
 154 000c 00030440 		.word	1074004736
 155              		.cfi_endproc
 156              	.LFE3:
 157              		.size	KBD_ROWPins_ReadDataReg, .-KBD_ROWPins_ReadDataReg
 158              		.section	.text.KBD_ROWPins_SetInterruptMode,"ax",%progbits
 159              		.align	2
 160              		.global	KBD_ROWPins_SetInterruptMode
 161              		.code	16
 162              		.thumb_func
 163              		.type	KBD_ROWPins_SetInterruptMode, %function
 164              	KBD_ROWPins_SetInterruptMode:
 165              	.LFB4:
 171:.\Generated_Source\PSoC4/KBD_ROWPins.c **** 
 172:.\Generated_Source\PSoC4/KBD_ROWPins.c **** 
 173:.\Generated_Source\PSoC4/KBD_ROWPins.c **** /*******************************************************************************
 174:.\Generated_Source\PSoC4/KBD_ROWPins.c **** * Function Name: KBD_ROWPins_SetInterruptMode
 175:.\Generated_Source\PSoC4/KBD_ROWPins.c **** ****************************************************************************//**
 176:.\Generated_Source\PSoC4/KBD_ROWPins.c **** *
 177:.\Generated_Source\PSoC4/KBD_ROWPins.c **** * \brief Configures the interrupt mode for each of the Pins component's
ARM GAS  C:\Users\IEUser\AppData\Local\Temp\ccQ7R6kD.s 			page 7


 178:.\Generated_Source\PSoC4/KBD_ROWPins.c **** *  pins. Alternatively you may set the interrupt mode for all the pins
 179:.\Generated_Source\PSoC4/KBD_ROWPins.c **** *  specified in the Pins component.
 180:.\Generated_Source\PSoC4/KBD_ROWPins.c **** *
 181:.\Generated_Source\PSoC4/KBD_ROWPins.c **** *  <b>Note</b> The interrupt is port-wide and therefore any enabled pin
 182:.\Generated_Source\PSoC4/KBD_ROWPins.c **** *  interrupt may trigger it.
 183:.\Generated_Source\PSoC4/KBD_ROWPins.c **** *
 184:.\Generated_Source\PSoC4/KBD_ROWPins.c **** * \param position
 185:.\Generated_Source\PSoC4/KBD_ROWPins.c **** *  The pin position as listed in the Pins component. You may OR these to be 
 186:.\Generated_Source\PSoC4/KBD_ROWPins.c **** *  able to configure the interrupt mode of multiple pins within a Pins 
 187:.\Generated_Source\PSoC4/KBD_ROWPins.c **** *  component. Or you may use KBD_ROWPins_INTR_ALL to configure the
 188:.\Generated_Source\PSoC4/KBD_ROWPins.c **** *  interrupt mode of all the pins in the Pins component.       
 189:.\Generated_Source\PSoC4/KBD_ROWPins.c **** *  - KBD_ROWPins_0_INTR       (First pin in the list)
 190:.\Generated_Source\PSoC4/KBD_ROWPins.c **** *  - KBD_ROWPins_1_INTR       (Second pin in the list)
 191:.\Generated_Source\PSoC4/KBD_ROWPins.c **** *  - ...
 192:.\Generated_Source\PSoC4/KBD_ROWPins.c **** *  - KBD_ROWPins_INTR_ALL     (All pins in Pins component)
 193:.\Generated_Source\PSoC4/KBD_ROWPins.c **** *
 194:.\Generated_Source\PSoC4/KBD_ROWPins.c **** * \param mode
 195:.\Generated_Source\PSoC4/KBD_ROWPins.c **** *  Interrupt mode for the selected pins. Valid options are documented in
 196:.\Generated_Source\PSoC4/KBD_ROWPins.c **** *  \ref intrMode.
 197:.\Generated_Source\PSoC4/KBD_ROWPins.c **** *
 198:.\Generated_Source\PSoC4/KBD_ROWPins.c **** * \return 
 199:.\Generated_Source\PSoC4/KBD_ROWPins.c **** *  None
 200:.\Generated_Source\PSoC4/KBD_ROWPins.c **** *  
 201:.\Generated_Source\PSoC4/KBD_ROWPins.c **** * \sideeffect
 202:.\Generated_Source\PSoC4/KBD_ROWPins.c **** *  It is recommended that the interrupt be disabled before calling this 
 203:.\Generated_Source\PSoC4/KBD_ROWPins.c **** *  function to avoid unintended interrupt requests. Note that the interrupt
 204:.\Generated_Source\PSoC4/KBD_ROWPins.c **** *  type is port wide, and therefore will trigger for any enabled pin on the 
 205:.\Generated_Source\PSoC4/KBD_ROWPins.c **** *  port.
 206:.\Generated_Source\PSoC4/KBD_ROWPins.c **** *
 207:.\Generated_Source\PSoC4/KBD_ROWPins.c **** * \funcusage
 208:.\Generated_Source\PSoC4/KBD_ROWPins.c **** *  \snippet KBD_ROWPins_SUT.c usage_KBD_ROWPins_SetInterruptMode
 209:.\Generated_Source\PSoC4/KBD_ROWPins.c **** *******************************************************************************/
 210:.\Generated_Source\PSoC4/KBD_ROWPins.c **** void KBD_ROWPins_SetInterruptMode(uint16 position, uint16 mode)
 211:.\Generated_Source\PSoC4/KBD_ROWPins.c **** {
 166              		.loc 1 211 0
 167              		.cfi_startproc
 168              	.LVL6:
 212:.\Generated_Source\PSoC4/KBD_ROWPins.c ****     uint32 intrCfg;
 213:.\Generated_Source\PSoC4/KBD_ROWPins.c ****     
 214:.\Generated_Source\PSoC4/KBD_ROWPins.c ****     intrCfg =  KBD_ROWPins_INTCFG & (uint32)(~(uint32)position);
 169              		.loc 1 214 0
 170 0000 034A     		ldr	r2, .L14
 171 0002 1368     		ldr	r3, [r2]
 172 0004 8343     		bic	r3, r0
 173              	.LVL7:
 215:.\Generated_Source\PSoC4/KBD_ROWPins.c ****     KBD_ROWPins_INTCFG = intrCfg | ((uint32)position & (uint32)mode);
 174              		.loc 1 215 0
 175 0006 0140     		and	r1, r0
 176              	.LVL8:
 177 0008 1943     		orr	r1, r3
 178 000a 1160     		str	r1, [r2]
 216:.\Generated_Source\PSoC4/KBD_ROWPins.c **** }
 179              		.loc 1 216 0
 180              		@ sp needed
 181 000c 7047     		bx	lr
 182              	.L15:
 183 000e C046     		.align	2
ARM GAS  C:\Users\IEUser\AppData\Local\Temp\ccQ7R6kD.s 			page 8


 184              	.L14:
 185 0010 0C030440 		.word	1074004748
 186              		.cfi_endproc
 187              	.LFE4:
 188              		.size	KBD_ROWPins_SetInterruptMode, .-KBD_ROWPins_SetInterruptMode
 189              		.section	.text.KBD_ROWPins_ClearInterrupt,"ax",%progbits
 190              		.align	2
 191              		.global	KBD_ROWPins_ClearInterrupt
 192              		.code	16
 193              		.thumb_func
 194              		.type	KBD_ROWPins_ClearInterrupt, %function
 195              	KBD_ROWPins_ClearInterrupt:
 196              	.LFB5:
 217:.\Generated_Source\PSoC4/KBD_ROWPins.c **** 
 218:.\Generated_Source\PSoC4/KBD_ROWPins.c **** 
 219:.\Generated_Source\PSoC4/KBD_ROWPins.c **** /*******************************************************************************
 220:.\Generated_Source\PSoC4/KBD_ROWPins.c **** * Function Name: KBD_ROWPins_ClearInterrupt
 221:.\Generated_Source\PSoC4/KBD_ROWPins.c **** ****************************************************************************//**
 222:.\Generated_Source\PSoC4/KBD_ROWPins.c **** *
 223:.\Generated_Source\PSoC4/KBD_ROWPins.c **** * \brief Clears any active interrupts attached with the component and returns 
 224:.\Generated_Source\PSoC4/KBD_ROWPins.c **** *  the value of the interrupt status register allowing determination of which
 225:.\Generated_Source\PSoC4/KBD_ROWPins.c **** *  pins generated an interrupt event.
 226:.\Generated_Source\PSoC4/KBD_ROWPins.c **** *
 227:.\Generated_Source\PSoC4/KBD_ROWPins.c **** * \return 
 228:.\Generated_Source\PSoC4/KBD_ROWPins.c **** *  The right-shifted current value of the interrupt status register. Each pin 
 229:.\Generated_Source\PSoC4/KBD_ROWPins.c **** *  has one bit set if it generated an interrupt event. For example, bit 0 is 
 230:.\Generated_Source\PSoC4/KBD_ROWPins.c **** *  for pin 0 and bit 1 is for pin 1 of the Pins component.
 231:.\Generated_Source\PSoC4/KBD_ROWPins.c **** *  
 232:.\Generated_Source\PSoC4/KBD_ROWPins.c **** * \sideeffect
 233:.\Generated_Source\PSoC4/KBD_ROWPins.c **** *  Clears all bits of the physical port's interrupt status register, not just
 234:.\Generated_Source\PSoC4/KBD_ROWPins.c **** *  those associated with the Pins component.
 235:.\Generated_Source\PSoC4/KBD_ROWPins.c **** *
 236:.\Generated_Source\PSoC4/KBD_ROWPins.c **** * \funcusage
 237:.\Generated_Source\PSoC4/KBD_ROWPins.c **** *  \snippet KBD_ROWPins_SUT.c usage_KBD_ROWPins_ClearInterrupt
 238:.\Generated_Source\PSoC4/KBD_ROWPins.c **** *******************************************************************************/
 239:.\Generated_Source\PSoC4/KBD_ROWPins.c **** uint8 KBD_ROWPins_ClearInterrupt(void)
 240:.\Generated_Source\PSoC4/KBD_ROWPins.c **** {
 197              		.loc 1 240 0
 198              		.cfi_startproc
 241:.\Generated_Source\PSoC4/KBD_ROWPins.c **** 	uint8 maskedStatus = (uint8)(KBD_ROWPins_INTSTAT & KBD_ROWPins_MASK);
 199              		.loc 1 241 0
 200 0000 034A     		ldr	r2, .L17
 201 0002 1068     		ldr	r0, [r2]
 202 0004 F023     		mov	r3, #240
 203 0006 1840     		and	r0, r3
 204              	.LVL9:
 242:.\Generated_Source\PSoC4/KBD_ROWPins.c **** 	KBD_ROWPins_INTSTAT = maskedStatus;
 205              		.loc 1 242 0
 206 0008 1060     		str	r0, [r2]
 243:.\Generated_Source\PSoC4/KBD_ROWPins.c ****     return maskedStatus >> KBD_ROWPins_SHIFT;
 207              		.loc 1 243 0
 208 000a 0009     		lsr	r0, r0, #4
 209              	.LVL10:
 244:.\Generated_Source\PSoC4/KBD_ROWPins.c **** }
 210              		.loc 1 244 0
 211              		@ sp needed
 212 000c 7047     		bx	lr
ARM GAS  C:\Users\IEUser\AppData\Local\Temp\ccQ7R6kD.s 			page 9


 213              	.L18:
 214 000e C046     		.align	2
 215              	.L17:
 216 0010 10030440 		.word	1074004752
 217              		.cfi_endproc
 218              	.LFE5:
 219              		.size	KBD_ROWPins_ClearInterrupt, .-KBD_ROWPins_ClearInterrupt
 220              		.text
 221              	.Letext0:
 222              		.file 2 ".\\Generated_Source\\PSoC4\\cytypes.h"
 223              		.section	.debug_info,"",%progbits
 224              	.Ldebug_info0:
 225 0000 99010000 		.4byte	0x199
 226 0004 0400     		.2byte	0x4
 227 0006 00000000 		.4byte	.Ldebug_abbrev0
 228 000a 04       		.byte	0x4
 229 000b 01       		.uleb128 0x1
 230 000c 87010000 		.4byte	.LASF28
 231 0010 01       		.byte	0x1
 232 0011 C1000000 		.4byte	.LASF29
 233 0015 11010000 		.4byte	.LASF30
 234 0019 00000000 		.4byte	.Ldebug_ranges0+0
 235 001d 00000000 		.4byte	0
 236 0021 00000000 		.4byte	.Ldebug_line0
 237 0025 02       		.uleb128 0x2
 238 0026 01       		.byte	0x1
 239 0027 06       		.byte	0x6
 240 0028 51020000 		.4byte	.LASF0
 241 002c 02       		.uleb128 0x2
 242 002d 01       		.byte	0x1
 243 002e 08       		.byte	0x8
 244 002f 59000000 		.4byte	.LASF1
 245 0033 02       		.uleb128 0x2
 246 0034 02       		.byte	0x2
 247 0035 05       		.byte	0x5
 248 0036 30020000 		.4byte	.LASF2
 249 003a 02       		.uleb128 0x2
 250 003b 02       		.byte	0x2
 251 003c 07       		.byte	0x7
 252 003d 7F000000 		.4byte	.LASF3
 253 0041 02       		.uleb128 0x2
 254 0042 04       		.byte	0x4
 255 0043 05       		.byte	0x5
 256 0044 48020000 		.4byte	.LASF4
 257 0048 02       		.uleb128 0x2
 258 0049 04       		.byte	0x4
 259 004a 07       		.byte	0x7
 260 004b 6D000000 		.4byte	.LASF5
 261 004f 02       		.uleb128 0x2
 262 0050 08       		.byte	0x8
 263 0051 05       		.byte	0x5
 264 0052 67010000 		.4byte	.LASF6
 265 0056 02       		.uleb128 0x2
 266 0057 08       		.byte	0x8
 267 0058 07       		.byte	0x7
 268 0059 F5000000 		.4byte	.LASF7
 269 005d 03       		.uleb128 0x3
ARM GAS  C:\Users\IEUser\AppData\Local\Temp\ccQ7R6kD.s 			page 10


 270 005e 04       		.byte	0x4
 271 005f 05       		.byte	0x5
 272 0060 696E7400 		.ascii	"int\000"
 273 0064 02       		.uleb128 0x2
 274 0065 04       		.byte	0x4
 275 0066 07       		.byte	0x7
 276 0067 E8000000 		.4byte	.LASF8
 277 006b 04       		.uleb128 0x4
 278 006c 42020000 		.4byte	.LASF9
 279 0070 02       		.byte	0x2
 280 0071 3801     		.2byte	0x138
 281 0073 2C000000 		.4byte	0x2c
 282 0077 04       		.uleb128 0x4
 283 0078 AA000000 		.4byte	.LASF10
 284 007c 02       		.byte	0x2
 285 007d 3901     		.2byte	0x139
 286 007f 3A000000 		.4byte	0x3a
 287 0083 04       		.uleb128 0x4
 288 0084 BA000000 		.4byte	.LASF11
 289 0088 02       		.byte	0x2
 290 0089 3A01     		.2byte	0x13a
 291 008b 48000000 		.4byte	0x48
 292 008f 02       		.uleb128 0x2
 293 0090 04       		.byte	0x4
 294 0091 04       		.byte	0x4
 295 0092 53000000 		.4byte	.LASF12
 296 0096 02       		.uleb128 0x2
 297 0097 08       		.byte	0x8
 298 0098 04       		.byte	0x4
 299 0099 A3000000 		.4byte	.LASF13
 300 009d 02       		.uleb128 0x2
 301 009e 01       		.byte	0x1
 302 009f 08       		.byte	0x8
 303 00a0 82010000 		.4byte	.LASF14
 304 00a4 04       		.uleb128 0x4
 305 00a5 18000000 		.4byte	.LASF15
 306 00a9 02       		.byte	0x2
 307 00aa E401     		.2byte	0x1e4
 308 00ac B0000000 		.4byte	0xb0
 309 00b0 05       		.uleb128 0x5
 310 00b1 83000000 		.4byte	0x83
 311 00b5 06       		.uleb128 0x6
 312 00b6 4E010000 		.4byte	.LASF16
 313 00ba 01       		.byte	0x1
 314 00bb 48       		.byte	0x48
 315 00bc 00000000 		.4byte	.LFB0
 316 00c0 48000000 		.4byte	.LFE0-.LFB0
 317 00c4 01       		.uleb128 0x1
 318 00c5 9C       		.byte	0x9c
 319 00c6 DA000000 		.4byte	0xda
 320 00ca 07       		.uleb128 0x7
 321 00cb 0C010000 		.4byte	.LASF18
 322 00cf 01       		.byte	0x1
 323 00d0 48       		.byte	0x48
 324 00d1 6B000000 		.4byte	0x6b
 325 00d5 00000000 		.4byte	.LLST0
 326 00d9 00       		.byte	0
ARM GAS  C:\Users\IEUser\AppData\Local\Temp\ccQ7R6kD.s 			page 11


 327 00da 06       		.uleb128 0x6
 328 00db 24000000 		.4byte	.LASF17
 329 00df 01       		.byte	0x1
 330 00e0 72       		.byte	0x72
 331 00e1 00000000 		.4byte	.LFB1
 332 00e5 18000000 		.4byte	.LFE1-.LFB1
 333 00e9 01       		.uleb128 0x1
 334 00ea 9C       		.byte	0x9c
 335 00eb 0E010000 		.4byte	0x10e
 336 00ef 07       		.uleb128 0x7
 337 00f0 1E000000 		.4byte	.LASF19
 338 00f4 01       		.byte	0x1
 339 00f5 72       		.byte	0x72
 340 00f6 6B000000 		.4byte	0x6b
 341 00fa 21000000 		.4byte	.LLST1
 342 00fe 08       		.uleb128 0x8
 343 00ff 67000000 		.4byte	.LASF24
 344 0103 01       		.byte	0x1
 345 0104 74       		.byte	0x74
 346 0105 6B000000 		.4byte	0x6b
 347 0109 42000000 		.4byte	.LLST2
 348 010d 00       		.byte	0
 349 010e 09       		.uleb128 0x9
 350 010f 92000000 		.4byte	.LASF20
 351 0113 01       		.byte	0x1
 352 0114 8B       		.byte	0x8b
 353 0115 6B000000 		.4byte	0x6b
 354 0119 00000000 		.4byte	.LFB2
 355 011d 10000000 		.4byte	.LFE2-.LFB2
 356 0121 01       		.uleb128 0x1
 357 0122 9C       		.byte	0x9c
 358 0123 09       		.uleb128 0x9
 359 0124 00000000 		.4byte	.LASF21
 360 0128 01       		.byte	0x1
 361 0129 A7       		.byte	0xa7
 362 012a 6B000000 		.4byte	0x6b
 363 012e 00000000 		.4byte	.LFB3
 364 0132 10000000 		.4byte	.LFE3-.LFB3
 365 0136 01       		.uleb128 0x1
 366 0137 9C       		.byte	0x9c
 367 0138 06       		.uleb128 0x6
 368 0139 36000000 		.4byte	.LASF22
 369 013d 01       		.byte	0x1
 370 013e D2       		.byte	0xd2
 371 013f 00000000 		.4byte	.LFB4
 372 0143 14000000 		.4byte	.LFE4-.LFB4
 373 0147 01       		.uleb128 0x1
 374 0148 9C       		.byte	0x9c
 375 0149 77010000 		.4byte	0x177
 376 014d 0A       		.uleb128 0xa
 377 014e B1000000 		.4byte	.LASF23
 378 0152 01       		.byte	0x1
 379 0153 D2       		.byte	0xd2
 380 0154 77000000 		.4byte	0x77
 381 0158 01       		.uleb128 0x1
 382 0159 50       		.byte	0x50
 383 015a 07       		.uleb128 0x7
ARM GAS  C:\Users\IEUser\AppData\Local\Temp\ccQ7R6kD.s 			page 12


 384 015b 0C010000 		.4byte	.LASF18
 385 015f 01       		.byte	0x1
 386 0160 D2       		.byte	0xd2
 387 0161 77000000 		.4byte	0x77
 388 0165 60000000 		.4byte	.LLST3
 389 0169 0B       		.uleb128 0xb
 390 016a 3A020000 		.4byte	.LASF25
 391 016e 01       		.byte	0x1
 392 016f D4       		.byte	0xd4
 393 0170 83000000 		.4byte	0x83
 394 0174 01       		.uleb128 0x1
 395 0175 53       		.byte	0x53
 396 0176 00       		.byte	0
 397 0177 0C       		.uleb128 0xc
 398 0178 15020000 		.4byte	.LASF26
 399 017c 01       		.byte	0x1
 400 017d EF       		.byte	0xef
 401 017e 6B000000 		.4byte	0x6b
 402 0182 00000000 		.4byte	.LFB5
 403 0186 14000000 		.4byte	.LFE5-.LFB5
 404 018a 01       		.uleb128 0x1
 405 018b 9C       		.byte	0x9c
 406 018c 08       		.uleb128 0x8
 407 018d 75010000 		.4byte	.LASF27
 408 0191 01       		.byte	0x1
 409 0192 F1       		.byte	0xf1
 410 0193 6B000000 		.4byte	0x6b
 411 0197 81000000 		.4byte	.LLST4
 412 019b 00       		.byte	0
 413 019c 00       		.byte	0
 414              		.section	.debug_abbrev,"",%progbits
 415              	.Ldebug_abbrev0:
 416 0000 01       		.uleb128 0x1
 417 0001 11       		.uleb128 0x11
 418 0002 01       		.byte	0x1
 419 0003 25       		.uleb128 0x25
 420 0004 0E       		.uleb128 0xe
 421 0005 13       		.uleb128 0x13
 422 0006 0B       		.uleb128 0xb
 423 0007 03       		.uleb128 0x3
 424 0008 0E       		.uleb128 0xe
 425 0009 1B       		.uleb128 0x1b
 426 000a 0E       		.uleb128 0xe
 427 000b 55       		.uleb128 0x55
 428 000c 17       		.uleb128 0x17
 429 000d 11       		.uleb128 0x11
 430 000e 01       		.uleb128 0x1
 431 000f 10       		.uleb128 0x10
 432 0010 17       		.uleb128 0x17
 433 0011 00       		.byte	0
 434 0012 00       		.byte	0
 435 0013 02       		.uleb128 0x2
 436 0014 24       		.uleb128 0x24
 437 0015 00       		.byte	0
 438 0016 0B       		.uleb128 0xb
 439 0017 0B       		.uleb128 0xb
 440 0018 3E       		.uleb128 0x3e
ARM GAS  C:\Users\IEUser\AppData\Local\Temp\ccQ7R6kD.s 			page 13


 441 0019 0B       		.uleb128 0xb
 442 001a 03       		.uleb128 0x3
 443 001b 0E       		.uleb128 0xe
 444 001c 00       		.byte	0
 445 001d 00       		.byte	0
 446 001e 03       		.uleb128 0x3
 447 001f 24       		.uleb128 0x24
 448 0020 00       		.byte	0
 449 0021 0B       		.uleb128 0xb
 450 0022 0B       		.uleb128 0xb
 451 0023 3E       		.uleb128 0x3e
 452 0024 0B       		.uleb128 0xb
 453 0025 03       		.uleb128 0x3
 454 0026 08       		.uleb128 0x8
 455 0027 00       		.byte	0
 456 0028 00       		.byte	0
 457 0029 04       		.uleb128 0x4
 458 002a 16       		.uleb128 0x16
 459 002b 00       		.byte	0
 460 002c 03       		.uleb128 0x3
 461 002d 0E       		.uleb128 0xe
 462 002e 3A       		.uleb128 0x3a
 463 002f 0B       		.uleb128 0xb
 464 0030 3B       		.uleb128 0x3b
 465 0031 05       		.uleb128 0x5
 466 0032 49       		.uleb128 0x49
 467 0033 13       		.uleb128 0x13
 468 0034 00       		.byte	0
 469 0035 00       		.byte	0
 470 0036 05       		.uleb128 0x5
 471 0037 35       		.uleb128 0x35
 472 0038 00       		.byte	0
 473 0039 49       		.uleb128 0x49
 474 003a 13       		.uleb128 0x13
 475 003b 00       		.byte	0
 476 003c 00       		.byte	0
 477 003d 06       		.uleb128 0x6
 478 003e 2E       		.uleb128 0x2e
 479 003f 01       		.byte	0x1
 480 0040 3F       		.uleb128 0x3f
 481 0041 19       		.uleb128 0x19
 482 0042 03       		.uleb128 0x3
 483 0043 0E       		.uleb128 0xe
 484 0044 3A       		.uleb128 0x3a
 485 0045 0B       		.uleb128 0xb
 486 0046 3B       		.uleb128 0x3b
 487 0047 0B       		.uleb128 0xb
 488 0048 27       		.uleb128 0x27
 489 0049 19       		.uleb128 0x19
 490 004a 11       		.uleb128 0x11
 491 004b 01       		.uleb128 0x1
 492 004c 12       		.uleb128 0x12
 493 004d 06       		.uleb128 0x6
 494 004e 40       		.uleb128 0x40
 495 004f 18       		.uleb128 0x18
 496 0050 9742     		.uleb128 0x2117
 497 0052 19       		.uleb128 0x19
ARM GAS  C:\Users\IEUser\AppData\Local\Temp\ccQ7R6kD.s 			page 14


 498 0053 01       		.uleb128 0x1
 499 0054 13       		.uleb128 0x13
 500 0055 00       		.byte	0
 501 0056 00       		.byte	0
 502 0057 07       		.uleb128 0x7
 503 0058 05       		.uleb128 0x5
 504 0059 00       		.byte	0
 505 005a 03       		.uleb128 0x3
 506 005b 0E       		.uleb128 0xe
 507 005c 3A       		.uleb128 0x3a
 508 005d 0B       		.uleb128 0xb
 509 005e 3B       		.uleb128 0x3b
 510 005f 0B       		.uleb128 0xb
 511 0060 49       		.uleb128 0x49
 512 0061 13       		.uleb128 0x13
 513 0062 02       		.uleb128 0x2
 514 0063 17       		.uleb128 0x17
 515 0064 00       		.byte	0
 516 0065 00       		.byte	0
 517 0066 08       		.uleb128 0x8
 518 0067 34       		.uleb128 0x34
 519 0068 00       		.byte	0
 520 0069 03       		.uleb128 0x3
 521 006a 0E       		.uleb128 0xe
 522 006b 3A       		.uleb128 0x3a
 523 006c 0B       		.uleb128 0xb
 524 006d 3B       		.uleb128 0x3b
 525 006e 0B       		.uleb128 0xb
 526 006f 49       		.uleb128 0x49
 527 0070 13       		.uleb128 0x13
 528 0071 02       		.uleb128 0x2
 529 0072 17       		.uleb128 0x17
 530 0073 00       		.byte	0
 531 0074 00       		.byte	0
 532 0075 09       		.uleb128 0x9
 533 0076 2E       		.uleb128 0x2e
 534 0077 00       		.byte	0
 535 0078 3F       		.uleb128 0x3f
 536 0079 19       		.uleb128 0x19
 537 007a 03       		.uleb128 0x3
 538 007b 0E       		.uleb128 0xe
 539 007c 3A       		.uleb128 0x3a
 540 007d 0B       		.uleb128 0xb
 541 007e 3B       		.uleb128 0x3b
 542 007f 0B       		.uleb128 0xb
 543 0080 27       		.uleb128 0x27
 544 0081 19       		.uleb128 0x19
 545 0082 49       		.uleb128 0x49
 546 0083 13       		.uleb128 0x13
 547 0084 11       		.uleb128 0x11
 548 0085 01       		.uleb128 0x1
 549 0086 12       		.uleb128 0x12
 550 0087 06       		.uleb128 0x6
 551 0088 40       		.uleb128 0x40
 552 0089 18       		.uleb128 0x18
 553 008a 9742     		.uleb128 0x2117
 554 008c 19       		.uleb128 0x19
ARM GAS  C:\Users\IEUser\AppData\Local\Temp\ccQ7R6kD.s 			page 15


 555 008d 00       		.byte	0
 556 008e 00       		.byte	0
 557 008f 0A       		.uleb128 0xa
 558 0090 05       		.uleb128 0x5
 559 0091 00       		.byte	0
 560 0092 03       		.uleb128 0x3
 561 0093 0E       		.uleb128 0xe
 562 0094 3A       		.uleb128 0x3a
 563 0095 0B       		.uleb128 0xb
 564 0096 3B       		.uleb128 0x3b
 565 0097 0B       		.uleb128 0xb
 566 0098 49       		.uleb128 0x49
 567 0099 13       		.uleb128 0x13
 568 009a 02       		.uleb128 0x2
 569 009b 18       		.uleb128 0x18
 570 009c 00       		.byte	0
 571 009d 00       		.byte	0
 572 009e 0B       		.uleb128 0xb
 573 009f 34       		.uleb128 0x34
 574 00a0 00       		.byte	0
 575 00a1 03       		.uleb128 0x3
 576 00a2 0E       		.uleb128 0xe
 577 00a3 3A       		.uleb128 0x3a
 578 00a4 0B       		.uleb128 0xb
 579 00a5 3B       		.uleb128 0x3b
 580 00a6 0B       		.uleb128 0xb
 581 00a7 49       		.uleb128 0x49
 582 00a8 13       		.uleb128 0x13
 583 00a9 02       		.uleb128 0x2
 584 00aa 18       		.uleb128 0x18
 585 00ab 00       		.byte	0
 586 00ac 00       		.byte	0
 587 00ad 0C       		.uleb128 0xc
 588 00ae 2E       		.uleb128 0x2e
 589 00af 01       		.byte	0x1
 590 00b0 3F       		.uleb128 0x3f
 591 00b1 19       		.uleb128 0x19
 592 00b2 03       		.uleb128 0x3
 593 00b3 0E       		.uleb128 0xe
 594 00b4 3A       		.uleb128 0x3a
 595 00b5 0B       		.uleb128 0xb
 596 00b6 3B       		.uleb128 0x3b
 597 00b7 0B       		.uleb128 0xb
 598 00b8 27       		.uleb128 0x27
 599 00b9 19       		.uleb128 0x19
 600 00ba 49       		.uleb128 0x49
 601 00bb 13       		.uleb128 0x13
 602 00bc 11       		.uleb128 0x11
 603 00bd 01       		.uleb128 0x1
 604 00be 12       		.uleb128 0x12
 605 00bf 06       		.uleb128 0x6
 606 00c0 40       		.uleb128 0x40
 607 00c1 18       		.uleb128 0x18
 608 00c2 9742     		.uleb128 0x2117
 609 00c4 19       		.uleb128 0x19
 610 00c5 00       		.byte	0
 611 00c6 00       		.byte	0
ARM GAS  C:\Users\IEUser\AppData\Local\Temp\ccQ7R6kD.s 			page 16


 612 00c7 00       		.byte	0
 613              		.section	.debug_loc,"",%progbits
 614              	.Ldebug_loc0:
 615              	.LLST0:
 616 0000 00000000 		.4byte	.LVL0
 617 0004 2E000000 		.4byte	.LVL1
 618 0008 0100     		.2byte	0x1
 619 000a 50       		.byte	0x50
 620 000b 2E000000 		.4byte	.LVL1
 621 000f 48000000 		.4byte	.LFE0
 622 0013 0400     		.2byte	0x4
 623 0015 F3       		.byte	0xf3
 624 0016 01       		.uleb128 0x1
 625 0017 50       		.byte	0x50
 626 0018 9F       		.byte	0x9f
 627 0019 00000000 		.4byte	0
 628 001d 00000000 		.4byte	0
 629              	.LLST1:
 630 0021 00000000 		.4byte	.LVL2
 631 0025 0A000000 		.4byte	.LVL4
 632 0029 0100     		.2byte	0x1
 633 002b 50       		.byte	0x50
 634 002c 0A000000 		.4byte	.LVL4
 635 0030 18000000 		.4byte	.LFE1
 636 0034 0400     		.2byte	0x4
 637 0036 F3       		.byte	0xf3
 638 0037 01       		.uleb128 0x1
 639 0038 50       		.byte	0x50
 640 0039 9F       		.byte	0x9f
 641 003a 00000000 		.4byte	0
 642 003e 00000000 		.4byte	0
 643              	.LLST2:
 644 0042 08000000 		.4byte	.LVL3
 645 0046 0E000000 		.4byte	.LVL5
 646 004a 0100     		.2byte	0x1
 647 004c 53       		.byte	0x53
 648 004d 0E000000 		.4byte	.LVL5
 649 0051 18000000 		.4byte	.LFE1
 650 0055 0100     		.2byte	0x1
 651 0057 50       		.byte	0x50
 652 0058 00000000 		.4byte	0
 653 005c 00000000 		.4byte	0
 654              	.LLST3:
 655 0060 00000000 		.4byte	.LVL6
 656 0064 08000000 		.4byte	.LVL8
 657 0068 0100     		.2byte	0x1
 658 006a 51       		.byte	0x51
 659 006b 08000000 		.4byte	.LVL8
 660 006f 14000000 		.4byte	.LFE4
 661 0073 0400     		.2byte	0x4
 662 0075 F3       		.byte	0xf3
 663 0076 01       		.uleb128 0x1
 664 0077 51       		.byte	0x51
 665 0078 9F       		.byte	0x9f
 666 0079 00000000 		.4byte	0
 667 007d 00000000 		.4byte	0
 668              	.LLST4:
ARM GAS  C:\Users\IEUser\AppData\Local\Temp\ccQ7R6kD.s 			page 17


 669 0081 08000000 		.4byte	.LVL9
 670 0085 0C000000 		.4byte	.LVL10
 671 0089 0100     		.2byte	0x1
 672 008b 50       		.byte	0x50
 673 008c 0C000000 		.4byte	.LVL10
 674 0090 14000000 		.4byte	.LFE5
 675 0094 0400     		.2byte	0x4
 676 0096 72       		.byte	0x72
 677 0097 00       		.sleb128 0
 678 0098 06       		.byte	0x6
 679 0099 9F       		.byte	0x9f
 680 009a 00000000 		.4byte	0
 681 009e 00000000 		.4byte	0
 682              		.section	.debug_aranges,"",%progbits
 683 0000 44000000 		.4byte	0x44
 684 0004 0200     		.2byte	0x2
 685 0006 00000000 		.4byte	.Ldebug_info0
 686 000a 04       		.byte	0x4
 687 000b 00       		.byte	0
 688 000c 0000     		.2byte	0
 689 000e 0000     		.2byte	0
 690 0010 00000000 		.4byte	.LFB0
 691 0014 48000000 		.4byte	.LFE0-.LFB0
 692 0018 00000000 		.4byte	.LFB1
 693 001c 18000000 		.4byte	.LFE1-.LFB1
 694 0020 00000000 		.4byte	.LFB2
 695 0024 10000000 		.4byte	.LFE2-.LFB2
 696 0028 00000000 		.4byte	.LFB3
 697 002c 10000000 		.4byte	.LFE3-.LFB3
 698 0030 00000000 		.4byte	.LFB4
 699 0034 14000000 		.4byte	.LFE4-.LFB4
 700 0038 00000000 		.4byte	.LFB5
 701 003c 14000000 		.4byte	.LFE5-.LFB5
 702 0040 00000000 		.4byte	0
 703 0044 00000000 		.4byte	0
 704              		.section	.debug_ranges,"",%progbits
 705              	.Ldebug_ranges0:
 706 0000 00000000 		.4byte	.LFB0
 707 0004 48000000 		.4byte	.LFE0
 708 0008 00000000 		.4byte	.LFB1
 709 000c 18000000 		.4byte	.LFE1
 710 0010 00000000 		.4byte	.LFB2
 711 0014 10000000 		.4byte	.LFE2
 712 0018 00000000 		.4byte	.LFB3
 713 001c 10000000 		.4byte	.LFE3
 714 0020 00000000 		.4byte	.LFB4
 715 0024 14000000 		.4byte	.LFE4
 716 0028 00000000 		.4byte	.LFB5
 717 002c 14000000 		.4byte	.LFE5
 718 0030 00000000 		.4byte	0
 719 0034 00000000 		.4byte	0
 720              		.section	.debug_line,"",%progbits
 721              	.Ldebug_line0:
 722 0000 C4000000 		.section	.debug_str,"MS",%progbits,1
 722      02004A00 
 722      00000201 
 722      FB0E0D00 
ARM GAS  C:\Users\IEUser\AppData\Local\Temp\ccQ7R6kD.s 			page 18


 722      01010101 
 723              	.LASF21:
 724 0000 4B42445F 		.ascii	"KBD_ROWPins_ReadDataReg\000"
 724      524F5750 
 724      696E735F 
 724      52656164 
 724      44617461 
 725              	.LASF15:
 726 0018 72656733 		.ascii	"reg32\000"
 726      3200
 727              	.LASF19:
 728 001e 76616C75 		.ascii	"value\000"
 728      6500
 729              	.LASF17:
 730 0024 4B42445F 		.ascii	"KBD_ROWPins_Write\000"
 730      524F5750 
 730      696E735F 
 730      57726974 
 730      6500
 731              	.LASF22:
 732 0036 4B42445F 		.ascii	"KBD_ROWPins_SetInterruptMode\000"
 732      524F5750 
 732      696E735F 
 732      53657449 
 732      6E746572 
 733              	.LASF12:
 734 0053 666C6F61 		.ascii	"float\000"
 734      7400
 735              	.LASF1:
 736 0059 756E7369 		.ascii	"unsigned char\000"
 736      676E6564 
 736      20636861 
 736      7200
 737              	.LASF24:
 738 0067 64725661 		.ascii	"drVal\000"
 738      6C00
 739              	.LASF5:
 740 006d 6C6F6E67 		.ascii	"long unsigned int\000"
 740      20756E73 
 740      69676E65 
 740      6420696E 
 740      7400
 741              	.LASF3:
 742 007f 73686F72 		.ascii	"short unsigned int\000"
 742      7420756E 
 742      7369676E 
 742      65642069 
 742      6E7400
 743              	.LASF20:
 744 0092 4B42445F 		.ascii	"KBD_ROWPins_Read\000"
 744      524F5750 
 744      696E735F 
 744      52656164 
 744      00
 745              	.LASF13:
 746 00a3 646F7562 		.ascii	"double\000"
 746      6C6500
ARM GAS  C:\Users\IEUser\AppData\Local\Temp\ccQ7R6kD.s 			page 19


 747              	.LASF10:
 748 00aa 75696E74 		.ascii	"uint16\000"
 748      313600
 749              	.LASF23:
 750 00b1 706F7369 		.ascii	"position\000"
 750      74696F6E 
 750      00
 751              	.LASF11:
 752 00ba 75696E74 		.ascii	"uint32\000"
 752      333200
 753              	.LASF29:
 754 00c1 2E5C4765 		.ascii	".\\Generated_Source\\PSoC4\\KBD_ROWPins.c\000"
 754      6E657261 
 754      7465645F 
 754      536F7572 
 754      63655C50 
 755              	.LASF8:
 756 00e8 756E7369 		.ascii	"unsigned int\000"
 756      676E6564 
 756      20696E74 
 756      00
 757              	.LASF7:
 758 00f5 6C6F6E67 		.ascii	"long long unsigned int\000"
 758      206C6F6E 
 758      6720756E 
 758      7369676E 
 758      65642069 
 759              	.LASF18:
 760 010c 6D6F6465 		.ascii	"mode\000"
 760      00
 761              	.LASF30:
 762 0111 433A5C55 		.ascii	"C:\\Users\\IEUser\\PSoC4_Projects\\Diploma_sketch\\"
 762      73657273 
 762      5C494555 
 762      7365725C 
 762      50536F43 
 763 013f 50617373 		.ascii	"Password.cydsn\000"
 763      776F7264 
 763      2E637964 
 763      736E00
 764              	.LASF16:
 765 014e 4B42445F 		.ascii	"KBD_ROWPins_SetDriveMode\000"
 765      524F5750 
 765      696E735F 
 765      53657444 
 765      72697665 
 766              	.LASF6:
 767 0167 6C6F6E67 		.ascii	"long long int\000"
 767      206C6F6E 
 767      6720696E 
 767      7400
 768              	.LASF27:
 769 0175 6D61736B 		.ascii	"maskedStatus\000"
 769      65645374 
 769      61747573 
 769      00
 770              	.LASF14:
ARM GAS  C:\Users\IEUser\AppData\Local\Temp\ccQ7R6kD.s 			page 20


 771 0182 63686172 		.ascii	"char\000"
 771      00
 772              	.LASF28:
 773 0187 474E5520 		.ascii	"GNU C 4.9.3 20150303 (release) [ARM/embedded-4_9-br"
 773      4320342E 
 773      392E3320 
 773      32303135 
 773      30333033 
 774 01ba 616E6368 		.ascii	"anch revision 221220] -mcpu=cortex-m0 -mthumb -g -O"
 774      20726576 
 774      6973696F 
 774      6E203232 
 774      31323230 
 775 01ed 67202D66 		.ascii	"g -ffunction-sections -ffat-lto-objects\000"
 775      66756E63 
 775      74696F6E 
 775      2D736563 
 775      74696F6E 
 776              	.LASF26:
 777 0215 4B42445F 		.ascii	"KBD_ROWPins_ClearInterrupt\000"
 777      524F5750 
 777      696E735F 
 777      436C6561 
 777      72496E74 
 778              	.LASF2:
 779 0230 73686F72 		.ascii	"short int\000"
 779      7420696E 
 779      7400
 780              	.LASF25:
 781 023a 696E7472 		.ascii	"intrCfg\000"
 781      43666700 
 782              	.LASF9:
 783 0242 75696E74 		.ascii	"uint8\000"
 783      3800
 784              	.LASF4:
 785 0248 6C6F6E67 		.ascii	"long int\000"
 785      20696E74 
 785      00
 786              	.LASF0:
 787 0251 7369676E 		.ascii	"signed char\000"
 787      65642063 
 787      68617200 
 788              		.ident	"GCC: (GNU Tools for ARM Embedded Processors) 4.9.3 20150303 (release) [ARM/embedded-4_9-br
