ARM GAS  C:\Users\744\AppData\Local\Temp\ccme0pHX.s 			page 1


   1              		.cpu cortex-m0
   2              		.fpu softvfp
   3              		.eabi_attribute 20, 1
   4              		.eabi_attribute 21, 1
   5              		.eabi_attribute 23, 3
   6              		.eabi_attribute 24, 1
   7              		.eabi_attribute 25, 1
   8              		.eabi_attribute 26, 1
   9              		.eabi_attribute 30, 1
  10              		.eabi_attribute 34, 0
  11              		.eabi_attribute 18, 4
  12              		.code	16
  13              		.file	"Timer_PM.c"
  14              		.text
  15              	.Ltext0:
  16              		.cfi_sections	.debug_frame
  17              		.section	.text.Timer_SaveConfig,"ax",%progbits
  18              		.align	2
  19              		.global	Timer_SaveConfig
  20              		.code	16
  21              		.thumb_func
  22              		.type	Timer_SaveConfig, %function
  23              	Timer_SaveConfig:
  24              	.LFB0:
  25              		.file 1 ".\\Generated_Source\\PSoC4\\Timer_PM.c"
   1:.\Generated_Source\PSoC4/Timer_PM.c **** /*******************************************************************************
   2:.\Generated_Source\PSoC4/Timer_PM.c **** * File Name: Timer_PM.c
   3:.\Generated_Source\PSoC4/Timer_PM.c **** * Version 2.70
   4:.\Generated_Source\PSoC4/Timer_PM.c **** *
   5:.\Generated_Source\PSoC4/Timer_PM.c **** *  Description:
   6:.\Generated_Source\PSoC4/Timer_PM.c **** *     This file provides the power management source code to API for the
   7:.\Generated_Source\PSoC4/Timer_PM.c **** *     Timer.
   8:.\Generated_Source\PSoC4/Timer_PM.c **** *
   9:.\Generated_Source\PSoC4/Timer_PM.c **** *   Note:
  10:.\Generated_Source\PSoC4/Timer_PM.c **** *     None
  11:.\Generated_Source\PSoC4/Timer_PM.c **** *
  12:.\Generated_Source\PSoC4/Timer_PM.c **** *******************************************************************************
  13:.\Generated_Source\PSoC4/Timer_PM.c **** * Copyright 2008-2014, Cypress Semiconductor Corporation.  All rights reserved.
  14:.\Generated_Source\PSoC4/Timer_PM.c **** * You may use this file only in accordance with the license, terms, conditions,
  15:.\Generated_Source\PSoC4/Timer_PM.c **** * disclaimers, and limitations in the end user license agreement accompanying
  16:.\Generated_Source\PSoC4/Timer_PM.c **** * the software package with which this file was provided.
  17:.\Generated_Source\PSoC4/Timer_PM.c **** ********************************************************************************/
  18:.\Generated_Source\PSoC4/Timer_PM.c **** 
  19:.\Generated_Source\PSoC4/Timer_PM.c **** #include "Timer.h"
  20:.\Generated_Source\PSoC4/Timer_PM.c **** 
  21:.\Generated_Source\PSoC4/Timer_PM.c **** static Timer_backupStruct Timer_backup;
  22:.\Generated_Source\PSoC4/Timer_PM.c **** 
  23:.\Generated_Source\PSoC4/Timer_PM.c **** 
  24:.\Generated_Source\PSoC4/Timer_PM.c **** /*******************************************************************************
  25:.\Generated_Source\PSoC4/Timer_PM.c **** * Function Name: Timer_SaveConfig
  26:.\Generated_Source\PSoC4/Timer_PM.c **** ********************************************************************************
  27:.\Generated_Source\PSoC4/Timer_PM.c **** *
  28:.\Generated_Source\PSoC4/Timer_PM.c **** * Summary:
  29:.\Generated_Source\PSoC4/Timer_PM.c **** *     Save the current user configuration
  30:.\Generated_Source\PSoC4/Timer_PM.c **** *
  31:.\Generated_Source\PSoC4/Timer_PM.c **** * Parameters:
  32:.\Generated_Source\PSoC4/Timer_PM.c **** *  void
ARM GAS  C:\Users\744\AppData\Local\Temp\ccme0pHX.s 			page 2


  33:.\Generated_Source\PSoC4/Timer_PM.c **** *
  34:.\Generated_Source\PSoC4/Timer_PM.c **** * Return:
  35:.\Generated_Source\PSoC4/Timer_PM.c **** *  void
  36:.\Generated_Source\PSoC4/Timer_PM.c **** *
  37:.\Generated_Source\PSoC4/Timer_PM.c **** * Global variables:
  38:.\Generated_Source\PSoC4/Timer_PM.c **** *  Timer_backup:  Variables of this global structure are modified to
  39:.\Generated_Source\PSoC4/Timer_PM.c **** *  store the values of non retention configuration registers when Sleep() API is
  40:.\Generated_Source\PSoC4/Timer_PM.c **** *  called.
  41:.\Generated_Source\PSoC4/Timer_PM.c **** *
  42:.\Generated_Source\PSoC4/Timer_PM.c **** *******************************************************************************/
  43:.\Generated_Source\PSoC4/Timer_PM.c **** void Timer_SaveConfig(void) 
  44:.\Generated_Source\PSoC4/Timer_PM.c **** {
  26              		.loc 1 44 0
  27              		.cfi_startproc
  28 0000 10B5     		push	{r4, lr}
  29              		.cfi_def_cfa_offset 8
  30              		.cfi_offset 4, -8
  31              		.cfi_offset 14, -4
  45:.\Generated_Source\PSoC4/Timer_PM.c ****     #if (!Timer_UsingFixedFunction)
  46:.\Generated_Source\PSoC4/Timer_PM.c ****         Timer_backup.TimerUdb = Timer_ReadCounter();
  32              		.loc 1 46 0
  33 0002 FFF7FEFF 		bl	Timer_ReadCounter
  34              	.LVL0:
  35 0006 044C     		ldr	r4, .L2
  36 0008 6080     		strh	r0, [r4, #2]
  47:.\Generated_Source\PSoC4/Timer_PM.c ****         Timer_backup.InterruptMaskValue = Timer_STATUS_MASK;
  37              		.loc 1 47 0
  38 000a 044B     		ldr	r3, .L2+4
  39 000c 1B78     		ldrb	r3, [r3]
  40 000e 2371     		strb	r3, [r4, #4]
  48:.\Generated_Source\PSoC4/Timer_PM.c ****         #if (Timer_UsingHWCaptureCounter)
  49:.\Generated_Source\PSoC4/Timer_PM.c ****             Timer_backup.TimerCaptureCounter = Timer_ReadCaptureCount();
  50:.\Generated_Source\PSoC4/Timer_PM.c ****         #endif /* Back Up capture counter register  */
  51:.\Generated_Source\PSoC4/Timer_PM.c **** 
  52:.\Generated_Source\PSoC4/Timer_PM.c ****         #if(!Timer_UDB_CONTROL_REG_REMOVED)
  53:.\Generated_Source\PSoC4/Timer_PM.c ****             Timer_backup.TimerControlRegister = Timer_ReadControlRegister();
  41              		.loc 1 53 0
  42 0010 FFF7FEFF 		bl	Timer_ReadControlRegister
  43              	.LVL1:
  44 0014 6071     		strb	r0, [r4, #5]
  54:.\Generated_Source\PSoC4/Timer_PM.c ****         #endif /* Backup the enable state of the Timer component */
  55:.\Generated_Source\PSoC4/Timer_PM.c ****     #endif /* Backup non retention registers in UDB implementation. All fixed function registers ar
  56:.\Generated_Source\PSoC4/Timer_PM.c **** }
  45              		.loc 1 56 0
  46              		@ sp needed
  47 0016 10BD     		pop	{r4, pc}
  48              	.L3:
  49              		.align	2
  50              	.L2:
  51 0018 00000000 		.word	.LANCHOR0
  52 001c 83000F40 		.word	1074724995
  53              		.cfi_endproc
  54              	.LFE0:
  55              		.size	Timer_SaveConfig, .-Timer_SaveConfig
  56              		.section	.text.Timer_RestoreConfig,"ax",%progbits
  57              		.align	2
  58              		.global	Timer_RestoreConfig
ARM GAS  C:\Users\744\AppData\Local\Temp\ccme0pHX.s 			page 3


  59              		.code	16
  60              		.thumb_func
  61              		.type	Timer_RestoreConfig, %function
  62              	Timer_RestoreConfig:
  63              	.LFB1:
  57:.\Generated_Source\PSoC4/Timer_PM.c **** 
  58:.\Generated_Source\PSoC4/Timer_PM.c **** 
  59:.\Generated_Source\PSoC4/Timer_PM.c **** /*******************************************************************************
  60:.\Generated_Source\PSoC4/Timer_PM.c **** * Function Name: Timer_RestoreConfig
  61:.\Generated_Source\PSoC4/Timer_PM.c **** ********************************************************************************
  62:.\Generated_Source\PSoC4/Timer_PM.c **** *
  63:.\Generated_Source\PSoC4/Timer_PM.c **** * Summary:
  64:.\Generated_Source\PSoC4/Timer_PM.c **** *  Restores the current user configuration.
  65:.\Generated_Source\PSoC4/Timer_PM.c **** *
  66:.\Generated_Source\PSoC4/Timer_PM.c **** * Parameters:
  67:.\Generated_Source\PSoC4/Timer_PM.c **** *  void
  68:.\Generated_Source\PSoC4/Timer_PM.c **** *
  69:.\Generated_Source\PSoC4/Timer_PM.c **** * Return:
  70:.\Generated_Source\PSoC4/Timer_PM.c **** *  void
  71:.\Generated_Source\PSoC4/Timer_PM.c **** *
  72:.\Generated_Source\PSoC4/Timer_PM.c **** * Global variables:
  73:.\Generated_Source\PSoC4/Timer_PM.c **** *  Timer_backup:  Variables of this global structure are used to
  74:.\Generated_Source\PSoC4/Timer_PM.c **** *  restore the values of non retention registers on wakeup from sleep mode.
  75:.\Generated_Source\PSoC4/Timer_PM.c **** *
  76:.\Generated_Source\PSoC4/Timer_PM.c **** *******************************************************************************/
  77:.\Generated_Source\PSoC4/Timer_PM.c **** void Timer_RestoreConfig(void) 
  78:.\Generated_Source\PSoC4/Timer_PM.c **** {   
  64              		.loc 1 78 0
  65              		.cfi_startproc
  66 0000 10B5     		push	{r4, lr}
  67              		.cfi_def_cfa_offset 8
  68              		.cfi_offset 4, -8
  69              		.cfi_offset 14, -4
  79:.\Generated_Source\PSoC4/Timer_PM.c ****     #if (!Timer_UsingFixedFunction)
  80:.\Generated_Source\PSoC4/Timer_PM.c **** 
  81:.\Generated_Source\PSoC4/Timer_PM.c ****         Timer_WriteCounter(Timer_backup.TimerUdb);
  70              		.loc 1 81 0
  71 0002 054C     		ldr	r4, .L5
  72 0004 6088     		ldrh	r0, [r4, #2]
  73 0006 FFF7FEFF 		bl	Timer_WriteCounter
  74              	.LVL2:
  82:.\Generated_Source\PSoC4/Timer_PM.c ****         Timer_STATUS_MASK =Timer_backup.InterruptMaskValue;
  75              		.loc 1 82 0
  76 000a 2279     		ldrb	r2, [r4, #4]
  77 000c 034B     		ldr	r3, .L5+4
  78 000e 1A70     		strb	r2, [r3]
  83:.\Generated_Source\PSoC4/Timer_PM.c ****         #if (Timer_UsingHWCaptureCounter)
  84:.\Generated_Source\PSoC4/Timer_PM.c ****             Timer_SetCaptureCount(Timer_backup.TimerCaptureCounter);
  85:.\Generated_Source\PSoC4/Timer_PM.c ****         #endif /* Restore Capture counter register*/
  86:.\Generated_Source\PSoC4/Timer_PM.c **** 
  87:.\Generated_Source\PSoC4/Timer_PM.c ****         #if(!Timer_UDB_CONTROL_REG_REMOVED)
  88:.\Generated_Source\PSoC4/Timer_PM.c ****             Timer_WriteControlRegister(Timer_backup.TimerControlRegister);
  79              		.loc 1 88 0
  80 0010 6079     		ldrb	r0, [r4, #5]
  81 0012 FFF7FEFF 		bl	Timer_WriteControlRegister
  82              	.LVL3:
  89:.\Generated_Source\PSoC4/Timer_PM.c ****         #endif /* Restore the enable state of the Timer component */
ARM GAS  C:\Users\744\AppData\Local\Temp\ccme0pHX.s 			page 4


  90:.\Generated_Source\PSoC4/Timer_PM.c ****     #endif /* Restore non retention registers in the UDB implementation only */
  91:.\Generated_Source\PSoC4/Timer_PM.c **** }
  83              		.loc 1 91 0
  84              		@ sp needed
  85 0016 10BD     		pop	{r4, pc}
  86              	.L6:
  87              		.align	2
  88              	.L5:
  89 0018 00000000 		.word	.LANCHOR0
  90 001c 83000F40 		.word	1074724995
  91              		.cfi_endproc
  92              	.LFE1:
  93              		.size	Timer_RestoreConfig, .-Timer_RestoreConfig
  94              		.section	.text.Timer_Sleep,"ax",%progbits
  95              		.align	2
  96              		.global	Timer_Sleep
  97              		.code	16
  98              		.thumb_func
  99              		.type	Timer_Sleep, %function
 100              	Timer_Sleep:
 101              	.LFB2:
  92:.\Generated_Source\PSoC4/Timer_PM.c **** 
  93:.\Generated_Source\PSoC4/Timer_PM.c **** 
  94:.\Generated_Source\PSoC4/Timer_PM.c **** /*******************************************************************************
  95:.\Generated_Source\PSoC4/Timer_PM.c **** * Function Name: Timer_Sleep
  96:.\Generated_Source\PSoC4/Timer_PM.c **** ********************************************************************************
  97:.\Generated_Source\PSoC4/Timer_PM.c **** *
  98:.\Generated_Source\PSoC4/Timer_PM.c **** * Summary:
  99:.\Generated_Source\PSoC4/Timer_PM.c **** *     Stop and Save the user configuration
 100:.\Generated_Source\PSoC4/Timer_PM.c **** *
 101:.\Generated_Source\PSoC4/Timer_PM.c **** * Parameters:
 102:.\Generated_Source\PSoC4/Timer_PM.c **** *  void
 103:.\Generated_Source\PSoC4/Timer_PM.c **** *
 104:.\Generated_Source\PSoC4/Timer_PM.c **** * Return:
 105:.\Generated_Source\PSoC4/Timer_PM.c **** *  void
 106:.\Generated_Source\PSoC4/Timer_PM.c **** *
 107:.\Generated_Source\PSoC4/Timer_PM.c **** * Global variables:
 108:.\Generated_Source\PSoC4/Timer_PM.c **** *  Timer_backup.TimerEnableState:  Is modified depending on the
 109:.\Generated_Source\PSoC4/Timer_PM.c **** *  enable state of the block before entering sleep mode.
 110:.\Generated_Source\PSoC4/Timer_PM.c **** *
 111:.\Generated_Source\PSoC4/Timer_PM.c **** *******************************************************************************/
 112:.\Generated_Source\PSoC4/Timer_PM.c **** void Timer_Sleep(void) 
 113:.\Generated_Source\PSoC4/Timer_PM.c **** {
 102              		.loc 1 113 0
 103              		.cfi_startproc
 104 0000 08B5     		push	{r3, lr}
 105              		.cfi_def_cfa_offset 8
 106              		.cfi_offset 3, -8
 107              		.cfi_offset 14, -4
 114:.\Generated_Source\PSoC4/Timer_PM.c ****     #if(!Timer_UDB_CONTROL_REG_REMOVED)
 115:.\Generated_Source\PSoC4/Timer_PM.c ****         /* Save Counter's enable state */
 116:.\Generated_Source\PSoC4/Timer_PM.c ****         if(Timer_CTRL_ENABLE == (Timer_CONTROL & Timer_CTRL_ENABLE))
 108              		.loc 1 116 0
 109 0002 084B     		ldr	r3, .L10
 110 0004 1B78     		ldrb	r3, [r3]
 111 0006 5BB2     		sxtb	r3, r3
 112 0008 002B     		cmp	r3, #0
ARM GAS  C:\Users\744\AppData\Local\Temp\ccme0pHX.s 			page 5


 113 000a 03DA     		bge	.L8
 117:.\Generated_Source\PSoC4/Timer_PM.c ****         {
 118:.\Generated_Source\PSoC4/Timer_PM.c ****             /* Timer is enabled */
 119:.\Generated_Source\PSoC4/Timer_PM.c ****             Timer_backup.TimerEnableState = 1u;
 114              		.loc 1 119 0
 115 000c 0122     		mov	r2, #1
 116 000e 064B     		ldr	r3, .L10+4
 117 0010 1A70     		strb	r2, [r3]
 118 0012 02E0     		b	.L9
 119              	.L8:
 120:.\Generated_Source\PSoC4/Timer_PM.c ****         }
 121:.\Generated_Source\PSoC4/Timer_PM.c ****         else
 122:.\Generated_Source\PSoC4/Timer_PM.c ****         {
 123:.\Generated_Source\PSoC4/Timer_PM.c ****             /* Timer is disabled */
 124:.\Generated_Source\PSoC4/Timer_PM.c ****             Timer_backup.TimerEnableState = 0u;
 120              		.loc 1 124 0
 121 0014 0022     		mov	r2, #0
 122 0016 044B     		ldr	r3, .L10+4
 123 0018 1A70     		strb	r2, [r3]
 124              	.L9:
 125:.\Generated_Source\PSoC4/Timer_PM.c ****         }
 126:.\Generated_Source\PSoC4/Timer_PM.c ****     #endif /* Back up enable state from the Timer control register */
 127:.\Generated_Source\PSoC4/Timer_PM.c ****     Timer_Stop();
 125              		.loc 1 127 0
 126 001a FFF7FEFF 		bl	Timer_Stop
 127              	.LVL4:
 128:.\Generated_Source\PSoC4/Timer_PM.c ****     Timer_SaveConfig();
 128              		.loc 1 128 0
 129 001e FFF7FEFF 		bl	Timer_SaveConfig
 130              	.LVL5:
 129:.\Generated_Source\PSoC4/Timer_PM.c **** }
 131              		.loc 1 129 0
 132              		@ sp needed
 133 0022 08BD     		pop	{r3, pc}
 134              	.L11:
 135              		.align	2
 136              	.L10:
 137 0024 73000F40 		.word	1074724979
 138 0028 00000000 		.word	.LANCHOR0
 139              		.cfi_endproc
 140              	.LFE2:
 141              		.size	Timer_Sleep, .-Timer_Sleep
 142              		.section	.text.Timer_Wakeup,"ax",%progbits
 143              		.align	2
 144              		.global	Timer_Wakeup
 145              		.code	16
 146              		.thumb_func
 147              		.type	Timer_Wakeup, %function
 148              	Timer_Wakeup:
 149              	.LFB3:
 130:.\Generated_Source\PSoC4/Timer_PM.c **** 
 131:.\Generated_Source\PSoC4/Timer_PM.c **** 
 132:.\Generated_Source\PSoC4/Timer_PM.c **** /*******************************************************************************
 133:.\Generated_Source\PSoC4/Timer_PM.c **** * Function Name: Timer_Wakeup
 134:.\Generated_Source\PSoC4/Timer_PM.c **** ********************************************************************************
 135:.\Generated_Source\PSoC4/Timer_PM.c **** *
 136:.\Generated_Source\PSoC4/Timer_PM.c **** * Summary:
ARM GAS  C:\Users\744\AppData\Local\Temp\ccme0pHX.s 			page 6


 137:.\Generated_Source\PSoC4/Timer_PM.c **** *  Restores and enables the user configuration
 138:.\Generated_Source\PSoC4/Timer_PM.c **** *
 139:.\Generated_Source\PSoC4/Timer_PM.c **** * Parameters:
 140:.\Generated_Source\PSoC4/Timer_PM.c **** *  void
 141:.\Generated_Source\PSoC4/Timer_PM.c **** *
 142:.\Generated_Source\PSoC4/Timer_PM.c **** * Return:
 143:.\Generated_Source\PSoC4/Timer_PM.c **** *  void
 144:.\Generated_Source\PSoC4/Timer_PM.c **** *
 145:.\Generated_Source\PSoC4/Timer_PM.c **** * Global variables:
 146:.\Generated_Source\PSoC4/Timer_PM.c **** *  Timer_backup.enableState:  Is used to restore the enable state of
 147:.\Generated_Source\PSoC4/Timer_PM.c **** *  block on wakeup from sleep mode.
 148:.\Generated_Source\PSoC4/Timer_PM.c **** *
 149:.\Generated_Source\PSoC4/Timer_PM.c **** *******************************************************************************/
 150:.\Generated_Source\PSoC4/Timer_PM.c **** void Timer_Wakeup(void) 
 151:.\Generated_Source\PSoC4/Timer_PM.c **** {
 150              		.loc 1 151 0
 151              		.cfi_startproc
 152 0000 08B5     		push	{r3, lr}
 153              		.cfi_def_cfa_offset 8
 154              		.cfi_offset 3, -8
 155              		.cfi_offset 14, -4
 152:.\Generated_Source\PSoC4/Timer_PM.c ****     Timer_RestoreConfig();
 156              		.loc 1 152 0
 157 0002 FFF7FEFF 		bl	Timer_RestoreConfig
 158              	.LVL6:
 153:.\Generated_Source\PSoC4/Timer_PM.c ****     #if(!Timer_UDB_CONTROL_REG_REMOVED)
 154:.\Generated_Source\PSoC4/Timer_PM.c ****         if(Timer_backup.TimerEnableState == 1u)
 159              		.loc 1 154 0
 160 0006 034B     		ldr	r3, .L14
 161 0008 1B78     		ldrb	r3, [r3]
 162 000a 012B     		cmp	r3, #1
 163 000c 01D1     		bne	.L12
 155:.\Generated_Source\PSoC4/Timer_PM.c ****         {     /* Enable Timer's operation */
 156:.\Generated_Source\PSoC4/Timer_PM.c ****                 Timer_Enable();
 164              		.loc 1 156 0
 165 000e FFF7FEFF 		bl	Timer_Enable
 166              	.LVL7:
 167              	.L12:
 157:.\Generated_Source\PSoC4/Timer_PM.c ****         } /* Do nothing if Timer was disabled before */
 158:.\Generated_Source\PSoC4/Timer_PM.c ****     #endif /* Remove this code section if Control register is removed */
 159:.\Generated_Source\PSoC4/Timer_PM.c **** }
 168              		.loc 1 159 0
 169              		@ sp needed
 170 0012 08BD     		pop	{r3, pc}
 171              	.L15:
 172              		.align	2
 173              	.L14:
 174 0014 00000000 		.word	.LANCHOR0
 175              		.cfi_endproc
 176              	.LFE3:
 177              		.size	Timer_Wakeup, .-Timer_Wakeup
 178              		.bss
 179              		.align	2
 180              		.set	.LANCHOR0,. + 0
 181              		.type	Timer_backup, %object
 182              		.size	Timer_backup, 6
 183              	Timer_backup:
ARM GAS  C:\Users\744\AppData\Local\Temp\ccme0pHX.s 			page 7


 184 0000 00000000 		.space	6
 184      0000
 185 0006 0000     		.text
 186              	.Letext0:
 187              		.file 2 ".\\Generated_Source\\PSoC4\\cytypes.h"
 188              		.file 3 ".\\Generated_Source\\PSoC4\\Timer.h"
 189              		.section	.debug_info,"",%progbits
 190              	.Ldebug_info0:
 191 0000 E8010000 		.4byte	0x1e8
 192 0004 0400     		.2byte	0x4
 193 0006 00000000 		.4byte	.Ldebug_abbrev0
 194 000a 04       		.byte	0x4
 195 000b 01       		.uleb128 0x1
 196 000c 65010000 		.4byte	.LASF31
 197 0010 01       		.byte	0x1
 198 0011 E0000000 		.4byte	.LASF32
 199 0015 40020000 		.4byte	.LASF33
 200 0019 00000000 		.4byte	.Ldebug_ranges0+0
 201 001d 00000000 		.4byte	0
 202 0021 00000000 		.4byte	.Ldebug_line0
 203 0025 02       		.uleb128 0x2
 204 0026 01       		.byte	0x1
 205 0027 06       		.byte	0x6
 206 0028 34020000 		.4byte	.LASF0
 207 002c 02       		.uleb128 0x2
 208 002d 01       		.byte	0x1
 209 002e 08       		.byte	0x8
 210 002f 74000000 		.4byte	.LASF1
 211 0033 02       		.uleb128 0x2
 212 0034 02       		.byte	0x2
 213 0035 05       		.byte	0x5
 214 0036 F3010000 		.4byte	.LASF2
 215 003a 02       		.uleb128 0x2
 216 003b 02       		.byte	0x2
 217 003c 07       		.byte	0x7
 218 003d 23000000 		.4byte	.LASF3
 219 0041 02       		.uleb128 0x2
 220 0042 04       		.byte	0x4
 221 0043 05       		.byte	0x5
 222 0044 2B020000 		.4byte	.LASF4
 223 0048 02       		.uleb128 0x2
 224 0049 04       		.byte	0x4
 225 004a 07       		.byte	0x7
 226 004b A0000000 		.4byte	.LASF5
 227 004f 02       		.uleb128 0x2
 228 0050 08       		.byte	0x8
 229 0051 05       		.byte	0x5
 230 0052 52010000 		.4byte	.LASF6
 231 0056 02       		.uleb128 0x2
 232 0057 08       		.byte	0x8
 233 0058 07       		.byte	0x7
 234 0059 32010000 		.4byte	.LASF7
 235 005d 03       		.uleb128 0x3
 236 005e 04       		.byte	0x4
 237 005f 05       		.byte	0x5
 238 0060 696E7400 		.ascii	"int\000"
 239 0064 02       		.uleb128 0x2
ARM GAS  C:\Users\744\AppData\Local\Temp\ccme0pHX.s 			page 8


 240 0065 04       		.byte	0x4
 241 0066 07       		.byte	0x7
 242 0067 25010000 		.4byte	.LASF8
 243 006b 04       		.uleb128 0x4
 244 006c B2000000 		.4byte	.LASF9
 245 0070 02       		.byte	0x2
 246 0071 3801     		.2byte	0x138
 247 0073 2C000000 		.4byte	0x2c
 248 0077 04       		.uleb128 0x4
 249 0078 04010000 		.4byte	.LASF10
 250 007c 02       		.byte	0x2
 251 007d 3901     		.2byte	0x139
 252 007f 3A000000 		.4byte	0x3a
 253 0083 02       		.uleb128 0x2
 254 0084 04       		.byte	0x4
 255 0085 04       		.byte	0x4
 256 0086 5B000000 		.4byte	.LASF11
 257 008a 02       		.uleb128 0x2
 258 008b 08       		.byte	0x8
 259 008c 04       		.byte	0x4
 260 008d D9000000 		.4byte	.LASF12
 261 0091 02       		.uleb128 0x2
 262 0092 01       		.byte	0x1
 263 0093 08       		.byte	0x8
 264 0094 60010000 		.4byte	.LASF13
 265 0098 04       		.uleb128 0x4
 266 0099 82000000 		.4byte	.LASF14
 267 009d 02       		.byte	0x2
 268 009e E201     		.2byte	0x1e2
 269 00a0 A4000000 		.4byte	0xa4
 270 00a4 05       		.uleb128 0x5
 271 00a5 6B000000 		.4byte	0x6b
 272 00a9 02       		.uleb128 0x2
 273 00aa 04       		.byte	0x4
 274 00ab 07       		.byte	0x7
 275 00ac 49010000 		.4byte	.LASF15
 276 00b0 06       		.uleb128 0x6
 277 00b1 06       		.byte	0x6
 278 00b2 03       		.byte	0x3
 279 00b3 43       		.byte	0x43
 280 00b4 E9000000 		.4byte	0xe9
 281 00b8 07       		.uleb128 0x7
 282 00b9 00000000 		.4byte	.LASF16
 283 00bd 03       		.byte	0x3
 284 00be 45       		.byte	0x45
 285 00bf 6B000000 		.4byte	0x6b
 286 00c3 00       		.byte	0
 287 00c4 07       		.uleb128 0x7
 288 00c5 47000000 		.4byte	.LASF17
 289 00c9 03       		.byte	0x3
 290 00ca 48       		.byte	0x48
 291 00cb 77000000 		.4byte	0x77
 292 00cf 02       		.byte	0x2
 293 00d0 07       		.uleb128 0x7
 294 00d1 82020000 		.4byte	.LASF18
 295 00d5 03       		.byte	0x3
 296 00d6 49       		.byte	0x49
ARM GAS  C:\Users\744\AppData\Local\Temp\ccme0pHX.s 			page 9


 297 00d7 6B000000 		.4byte	0x6b
 298 00db 04       		.byte	0x4
 299 00dc 07       		.uleb128 0x7
 300 00dd 95020000 		.4byte	.LASF19
 301 00e1 03       		.byte	0x3
 302 00e2 4F       		.byte	0x4f
 303 00e3 6B000000 		.4byte	0x6b
 304 00e7 05       		.byte	0x5
 305 00e8 00       		.byte	0
 306 00e9 08       		.uleb128 0x8
 307 00ea 61000000 		.4byte	.LASF20
 308 00ee 03       		.byte	0x3
 309 00ef 53       		.byte	0x53
 310 00f0 B0000000 		.4byte	0xb0
 311 00f4 09       		.uleb128 0x9
 312 00f5 36000000 		.4byte	.LASF21
 313 00f9 01       		.byte	0x1
 314 00fa 2B       		.byte	0x2b
 315 00fb 00000000 		.4byte	.LFB0
 316 00ff 20000000 		.4byte	.LFE0-.LFB0
 317 0103 01       		.uleb128 0x1
 318 0104 9C       		.byte	0x9c
 319 0105 1C010000 		.4byte	0x11c
 320 0109 0A       		.uleb128 0xa
 321 010a 06000000 		.4byte	.LVL0
 322 010e A5010000 		.4byte	0x1a5
 323 0112 0A       		.uleb128 0xa
 324 0113 14000000 		.4byte	.LVL1
 325 0117 B0010000 		.4byte	0x1b0
 326 011b 00       		.byte	0
 327 011c 09       		.uleb128 0x9
 328 011d B8000000 		.4byte	.LASF22
 329 0121 01       		.byte	0x1
 330 0122 4D       		.byte	0x4d
 331 0123 00000000 		.4byte	.LFB1
 332 0127 20000000 		.4byte	.LFE1-.LFB1
 333 012b 01       		.uleb128 0x1
 334 012c 9C       		.byte	0x9c
 335 012d 44010000 		.4byte	0x144
 336 0131 0A       		.uleb128 0xa
 337 0132 0A000000 		.4byte	.LVL2
 338 0136 BB010000 		.4byte	0x1bb
 339 013a 0A       		.uleb128 0xa
 340 013b 16000000 		.4byte	.LVL3
 341 013f CC010000 		.4byte	0x1cc
 342 0143 00       		.byte	0
 343 0144 09       		.uleb128 0x9
 344 0145 94000000 		.4byte	.LASF23
 345 0149 01       		.byte	0x1
 346 014a 70       		.byte	0x70
 347 014b 00000000 		.4byte	.LFB2
 348 014f 2C000000 		.4byte	.LFE2-.LFB2
 349 0153 01       		.uleb128 0x1
 350 0154 9C       		.byte	0x9c
 351 0155 6C010000 		.4byte	0x16c
 352 0159 0A       		.uleb128 0xa
 353 015a 1E000000 		.4byte	.LVL4
ARM GAS  C:\Users\744\AppData\Local\Temp\ccme0pHX.s 			page 10


 354 015e DD010000 		.4byte	0x1dd
 355 0162 0A       		.uleb128 0xa
 356 0163 22000000 		.4byte	.LVL5
 357 0167 F4000000 		.4byte	0xf4
 358 016b 00       		.byte	0
 359 016c 09       		.uleb128 0x9
 360 016d CC000000 		.4byte	.LASF24
 361 0171 01       		.byte	0x1
 362 0172 96       		.byte	0x96
 363 0173 00000000 		.4byte	.LFB3
 364 0177 18000000 		.4byte	.LFE3-.LFB3
 365 017b 01       		.uleb128 0x1
 366 017c 9C       		.byte	0x9c
 367 017d 94010000 		.4byte	0x194
 368 0181 0A       		.uleb128 0xa
 369 0182 06000000 		.4byte	.LVL6
 370 0186 1C010000 		.4byte	0x11c
 371 018a 0A       		.uleb128 0xa
 372 018b 12000000 		.4byte	.LVL7
 373 018f E4010000 		.4byte	0x1e4
 374 0193 00       		.byte	0
 375 0194 0B       		.uleb128 0xb
 376 0195 87000000 		.4byte	.LASF34
 377 0199 01       		.byte	0x1
 378 019a 15       		.byte	0x15
 379 019b E9000000 		.4byte	0xe9
 380 019f 05       		.uleb128 0x5
 381 01a0 03       		.byte	0x3
 382 01a1 00000000 		.4byte	Timer_backup
 383 01a5 0C       		.uleb128 0xc
 384 01a6 11000000 		.4byte	.LASF25
 385 01aa 03       		.byte	0x3
 386 01ab 69       		.byte	0x69
 387 01ac 77000000 		.4byte	0x77
 388 01b0 0C       		.uleb128 0xc
 389 01b1 0B010000 		.4byte	.LASF26
 390 01b5 03       		.byte	0x3
 391 01b6 63       		.byte	0x63
 392 01b7 6B000000 		.4byte	0x6b
 393 01bb 0D       		.uleb128 0xd
 394 01bc 18020000 		.4byte	.LASF27
 395 01c0 03       		.byte	0x3
 396 01c1 6A       		.byte	0x6a
 397 01c2 CC010000 		.4byte	0x1cc
 398 01c6 0E       		.uleb128 0xe
 399 01c7 77000000 		.4byte	0x77
 400 01cb 00       		.byte	0
 401 01cc 0D       		.uleb128 0xd
 402 01cd FD010000 		.4byte	.LASF28
 403 01d1 03       		.byte	0x3
 404 01d2 64       		.byte	0x64
 405 01d3 DD010000 		.4byte	0x1dd
 406 01d7 0E       		.uleb128 0xe
 407 01d8 6B000000 		.4byte	0x6b
 408 01dc 00       		.byte	0
 409 01dd 0F       		.uleb128 0xf
 410 01de 50000000 		.4byte	.LASF29
ARM GAS  C:\Users\744\AppData\Local\Temp\ccme0pHX.s 			page 11


 411 01e2 03       		.byte	0x3
 412 01e3 5B       		.byte	0x5b
 413 01e4 0F       		.uleb128 0xf
 414 01e5 AA020000 		.4byte	.LASF30
 415 01e9 03       		.byte	0x3
 416 01ea 8B       		.byte	0x8b
 417 01eb 00       		.byte	0
 418              		.section	.debug_abbrev,"",%progbits
 419              	.Ldebug_abbrev0:
 420 0000 01       		.uleb128 0x1
 421 0001 11       		.uleb128 0x11
 422 0002 01       		.byte	0x1
 423 0003 25       		.uleb128 0x25
 424 0004 0E       		.uleb128 0xe
 425 0005 13       		.uleb128 0x13
 426 0006 0B       		.uleb128 0xb
 427 0007 03       		.uleb128 0x3
 428 0008 0E       		.uleb128 0xe
 429 0009 1B       		.uleb128 0x1b
 430 000a 0E       		.uleb128 0xe
 431 000b 55       		.uleb128 0x55
 432 000c 17       		.uleb128 0x17
 433 000d 11       		.uleb128 0x11
 434 000e 01       		.uleb128 0x1
 435 000f 10       		.uleb128 0x10
 436 0010 17       		.uleb128 0x17
 437 0011 00       		.byte	0
 438 0012 00       		.byte	0
 439 0013 02       		.uleb128 0x2
 440 0014 24       		.uleb128 0x24
 441 0015 00       		.byte	0
 442 0016 0B       		.uleb128 0xb
 443 0017 0B       		.uleb128 0xb
 444 0018 3E       		.uleb128 0x3e
 445 0019 0B       		.uleb128 0xb
 446 001a 03       		.uleb128 0x3
 447 001b 0E       		.uleb128 0xe
 448 001c 00       		.byte	0
 449 001d 00       		.byte	0
 450 001e 03       		.uleb128 0x3
 451 001f 24       		.uleb128 0x24
 452 0020 00       		.byte	0
 453 0021 0B       		.uleb128 0xb
 454 0022 0B       		.uleb128 0xb
 455 0023 3E       		.uleb128 0x3e
 456 0024 0B       		.uleb128 0xb
 457 0025 03       		.uleb128 0x3
 458 0026 08       		.uleb128 0x8
 459 0027 00       		.byte	0
 460 0028 00       		.byte	0
 461 0029 04       		.uleb128 0x4
 462 002a 16       		.uleb128 0x16
 463 002b 00       		.byte	0
 464 002c 03       		.uleb128 0x3
 465 002d 0E       		.uleb128 0xe
 466 002e 3A       		.uleb128 0x3a
 467 002f 0B       		.uleb128 0xb
ARM GAS  C:\Users\744\AppData\Local\Temp\ccme0pHX.s 			page 12


 468 0030 3B       		.uleb128 0x3b
 469 0031 05       		.uleb128 0x5
 470 0032 49       		.uleb128 0x49
 471 0033 13       		.uleb128 0x13
 472 0034 00       		.byte	0
 473 0035 00       		.byte	0
 474 0036 05       		.uleb128 0x5
 475 0037 35       		.uleb128 0x35
 476 0038 00       		.byte	0
 477 0039 49       		.uleb128 0x49
 478 003a 13       		.uleb128 0x13
 479 003b 00       		.byte	0
 480 003c 00       		.byte	0
 481 003d 06       		.uleb128 0x6
 482 003e 13       		.uleb128 0x13
 483 003f 01       		.byte	0x1
 484 0040 0B       		.uleb128 0xb
 485 0041 0B       		.uleb128 0xb
 486 0042 3A       		.uleb128 0x3a
 487 0043 0B       		.uleb128 0xb
 488 0044 3B       		.uleb128 0x3b
 489 0045 0B       		.uleb128 0xb
 490 0046 01       		.uleb128 0x1
 491 0047 13       		.uleb128 0x13
 492 0048 00       		.byte	0
 493 0049 00       		.byte	0
 494 004a 07       		.uleb128 0x7
 495 004b 0D       		.uleb128 0xd
 496 004c 00       		.byte	0
 497 004d 03       		.uleb128 0x3
 498 004e 0E       		.uleb128 0xe
 499 004f 3A       		.uleb128 0x3a
 500 0050 0B       		.uleb128 0xb
 501 0051 3B       		.uleb128 0x3b
 502 0052 0B       		.uleb128 0xb
 503 0053 49       		.uleb128 0x49
 504 0054 13       		.uleb128 0x13
 505 0055 38       		.uleb128 0x38
 506 0056 0B       		.uleb128 0xb
 507 0057 00       		.byte	0
 508 0058 00       		.byte	0
 509 0059 08       		.uleb128 0x8
 510 005a 16       		.uleb128 0x16
 511 005b 00       		.byte	0
 512 005c 03       		.uleb128 0x3
 513 005d 0E       		.uleb128 0xe
 514 005e 3A       		.uleb128 0x3a
 515 005f 0B       		.uleb128 0xb
 516 0060 3B       		.uleb128 0x3b
 517 0061 0B       		.uleb128 0xb
 518 0062 49       		.uleb128 0x49
 519 0063 13       		.uleb128 0x13
 520 0064 00       		.byte	0
 521 0065 00       		.byte	0
 522 0066 09       		.uleb128 0x9
 523 0067 2E       		.uleb128 0x2e
 524 0068 01       		.byte	0x1
ARM GAS  C:\Users\744\AppData\Local\Temp\ccme0pHX.s 			page 13


 525 0069 3F       		.uleb128 0x3f
 526 006a 19       		.uleb128 0x19
 527 006b 03       		.uleb128 0x3
 528 006c 0E       		.uleb128 0xe
 529 006d 3A       		.uleb128 0x3a
 530 006e 0B       		.uleb128 0xb
 531 006f 3B       		.uleb128 0x3b
 532 0070 0B       		.uleb128 0xb
 533 0071 27       		.uleb128 0x27
 534 0072 19       		.uleb128 0x19
 535 0073 11       		.uleb128 0x11
 536 0074 01       		.uleb128 0x1
 537 0075 12       		.uleb128 0x12
 538 0076 06       		.uleb128 0x6
 539 0077 40       		.uleb128 0x40
 540 0078 18       		.uleb128 0x18
 541 0079 9742     		.uleb128 0x2117
 542 007b 19       		.uleb128 0x19
 543 007c 01       		.uleb128 0x1
 544 007d 13       		.uleb128 0x13
 545 007e 00       		.byte	0
 546 007f 00       		.byte	0
 547 0080 0A       		.uleb128 0xa
 548 0081 898201   		.uleb128 0x4109
 549 0084 00       		.byte	0
 550 0085 11       		.uleb128 0x11
 551 0086 01       		.uleb128 0x1
 552 0087 31       		.uleb128 0x31
 553 0088 13       		.uleb128 0x13
 554 0089 00       		.byte	0
 555 008a 00       		.byte	0
 556 008b 0B       		.uleb128 0xb
 557 008c 34       		.uleb128 0x34
 558 008d 00       		.byte	0
 559 008e 03       		.uleb128 0x3
 560 008f 0E       		.uleb128 0xe
 561 0090 3A       		.uleb128 0x3a
 562 0091 0B       		.uleb128 0xb
 563 0092 3B       		.uleb128 0x3b
 564 0093 0B       		.uleb128 0xb
 565 0094 49       		.uleb128 0x49
 566 0095 13       		.uleb128 0x13
 567 0096 02       		.uleb128 0x2
 568 0097 18       		.uleb128 0x18
 569 0098 00       		.byte	0
 570 0099 00       		.byte	0
 571 009a 0C       		.uleb128 0xc
 572 009b 2E       		.uleb128 0x2e
 573 009c 00       		.byte	0
 574 009d 3F       		.uleb128 0x3f
 575 009e 19       		.uleb128 0x19
 576 009f 03       		.uleb128 0x3
 577 00a0 0E       		.uleb128 0xe
 578 00a1 3A       		.uleb128 0x3a
 579 00a2 0B       		.uleb128 0xb
 580 00a3 3B       		.uleb128 0x3b
 581 00a4 0B       		.uleb128 0xb
ARM GAS  C:\Users\744\AppData\Local\Temp\ccme0pHX.s 			page 14


 582 00a5 27       		.uleb128 0x27
 583 00a6 19       		.uleb128 0x19
 584 00a7 49       		.uleb128 0x49
 585 00a8 13       		.uleb128 0x13
 586 00a9 3C       		.uleb128 0x3c
 587 00aa 19       		.uleb128 0x19
 588 00ab 00       		.byte	0
 589 00ac 00       		.byte	0
 590 00ad 0D       		.uleb128 0xd
 591 00ae 2E       		.uleb128 0x2e
 592 00af 01       		.byte	0x1
 593 00b0 3F       		.uleb128 0x3f
 594 00b1 19       		.uleb128 0x19
 595 00b2 03       		.uleb128 0x3
 596 00b3 0E       		.uleb128 0xe
 597 00b4 3A       		.uleb128 0x3a
 598 00b5 0B       		.uleb128 0xb
 599 00b6 3B       		.uleb128 0x3b
 600 00b7 0B       		.uleb128 0xb
 601 00b8 27       		.uleb128 0x27
 602 00b9 19       		.uleb128 0x19
 603 00ba 3C       		.uleb128 0x3c
 604 00bb 19       		.uleb128 0x19
 605 00bc 01       		.uleb128 0x1
 606 00bd 13       		.uleb128 0x13
 607 00be 00       		.byte	0
 608 00bf 00       		.byte	0
 609 00c0 0E       		.uleb128 0xe
 610 00c1 05       		.uleb128 0x5
 611 00c2 00       		.byte	0
 612 00c3 49       		.uleb128 0x49
 613 00c4 13       		.uleb128 0x13
 614 00c5 00       		.byte	0
 615 00c6 00       		.byte	0
 616 00c7 0F       		.uleb128 0xf
 617 00c8 2E       		.uleb128 0x2e
 618 00c9 00       		.byte	0
 619 00ca 3F       		.uleb128 0x3f
 620 00cb 19       		.uleb128 0x19
 621 00cc 03       		.uleb128 0x3
 622 00cd 0E       		.uleb128 0xe
 623 00ce 3A       		.uleb128 0x3a
 624 00cf 0B       		.uleb128 0xb
 625 00d0 3B       		.uleb128 0x3b
 626 00d1 0B       		.uleb128 0xb
 627 00d2 27       		.uleb128 0x27
 628 00d3 19       		.uleb128 0x19
 629 00d4 3C       		.uleb128 0x3c
 630 00d5 19       		.uleb128 0x19
 631 00d6 00       		.byte	0
 632 00d7 00       		.byte	0
 633 00d8 00       		.byte	0
 634              		.section	.debug_aranges,"",%progbits
 635 0000 34000000 		.4byte	0x34
 636 0004 0200     		.2byte	0x2
 637 0006 00000000 		.4byte	.Ldebug_info0
 638 000a 04       		.byte	0x4
ARM GAS  C:\Users\744\AppData\Local\Temp\ccme0pHX.s 			page 15


 639 000b 00       		.byte	0
 640 000c 0000     		.2byte	0
 641 000e 0000     		.2byte	0
 642 0010 00000000 		.4byte	.LFB0
 643 0014 20000000 		.4byte	.LFE0-.LFB0
 644 0018 00000000 		.4byte	.LFB1
 645 001c 20000000 		.4byte	.LFE1-.LFB1
 646 0020 00000000 		.4byte	.LFB2
 647 0024 2C000000 		.4byte	.LFE2-.LFB2
 648 0028 00000000 		.4byte	.LFB3
 649 002c 18000000 		.4byte	.LFE3-.LFB3
 650 0030 00000000 		.4byte	0
 651 0034 00000000 		.4byte	0
 652              		.section	.debug_ranges,"",%progbits
 653              	.Ldebug_ranges0:
 654 0000 00000000 		.4byte	.LFB0
 655 0004 20000000 		.4byte	.LFE0
 656 0008 00000000 		.4byte	.LFB1
 657 000c 20000000 		.4byte	.LFE1
 658 0010 00000000 		.4byte	.LFB2
 659 0014 2C000000 		.4byte	.LFE2
 660 0018 00000000 		.4byte	.LFB3
 661 001c 18000000 		.4byte	.LFE3
 662 0020 00000000 		.4byte	0
 663 0024 00000000 		.4byte	0
 664              		.section	.debug_line,"",%progbits
 665              	.Ldebug_line0:
 666 0000 A9000000 		.section	.debug_str,"MS",%progbits,1
 666      02005200 
 666      00000201 
 666      FB0E0D00 
 666      01010101 
 667              	.LASF16:
 668 0000 54696D65 		.ascii	"TimerEnableState\000"
 668      72456E61 
 668      626C6553 
 668      74617465 
 668      00
 669              	.LASF25:
 670 0011 54696D65 		.ascii	"Timer_ReadCounter\000"
 670      725F5265 
 670      6164436F 
 670      756E7465 
 670      7200
 671              	.LASF3:
 672 0023 73686F72 		.ascii	"short unsigned int\000"
 672      7420756E 
 672      7369676E 
 672      65642069 
 672      6E7400
 673              	.LASF21:
 674 0036 54696D65 		.ascii	"Timer_SaveConfig\000"
 674      725F5361 
 674      7665436F 
 674      6E666967 
 674      00
 675              	.LASF17:
ARM GAS  C:\Users\744\AppData\Local\Temp\ccme0pHX.s 			page 16


 676 0047 54696D65 		.ascii	"TimerUdb\000"
 676      72556462 
 676      00
 677              	.LASF29:
 678 0050 54696D65 		.ascii	"Timer_Stop\000"
 678      725F5374 
 678      6F7000
 679              	.LASF11:
 680 005b 666C6F61 		.ascii	"float\000"
 680      7400
 681              	.LASF20:
 682 0061 54696D65 		.ascii	"Timer_backupStruct\000"
 682      725F6261 
 682      636B7570 
 682      53747275 
 682      637400
 683              	.LASF1:
 684 0074 756E7369 		.ascii	"unsigned char\000"
 684      676E6564 
 684      20636861 
 684      7200
 685              	.LASF14:
 686 0082 72656738 		.ascii	"reg8\000"
 686      00
 687              	.LASF34:
 688 0087 54696D65 		.ascii	"Timer_backup\000"
 688      725F6261 
 688      636B7570 
 688      00
 689              	.LASF23:
 690 0094 54696D65 		.ascii	"Timer_Sleep\000"
 690      725F536C 
 690      65657000 
 691              	.LASF5:
 692 00a0 6C6F6E67 		.ascii	"long unsigned int\000"
 692      20756E73 
 692      69676E65 
 692      6420696E 
 692      7400
 693              	.LASF9:
 694 00b2 75696E74 		.ascii	"uint8\000"
 694      3800
 695              	.LASF22:
 696 00b8 54696D65 		.ascii	"Timer_RestoreConfig\000"
 696      725F5265 
 696      73746F72 
 696      65436F6E 
 696      66696700 
 697              	.LASF24:
 698 00cc 54696D65 		.ascii	"Timer_Wakeup\000"
 698      725F5761 
 698      6B657570 
 698      00
 699              	.LASF12:
 700 00d9 646F7562 		.ascii	"double\000"
 700      6C6500
 701              	.LASF32:
ARM GAS  C:\Users\744\AppData\Local\Temp\ccme0pHX.s 			page 17


 702 00e0 2E5C4765 		.ascii	".\\Generated_Source\\PSoC4\\Timer_PM.c\000"
 702      6E657261 
 702      7465645F 
 702      536F7572 
 702      63655C50 
 703              	.LASF10:
 704 0104 75696E74 		.ascii	"uint16\000"
 704      313600
 705              	.LASF26:
 706 010b 54696D65 		.ascii	"Timer_ReadControlRegister\000"
 706      725F5265 
 706      6164436F 
 706      6E74726F 
 706      6C526567 
 707              	.LASF8:
 708 0125 756E7369 		.ascii	"unsigned int\000"
 708      676E6564 
 708      20696E74 
 708      00
 709              	.LASF7:
 710 0132 6C6F6E67 		.ascii	"long long unsigned int\000"
 710      206C6F6E 
 710      6720756E 
 710      7369676E 
 710      65642069 
 711              	.LASF15:
 712 0149 73697A65 		.ascii	"sizetype\000"
 712      74797065 
 712      00
 713              	.LASF6:
 714 0152 6C6F6E67 		.ascii	"long long int\000"
 714      206C6F6E 
 714      6720696E 
 714      7400
 715              	.LASF13:
 716 0160 63686172 		.ascii	"char\000"
 716      00
 717              	.LASF31:
 718 0165 474E5520 		.ascii	"GNU C 4.9.3 20150303 (release) [ARM/embedded-4_9-br"
 718      4320342E 
 718      392E3320 
 718      32303135 
 718      30333033 
 719 0198 616E6368 		.ascii	"anch revision 221220] -mcpu=cortex-m0 -mthumb -g -O"
 719      20726576 
 719      6973696F 
 719      6E203232 
 719      31323230 
 720 01cb 67202D66 		.ascii	"g -ffunction-sections -ffat-lto-objects\000"
 720      66756E63 
 720      74696F6E 
 720      2D736563 
 720      74696F6E 
 721              	.LASF2:
 722 01f3 73686F72 		.ascii	"short int\000"
 722      7420696E 
 722      7400
ARM GAS  C:\Users\744\AppData\Local\Temp\ccme0pHX.s 			page 18


 723              	.LASF28:
 724 01fd 54696D65 		.ascii	"Timer_WriteControlRegister\000"
 724      725F5772 
 724      69746543 
 724      6F6E7472 
 724      6F6C5265 
 725              	.LASF27:
 726 0218 54696D65 		.ascii	"Timer_WriteCounter\000"
 726      725F5772 
 726      69746543 
 726      6F756E74 
 726      657200
 727              	.LASF4:
 728 022b 6C6F6E67 		.ascii	"long int\000"
 728      20696E74 
 728      00
 729              	.LASF0:
 730 0234 7369676E 		.ascii	"signed char\000"
 730      65642063 
 730      68617200 
 731              	.LASF33:
 732 0240 453A5C37 		.ascii	"E:\\744\\Education\\Git\\PSoC4_Projects\\Diploma_sk"
 732      34345C45 
 732      64756361 
 732      74696F6E 
 732      5C476974 
 733 026e 65746368 		.ascii	"etch\\Password.cydsn\000"
 733      5C506173 
 733      73776F72 
 733      642E6379 
 733      64736E00 
 734              	.LASF18:
 735 0282 496E7465 		.ascii	"InterruptMaskValue\000"
 735      72727570 
 735      744D6173 
 735      6B56616C 
 735      756500
 736              	.LASF19:
 737 0295 54696D65 		.ascii	"TimerControlRegister\000"
 737      72436F6E 
 737      74726F6C 
 737      52656769 
 737      73746572 
 738              	.LASF30:
 739 02aa 54696D65 		.ascii	"Timer_Enable\000"
 739      725F456E 
 739      61626C65 
 739      00
 740              		.ident	"GCC: (GNU Tools for ARM Embedded Processors) 4.9.3 20150303 (release) [ARM/embedded-4_9-br
