#***************************************************************************

#sjplacer

#Version:            1.1

#Build Date:         Oct  1 2015 13:46:59

#File Generated:     May 29 2016 14:32:50

#Purpose:            

#Copyright (C) 2010-2011 by Softjin Technologies Pvt Ltd. All rights reserved.

#***************************************************************************

Executing : C:\Program Files (x86)\Cypress\PSoC Creator\3.3\PSoC Creator\bin/sjplacer.exe --proj-name Security_system --netlist-vh2 Security_system_p.vh2 --arch-file C:\Program Files (x86)\Cypress\PSoC Creator\3.3\PSoC Creator\dev/arch/p4_udb2x2a.ark --rrg-file C:\Program Files (x86)\Cypress\PSoC Creator\3.3\PSoC Creator\dev/psoc4/psoc4a/route_arch-rrg.cydata --irq-file C:\Program Files (x86)\Cypress\PSoC Creator\3.3\PSoC Creator\dev/psoc4/psoc4a/irqconn.cydata --dsi-conn-file C:\Program Files (x86)\Cypress\PSoC Creator\3.3\PSoC Creator\dev/psoc4/psoc4a/dsiconn.cydata --pins-file pins_44-TQFP.xml --lib-file Security_system_p.lib --sdc-file Security_system.sdc --io-pcf Security_system.pci --outdir .

		Softjin Techologies Placer, Version 1.1

Build Date : Oct  1 2015	13:44:59

D2004: Option and Settings Summary
=============================================================
Netlist vh2 file          - Security_system_p.vh2
Architecture file         - C:\Program Files (x86)\Cypress\PSoC Creator\3.3\PSoC Creator\dev/arch/p4_udb2x2a.ark
Package                   - 
Defparam file             - 
SDC file                  - Security_system.sdc
Output directory          - .
Timing library            - Security_system_p.lib
IO Placement file         - Security_system.pci

D2050: Starting reading inputs for placer
=============================================================
D2065: Reading netlist file : "Security_system_p.vh2"
D2065: Reading arch file : "C:\Program Files (x86)\Cypress\PSoC Creator\3.3\PSoC Creator\dev/arch/p4_udb2x2a.ark"
D2051: Reading of inputs for placer completed successfully

D2053: Starting placement of the design
=============================================================

Phase 2
Phase 3

Design Statistics after Packing
    Number of Combinational MCs 	:	2
    Number of Sequential MCs    	:	2
    Number of DPs               	:	4
    Number of Controls          	:	2
    Number of Status            	:	2
    Number of SyncCells         	:	0
    Number of count7cells       	:	0

Device Utilization Summary after Packing
    Macrocells                  :	4/32
    UDBS                        :	4/4
    IOs                         :	17/36


D2088: Phase 3, elapsed time : 0.0 (sec)

Phase 4
D2088: Phase 4, elapsed time : 0.0 (sec)

Phase 6

######################################################################
Placement Timing Summary

The timing summary is based on estimated routing delays after
placement. For final timing report, please carry out the timing
analysis after routing.
======================================================================

######################################################################
                     Clock Summary 
======================================================================
Number of clocks: 10
Clock: CyHFCLK              | Frequency:  32.9 MHz | Target:  24.0 MHz
Clock: CyILO                | Frequency: N/A       | Target:   0.0 MHz
Clock: CyIMO                | Frequency: N/A       | Target:  24.0 MHz
Clock: CyLFCLK              | Frequency: N/A       | Target:   0.0 MHz
Clock: CyRouted1            | Frequency: N/A       | Target:  24.0 MHz
Clock: CySYSCLK             | Frequency: N/A       | Target:  24.0 MHz
Clock: I2C_SCBCLK           | Frequency: N/A       | Target:   1.6 MHz
Clock: I2C_SCBCLK(FFB)      | Frequency: N/A       | Target:   1.6 MHz
Clock: UART_SCBCLK          | Frequency: N/A       | Target:   0.1 MHz
Clock: UART_SCBCLK(FFB)     | Frequency: N/A       | Target:   0.1 MHz

======================================================================
                     End of Clock Summary
######################################################################

D2088: Phase 6, elapsed time : 0.0 (sec)

Phase 7
######################################################################
                     Clock Summary 
======================================================================
Number of clocks: 10
Clock: CyHFCLK              | Frequency:  32.9 MHz | Target:  24.0 MHz
Clock: CyILO                | Frequency: N/A       | Target:   0.0 MHz
Clock: CyIMO                | Frequency: N/A       | Target:  24.0 MHz
Clock: CyLFCLK              | Frequency: N/A       | Target:   0.0 MHz
Clock: CyRouted1            | Frequency: N/A       | Target:  24.0 MHz
Clock: CySYSCLK             | Frequency: N/A       | Target:  24.0 MHz
Clock: I2C_SCBCLK           | Frequency: N/A       | Target:   1.6 MHz
Clock: I2C_SCBCLK(FFB)      | Frequency: N/A       | Target:   1.6 MHz
Clock: UART_SCBCLK          | Frequency: N/A       | Target:   0.1 MHz
Clock: UART_SCBCLK(FFB)     | Frequency: N/A       | Target:   0.1 MHz

======================================================================
                     End of Clock Summary
######################################################################
D2088: Phase 7, elapsed time : 0.2 (sec)

Final Design Statistics
    Number of Combinational MCs 	:	2
    Number of Sequential MCs    	:	2
    Number of DPs               	:	4
    Number of Controls          	:	2
    Number of Status            	:	2
    Number of SyncCells         	:	0
    Number of count7cells       	:	0
    Number of IOs       	:	17

Device Utilization Summary
    Macrocells                  :	4/32
    IOs                         :	17/36



######################################################################
Placement Timing Summary

The timing summary is based on estimated routing delays after
placement. For final timing report, please carry out the timing
analysis after routing.
======================================================================


######################################################################
                     Clock Summary 
======================================================================
Number of clocks: 10
Clock: CyHFCLK              | Frequency:  32.9 MHz | Target:  26.3 MHz
Clock: CyILO                | Frequency: N/A       | Target:   0.0 MHz
Clock: CyIMO                | Frequency: N/A       | Target:  24.0 MHz
Clock: CyLFCLK              | Frequency: N/A       | Target:   0.0 MHz
Clock: CyRouted1            | Frequency: N/A       | Target:  24.0 MHz
Clock: CySYSCLK             | Frequency: N/A       | Target:  24.0 MHz
Clock: I2C_SCBCLK           | Frequency: N/A       | Target:   1.6 MHz
Clock: I2C_SCBCLK(FFB)      | Frequency: N/A       | Target:   1.6 MHz
Clock: UART_SCBCLK          | Frequency: N/A       | Target:   0.1 MHz
Clock: UART_SCBCLK(FFB)     | Frequency: N/A       | Target:   0.1 MHz

======================================================================
                     End of Clock Summary
######################################################################

Phase 8
D2088: Phase 8, elapsed time : 0.0 (sec)

D2054: Placement of the design completed successfully

I2076: Total run-time: 0.4 sec.

