ARM GAS  C:\Users\744\AppData\Local\Temp\ccsCuLpc.s 			page 1


   1              		.cpu cortex-m0
   2              		.fpu softvfp
   3              		.eabi_attribute 20, 1
   4              		.eabi_attribute 21, 1
   5              		.eabi_attribute 23, 3
   6              		.eabi_attribute 24, 1
   7              		.eabi_attribute 25, 1
   8              		.eabi_attribute 26, 1
   9              		.eabi_attribute 30, 1
  10              		.eabi_attribute 34, 0
  11              		.eabi_attribute 18, 4
  12              		.code	16
  13              		.file	"cyfitter_cfg.c"
  14              		.text
  15              	.Ltext0:
  16              		.cfi_sections	.debug_frame
  17              		.section	.text.CYMEMZERO,"ax",%progbits
  18              		.align	2
  19              		.code	16
  20              		.thumb_func
  21              		.type	CYMEMZERO, %function
  22              	CYMEMZERO:
  23              	.LFB0:
  24              		.file 1 ".\\Generated_Source\\PSoC4\\cyfitter_cfg.c"
   1:.\Generated_Source\PSoC4/cyfitter_cfg.c **** /*******************************************************************************
   2:.\Generated_Source\PSoC4/cyfitter_cfg.c **** * File Name: cyfitter_cfg.c
   3:.\Generated_Source\PSoC4/cyfitter_cfg.c **** * 
   4:.\Generated_Source\PSoC4/cyfitter_cfg.c **** * PSoC Creator  3.3 SP1
   5:.\Generated_Source\PSoC4/cyfitter_cfg.c **** *
   6:.\Generated_Source\PSoC4/cyfitter_cfg.c **** * Description:
   7:.\Generated_Source\PSoC4/cyfitter_cfg.c **** * This file contains device initialization code.
   8:.\Generated_Source\PSoC4/cyfitter_cfg.c **** * Except for the user defined sections in CyClockStartupError(), this file should not be modified.
   9:.\Generated_Source\PSoC4/cyfitter_cfg.c **** * This file is automatically generated by PSoC Creator.
  10:.\Generated_Source\PSoC4/cyfitter_cfg.c **** *
  11:.\Generated_Source\PSoC4/cyfitter_cfg.c **** ********************************************************************************
  12:.\Generated_Source\PSoC4/cyfitter_cfg.c **** * Copyright (c) 2007-2015 Cypress Semiconductor.  All rights reserved.
  13:.\Generated_Source\PSoC4/cyfitter_cfg.c **** * You may use this file only in accordance with the license, terms, conditions, 
  14:.\Generated_Source\PSoC4/cyfitter_cfg.c **** * disclaimers, and limitations in the end user license agreement accompanying 
  15:.\Generated_Source\PSoC4/cyfitter_cfg.c **** * the software package with which this file was provided.
  16:.\Generated_Source\PSoC4/cyfitter_cfg.c **** ********************************************************************************/
  17:.\Generated_Source\PSoC4/cyfitter_cfg.c **** 
  18:.\Generated_Source\PSoC4/cyfitter_cfg.c **** #include <string.h>
  19:.\Generated_Source\PSoC4/cyfitter_cfg.c **** #include "cytypes.h"
  20:.\Generated_Source\PSoC4/cyfitter_cfg.c **** #include "cydevice_trm.h"
  21:.\Generated_Source\PSoC4/cyfitter_cfg.c **** #include "cyfitter.h"
  22:.\Generated_Source\PSoC4/cyfitter_cfg.c **** #include "CyLib.h"
  23:.\Generated_Source\PSoC4/cyfitter_cfg.c **** #include "CyLFClk.h"
  24:.\Generated_Source\PSoC4/cyfitter_cfg.c **** #include "cyfitter_cfg.h"
  25:.\Generated_Source\PSoC4/cyfitter_cfg.c **** 
  26:.\Generated_Source\PSoC4/cyfitter_cfg.c **** 
  27:.\Generated_Source\PSoC4/cyfitter_cfg.c **** #if defined(__GNUC__) || defined(__ARMCC_VERSION)
  28:.\Generated_Source\PSoC4/cyfitter_cfg.c ****     #define CYPACKED 
  29:.\Generated_Source\PSoC4/cyfitter_cfg.c ****     #define CYPACKED_ATTR __attribute__ ((packed))
  30:.\Generated_Source\PSoC4/cyfitter_cfg.c ****     #define CYALIGNED __attribute__ ((aligned))
  31:.\Generated_Source\PSoC4/cyfitter_cfg.c ****     #define CY_CFG_UNUSED __attribute__ ((unused))
  32:.\Generated_Source\PSoC4/cyfitter_cfg.c ****     #ifndef CY_CFG_SECTION
  33:.\Generated_Source\PSoC4/cyfitter_cfg.c ****         #define CY_CFG_SECTION __attribute__ ((section(".psocinit")))
ARM GAS  C:\Users\744\AppData\Local\Temp\ccsCuLpc.s 			page 2


  34:.\Generated_Source\PSoC4/cyfitter_cfg.c ****     #endif
  35:.\Generated_Source\PSoC4/cyfitter_cfg.c ****     
  36:.\Generated_Source\PSoC4/cyfitter_cfg.c ****     #if defined(__ARMCC_VERSION)
  37:.\Generated_Source\PSoC4/cyfitter_cfg.c ****         #define CY_CFG_MEMORY_BARRIER() __memory_changed()
  38:.\Generated_Source\PSoC4/cyfitter_cfg.c ****     #else
  39:.\Generated_Source\PSoC4/cyfitter_cfg.c ****         #define CY_CFG_MEMORY_BARRIER() __sync_synchronize()
  40:.\Generated_Source\PSoC4/cyfitter_cfg.c ****     #endif
  41:.\Generated_Source\PSoC4/cyfitter_cfg.c ****     
  42:.\Generated_Source\PSoC4/cyfitter_cfg.c **** #elif defined(__ICCARM__)
  43:.\Generated_Source\PSoC4/cyfitter_cfg.c ****     #include <intrinsics.h>
  44:.\Generated_Source\PSoC4/cyfitter_cfg.c **** 
  45:.\Generated_Source\PSoC4/cyfitter_cfg.c ****     #define CYPACKED __packed
  46:.\Generated_Source\PSoC4/cyfitter_cfg.c ****     #define CYPACKED_ATTR 
  47:.\Generated_Source\PSoC4/cyfitter_cfg.c ****     #define CYALIGNED _Pragma("data_alignment=4")
  48:.\Generated_Source\PSoC4/cyfitter_cfg.c ****     #define CY_CFG_UNUSED _Pragma("diag_suppress=Pe177")
  49:.\Generated_Source\PSoC4/cyfitter_cfg.c ****     #define CY_CFG_SECTION _Pragma("location=\".psocinit\"")
  50:.\Generated_Source\PSoC4/cyfitter_cfg.c ****     
  51:.\Generated_Source\PSoC4/cyfitter_cfg.c ****     #define CY_CFG_MEMORY_BARRIER() __DMB()
  52:.\Generated_Source\PSoC4/cyfitter_cfg.c ****     
  53:.\Generated_Source\PSoC4/cyfitter_cfg.c **** #else
  54:.\Generated_Source\PSoC4/cyfitter_cfg.c ****     #error Unsupported toolchain
  55:.\Generated_Source\PSoC4/cyfitter_cfg.c **** #endif
  56:.\Generated_Source\PSoC4/cyfitter_cfg.c **** 
  57:.\Generated_Source\PSoC4/cyfitter_cfg.c **** 
  58:.\Generated_Source\PSoC4/cyfitter_cfg.c **** CY_CFG_UNUSED
  59:.\Generated_Source\PSoC4/cyfitter_cfg.c **** static void CYMEMZERO(void *s, size_t n);
  60:.\Generated_Source\PSoC4/cyfitter_cfg.c **** CY_CFG_UNUSED
  61:.\Generated_Source\PSoC4/cyfitter_cfg.c **** static void CYMEMZERO(void *s, size_t n)
  62:.\Generated_Source\PSoC4/cyfitter_cfg.c **** {
  25              		.loc 1 62 0
  26              		.cfi_startproc
  27              	.LVL0:
  28 0000 08B5     		push	{r3, lr}
  29              		.cfi_def_cfa_offset 8
  30              		.cfi_offset 3, -8
  31              		.cfi_offset 14, -4
  32 0002 0A1C     		mov	r2, r1
  63:.\Generated_Source\PSoC4/cyfitter_cfg.c **** 	(void)memset(s, 0, n);
  33              		.loc 1 63 0
  34 0004 0021     		mov	r1, #0
  35              	.LVL1:
  36 0006 FFF7FEFF 		bl	memset
  37              	.LVL2:
  64:.\Generated_Source\PSoC4/cyfitter_cfg.c **** }
  38              		.loc 1 64 0
  39              		@ sp needed
  40 000a 08BD     		pop	{r3, pc}
  41              		.cfi_endproc
  42              	.LFE0:
  43              		.size	CYMEMZERO, .-CYMEMZERO
  44              		.section	.psocinit,"ax",%progbits
  45              		.align	2
  46              		.code	16
  47              		.thumb_func
  48              		.type	ClockSetup, %function
  49              	ClockSetup:
  50              	.LFB3:
ARM GAS  C:\Users\744\AppData\Local\Temp\ccsCuLpc.s 			page 3


  65:.\Generated_Source\PSoC4/cyfitter_cfg.c **** CY_CFG_UNUSED
  66:.\Generated_Source\PSoC4/cyfitter_cfg.c **** static void CYCONFIGCPY(void *dest, const void *src, size_t n);
  67:.\Generated_Source\PSoC4/cyfitter_cfg.c **** CY_CFG_UNUSED
  68:.\Generated_Source\PSoC4/cyfitter_cfg.c **** static void CYCONFIGCPY(void *dest, const void *src, size_t n)
  69:.\Generated_Source\PSoC4/cyfitter_cfg.c **** {
  70:.\Generated_Source\PSoC4/cyfitter_cfg.c **** 	(void)memcpy(dest, src, n);
  71:.\Generated_Source\PSoC4/cyfitter_cfg.c **** }
  72:.\Generated_Source\PSoC4/cyfitter_cfg.c **** CY_CFG_UNUSED
  73:.\Generated_Source\PSoC4/cyfitter_cfg.c **** static void CYCONFIGCPYCODE(void *dest, const void *src, size_t n);
  74:.\Generated_Source\PSoC4/cyfitter_cfg.c **** CY_CFG_UNUSED
  75:.\Generated_Source\PSoC4/cyfitter_cfg.c **** static void CYCONFIGCPYCODE(void *dest, const void *src, size_t n)
  76:.\Generated_Source\PSoC4/cyfitter_cfg.c **** {
  77:.\Generated_Source\PSoC4/cyfitter_cfg.c **** 	(void)memcpy(dest, src, n);
  78:.\Generated_Source\PSoC4/cyfitter_cfg.c **** }
  79:.\Generated_Source\PSoC4/cyfitter_cfg.c **** 
  80:.\Generated_Source\PSoC4/cyfitter_cfg.c **** 
  81:.\Generated_Source\PSoC4/cyfitter_cfg.c **** 
  82:.\Generated_Source\PSoC4/cyfitter_cfg.c **** /* Clock startup error codes                                                   */
  83:.\Generated_Source\PSoC4/cyfitter_cfg.c **** #define CYCLOCKSTART_NO_ERROR    0u
  84:.\Generated_Source\PSoC4/cyfitter_cfg.c **** #define CYCLOCKSTART_XTAL_ERROR  1u
  85:.\Generated_Source\PSoC4/cyfitter_cfg.c **** #define CYCLOCKSTART_32KHZ_ERROR 2u
  86:.\Generated_Source\PSoC4/cyfitter_cfg.c **** #define CYCLOCKSTART_PLL_ERROR   3u
  87:.\Generated_Source\PSoC4/cyfitter_cfg.c **** 
  88:.\Generated_Source\PSoC4/cyfitter_cfg.c **** #ifdef CY_NEED_CYCLOCKSTARTUPERROR
  89:.\Generated_Source\PSoC4/cyfitter_cfg.c **** /*******************************************************************************
  90:.\Generated_Source\PSoC4/cyfitter_cfg.c **** * Function Name: CyClockStartupError
  91:.\Generated_Source\PSoC4/cyfitter_cfg.c **** ********************************************************************************
  92:.\Generated_Source\PSoC4/cyfitter_cfg.c **** * Summary:
  93:.\Generated_Source\PSoC4/cyfitter_cfg.c **** *  If an error is encountered during clock configuration (crystal startup error,
  94:.\Generated_Source\PSoC4/cyfitter_cfg.c **** *  PLL lock error, etc.), the system will end up here.  Unless reimplemented by
  95:.\Generated_Source\PSoC4/cyfitter_cfg.c **** *  the customer, this function will stop in an infinite loop.
  96:.\Generated_Source\PSoC4/cyfitter_cfg.c **** *
  97:.\Generated_Source\PSoC4/cyfitter_cfg.c **** * Parameters:
  98:.\Generated_Source\PSoC4/cyfitter_cfg.c **** *   void
  99:.\Generated_Source\PSoC4/cyfitter_cfg.c **** *
 100:.\Generated_Source\PSoC4/cyfitter_cfg.c **** * Return:
 101:.\Generated_Source\PSoC4/cyfitter_cfg.c **** *   void
 102:.\Generated_Source\PSoC4/cyfitter_cfg.c **** *
 103:.\Generated_Source\PSoC4/cyfitter_cfg.c **** *******************************************************************************/
 104:.\Generated_Source\PSoC4/cyfitter_cfg.c **** CY_CFG_UNUSED
 105:.\Generated_Source\PSoC4/cyfitter_cfg.c **** static void CyClockStartupError(uint8 errorCode);
 106:.\Generated_Source\PSoC4/cyfitter_cfg.c **** CY_CFG_UNUSED
 107:.\Generated_Source\PSoC4/cyfitter_cfg.c **** static void CyClockStartupError(uint8 errorCode)
 108:.\Generated_Source\PSoC4/cyfitter_cfg.c **** {
 109:.\Generated_Source\PSoC4/cyfitter_cfg.c ****     /* To remove the compiler warning if errorCode not used.                */
 110:.\Generated_Source\PSoC4/cyfitter_cfg.c ****     errorCode = errorCode;
 111:.\Generated_Source\PSoC4/cyfitter_cfg.c **** 
 112:.\Generated_Source\PSoC4/cyfitter_cfg.c ****     /* `#START CyClockStartupError` */
 113:.\Generated_Source\PSoC4/cyfitter_cfg.c **** 
 114:.\Generated_Source\PSoC4/cyfitter_cfg.c ****     /* If we have a clock startup error (bad MHz crystal, PLL lock, etc.),  */
 115:.\Generated_Source\PSoC4/cyfitter_cfg.c ****     /* we will end up here to allow the customer to implement something to  */
 116:.\Generated_Source\PSoC4/cyfitter_cfg.c ****     /* deal with the clock condition.                                       */
 117:.\Generated_Source\PSoC4/cyfitter_cfg.c **** 
 118:.\Generated_Source\PSoC4/cyfitter_cfg.c ****     /* `#END` */
 119:.\Generated_Source\PSoC4/cyfitter_cfg.c **** 
 120:.\Generated_Source\PSoC4/cyfitter_cfg.c ****     /* If nothing else, stop here since the clocks have not started         */
 121:.\Generated_Source\PSoC4/cyfitter_cfg.c ****     /* correctly.                                                           */
ARM GAS  C:\Users\744\AppData\Local\Temp\ccsCuLpc.s 			page 4


 122:.\Generated_Source\PSoC4/cyfitter_cfg.c ****     while(1) {}
 123:.\Generated_Source\PSoC4/cyfitter_cfg.c **** }
 124:.\Generated_Source\PSoC4/cyfitter_cfg.c **** #endif
 125:.\Generated_Source\PSoC4/cyfitter_cfg.c **** 
 126:.\Generated_Source\PSoC4/cyfitter_cfg.c **** 
 127:.\Generated_Source\PSoC4/cyfitter_cfg.c **** 
 128:.\Generated_Source\PSoC4/cyfitter_cfg.c **** /*******************************************************************************
 129:.\Generated_Source\PSoC4/cyfitter_cfg.c **** * Function Name: ClockSetup
 130:.\Generated_Source\PSoC4/cyfitter_cfg.c **** ********************************************************************************
 131:.\Generated_Source\PSoC4/cyfitter_cfg.c **** *
 132:.\Generated_Source\PSoC4/cyfitter_cfg.c **** * Summary:
 133:.\Generated_Source\PSoC4/cyfitter_cfg.c **** *   Performs the initialization of all of the clocks in the device based on the
 134:.\Generated_Source\PSoC4/cyfitter_cfg.c **** *   settings in the Clock tab of the DWR.  This includes enabling the requested
 135:.\Generated_Source\PSoC4/cyfitter_cfg.c **** *   clocks and setting the necessary dividers to produce the desired frequency. 
 136:.\Generated_Source\PSoC4/cyfitter_cfg.c **** *
 137:.\Generated_Source\PSoC4/cyfitter_cfg.c **** * Parameters:
 138:.\Generated_Source\PSoC4/cyfitter_cfg.c **** *   void
 139:.\Generated_Source\PSoC4/cyfitter_cfg.c **** *
 140:.\Generated_Source\PSoC4/cyfitter_cfg.c **** * Return:
 141:.\Generated_Source\PSoC4/cyfitter_cfg.c **** *   void
 142:.\Generated_Source\PSoC4/cyfitter_cfg.c **** *
 143:.\Generated_Source\PSoC4/cyfitter_cfg.c **** *******************************************************************************/
 144:.\Generated_Source\PSoC4/cyfitter_cfg.c **** static void ClockSetup(void);
 145:.\Generated_Source\PSoC4/cyfitter_cfg.c **** CY_CFG_SECTION
 146:.\Generated_Source\PSoC4/cyfitter_cfg.c **** static void ClockSetup(void)
 147:.\Generated_Source\PSoC4/cyfitter_cfg.c **** {
  51              		.loc 1 147 0
  52              		.cfi_startproc
  53 0000 38B5     		push	{r3, r4, r5, lr}
  54              		.cfi_def_cfa_offset 16
  55              		.cfi_offset 3, -16
  56              		.cfi_offset 4, -12
  57              		.cfi_offset 5, -8
  58              		.cfi_offset 14, -4
 148:.\Generated_Source\PSoC4/cyfitter_cfg.c **** 	/* Enable HALF_EN before trimming for the flash accelerator. */
 149:.\Generated_Source\PSoC4/cyfitter_cfg.c **** 	CY_SET_REG32((void CYXDATA *)(CYREG_CLK_SELECT), (CY_GET_REG32((void *)CYREG_CLK_SELECT) | 0x00040
  59              		.loc 1 149 0
  60 0002 0F4C     		ldr	r4, .L3
  61 0004 2368     		ldr	r3, [r4]
  62 0006 8022     		mov	r2, #128
  63 0008 D202     		lsl	r2, r2, #11
  64 000a 1343     		orr	r3, r2
  65 000c 2360     		str	r3, [r4]
 150:.\Generated_Source\PSoC4/cyfitter_cfg.c **** 
 151:.\Generated_Source\PSoC4/cyfitter_cfg.c **** 	/* Setup and trim IMO based on desired frequency. */
 152:.\Generated_Source\PSoC4/cyfitter_cfg.c **** 	CySysClkWriteImoFreq(24u);
  66              		.loc 1 152 0
  67 000e 1820     		mov	r0, #24
  68 0010 FFF7FEFF 		bl	CySysClkWriteImoFreq
  69              	.LVL3:
 153:.\Generated_Source\PSoC4/cyfitter_cfg.c **** 
 154:.\Generated_Source\PSoC4/cyfitter_cfg.c **** 	/* Disable HALF_EN since it is not required at this IMO frequency. */
 155:.\Generated_Source\PSoC4/cyfitter_cfg.c **** 	CY_SET_REG32((void CYXDATA *)(CYREG_CLK_SELECT), (CY_GET_REG32((void *)CYREG_CLK_SELECT) & 0xFFFBF
  70              		.loc 1 155 0
  71 0014 2268     		ldr	r2, [r4]
  72 0016 0B4B     		ldr	r3, .L3+4
  73 0018 1340     		and	r3, r2
ARM GAS  C:\Users\744\AppData\Local\Temp\ccsCuLpc.s 			page 5


  74 001a 2360     		str	r3, [r4]
 156:.\Generated_Source\PSoC4/cyfitter_cfg.c **** 	/* CYDEV_CLK_ILO_CONFIG Starting address: CYDEV_CLK_ILO_CONFIG */
 157:.\Generated_Source\PSoC4/cyfitter_cfg.c **** 	CY_SET_XTND_REG32((void CYFAR *)(CYREG_CLK_ILO_CONFIG), 0x80000006u);
  75              		.loc 1 157 0
  76 001c 0A4A     		ldr	r2, .L3+8
  77 001e 0B4B     		ldr	r3, .L3+12
  78 0020 1A60     		str	r2, [r3]
 158:.\Generated_Source\PSoC4/cyfitter_cfg.c **** 
 159:.\Generated_Source\PSoC4/cyfitter_cfg.c **** 
 160:.\Generated_Source\PSoC4/cyfitter_cfg.c **** 	/* CYDEV_CLK_IMO_CONFIG Starting address: CYDEV_CLK_IMO_CONFIG */
 161:.\Generated_Source\PSoC4/cyfitter_cfg.c **** 	CY_SET_XTND_REG32((void CYFAR *)(CYREG_CLK_IMO_CONFIG), 0x80000000u);
  79              		.loc 1 161 0
  80 0022 063A     		sub	r2, r2, #6
  81 0024 0A4B     		ldr	r3, .L3+16
  82 0026 1A60     		str	r2, [r3]
 162:.\Generated_Source\PSoC4/cyfitter_cfg.c **** 
 163:.\Generated_Source\PSoC4/cyfitter_cfg.c **** 	/* CYDEV_CLK_SELECT Starting address: CYDEV_CLK_SELECT */
 164:.\Generated_Source\PSoC4/cyfitter_cfg.c **** 	CY_SET_XTND_REG32((void CYFAR *)(CYREG_CLK_SELECT), 0x00000000u);
  83              		.loc 1 164 0
  84 0028 0025     		mov	r5, #0
  85 002a 2560     		str	r5, [r4]
 165:.\Generated_Source\PSoC4/cyfitter_cfg.c **** 
 166:.\Generated_Source\PSoC4/cyfitter_cfg.c **** 	(void)CyIntSetVector(9u, &CySysWdtIsr);
  86              		.loc 1 166 0
  87 002c 0920     		mov	r0, #9
  88 002e 0949     		ldr	r1, .L3+20
  89 0030 FFF7FEFF 		bl	CyIntSetVector
  90              	.LVL4:
 167:.\Generated_Source\PSoC4/cyfitter_cfg.c **** 	CyIntEnable(9u);
  91              		.loc 1 167 0
  92 0034 0920     		mov	r0, #9
  93 0036 FFF7FEFF 		bl	CyIntEnable
  94              	.LVL5:
 168:.\Generated_Source\PSoC4/cyfitter_cfg.c **** 	CY_SET_XTND_REG32((void CYFAR *)(CYREG_WDT_CONFIG), 0x00000000u);
  95              		.loc 1 168 0
  96 003a 074B     		ldr	r3, .L3+24
  97 003c 1D60     		str	r5, [r3]
 169:.\Generated_Source\PSoC4/cyfitter_cfg.c **** }
  98              		.loc 1 169 0
  99              		@ sp needed
 100 003e 38BD     		pop	{r3, r4, r5, pc}
 101              	.L4:
 102              		.align	2
 103              	.L3:
 104 0040 00010B40 		.word	1074462976
 105 0044 FFFFFBFF 		.word	-262145
 106 0048 06000080 		.word	-2147483642
 107 004c 04010B40 		.word	1074462980
 108 0050 08010B40 		.word	1074462984
 109 0054 00000000 		.word	CySysWdtIsr
 110 0058 0C020B40 		.word	1074463244
 111              		.cfi_endproc
 112              	.LFE3:
 113              		.size	ClockSetup, .-ClockSetup
 114              		.align	2
 115              		.global	cyfitter_cfg
 116              		.code	16
ARM GAS  C:\Users\744\AppData\Local\Temp\ccsCuLpc.s 			page 6


 117              		.thumb_func
 118              		.type	cyfitter_cfg, %function
 119              	cyfitter_cfg:
 120              	.LFB5:
 170:.\Generated_Source\PSoC4/cyfitter_cfg.c **** 
 171:.\Generated_Source\PSoC4/cyfitter_cfg.c **** 
 172:.\Generated_Source\PSoC4/cyfitter_cfg.c **** /* Analog API Functions */
 173:.\Generated_Source\PSoC4/cyfitter_cfg.c **** 
 174:.\Generated_Source\PSoC4/cyfitter_cfg.c **** 
 175:.\Generated_Source\PSoC4/cyfitter_cfg.c **** /*******************************************************************************
 176:.\Generated_Source\PSoC4/cyfitter_cfg.c **** * Function Name: AnalogSetDefault
 177:.\Generated_Source\PSoC4/cyfitter_cfg.c **** ********************************************************************************
 178:.\Generated_Source\PSoC4/cyfitter_cfg.c **** *
 179:.\Generated_Source\PSoC4/cyfitter_cfg.c **** * Summary:
 180:.\Generated_Source\PSoC4/cyfitter_cfg.c **** *  Sets up the analog portions of the chip to default values based on chip
 181:.\Generated_Source\PSoC4/cyfitter_cfg.c **** *  configuration options from the project.
 182:.\Generated_Source\PSoC4/cyfitter_cfg.c **** *
 183:.\Generated_Source\PSoC4/cyfitter_cfg.c **** * Parameters:
 184:.\Generated_Source\PSoC4/cyfitter_cfg.c **** *  void
 185:.\Generated_Source\PSoC4/cyfitter_cfg.c **** *
 186:.\Generated_Source\PSoC4/cyfitter_cfg.c **** * Return:
 187:.\Generated_Source\PSoC4/cyfitter_cfg.c **** *  void
 188:.\Generated_Source\PSoC4/cyfitter_cfg.c **** *
 189:.\Generated_Source\PSoC4/cyfitter_cfg.c **** *******************************************************************************/
 190:.\Generated_Source\PSoC4/cyfitter_cfg.c **** static void AnalogSetDefault(void);
 191:.\Generated_Source\PSoC4/cyfitter_cfg.c **** static void AnalogSetDefault(void)
 192:.\Generated_Source\PSoC4/cyfitter_cfg.c **** {
 193:.\Generated_Source\PSoC4/cyfitter_cfg.c **** }
 194:.\Generated_Source\PSoC4/cyfitter_cfg.c **** 
 195:.\Generated_Source\PSoC4/cyfitter_cfg.c **** #define CY_AMUX_UNUSED CYREG_CM0_ROM_DWT
 196:.\Generated_Source\PSoC4/cyfitter_cfg.c **** 
 197:.\Generated_Source\PSoC4/cyfitter_cfg.c **** 
 198:.\Generated_Source\PSoC4/cyfitter_cfg.c **** /*******************************************************************************
 199:.\Generated_Source\PSoC4/cyfitter_cfg.c **** * Function Name: cyfitter_cfg
 200:.\Generated_Source\PSoC4/cyfitter_cfg.c **** ********************************************************************************
 201:.\Generated_Source\PSoC4/cyfitter_cfg.c **** * Summary:
 202:.\Generated_Source\PSoC4/cyfitter_cfg.c **** *  This function is called by the start-up code for the selected device. It
 203:.\Generated_Source\PSoC4/cyfitter_cfg.c **** *  performs all of the necessary device configuration based on the design
 204:.\Generated_Source\PSoC4/cyfitter_cfg.c **** *  settings.  This includes settings from the Design Wide Resources (DWR) such
 205:.\Generated_Source\PSoC4/cyfitter_cfg.c **** *  as Clocks and Pins as well as any component configuration that is necessary.
 206:.\Generated_Source\PSoC4/cyfitter_cfg.c **** *
 207:.\Generated_Source\PSoC4/cyfitter_cfg.c **** * Parameters:  
 208:.\Generated_Source\PSoC4/cyfitter_cfg.c **** *   void
 209:.\Generated_Source\PSoC4/cyfitter_cfg.c **** *
 210:.\Generated_Source\PSoC4/cyfitter_cfg.c **** * Return:
 211:.\Generated_Source\PSoC4/cyfitter_cfg.c **** *   void
 212:.\Generated_Source\PSoC4/cyfitter_cfg.c **** *
 213:.\Generated_Source\PSoC4/cyfitter_cfg.c **** *******************************************************************************/
 214:.\Generated_Source\PSoC4/cyfitter_cfg.c **** CY_CFG_SECTION
 215:.\Generated_Source\PSoC4/cyfitter_cfg.c **** void cyfitter_cfg(void)
 216:.\Generated_Source\PSoC4/cyfitter_cfg.c **** {
 121              		.loc 1 216 0
 122              		.cfi_startproc
 123 005c 10B5     		push	{r4, lr}
 124              		.cfi_def_cfa_offset 8
 125              		.cfi_offset 4, -8
 126              		.cfi_offset 14, -4
ARM GAS  C:\Users\744\AppData\Local\Temp\ccsCuLpc.s 			page 7


 217:.\Generated_Source\PSoC4/cyfitter_cfg.c **** 	/* Disable interrupts by default. Let user enable if/when they want. */
 218:.\Generated_Source\PSoC4/cyfitter_cfg.c **** 	CyGlobalIntDisable;
 127              		.loc 1 218 0
 128              	@ 218 ".\Generated_Source\PSoC4\cyfitter_cfg.c" 1
 129 005e 72B6     		CPSID   i
 130              	@ 0 "" 2
 131              	.LVL6:
 132              		.code	16
 133              	.LBB2:
 219:.\Generated_Source\PSoC4/cyfitter_cfg.c **** 
 220:.\Generated_Source\PSoC4/cyfitter_cfg.c **** 	{
 221:.\Generated_Source\PSoC4/cyfitter_cfg.c **** 
 222:.\Generated_Source\PSoC4/cyfitter_cfg.c **** 		CYPACKED typedef struct {
 223:.\Generated_Source\PSoC4/cyfitter_cfg.c **** 			void CYFAR *address;
 224:.\Generated_Source\PSoC4/cyfitter_cfg.c **** 			uint16 size;
 225:.\Generated_Source\PSoC4/cyfitter_cfg.c **** 		} CYPACKED_ATTR cfg_memset_t;
 226:.\Generated_Source\PSoC4/cyfitter_cfg.c **** 
 227:.\Generated_Source\PSoC4/cyfitter_cfg.c **** 		static const cfg_memset_t CYCODE cfg_memset_list [] = {
 228:.\Generated_Source\PSoC4/cyfitter_cfg.c **** 			/* address, size */
 229:.\Generated_Source\PSoC4/cyfitter_cfg.c **** 			{(void CYFAR *)(CYDEV_UDB_P0_U0_BASE), 1024u},
 230:.\Generated_Source\PSoC4/cyfitter_cfg.c **** 			{(void CYFAR *)(CYDEV_UDB_DSI0_BASE), 1024u},
 231:.\Generated_Source\PSoC4/cyfitter_cfg.c **** 		};
 232:.\Generated_Source\PSoC4/cyfitter_cfg.c **** 
 233:.\Generated_Source\PSoC4/cyfitter_cfg.c **** 		uint8 CYDATA i;
 234:.\Generated_Source\PSoC4/cyfitter_cfg.c **** 
 235:.\Generated_Source\PSoC4/cyfitter_cfg.c **** 		/* Zero out critical memory blocks before beginning configuration */
 236:.\Generated_Source\PSoC4/cyfitter_cfg.c **** 		for (i = 0u; i < (sizeof(cfg_memset_list)/sizeof(cfg_memset_list[0])); i++)
 134              		.loc 1 236 0
 135 0060 0024     		mov	r4, #0
 136 0062 10E0     		b	.L6
 137              	.LVL7:
 138              	.L7:
 139              	.LBB3:
 237:.\Generated_Source\PSoC4/cyfitter_cfg.c **** 		{
 238:.\Generated_Source\PSoC4/cyfitter_cfg.c **** 			const cfg_memset_t CYCODE * CYDATA ms = &cfg_memset_list[i];
 239:.\Generated_Source\PSoC4/cyfitter_cfg.c **** 			CYMEMZERO(ms->address, (size_t)(uint32)(ms->size));
 140              		.loc 1 239 0 discriminator 3
 141 0064 1B48     		ldr	r0, .L8
 142 0066 6300     		lsl	r3, r4, #1
 143 0068 1A19     		add	r2, r3, r4
 144 006a 5200     		lsl	r2, r2, #1
 145 006c 8218     		add	r2, r0, r2
 146 006e 9188     		ldrh	r1, [r2, #4]
 147 0070 1B19     		add	r3, r3, r4
 148 0072 5B00     		lsl	r3, r3, #1
 149 0074 1A5A     		ldrh	r2, [r3, r0]
 150 0076 C318     		add	r3, r0, r3
 151 0078 5888     		ldrh	r0, [r3, #2]
 152 007a 0004     		lsl	r0, r0, #16
 153 007c 1043     		orr	r0, r2
 154 007e FFF7FEFF 		bl	CYMEMZERO
 155              	.LVL8:
 156              	.LBE3:
 236:.\Generated_Source\PSoC4/cyfitter_cfg.c **** 		{
 157              		.loc 1 236 0 discriminator 3
 158 0082 0134     		add	r4, r4, #1
 159              	.LVL9:
ARM GAS  C:\Users\744\AppData\Local\Temp\ccsCuLpc.s 			page 8


 160 0084 E4B2     		uxtb	r4, r4
 161              	.LVL10:
 162              	.L6:
 236:.\Generated_Source\PSoC4/cyfitter_cfg.c **** 		{
 163              		.loc 1 236 0 is_stmt 0 discriminator 1
 164 0086 012C     		cmp	r4, #1
 165 0088 ECD9     		bls	.L7
 240:.\Generated_Source\PSoC4/cyfitter_cfg.c **** 		}
 241:.\Generated_Source\PSoC4/cyfitter_cfg.c **** 
 242:.\Generated_Source\PSoC4/cyfitter_cfg.c **** 		/* HSIOM Starting address: CYDEV_HSIOM_BASE */
 243:.\Generated_Source\PSoC4/cyfitter_cfg.c **** 		CY_SET_XTND_REG32((void CYFAR *)(CYREG_HSIOM_PORT_SEL3), 0x0000EE00u);
 166              		.loc 1 243 0 is_stmt 1
 167 008a EE22     		mov	r2, #238
 168 008c 1202     		lsl	r2, r2, #8
 169 008e 124B     		ldr	r3, .L8+4
 170 0090 1A60     		str	r2, [r3]
 244:.\Generated_Source\PSoC4/cyfitter_cfg.c **** 
 245:.\Generated_Source\PSoC4/cyfitter_cfg.c **** 		/* UDB_PA_2 Starting address: CYDEV_UDB_PA2_BASE */
 246:.\Generated_Source\PSoC4/cyfitter_cfg.c **** 		CY_SET_XTND_REG32((void CYFAR *)(CYDEV_UDB_PA2_BASE), 0x00990000u);
 171              		.loc 1 246 0
 172 0092 9923     		mov	r3, #153
 173 0094 1B04     		lsl	r3, r3, #16
 174 0096 114A     		ldr	r2, .L8+8
 175 0098 1360     		str	r3, [r2]
 247:.\Generated_Source\PSoC4/cyfitter_cfg.c **** 
 248:.\Generated_Source\PSoC4/cyfitter_cfg.c **** 		/* UDB_PA_3 Starting address: CYDEV_UDB_PA3_BASE */
 249:.\Generated_Source\PSoC4/cyfitter_cfg.c **** 		CY_SET_XTND_REG32((void CYFAR *)(CYDEV_UDB_PA3_BASE), 0x00990000u);
 176              		.loc 1 249 0
 177 009a 114A     		ldr	r2, .L8+12
 178 009c 1360     		str	r3, [r2]
 250:.\Generated_Source\PSoC4/cyfitter_cfg.c **** 
 251:.\Generated_Source\PSoC4/cyfitter_cfg.c **** 		/* Enable digital routing */
 252:.\Generated_Source\PSoC4/cyfitter_cfg.c **** 		CY_SET_XTND_REG8((void *)CYREG_UDB_UDBIF_BANK_CTL, CY_GET_XTND_REG8((void *)CYREG_UDB_UDBIF_BANK_
 179              		.loc 1 252 0
 180 009e 114B     		ldr	r3, .L8+16
 181 00a0 1978     		ldrb	r1, [r3]
 182 00a2 0222     		mov	r2, #2
 183 00a4 0A43     		orr	r2, r1
 184 00a6 1A70     		strb	r2, [r3]
 253:.\Generated_Source\PSoC4/cyfitter_cfg.c **** 
 254:.\Generated_Source\PSoC4/cyfitter_cfg.c **** 		/* Enable UDB array */
 255:.\Generated_Source\PSoC4/cyfitter_cfg.c **** 		CY_SET_XTND_REG8((void *)CYREG_UDB_UDBIF_WAIT_CFG, (uint8)((CY_GET_XTND_REG8((void *)CYREG_UDB_UD
 185              		.loc 1 255 0
 186 00a8 0F48     		ldr	r0, .L8+20
 187 00aa 0278     		ldrb	r2, [r0]
 188 00ac 3C21     		mov	r1, #60
 189 00ae 8A43     		bic	r2, r1
 190 00b0 2839     		sub	r1, r1, #40
 191 00b2 0A43     		orr	r2, r1
 192 00b4 0270     		strb	r2, [r0]
 256:.\Generated_Source\PSoC4/cyfitter_cfg.c **** 		CY_SET_XTND_REG8((void *)CYREG_UDB_UDBIF_BANK_CTL, (uint8)(CY_GET_XTND_REG8((void *)CYREG_UDB_UDB
 193              		.loc 1 256 0
 194 00b6 1978     		ldrb	r1, [r3]
 195 00b8 1622     		mov	r2, #22
 196 00ba 0A43     		orr	r2, r1
 197 00bc 1A70     		strb	r2, [r3]
 198              	.LBE2:
ARM GAS  C:\Users\744\AppData\Local\Temp\ccsCuLpc.s 			page 9


 257:.\Generated_Source\PSoC4/cyfitter_cfg.c **** 	}
 258:.\Generated_Source\PSoC4/cyfitter_cfg.c **** 
 259:.\Generated_Source\PSoC4/cyfitter_cfg.c **** 	/* Perform second pass device configuration. These items must be configured in specific order afte
 260:.\Generated_Source\PSoC4/cyfitter_cfg.c **** 	/* IOPINS0_2 Starting address: CYDEV_PRT2_BASE */
 261:.\Generated_Source\PSoC4/cyfitter_cfg.c **** 	CY_SET_XTND_REG32((void CYFAR *)(CYREG_PRT2_PC), 0x001B6DB6u);
 199              		.loc 1 261 0
 200 00be 0B4A     		ldr	r2, .L8+24
 201 00c0 0B4B     		ldr	r3, .L8+28
 202 00c2 1A60     		str	r2, [r3]
 262:.\Generated_Source\PSoC4/cyfitter_cfg.c **** 
 263:.\Generated_Source\PSoC4/cyfitter_cfg.c **** 	/* IOPINS0_3 Starting address: CYDEV_PRT3_BASE */
 264:.\Generated_Source\PSoC4/cyfitter_cfg.c **** 	CY_SET_XTND_REG32((void CYFAR *)(CYREG_PRT3_PC), 0x00000D80u);
 203              		.loc 1 264 0
 204 00c4 D822     		mov	r2, #216
 205 00c6 1201     		lsl	r2, r2, #4
 206 00c8 0A4B     		ldr	r3, .L8+32
 207 00ca 1A60     		str	r2, [r3]
 265:.\Generated_Source\PSoC4/cyfitter_cfg.c **** 
 266:.\Generated_Source\PSoC4/cyfitter_cfg.c **** 
 267:.\Generated_Source\PSoC4/cyfitter_cfg.c **** 	/* Setup clocks based on selections from Clock DWR */
 268:.\Generated_Source\PSoC4/cyfitter_cfg.c **** 	ClockSetup();
 208              		.loc 1 268 0
 209 00cc FFF798FF 		bl	ClockSetup
 210              	.LVL11:
 269:.\Generated_Source\PSoC4/cyfitter_cfg.c **** 
 270:.\Generated_Source\PSoC4/cyfitter_cfg.c **** 	/* Perform basic analog initialization to defaults */
 271:.\Generated_Source\PSoC4/cyfitter_cfg.c **** 	AnalogSetDefault();
 272:.\Generated_Source\PSoC4/cyfitter_cfg.c **** 
 273:.\Generated_Source\PSoC4/cyfitter_cfg.c **** }
 211              		.loc 1 273 0
 212              		@ sp needed
 213              	.LVL12:
 214 00d0 10BD     		pop	{r4, pc}
 215              	.L9:
 216 00d2 C046     		.align	2
 217              	.L8:
 218 00d4 00000000 		.word	.LANCHOR0
 219 00d8 0C000140 		.word	1073807372
 220 00dc 20500F40 		.word	1074745376
 221 00e0 30500F40 		.word	1074745392
 222 00e4 00700F40 		.word	1074753536
 223 00e8 01700F40 		.word	1074753537
 224 00ec B66D1B00 		.word	1797558
 225 00f0 08020440 		.word	1074004488
 226 00f4 08030440 		.word	1074004744
 227              		.cfi_endproc
 228              	.LFE5:
 229              		.size	cyfitter_cfg, .-cyfitter_cfg
 230              		.section	.rodata
 231              		.align	2
 232              		.set	.LANCHOR0,. + 0
 233              		.type	cfg_memset_list.4716, %object
 234              		.size	cfg_memset_list.4716, 12
 235              	cfg_memset_list.4716:
 236 0000 00300F40 		.word	1074737152
 237 0004 0004     		.short	1024
 238 0006 00400F40 		.4byte	1074741248
ARM GAS  C:\Users\744\AppData\Local\Temp\ccsCuLpc.s 			page 10


 239 000a 0004     		.short	1024
 240              		.text
 241              	.Letext0:
 242              		.file 2 "c:\\program files (x86)\\cypress\\psoc creator\\3.3\\psoc creator\\import\\gnu\\arm\\4.9.
 243              		.file 3 ".\\Generated_Source\\PSoC4\\cytypes.h"
 244              		.file 4 ".\\Generated_Source\\PSoC4\\CyLib.h"
 245              		.section	.debug_info,"",%progbits
 246              	.Ldebug_info0:
 247 0000 8F020000 		.4byte	0x28f
 248 0004 0400     		.2byte	0x4
 249 0006 00000000 		.4byte	.Ldebug_abbrev0
 250 000a 04       		.byte	0x4
 251 000b 01       		.uleb128 0x1
 252 000c 8E010000 		.4byte	.LASF28
 253 0010 01       		.byte	0x1
 254 0011 4A010000 		.4byte	.LASF29
 255 0015 EB000000 		.4byte	.LASF30
 256 0019 00000000 		.4byte	.Ldebug_ranges0+0
 257 001d 00000000 		.4byte	0
 258 0021 00000000 		.4byte	.Ldebug_line0
 259 0025 02       		.uleb128 0x2
 260 0026 04       		.byte	0x4
 261 0027 05       		.byte	0x5
 262 0028 696E7400 		.ascii	"int\000"
 263 002c 03       		.uleb128 0x3
 264 002d 06000000 		.4byte	.LASF11
 265 0031 02       		.byte	0x2
 266 0032 D4       		.byte	0xd4
 267 0033 37000000 		.4byte	0x37
 268 0037 04       		.uleb128 0x4
 269 0038 04       		.byte	0x4
 270 0039 07       		.byte	0x7
 271 003a B2000000 		.4byte	.LASF0
 272 003e 04       		.uleb128 0x4
 273 003f 01       		.byte	0x1
 274 0040 06       		.byte	0x6
 275 0041 44020000 		.4byte	.LASF1
 276 0045 04       		.uleb128 0x4
 277 0046 01       		.byte	0x1
 278 0047 08       		.byte	0x8
 279 0048 7C000000 		.4byte	.LASF2
 280 004c 04       		.uleb128 0x4
 281 004d 02       		.byte	0x2
 282 004e 05       		.byte	0x5
 283 004f 1C020000 		.4byte	.LASF3
 284 0053 04       		.uleb128 0x4
 285 0054 02       		.byte	0x2
 286 0055 07       		.byte	0x7
 287 0056 37000000 		.4byte	.LASF4
 288 005a 04       		.uleb128 0x4
 289 005b 04       		.byte	0x4
 290 005c 05       		.byte	0x5
 291 005d 3B020000 		.4byte	.LASF5
 292 0061 04       		.uleb128 0x4
 293 0062 04       		.byte	0x4
 294 0063 07       		.byte	0x7
 295 0064 5A000000 		.4byte	.LASF6
ARM GAS  C:\Users\744\AppData\Local\Temp\ccsCuLpc.s 			page 11


 296 0068 04       		.uleb128 0x4
 297 0069 08       		.byte	0x8
 298 006a 05       		.byte	0x5
 299 006b 7B010000 		.4byte	.LASF7
 300 006f 04       		.uleb128 0x4
 301 0070 08       		.byte	0x8
 302 0071 07       		.byte	0x7
 303 0072 D4000000 		.4byte	.LASF8
 304 0076 04       		.uleb128 0x4
 305 0077 04       		.byte	0x4
 306 0078 07       		.byte	0x7
 307 0079 72010000 		.4byte	.LASF9
 308 007d 05       		.uleb128 0x5
 309 007e 04       		.byte	0x4
 310 007f 06       		.uleb128 0x6
 311 0080 04       		.byte	0x4
 312 0081 85000000 		.4byte	0x85
 313 0085 07       		.uleb128 0x7
 314 0086 04       		.uleb128 0x4
 315 0087 01       		.byte	0x1
 316 0088 08       		.byte	0x8
 317 0089 89010000 		.4byte	.LASF10
 318 008d 08       		.uleb128 0x8
 319 008e 6C000000 		.4byte	.LASF12
 320 0092 03       		.byte	0x3
 321 0093 3801     		.2byte	0x138
 322 0095 45000000 		.4byte	0x45
 323 0099 08       		.uleb128 0x8
 324 009a A4000000 		.4byte	.LASF13
 325 009e 03       		.byte	0x3
 326 009f 3901     		.2byte	0x139
 327 00a1 53000000 		.4byte	0x53
 328 00a5 08       		.uleb128 0x8
 329 00a6 AB000000 		.4byte	.LASF14
 330 00aa 03       		.byte	0x3
 331 00ab 3A01     		.2byte	0x13a
 332 00ad 61000000 		.4byte	0x61
 333 00b1 04       		.uleb128 0x4
 334 00b2 04       		.byte	0x4
 335 00b3 04       		.byte	0x4
 336 00b4 4A000000 		.4byte	.LASF15
 337 00b8 04       		.uleb128 0x4
 338 00b9 08       		.byte	0x8
 339 00ba 04       		.byte	0x4
 340 00bb 91000000 		.4byte	.LASF16
 341 00bf 08       		.uleb128 0x8
 342 00c0 55000000 		.4byte	.LASF17
 343 00c4 03       		.byte	0x3
 344 00c5 E201     		.2byte	0x1e2
 345 00c7 CB000000 		.4byte	0xcb
 346 00cb 09       		.uleb128 0x9
 347 00cc 8D000000 		.4byte	0x8d
 348 00d0 08       		.uleb128 0x8
 349 00d1 00000000 		.4byte	.LASF18
 350 00d5 03       		.byte	0x3
 351 00d6 E401     		.2byte	0x1e4
 352 00d8 DC000000 		.4byte	0xdc
ARM GAS  C:\Users\744\AppData\Local\Temp\ccsCuLpc.s 			page 12


 353 00dc 09       		.uleb128 0x9
 354 00dd A5000000 		.4byte	0xa5
 355 00e1 08       		.uleb128 0x8
 356 00e2 30010000 		.4byte	.LASF19
 357 00e6 03       		.byte	0x3
 358 00e7 F401     		.2byte	0x1f4
 359 00e9 7F000000 		.4byte	0x7f
 360 00ed 0A       		.uleb128 0xa
 361 00ee 72000000 		.4byte	.LASF20
 362 00f2 01       		.byte	0x1
 363 00f3 3D       		.byte	0x3d
 364 00f4 00000000 		.4byte	.LFB0
 365 00f8 0C000000 		.4byte	.LFE0-.LFB0
 366 00fc 01       		.uleb128 0x1
 367 00fd 9C       		.byte	0x9c
 368 00fe 3A010000 		.4byte	0x13a
 369 0102 0B       		.uleb128 0xb
 370 0103 7300     		.ascii	"s\000"
 371 0105 01       		.byte	0x1
 372 0106 3D       		.byte	0x3d
 373 0107 7D000000 		.4byte	0x7d
 374 010b 00000000 		.4byte	.LLST0
 375 010f 0B       		.uleb128 0xb
 376 0110 6E00     		.ascii	"n\000"
 377 0112 01       		.byte	0x1
 378 0113 3D       		.byte	0x3d
 379 0114 2C000000 		.4byte	0x2c
 380 0118 21000000 		.4byte	.LLST1
 381 011c 0C       		.uleb128 0xc
 382 011d 0A000000 		.4byte	.LVL2
 383 0121 3D020000 		.4byte	0x23d
 384 0125 0D       		.uleb128 0xd
 385 0126 01       		.uleb128 0x1
 386 0127 52       		.byte	0x52
 387 0128 03       		.uleb128 0x3
 388 0129 F3       		.byte	0xf3
 389 012a 01       		.uleb128 0x1
 390 012b 51       		.byte	0x51
 391 012c 0D       		.uleb128 0xd
 392 012d 01       		.uleb128 0x1
 393 012e 51       		.byte	0x51
 394 012f 01       		.uleb128 0x1
 395 0130 30       		.byte	0x30
 396 0131 0D       		.uleb128 0xd
 397 0132 01       		.uleb128 0x1
 398 0133 50       		.byte	0x50
 399 0134 03       		.uleb128 0x3
 400 0135 F3       		.byte	0xf3
 401 0136 01       		.uleb128 0x1
 402 0137 50       		.byte	0x50
 403 0138 00       		.byte	0
 404 0139 00       		.byte	0
 405 013a 0A       		.uleb128 0xa
 406 013b 2C000000 		.4byte	.LASF21
 407 013f 01       		.byte	0x1
 408 0140 92       		.byte	0x92
 409 0141 00000000 		.4byte	.LFB3
ARM GAS  C:\Users\744\AppData\Local\Temp\ccsCuLpc.s 			page 13


 410 0145 5C000000 		.4byte	.LFE3-.LFB3
 411 0149 01       		.uleb128 0x1
 412 014a 9C       		.byte	0x9c
 413 014b 85010000 		.4byte	0x185
 414 014f 0E       		.uleb128 0xe
 415 0150 14000000 		.4byte	.LVL3
 416 0154 5A020000 		.4byte	0x25a
 417 0158 62010000 		.4byte	0x162
 418 015c 0D       		.uleb128 0xd
 419 015d 01       		.uleb128 0x1
 420 015e 50       		.byte	0x50
 421 015f 01       		.uleb128 0x1
 422 0160 48       		.byte	0x48
 423 0161 00       		.byte	0
 424 0162 0E       		.uleb128 0xe
 425 0163 34000000 		.4byte	.LVL4
 426 0167 6B020000 		.4byte	0x26b
 427 016b 75010000 		.4byte	0x175
 428 016f 0D       		.uleb128 0xd
 429 0170 01       		.uleb128 0x1
 430 0171 50       		.byte	0x50
 431 0172 01       		.uleb128 0x1
 432 0173 39       		.byte	0x39
 433 0174 00       		.byte	0
 434 0175 0C       		.uleb128 0xc
 435 0176 3A000000 		.4byte	.LVL5
 436 017a 85020000 		.4byte	0x285
 437 017e 0D       		.uleb128 0xd
 438 017f 01       		.uleb128 0x1
 439 0180 50       		.byte	0x50
 440 0181 01       		.uleb128 0x1
 441 0182 39       		.byte	0x39
 442 0183 00       		.byte	0
 443 0184 00       		.byte	0
 444 0185 0F       		.uleb128 0xf
 445 0186 BF000000 		.4byte	.LASF31
 446 018a 01       		.byte	0x1
 447 018b D7       		.byte	0xd7
 448 018c 5C000000 		.4byte	.LFB5
 449 0190 9C000000 		.4byte	.LFE5-.LFB5
 450 0194 01       		.uleb128 0x1
 451 0195 9C       		.byte	0x9c
 452 0196 3D020000 		.4byte	0x23d
 453 019a 10       		.uleb128 0x10
 454 019b 60000000 		.4byte	.LBB2
 455 019f 5E000000 		.4byte	.LBE2-.LBB2
 456 01a3 33020000 		.4byte	0x233
 457 01a7 11       		.uleb128 0x11
 458 01a8 06       		.byte	0x6
 459 01a9 01       		.byte	0x1
 460 01aa DE       		.byte	0xde
 461 01ab C8010000 		.4byte	0x1c8
 462 01af 12       		.uleb128 0x12
 463 01b0 CC000000 		.4byte	.LASF22
 464 01b4 01       		.byte	0x1
 465 01b5 DF       		.byte	0xdf
 466 01b6 7D000000 		.4byte	0x7d
ARM GAS  C:\Users\744\AppData\Local\Temp\ccsCuLpc.s 			page 14


 467 01ba 00       		.byte	0
 468 01bb 12       		.uleb128 0x12
 469 01bc 50000000 		.4byte	.LASF23
 470 01c0 01       		.byte	0x1
 471 01c1 E0       		.byte	0xe0
 472 01c2 99000000 		.4byte	0x99
 473 01c6 04       		.byte	0x4
 474 01c7 00       		.byte	0
 475 01c8 03       		.uleb128 0x3
 476 01c9 3D010000 		.4byte	.LASF24
 477 01cd 01       		.byte	0x1
 478 01ce E1       		.byte	0xe1
 479 01cf A7010000 		.4byte	0x1a7
 480 01d3 13       		.uleb128 0x13
 481 01d4 C8010000 		.4byte	0x1c8
 482 01d8 E3010000 		.4byte	0x1e3
 483 01dc 14       		.uleb128 0x14
 484 01dd 76000000 		.4byte	0x76
 485 01e1 01       		.byte	0x1
 486 01e2 00       		.byte	0
 487 01e3 15       		.uleb128 0x15
 488 01e4 1C000000 		.4byte	.LASF25
 489 01e8 01       		.byte	0x1
 490 01e9 E3       		.byte	0xe3
 491 01ea F4010000 		.4byte	0x1f4
 492 01ee 05       		.uleb128 0x5
 493 01ef 03       		.byte	0x3
 494 01f0 00000000 		.4byte	cfg_memset_list.4716
 495 01f4 16       		.uleb128 0x16
 496 01f5 D3010000 		.4byte	0x1d3
 497 01f9 17       		.uleb128 0x17
 498 01fa 6900     		.ascii	"i\000"
 499 01fc 01       		.byte	0x1
 500 01fd E9       		.byte	0xe9
 501 01fe 8D000000 		.4byte	0x8d
 502 0202 4D000000 		.4byte	.LLST2
 503 0206 18       		.uleb128 0x18
 504 0207 64000000 		.4byte	.LBB3
 505 020b 1E000000 		.4byte	.LBE3-.LBB3
 506 020f 17       		.uleb128 0x17
 507 0210 6D7300   		.ascii	"ms\000"
 508 0213 01       		.byte	0x1
 509 0214 EE       		.byte	0xee
 510 0215 1D020000 		.4byte	0x21d
 511 0219 77000000 		.4byte	.LLST3
 512 021d 06       		.uleb128 0x6
 513 021e 04       		.byte	0x4
 514 021f 23020000 		.4byte	0x223
 515 0223 16       		.uleb128 0x16
 516 0224 C8010000 		.4byte	0x1c8
 517 0228 19       		.uleb128 0x19
 518 0229 82000000 		.4byte	.LVL8
 519 022d ED000000 		.4byte	0xed
 520 0231 00       		.byte	0
 521 0232 00       		.byte	0
 522 0233 19       		.uleb128 0x19
 523 0234 D0000000 		.4byte	.LVL11
ARM GAS  C:\Users\744\AppData\Local\Temp\ccsCuLpc.s 			page 15


 524 0238 3A010000 		.4byte	0x13a
 525 023c 00       		.byte	0
 526 023d 1A       		.uleb128 0x1a
 527 023e 8A000000 		.4byte	.LASF26
 528 0242 7D000000 		.4byte	0x7d
 529 0246 5A020000 		.4byte	0x25a
 530 024a 1B       		.uleb128 0x1b
 531 024b 7D000000 		.4byte	0x7d
 532 024f 1B       		.uleb128 0x1b
 533 0250 25000000 		.4byte	0x25
 534 0254 1B       		.uleb128 0x1b
 535 0255 76000000 		.4byte	0x76
 536 0259 00       		.byte	0
 537 025a 1C       		.uleb128 0x1c
 538 025b 26020000 		.4byte	.LASF27
 539 025f 04       		.byte	0x4
 540 0260 38       		.byte	0x38
 541 0261 6B020000 		.4byte	0x26b
 542 0265 1B       		.uleb128 0x1b
 543 0266 A5000000 		.4byte	0xa5
 544 026a 00       		.byte	0
 545 026b 1D       		.uleb128 0x1d
 546 026c 0D000000 		.4byte	.LASF32
 547 0270 04       		.byte	0x4
 548 0271 49       		.byte	0x49
 549 0272 E1000000 		.4byte	0xe1
 550 0276 85020000 		.4byte	0x285
 551 027a 1B       		.uleb128 0x1b
 552 027b 8D000000 		.4byte	0x8d
 553 027f 1B       		.uleb128 0x1b
 554 0280 E1000000 		.4byte	0xe1
 555 0284 00       		.byte	0
 556 0285 1E       		.uleb128 0x1e
 557 0286 98000000 		.4byte	.LASF33
 558 028a 04       		.byte	0x4
 559 028b 4F       		.byte	0x4f
 560 028c 1B       		.uleb128 0x1b
 561 028d 8D000000 		.4byte	0x8d
 562 0291 00       		.byte	0
 563 0292 00       		.byte	0
 564              		.section	.debug_abbrev,"",%progbits
 565              	.Ldebug_abbrev0:
 566 0000 01       		.uleb128 0x1
 567 0001 11       		.uleb128 0x11
 568 0002 01       		.byte	0x1
 569 0003 25       		.uleb128 0x25
 570 0004 0E       		.uleb128 0xe
 571 0005 13       		.uleb128 0x13
 572 0006 0B       		.uleb128 0xb
 573 0007 03       		.uleb128 0x3
 574 0008 0E       		.uleb128 0xe
 575 0009 1B       		.uleb128 0x1b
 576 000a 0E       		.uleb128 0xe
 577 000b 55       		.uleb128 0x55
 578 000c 17       		.uleb128 0x17
 579 000d 11       		.uleb128 0x11
 580 000e 01       		.uleb128 0x1
ARM GAS  C:\Users\744\AppData\Local\Temp\ccsCuLpc.s 			page 16


 581 000f 10       		.uleb128 0x10
 582 0010 17       		.uleb128 0x17
 583 0011 00       		.byte	0
 584 0012 00       		.byte	0
 585 0013 02       		.uleb128 0x2
 586 0014 24       		.uleb128 0x24
 587 0015 00       		.byte	0
 588 0016 0B       		.uleb128 0xb
 589 0017 0B       		.uleb128 0xb
 590 0018 3E       		.uleb128 0x3e
 591 0019 0B       		.uleb128 0xb
 592 001a 03       		.uleb128 0x3
 593 001b 08       		.uleb128 0x8
 594 001c 00       		.byte	0
 595 001d 00       		.byte	0
 596 001e 03       		.uleb128 0x3
 597 001f 16       		.uleb128 0x16
 598 0020 00       		.byte	0
 599 0021 03       		.uleb128 0x3
 600 0022 0E       		.uleb128 0xe
 601 0023 3A       		.uleb128 0x3a
 602 0024 0B       		.uleb128 0xb
 603 0025 3B       		.uleb128 0x3b
 604 0026 0B       		.uleb128 0xb
 605 0027 49       		.uleb128 0x49
 606 0028 13       		.uleb128 0x13
 607 0029 00       		.byte	0
 608 002a 00       		.byte	0
 609 002b 04       		.uleb128 0x4
 610 002c 24       		.uleb128 0x24
 611 002d 00       		.byte	0
 612 002e 0B       		.uleb128 0xb
 613 002f 0B       		.uleb128 0xb
 614 0030 3E       		.uleb128 0x3e
 615 0031 0B       		.uleb128 0xb
 616 0032 03       		.uleb128 0x3
 617 0033 0E       		.uleb128 0xe
 618 0034 00       		.byte	0
 619 0035 00       		.byte	0
 620 0036 05       		.uleb128 0x5
 621 0037 0F       		.uleb128 0xf
 622 0038 00       		.byte	0
 623 0039 0B       		.uleb128 0xb
 624 003a 0B       		.uleb128 0xb
 625 003b 00       		.byte	0
 626 003c 00       		.byte	0
 627 003d 06       		.uleb128 0x6
 628 003e 0F       		.uleb128 0xf
 629 003f 00       		.byte	0
 630 0040 0B       		.uleb128 0xb
 631 0041 0B       		.uleb128 0xb
 632 0042 49       		.uleb128 0x49
 633 0043 13       		.uleb128 0x13
 634 0044 00       		.byte	0
 635 0045 00       		.byte	0
 636 0046 07       		.uleb128 0x7
 637 0047 15       		.uleb128 0x15
ARM GAS  C:\Users\744\AppData\Local\Temp\ccsCuLpc.s 			page 17


 638 0048 00       		.byte	0
 639 0049 27       		.uleb128 0x27
 640 004a 19       		.uleb128 0x19
 641 004b 00       		.byte	0
 642 004c 00       		.byte	0
 643 004d 08       		.uleb128 0x8
 644 004e 16       		.uleb128 0x16
 645 004f 00       		.byte	0
 646 0050 03       		.uleb128 0x3
 647 0051 0E       		.uleb128 0xe
 648 0052 3A       		.uleb128 0x3a
 649 0053 0B       		.uleb128 0xb
 650 0054 3B       		.uleb128 0x3b
 651 0055 05       		.uleb128 0x5
 652 0056 49       		.uleb128 0x49
 653 0057 13       		.uleb128 0x13
 654 0058 00       		.byte	0
 655 0059 00       		.byte	0
 656 005a 09       		.uleb128 0x9
 657 005b 35       		.uleb128 0x35
 658 005c 00       		.byte	0
 659 005d 49       		.uleb128 0x49
 660 005e 13       		.uleb128 0x13
 661 005f 00       		.byte	0
 662 0060 00       		.byte	0
 663 0061 0A       		.uleb128 0xa
 664 0062 2E       		.uleb128 0x2e
 665 0063 01       		.byte	0x1
 666 0064 03       		.uleb128 0x3
 667 0065 0E       		.uleb128 0xe
 668 0066 3A       		.uleb128 0x3a
 669 0067 0B       		.uleb128 0xb
 670 0068 3B       		.uleb128 0x3b
 671 0069 0B       		.uleb128 0xb
 672 006a 27       		.uleb128 0x27
 673 006b 19       		.uleb128 0x19
 674 006c 11       		.uleb128 0x11
 675 006d 01       		.uleb128 0x1
 676 006e 12       		.uleb128 0x12
 677 006f 06       		.uleb128 0x6
 678 0070 40       		.uleb128 0x40
 679 0071 18       		.uleb128 0x18
 680 0072 9742     		.uleb128 0x2117
 681 0074 19       		.uleb128 0x19
 682 0075 01       		.uleb128 0x1
 683 0076 13       		.uleb128 0x13
 684 0077 00       		.byte	0
 685 0078 00       		.byte	0
 686 0079 0B       		.uleb128 0xb
 687 007a 05       		.uleb128 0x5
 688 007b 00       		.byte	0
 689 007c 03       		.uleb128 0x3
 690 007d 08       		.uleb128 0x8
 691 007e 3A       		.uleb128 0x3a
 692 007f 0B       		.uleb128 0xb
 693 0080 3B       		.uleb128 0x3b
 694 0081 0B       		.uleb128 0xb
ARM GAS  C:\Users\744\AppData\Local\Temp\ccsCuLpc.s 			page 18


 695 0082 49       		.uleb128 0x49
 696 0083 13       		.uleb128 0x13
 697 0084 02       		.uleb128 0x2
 698 0085 17       		.uleb128 0x17
 699 0086 00       		.byte	0
 700 0087 00       		.byte	0
 701 0088 0C       		.uleb128 0xc
 702 0089 898201   		.uleb128 0x4109
 703 008c 01       		.byte	0x1
 704 008d 11       		.uleb128 0x11
 705 008e 01       		.uleb128 0x1
 706 008f 31       		.uleb128 0x31
 707 0090 13       		.uleb128 0x13
 708 0091 00       		.byte	0
 709 0092 00       		.byte	0
 710 0093 0D       		.uleb128 0xd
 711 0094 8A8201   		.uleb128 0x410a
 712 0097 00       		.byte	0
 713 0098 02       		.uleb128 0x2
 714 0099 18       		.uleb128 0x18
 715 009a 9142     		.uleb128 0x2111
 716 009c 18       		.uleb128 0x18
 717 009d 00       		.byte	0
 718 009e 00       		.byte	0
 719 009f 0E       		.uleb128 0xe
 720 00a0 898201   		.uleb128 0x4109
 721 00a3 01       		.byte	0x1
 722 00a4 11       		.uleb128 0x11
 723 00a5 01       		.uleb128 0x1
 724 00a6 31       		.uleb128 0x31
 725 00a7 13       		.uleb128 0x13
 726 00a8 01       		.uleb128 0x1
 727 00a9 13       		.uleb128 0x13
 728 00aa 00       		.byte	0
 729 00ab 00       		.byte	0
 730 00ac 0F       		.uleb128 0xf
 731 00ad 2E       		.uleb128 0x2e
 732 00ae 01       		.byte	0x1
 733 00af 3F       		.uleb128 0x3f
 734 00b0 19       		.uleb128 0x19
 735 00b1 03       		.uleb128 0x3
 736 00b2 0E       		.uleb128 0xe
 737 00b3 3A       		.uleb128 0x3a
 738 00b4 0B       		.uleb128 0xb
 739 00b5 3B       		.uleb128 0x3b
 740 00b6 0B       		.uleb128 0xb
 741 00b7 27       		.uleb128 0x27
 742 00b8 19       		.uleb128 0x19
 743 00b9 11       		.uleb128 0x11
 744 00ba 01       		.uleb128 0x1
 745 00bb 12       		.uleb128 0x12
 746 00bc 06       		.uleb128 0x6
 747 00bd 40       		.uleb128 0x40
 748 00be 18       		.uleb128 0x18
 749 00bf 9742     		.uleb128 0x2117
 750 00c1 19       		.uleb128 0x19
 751 00c2 01       		.uleb128 0x1
ARM GAS  C:\Users\744\AppData\Local\Temp\ccsCuLpc.s 			page 19


 752 00c3 13       		.uleb128 0x13
 753 00c4 00       		.byte	0
 754 00c5 00       		.byte	0
 755 00c6 10       		.uleb128 0x10
 756 00c7 0B       		.uleb128 0xb
 757 00c8 01       		.byte	0x1
 758 00c9 11       		.uleb128 0x11
 759 00ca 01       		.uleb128 0x1
 760 00cb 12       		.uleb128 0x12
 761 00cc 06       		.uleb128 0x6
 762 00cd 01       		.uleb128 0x1
 763 00ce 13       		.uleb128 0x13
 764 00cf 00       		.byte	0
 765 00d0 00       		.byte	0
 766 00d1 11       		.uleb128 0x11
 767 00d2 13       		.uleb128 0x13
 768 00d3 01       		.byte	0x1
 769 00d4 0B       		.uleb128 0xb
 770 00d5 0B       		.uleb128 0xb
 771 00d6 3A       		.uleb128 0x3a
 772 00d7 0B       		.uleb128 0xb
 773 00d8 3B       		.uleb128 0x3b
 774 00d9 0B       		.uleb128 0xb
 775 00da 01       		.uleb128 0x1
 776 00db 13       		.uleb128 0x13
 777 00dc 00       		.byte	0
 778 00dd 00       		.byte	0
 779 00de 12       		.uleb128 0x12
 780 00df 0D       		.uleb128 0xd
 781 00e0 00       		.byte	0
 782 00e1 03       		.uleb128 0x3
 783 00e2 0E       		.uleb128 0xe
 784 00e3 3A       		.uleb128 0x3a
 785 00e4 0B       		.uleb128 0xb
 786 00e5 3B       		.uleb128 0x3b
 787 00e6 0B       		.uleb128 0xb
 788 00e7 49       		.uleb128 0x49
 789 00e8 13       		.uleb128 0x13
 790 00e9 38       		.uleb128 0x38
 791 00ea 0B       		.uleb128 0xb
 792 00eb 00       		.byte	0
 793 00ec 00       		.byte	0
 794 00ed 13       		.uleb128 0x13
 795 00ee 01       		.uleb128 0x1
 796 00ef 01       		.byte	0x1
 797 00f0 49       		.uleb128 0x49
 798 00f1 13       		.uleb128 0x13
 799 00f2 01       		.uleb128 0x1
 800 00f3 13       		.uleb128 0x13
 801 00f4 00       		.byte	0
 802 00f5 00       		.byte	0
 803 00f6 14       		.uleb128 0x14
 804 00f7 21       		.uleb128 0x21
 805 00f8 00       		.byte	0
 806 00f9 49       		.uleb128 0x49
 807 00fa 13       		.uleb128 0x13
 808 00fb 2F       		.uleb128 0x2f
ARM GAS  C:\Users\744\AppData\Local\Temp\ccsCuLpc.s 			page 20


 809 00fc 0B       		.uleb128 0xb
 810 00fd 00       		.byte	0
 811 00fe 00       		.byte	0
 812 00ff 15       		.uleb128 0x15
 813 0100 34       		.uleb128 0x34
 814 0101 00       		.byte	0
 815 0102 03       		.uleb128 0x3
 816 0103 0E       		.uleb128 0xe
 817 0104 3A       		.uleb128 0x3a
 818 0105 0B       		.uleb128 0xb
 819 0106 3B       		.uleb128 0x3b
 820 0107 0B       		.uleb128 0xb
 821 0108 49       		.uleb128 0x49
 822 0109 13       		.uleb128 0x13
 823 010a 02       		.uleb128 0x2
 824 010b 18       		.uleb128 0x18
 825 010c 00       		.byte	0
 826 010d 00       		.byte	0
 827 010e 16       		.uleb128 0x16
 828 010f 26       		.uleb128 0x26
 829 0110 00       		.byte	0
 830 0111 49       		.uleb128 0x49
 831 0112 13       		.uleb128 0x13
 832 0113 00       		.byte	0
 833 0114 00       		.byte	0
 834 0115 17       		.uleb128 0x17
 835 0116 34       		.uleb128 0x34
 836 0117 00       		.byte	0
 837 0118 03       		.uleb128 0x3
 838 0119 08       		.uleb128 0x8
 839 011a 3A       		.uleb128 0x3a
 840 011b 0B       		.uleb128 0xb
 841 011c 3B       		.uleb128 0x3b
 842 011d 0B       		.uleb128 0xb
 843 011e 49       		.uleb128 0x49
 844 011f 13       		.uleb128 0x13
 845 0120 02       		.uleb128 0x2
 846 0121 17       		.uleb128 0x17
 847 0122 00       		.byte	0
 848 0123 00       		.byte	0
 849 0124 18       		.uleb128 0x18
 850 0125 0B       		.uleb128 0xb
 851 0126 01       		.byte	0x1
 852 0127 11       		.uleb128 0x11
 853 0128 01       		.uleb128 0x1
 854 0129 12       		.uleb128 0x12
 855 012a 06       		.uleb128 0x6
 856 012b 00       		.byte	0
 857 012c 00       		.byte	0
 858 012d 19       		.uleb128 0x19
 859 012e 898201   		.uleb128 0x4109
 860 0131 00       		.byte	0
 861 0132 11       		.uleb128 0x11
 862 0133 01       		.uleb128 0x1
 863 0134 31       		.uleb128 0x31
 864 0135 13       		.uleb128 0x13
 865 0136 00       		.byte	0
ARM GAS  C:\Users\744\AppData\Local\Temp\ccsCuLpc.s 			page 21


 866 0137 00       		.byte	0
 867 0138 1A       		.uleb128 0x1a
 868 0139 2E       		.uleb128 0x2e
 869 013a 01       		.byte	0x1
 870 013b 3F       		.uleb128 0x3f
 871 013c 19       		.uleb128 0x19
 872 013d 03       		.uleb128 0x3
 873 013e 0E       		.uleb128 0xe
 874 013f 27       		.uleb128 0x27
 875 0140 19       		.uleb128 0x19
 876 0141 49       		.uleb128 0x49
 877 0142 13       		.uleb128 0x13
 878 0143 34       		.uleb128 0x34
 879 0144 19       		.uleb128 0x19
 880 0145 3C       		.uleb128 0x3c
 881 0146 19       		.uleb128 0x19
 882 0147 01       		.uleb128 0x1
 883 0148 13       		.uleb128 0x13
 884 0149 00       		.byte	0
 885 014a 00       		.byte	0
 886 014b 1B       		.uleb128 0x1b
 887 014c 05       		.uleb128 0x5
 888 014d 00       		.byte	0
 889 014e 49       		.uleb128 0x49
 890 014f 13       		.uleb128 0x13
 891 0150 00       		.byte	0
 892 0151 00       		.byte	0
 893 0152 1C       		.uleb128 0x1c
 894 0153 2E       		.uleb128 0x2e
 895 0154 01       		.byte	0x1
 896 0155 3F       		.uleb128 0x3f
 897 0156 19       		.uleb128 0x19
 898 0157 03       		.uleb128 0x3
 899 0158 0E       		.uleb128 0xe
 900 0159 3A       		.uleb128 0x3a
 901 015a 0B       		.uleb128 0xb
 902 015b 3B       		.uleb128 0x3b
 903 015c 0B       		.uleb128 0xb
 904 015d 27       		.uleb128 0x27
 905 015e 19       		.uleb128 0x19
 906 015f 3C       		.uleb128 0x3c
 907 0160 19       		.uleb128 0x19
 908 0161 01       		.uleb128 0x1
 909 0162 13       		.uleb128 0x13
 910 0163 00       		.byte	0
 911 0164 00       		.byte	0
 912 0165 1D       		.uleb128 0x1d
 913 0166 2E       		.uleb128 0x2e
 914 0167 01       		.byte	0x1
 915 0168 3F       		.uleb128 0x3f
 916 0169 19       		.uleb128 0x19
 917 016a 03       		.uleb128 0x3
 918 016b 0E       		.uleb128 0xe
 919 016c 3A       		.uleb128 0x3a
 920 016d 0B       		.uleb128 0xb
 921 016e 3B       		.uleb128 0x3b
 922 016f 0B       		.uleb128 0xb
ARM GAS  C:\Users\744\AppData\Local\Temp\ccsCuLpc.s 			page 22


 923 0170 27       		.uleb128 0x27
 924 0171 19       		.uleb128 0x19
 925 0172 49       		.uleb128 0x49
 926 0173 13       		.uleb128 0x13
 927 0174 3C       		.uleb128 0x3c
 928 0175 19       		.uleb128 0x19
 929 0176 01       		.uleb128 0x1
 930 0177 13       		.uleb128 0x13
 931 0178 00       		.byte	0
 932 0179 00       		.byte	0
 933 017a 1E       		.uleb128 0x1e
 934 017b 2E       		.uleb128 0x2e
 935 017c 01       		.byte	0x1
 936 017d 3F       		.uleb128 0x3f
 937 017e 19       		.uleb128 0x19
 938 017f 03       		.uleb128 0x3
 939 0180 0E       		.uleb128 0xe
 940 0181 3A       		.uleb128 0x3a
 941 0182 0B       		.uleb128 0xb
 942 0183 3B       		.uleb128 0x3b
 943 0184 0B       		.uleb128 0xb
 944 0185 27       		.uleb128 0x27
 945 0186 19       		.uleb128 0x19
 946 0187 3C       		.uleb128 0x3c
 947 0188 19       		.uleb128 0x19
 948 0189 00       		.byte	0
 949 018a 00       		.byte	0
 950 018b 00       		.byte	0
 951              		.section	.debug_loc,"",%progbits
 952              	.Ldebug_loc0:
 953              	.LLST0:
 954 0000 00000000 		.4byte	.LVL0
 955 0004 09000000 		.4byte	.LVL2-1
 956 0008 0100     		.2byte	0x1
 957 000a 50       		.byte	0x50
 958 000b 09000000 		.4byte	.LVL2-1
 959 000f 0C000000 		.4byte	.LFE0
 960 0013 0400     		.2byte	0x4
 961 0015 F3       		.byte	0xf3
 962 0016 01       		.uleb128 0x1
 963 0017 50       		.byte	0x50
 964 0018 9F       		.byte	0x9f
 965 0019 00000000 		.4byte	0
 966 001d 00000000 		.4byte	0
 967              	.LLST1:
 968 0021 00000000 		.4byte	.LVL0
 969 0025 06000000 		.4byte	.LVL1
 970 0029 0100     		.2byte	0x1
 971 002b 51       		.byte	0x51
 972 002c 06000000 		.4byte	.LVL1
 973 0030 09000000 		.4byte	.LVL2-1
 974 0034 0100     		.2byte	0x1
 975 0036 52       		.byte	0x52
 976 0037 09000000 		.4byte	.LVL2-1
 977 003b 0C000000 		.4byte	.LFE0
 978 003f 0400     		.2byte	0x4
 979 0041 F3       		.byte	0xf3
ARM GAS  C:\Users\744\AppData\Local\Temp\ccsCuLpc.s 			page 23


 980 0042 01       		.uleb128 0x1
 981 0043 51       		.byte	0x51
 982 0044 9F       		.byte	0x9f
 983 0045 00000000 		.4byte	0
 984 0049 00000000 		.4byte	0
 985              	.LLST2:
 986 004d 60000000 		.4byte	.LVL6
 987 0051 64000000 		.4byte	.LVL7
 988 0055 0200     		.2byte	0x2
 989 0057 30       		.byte	0x30
 990 0058 9F       		.byte	0x9f
 991 0059 64000000 		.4byte	.LVL7
 992 005d 84000000 		.4byte	.LVL9
 993 0061 0100     		.2byte	0x1
 994 0063 54       		.byte	0x54
 995 0064 86000000 		.4byte	.LVL10
 996 0068 D0000000 		.4byte	.LVL12
 997 006c 0100     		.2byte	0x1
 998 006e 54       		.byte	0x54
 999 006f 00000000 		.4byte	0
 1000 0073 00000000 		.4byte	0
 1001              	.LLST3:
 1002 0077 64000000 		.4byte	.LVL7
 1003 007b 84000000 		.4byte	.LVL9
 1004 007f 0B00     		.2byte	0xb
 1005 0081 74       		.byte	0x74
 1006 0082 00       		.sleb128 0
 1007 0083 36       		.byte	0x36
 1008 0084 1E       		.byte	0x1e
 1009 0085 03       		.byte	0x3
 1010 0086 00000000 		.4byte	cfg_memset_list.4716
 1011 008a 22       		.byte	0x22
 1012 008b 9F       		.byte	0x9f
 1013 008c 84000000 		.4byte	.LVL9
 1014 0090 86000000 		.4byte	.LVL10
 1015 0094 0B00     		.2byte	0xb
 1016 0096 74       		.byte	0x74
 1017 0097 7F       		.sleb128 -1
 1018 0098 36       		.byte	0x36
 1019 0099 1E       		.byte	0x1e
 1020 009a 03       		.byte	0x3
 1021 009b 00000000 		.4byte	cfg_memset_list.4716
 1022 009f 22       		.byte	0x22
 1023 00a0 9F       		.byte	0x9f
 1024 00a1 00000000 		.4byte	0
 1025 00a5 00000000 		.4byte	0
 1026              		.section	.debug_aranges,"",%progbits
 1027 0000 2C000000 		.4byte	0x2c
 1028 0004 0200     		.2byte	0x2
 1029 0006 00000000 		.4byte	.Ldebug_info0
 1030 000a 04       		.byte	0x4
 1031 000b 00       		.byte	0
 1032 000c 0000     		.2byte	0
 1033 000e 0000     		.2byte	0
 1034 0010 00000000 		.4byte	.LFB0
 1035 0014 0C000000 		.4byte	.LFE0-.LFB0
 1036 0018 00000000 		.4byte	.LFB3
ARM GAS  C:\Users\744\AppData\Local\Temp\ccsCuLpc.s 			page 24


 1037 001c 5C000000 		.4byte	.LFE3-.LFB3
 1038 0020 5C000000 		.4byte	.LFB5
 1039 0024 9C000000 		.4byte	.LFE5-.LFB5
 1040 0028 00000000 		.4byte	0
 1041 002c 00000000 		.4byte	0
 1042              		.section	.debug_ranges,"",%progbits
 1043              	.Ldebug_ranges0:
 1044 0000 00000000 		.4byte	.LFB0
 1045 0004 0C000000 		.4byte	.LFE0
 1046 0008 00000000 		.4byte	.LFB3
 1047 000c 5C000000 		.4byte	.LFE3
 1048 0010 5C000000 		.4byte	.LFB5
 1049 0014 F8000000 		.4byte	.LFE5
 1050 0018 00000000 		.4byte	0
 1051 001c 00000000 		.4byte	0
 1052              		.section	.debug_line,"",%progbits
 1053              	.Ldebug_line0:
 1054 0000 2B010000 		.section	.debug_str,"MS",%progbits,1
 1054      0200D800 
 1054      00000201 
 1054      FB0E0D00 
 1054      01010101 
 1055              	.LASF18:
 1056 0000 72656733 		.ascii	"reg32\000"
 1056      3200
 1057              	.LASF11:
 1058 0006 73697A65 		.ascii	"size_t\000"
 1058      5F7400
 1059              	.LASF32:
 1060 000d 4379496E 		.ascii	"CyIntSetVector\000"
 1060      74536574 
 1060      56656374 
 1060      6F7200
 1061              	.LASF25:
 1062 001c 6366675F 		.ascii	"cfg_memset_list\000"
 1062      6D656D73 
 1062      65745F6C 
 1062      69737400 
 1063              	.LASF21:
 1064 002c 436C6F63 		.ascii	"ClockSetup\000"
 1064      6B536574 
 1064      757000
 1065              	.LASF4:
 1066 0037 73686F72 		.ascii	"short unsigned int\000"
 1066      7420756E 
 1066      7369676E 
 1066      65642069 
 1066      6E7400
 1067              	.LASF15:
 1068 004a 666C6F61 		.ascii	"float\000"
 1068      7400
 1069              	.LASF23:
 1070 0050 73697A65 		.ascii	"size\000"
 1070      00
 1071              	.LASF17:
 1072 0055 72656738 		.ascii	"reg8\000"
 1072      00
ARM GAS  C:\Users\744\AppData\Local\Temp\ccsCuLpc.s 			page 25


 1073              	.LASF6:
 1074 005a 6C6F6E67 		.ascii	"long unsigned int\000"
 1074      20756E73 
 1074      69676E65 
 1074      6420696E 
 1074      7400
 1075              	.LASF12:
 1076 006c 75696E74 		.ascii	"uint8\000"
 1076      3800
 1077              	.LASF20:
 1078 0072 43594D45 		.ascii	"CYMEMZERO\000"
 1078      4D5A4552 
 1078      4F00
 1079              	.LASF2:
 1080 007c 756E7369 		.ascii	"unsigned char\000"
 1080      676E6564 
 1080      20636861 
 1080      7200
 1081              	.LASF26:
 1082 008a 6D656D73 		.ascii	"memset\000"
 1082      657400
 1083              	.LASF16:
 1084 0091 646F7562 		.ascii	"double\000"
 1084      6C6500
 1085              	.LASF33:
 1086 0098 4379496E 		.ascii	"CyIntEnable\000"
 1086      74456E61 
 1086      626C6500 
 1087              	.LASF13:
 1088 00a4 75696E74 		.ascii	"uint16\000"
 1088      313600
 1089              	.LASF14:
 1090 00ab 75696E74 		.ascii	"uint32\000"
 1090      333200
 1091              	.LASF0:
 1092 00b2 756E7369 		.ascii	"unsigned int\000"
 1092      676E6564 
 1092      20696E74 
 1092      00
 1093              	.LASF31:
 1094 00bf 63796669 		.ascii	"cyfitter_cfg\000"
 1094      74746572 
 1094      5F636667 
 1094      00
 1095              	.LASF22:
 1096 00cc 61646472 		.ascii	"address\000"
 1096      65737300 
 1097              	.LASF8:
 1098 00d4 6C6F6E67 		.ascii	"long long unsigned int\000"
 1098      206C6F6E 
 1098      6720756E 
 1098      7369676E 
 1098      65642069 
 1099              	.LASF30:
 1100 00eb 453A5C37 		.ascii	"E:\\744\\Education\\Git\\PSoC4_Projects\\Diploma_sk"
 1100      34345C45 
 1100      64756361 
ARM GAS  C:\Users\744\AppData\Local\Temp\ccsCuLpc.s 			page 26


 1100      74696F6E 
 1100      5C476974 
 1101 0119 65746368 		.ascii	"etch\\LCD_stage_1.cydsn\000"
 1101      5C4C4344 
 1101      5F737461 
 1101      67655F31 
 1101      2E637964 
 1102              	.LASF19:
 1103 0130 63796973 		.ascii	"cyisraddress\000"
 1103      72616464 
 1103      72657373 
 1103      00
 1104              	.LASF24:
 1105 013d 6366675F 		.ascii	"cfg_memset_t\000"
 1105      6D656D73 
 1105      65745F74 
 1105      00
 1106              	.LASF29:
 1107 014a 2E5C4765 		.ascii	".\\Generated_Source\\PSoC4\\cyfitter_cfg.c\000"
 1107      6E657261 
 1107      7465645F 
 1107      536F7572 
 1107      63655C50 
 1108              	.LASF9:
 1109 0172 73697A65 		.ascii	"sizetype\000"
 1109      74797065 
 1109      00
 1110              	.LASF7:
 1111 017b 6C6F6E67 		.ascii	"long long int\000"
 1111      206C6F6E 
 1111      6720696E 
 1111      7400
 1112              	.LASF10:
 1113 0189 63686172 		.ascii	"char\000"
 1113      00
 1114              	.LASF28:
 1115 018e 474E5520 		.ascii	"GNU C 4.9.3 20150303 (release) [ARM/embedded-4_9-br"
 1115      4320342E 
 1115      392E3320 
 1115      32303135 
 1115      30333033 
 1116 01c1 616E6368 		.ascii	"anch revision 221220] -mcpu=cortex-m0 -mthumb -g -O"
 1116      20726576 
 1116      6973696F 
 1116      6E203232 
 1116      31323230 
 1117 01f4 67202D66 		.ascii	"g -ffunction-sections -ffat-lto-objects\000"
 1117      66756E63 
 1117      74696F6E 
 1117      2D736563 
 1117      74696F6E 
 1118              	.LASF3:
 1119 021c 73686F72 		.ascii	"short int\000"
 1119      7420696E 
 1119      7400
 1120              	.LASF27:
 1121 0226 43795379 		.ascii	"CySysClkWriteImoFreq\000"
ARM GAS  C:\Users\744\AppData\Local\Temp\ccsCuLpc.s 			page 27


 1121      73436C6B 
 1121      57726974 
 1121      65496D6F 
 1121      46726571 
 1122              	.LASF5:
 1123 023b 6C6F6E67 		.ascii	"long int\000"
 1123      20696E74 
 1123      00
 1124              	.LASF1:
 1125 0244 7369676E 		.ascii	"signed char\000"
 1125      65642063 
 1125      68617200 
 1126              		.ident	"GCC: (GNU Tools for ARM Embedded Processors) 4.9.3 20150303 (release) [ARM/embedded-4_9-br
