ARM GAS  C:\Users\744\AppData\Local\Temp\ccvdWTo3.s 			page 1


   1              		.cpu cortex-m0
   2              		.fpu softvfp
   3              		.eabi_attribute 20, 1
   4              		.eabi_attribute 21, 1
   5              		.eabi_attribute 23, 3
   6              		.eabi_attribute 24, 1
   7              		.eabi_attribute 25, 1
   8              		.eabi_attribute 26, 1
   9              		.eabi_attribute 30, 1
  10              		.eabi_attribute 34, 0
  11              		.eabi_attribute 18, 4
  12              		.code	16
  13              		.file	"cyPm.c"
  14              		.text
  15              	.Ltext0:
  16              		.cfi_sections	.debug_frame
  17              		.section	.text.CySysPmSleep,"ax",%progbits
  18              		.align	2
  19              		.global	CySysPmSleep
  20              		.code	16
  21              		.thumb_func
  22              		.type	CySysPmSleep, %function
  23              	CySysPmSleep:
  24              	.LFB0:
  25              		.file 1 ".\\Generated_Source\\PSoC4\\cyPm.c"
   1:.\Generated_Source\PSoC4/cyPm.c **** /*******************************************************************************
   2:.\Generated_Source\PSoC4/cyPm.c **** * File Name: cyPm.c
   3:.\Generated_Source\PSoC4/cyPm.c **** * Version 5.30
   4:.\Generated_Source\PSoC4/cyPm.c **** *
   5:.\Generated_Source\PSoC4/cyPm.c **** *  Description:
   6:.\Generated_Source\PSoC4/cyPm.c **** *   Provides an API for the power management.
   7:.\Generated_Source\PSoC4/cyPm.c **** *
   8:.\Generated_Source\PSoC4/cyPm.c **** *  Note:
   9:.\Generated_Source\PSoC4/cyPm.c **** *   Documentation of the API's in this file is located in the
  10:.\Generated_Source\PSoC4/cyPm.c **** *   System Reference Guide provided with PSoC Creator.
  11:.\Generated_Source\PSoC4/cyPm.c **** *
  12:.\Generated_Source\PSoC4/cyPm.c **** ********************************************************************************
  13:.\Generated_Source\PSoC4/cyPm.c **** * Copyright 2011-2015, Cypress Semiconductor Corporation.  All rights reserved.
  14:.\Generated_Source\PSoC4/cyPm.c **** * You may use this file only in accordance with the license, terms, conditions,
  15:.\Generated_Source\PSoC4/cyPm.c **** * disclaimers, and limitations in the end user license agreement accompanying
  16:.\Generated_Source\PSoC4/cyPm.c **** * the software package with which this file was provided.
  17:.\Generated_Source\PSoC4/cyPm.c **** *******************************************************************************/
  18:.\Generated_Source\PSoC4/cyPm.c **** 
  19:.\Generated_Source\PSoC4/cyPm.c **** #include "cyPm.h"
  20:.\Generated_Source\PSoC4/cyPm.c **** #include "CyLib.h"
  21:.\Generated_Source\PSoC4/cyPm.c **** 
  22:.\Generated_Source\PSoC4/cyPm.c **** 
  23:.\Generated_Source\PSoC4/cyPm.c **** /*******************************************************************************
  24:.\Generated_Source\PSoC4/cyPm.c **** * Function Name: CySysPmSleep
  25:.\Generated_Source\PSoC4/cyPm.c **** ********************************************************************************
  26:.\Generated_Source\PSoC4/cyPm.c **** *
  27:.\Generated_Source\PSoC4/cyPm.c **** * Summary:
  28:.\Generated_Source\PSoC4/cyPm.c **** *  Puts the part into the Sleep state. This is a CPU-centric power mode.
  29:.\Generated_Source\PSoC4/cyPm.c **** *  It means that the CPU has indicated that it is in the sleep mode and
  30:.\Generated_Source\PSoC4/cyPm.c **** *  its main clock can be removed. It is identical to Active from a peripheral
  31:.\Generated_Source\PSoC4/cyPm.c **** *  point of view. Any enabled interrupts can cause wakeup from the  Sleep mode.
  32:.\Generated_Source\PSoC4/cyPm.c **** *
ARM GAS  C:\Users\744\AppData\Local\Temp\ccvdWTo3.s 			page 2


  33:.\Generated_Source\PSoC4/cyPm.c **** * Parameters:
  34:.\Generated_Source\PSoC4/cyPm.c **** *  None
  35:.\Generated_Source\PSoC4/cyPm.c **** *
  36:.\Generated_Source\PSoC4/cyPm.c **** * Return:
  37:.\Generated_Source\PSoC4/cyPm.c **** *  None
  38:.\Generated_Source\PSoC4/cyPm.c **** *
  39:.\Generated_Source\PSoC4/cyPm.c **** *******************************************************************************/
  40:.\Generated_Source\PSoC4/cyPm.c **** void CySysPmSleep(void)
  41:.\Generated_Source\PSoC4/cyPm.c **** {
  26              		.loc 1 41 0
  27              		.cfi_startproc
  28 0000 08B5     		push	{r3, lr}
  29              		.cfi_def_cfa_offset 8
  30              		.cfi_offset 3, -8
  31              		.cfi_offset 14, -4
  42:.\Generated_Source\PSoC4/cyPm.c ****     uint8 interruptState;
  43:.\Generated_Source\PSoC4/cyPm.c **** 
  44:.\Generated_Source\PSoC4/cyPm.c ****     interruptState = CyEnterCriticalSection();
  32              		.loc 1 44 0
  33 0002 FFF7FEFF 		bl	CyEnterCriticalSection
  34              	.LVL0:
  45:.\Generated_Source\PSoC4/cyPm.c **** 
  46:.\Generated_Source\PSoC4/cyPm.c ****     /* CM0 enters Sleep mode upon execution of WFI */
  47:.\Generated_Source\PSoC4/cyPm.c ****     CY_PM_CM0_SCR_REG &= (uint32) (~CY_PM_CM0_SCR_SLEEPDEEP);
  35              		.loc 1 47 0
  36 0006 044A     		ldr	r2, .L2
  37 0008 1368     		ldr	r3, [r2]
  38 000a 0421     		mov	r1, #4
  39 000c 8B43     		bic	r3, r1
  40 000e 1360     		str	r3, [r2]
  48:.\Generated_Source\PSoC4/cyPm.c **** 
  49:.\Generated_Source\PSoC4/cyPm.c ****     /* Sleep and wait for interrupt */
  50:.\Generated_Source\PSoC4/cyPm.c ****     CY_PM_WFI;
  41              		.loc 1 50 0
  42              	@ 50 ".\Generated_Source\PSoC4\cyPm.c" 1
  43 0010 30BF     		WFI 
  44              	
  45              	@ 0 "" 2
  51:.\Generated_Source\PSoC4/cyPm.c **** 
  52:.\Generated_Source\PSoC4/cyPm.c ****     CyExitCriticalSection(interruptState);
  46              		.loc 1 52 0
  47              		.code	16
  48 0012 FFF7FEFF 		bl	CyExitCriticalSection
  49              	.LVL1:
  53:.\Generated_Source\PSoC4/cyPm.c **** }
  50              		.loc 1 53 0
  51              		@ sp needed
  52 0016 08BD     		pop	{r3, pc}
  53              	.L3:
  54              		.align	2
  55              	.L2:
  56 0018 10ED00E0 		.word	-536810224
  57              		.cfi_endproc
  58              	.LFE0:
  59              		.size	CySysPmSleep, .-CySysPmSleep
  60              		.section	.text.CySysPmDeepSleep,"ax",%progbits
  61              		.align	2
ARM GAS  C:\Users\744\AppData\Local\Temp\ccvdWTo3.s 			page 3


  62              		.global	CySysPmDeepSleep
  63              		.code	16
  64              		.thumb_func
  65              		.type	CySysPmDeepSleep, %function
  66              	CySysPmDeepSleep:
  67              	.LFB1:
  54:.\Generated_Source\PSoC4/cyPm.c **** 
  55:.\Generated_Source\PSoC4/cyPm.c **** 
  56:.\Generated_Source\PSoC4/cyPm.c **** /*******************************************************************************
  57:.\Generated_Source\PSoC4/cyPm.c **** * Function Name: CySysPmDeepSleep
  58:.\Generated_Source\PSoC4/cyPm.c **** ********************************************************************************
  59:.\Generated_Source\PSoC4/cyPm.c **** *
  60:.\Generated_Source\PSoC4/cyPm.c **** * Summary:
  61:.\Generated_Source\PSoC4/cyPm.c **** *  Puts the part into the Deep Sleep state. If the firmware attempts to enter
  62:.\Generated_Source\PSoC4/cyPm.c **** *  this mode before the system is ready (that is, when
  63:.\Generated_Source\PSoC4/cyPm.c **** *  PWR_CONTROL.LPM_READY = 0), then the device will go into the Sleep mode
  64:.\Generated_Source\PSoC4/cyPm.c **** *  instead and automatically enter the originally intended mode when the
  65:.\Generated_Source\PSoC4/cyPm.c **** *  holdoff expires.
  66:.\Generated_Source\PSoC4/cyPm.c **** *
  67:.\Generated_Source\PSoC4/cyPm.c **** *  The wakeup occurs when an interrupt is received from a DeepSleep or
  68:.\Generated_Source\PSoC4/cyPm.c **** *  Hibernate peripheral. For more details, see a corresponding
  69:.\Generated_Source\PSoC4/cyPm.c **** *  peripheral's datasheet.
  70:.\Generated_Source\PSoC4/cyPm.c **** *
  71:.\Generated_Source\PSoC4/cyPm.c **** * Parameters:
  72:.\Generated_Source\PSoC4/cyPm.c **** *  None
  73:.\Generated_Source\PSoC4/cyPm.c **** *
  74:.\Generated_Source\PSoC4/cyPm.c **** * Return:
  75:.\Generated_Source\PSoC4/cyPm.c **** *  None
  76:.\Generated_Source\PSoC4/cyPm.c **** *
  77:.\Generated_Source\PSoC4/cyPm.c **** *******************************************************************************/
  78:.\Generated_Source\PSoC4/cyPm.c **** void CySysPmDeepSleep(void)
  79:.\Generated_Source\PSoC4/cyPm.c **** {
  68              		.loc 1 79 0
  69              		.cfi_startproc
  70 0000 F0B5     		push	{r4, r5, r6, r7, lr}
  71              		.cfi_def_cfa_offset 20
  72              		.cfi_offset 4, -20
  73              		.cfi_offset 5, -16
  74              		.cfi_offset 6, -12
  75              		.cfi_offset 7, -8
  76              		.cfi_offset 14, -4
  77 0002 83B0     		sub	sp, sp, #12
  78              		.cfi_def_cfa_offset 32
  80:.\Generated_Source\PSoC4/cyPm.c ****     uint8 interruptState;
  81:.\Generated_Source\PSoC4/cyPm.c ****     #if(CY_IP_SRSSV2)
  82:.\Generated_Source\PSoC4/cyPm.c ****         volatile uint32 clkSelectReg;
  83:.\Generated_Source\PSoC4/cyPm.c ****     #endif /* (CY_IP_SRSSV2) */
  84:.\Generated_Source\PSoC4/cyPm.c **** 
  85:.\Generated_Source\PSoC4/cyPm.c ****     interruptState = CyEnterCriticalSection();
  79              		.loc 1 85 0
  80 0004 FFF7FEFF 		bl	CyEnterCriticalSection
  81              	.LVL2:
  82 0008 041C     		mov	r4, r0
  83              	.LVL3:
  86:.\Generated_Source\PSoC4/cyPm.c **** 
  87:.\Generated_Source\PSoC4/cyPm.c ****     #if(CY_IP_SRSSV2)
  88:.\Generated_Source\PSoC4/cyPm.c ****         /* Device enters DeepSleep mode when CPU asserts SLEEPDEEP signal */
ARM GAS  C:\Users\744\AppData\Local\Temp\ccvdWTo3.s 			page 4


  89:.\Generated_Source\PSoC4/cyPm.c ****         CY_PM_PWR_CONTROL_REG &= (uint32) (~CY_PM_PWR_CONTROL_HIBERNATE);
  84              		.loc 1 89 0
  85 000a 134A     		ldr	r2, .L5
  86 000c 1368     		ldr	r3, [r2]
  87 000e 5B00     		lsl	r3, r3, #1
  88 0010 5B08     		lsr	r3, r3, #1
  89 0012 1360     		str	r3, [r2]
  90:.\Generated_Source\PSoC4/cyPm.c ****     #endif /* (CY_IP_SRSSV2) */
  91:.\Generated_Source\PSoC4/cyPm.c **** 
  92:.\Generated_Source\PSoC4/cyPm.c ****     #if (CY_IP_CPUSS && CY_IP_SRSSV2)
  93:.\Generated_Source\PSoC4/cyPm.c ****         CY_PM_CPUSS_CONFIG_REG |= CY_PM_CPUSS_CONFIG_FLSH_ACC_BYPASS;
  90              		.loc 1 93 0
  91 0014 8025     		mov	r5, #128
  92 0016 ED05     		lsl	r5, r5, #23
  93 0018 2B68     		ldr	r3, [r5]
  94 001a 0226     		mov	r6, #2
  95 001c 3343     		orr	r3, r6
  96 001e 2B60     		str	r3, [r5]
  94:.\Generated_Source\PSoC4/cyPm.c ****     #endif /* (CY_IP_CPUSS && CY_IP_SRSSV2) */
  95:.\Generated_Source\PSoC4/cyPm.c **** 
  96:.\Generated_Source\PSoC4/cyPm.c ****     /* Adjust delay to wait for references to settle on wakeup from Deep Sleep */
  97:.\Generated_Source\PSoC4/cyPm.c ****     CY_PM_PWR_KEY_DELAY_REG = CY_SFLASH_DPSLP_KEY_DELAY_REG;
  97              		.loc 1 97 0
  98 0020 0E4B     		ldr	r3, .L5+4
  99 0022 1B88     		ldrh	r3, [r3]
 100 0024 9BB2     		uxth	r3, r3
 101 0026 0E4A     		ldr	r2, .L5+8
 102 0028 1360     		str	r3, [r2]
  98:.\Generated_Source\PSoC4/cyPm.c **** 
  99:.\Generated_Source\PSoC4/cyPm.c ****     /* CM0 enters DeepSleep/Hibernate mode upon execution of WFI */
 100:.\Generated_Source\PSoC4/cyPm.c ****     CY_PM_CM0_SCR_REG |= CY_PM_CM0_SCR_SLEEPDEEP;
 103              		.loc 1 100 0
 104 002a 0E4A     		ldr	r2, .L5+12
 105 002c 1168     		ldr	r1, [r2]
 106 002e 0423     		mov	r3, #4
 107 0030 0B43     		orr	r3, r1
 108 0032 1360     		str	r3, [r2]
 101:.\Generated_Source\PSoC4/cyPm.c **** 
 102:.\Generated_Source\PSoC4/cyPm.c ****     #if(CY_IP_SRSSV2)
 103:.\Generated_Source\PSoC4/cyPm.c ****         /* Preserve system clock configuration and
 104:.\Generated_Source\PSoC4/cyPm.c ****         * reduce sysclk to <=12 MHz (Cypress ID #158710, #179888).
 105:.\Generated_Source\PSoC4/cyPm.c ****         */
 106:.\Generated_Source\PSoC4/cyPm.c ****         clkSelectReg = CY_SYS_CLK_SELECT_REG;
 109              		.loc 1 106 0
 110 0034 0C4F     		ldr	r7, .L5+16
 111 0036 3B68     		ldr	r3, [r7]
 112 0038 0193     		str	r3, [sp, #4]
 107:.\Generated_Source\PSoC4/cyPm.c ****         CySysClkWriteSysclkDiv(CY_SYS_CLK_SYSCLK_DIV4);
 113              		.loc 1 107 0
 114 003a 0220     		mov	r0, #2
 115 003c FFF7FEFF 		bl	CySysClkWriteSysclkDiv
 116              	.LVL4:
 108:.\Generated_Source\PSoC4/cyPm.c ****     #endif /* (CY_IP_SRSSV2) */
 109:.\Generated_Source\PSoC4/cyPm.c **** 
 110:.\Generated_Source\PSoC4/cyPm.c ****     /* Sleep and wait for interrupt */
 111:.\Generated_Source\PSoC4/cyPm.c ****     CY_PM_WFI;
 117              		.loc 1 111 0
ARM GAS  C:\Users\744\AppData\Local\Temp\ccvdWTo3.s 			page 5


 118              	@ 111 ".\Generated_Source\PSoC4\cyPm.c" 1
 119 0040 30BF     		WFI 
 120              	
 121              	@ 0 "" 2
 112:.\Generated_Source\PSoC4/cyPm.c **** 
 113:.\Generated_Source\PSoC4/cyPm.c ****     #if(CY_IP_SRSSV2)
 114:.\Generated_Source\PSoC4/cyPm.c ****         /* Restore system clock configuration */
 115:.\Generated_Source\PSoC4/cyPm.c ****         CY_SYS_CLK_SELECT_REG = clkSelectReg;
 122              		.loc 1 115 0
 123              		.code	16
 124 0042 019B     		ldr	r3, [sp, #4]
 125 0044 3B60     		str	r3, [r7]
 116:.\Generated_Source\PSoC4/cyPm.c ****     #endif /* (CY_IP_SRSSV2) */
 117:.\Generated_Source\PSoC4/cyPm.c **** 
 118:.\Generated_Source\PSoC4/cyPm.c ****     #if (CY_IP_CPUSS && CY_IP_SRSSV2)
 119:.\Generated_Source\PSoC4/cyPm.c ****         CY_PM_CPUSS_CONFIG_REG &= (uint32) (~CY_PM_CPUSS_CONFIG_FLSH_ACC_BYPASS);
 126              		.loc 1 119 0
 127 0046 2B68     		ldr	r3, [r5]
 128 0048 B343     		bic	r3, r6
 129 004a 2B60     		str	r3, [r5]
 120:.\Generated_Source\PSoC4/cyPm.c ****     #endif /* (CY_IP_CPUSS && CY_IP_SRSSV2) */
 121:.\Generated_Source\PSoC4/cyPm.c **** 
 122:.\Generated_Source\PSoC4/cyPm.c ****     CyExitCriticalSection(interruptState);
 130              		.loc 1 122 0
 131 004c 201C     		mov	r0, r4
 132 004e FFF7FEFF 		bl	CyExitCriticalSection
 133              	.LVL5:
 123:.\Generated_Source\PSoC4/cyPm.c **** }
 134              		.loc 1 123 0
 135 0052 03B0     		add	sp, sp, #12
 136              		@ sp needed
 137              	.LVL6:
 138 0054 F0BD     		pop	{r4, r5, r6, r7, pc}
 139              	.L6:
 140 0056 C046     		.align	2
 141              	.L5:
 142 0058 00000B40 		.word	1074462720
 143 005c 52F1FF0F 		.word	268431698
 144 0060 0C000B40 		.word	1074462732
 145 0064 10ED00E0 		.word	-536810224
 146 0068 00010B40 		.word	1074462976
 147              		.cfi_endproc
 148              	.LFE1:
 149              		.size	CySysPmDeepSleep, .-CySysPmDeepSleep
 150              		.section	.text.CySysPmHibernate,"ax",%progbits
 151              		.align	2
 152              		.global	CySysPmHibernate
 153              		.code	16
 154              		.thumb_func
 155              		.type	CySysPmHibernate, %function
 156              	CySysPmHibernate:
 157              	.LFB2:
 124:.\Generated_Source\PSoC4/cyPm.c **** 
 125:.\Generated_Source\PSoC4/cyPm.c **** 
 126:.\Generated_Source\PSoC4/cyPm.c **** #if(CY_IP_SRSSV2)
 127:.\Generated_Source\PSoC4/cyPm.c **** 
 128:.\Generated_Source\PSoC4/cyPm.c ****     /*******************************************************************************
ARM GAS  C:\Users\744\AppData\Local\Temp\ccvdWTo3.s 			page 6


 129:.\Generated_Source\PSoC4/cyPm.c ****     * Function Name: CySysPmHibernate
 130:.\Generated_Source\PSoC4/cyPm.c ****     ********************************************************************************
 131:.\Generated_Source\PSoC4/cyPm.c ****     *
 132:.\Generated_Source\PSoC4/cyPm.c ****     * Summary:
 133:.\Generated_Source\PSoC4/cyPm.c ****     *  Puts the part into the Hibernate state. Only SRAM and UDBs are retained;
 134:.\Generated_Source\PSoC4/cyPm.c ****     *  most internal supplies are off. Wakeup is possible from a pin or a hibernate
 135:.\Generated_Source\PSoC4/cyPm.c ****     *  comparator only.
 136:.\Generated_Source\PSoC4/cyPm.c ****     *
 137:.\Generated_Source\PSoC4/cyPm.c ****     *  It is expected that the firmware has already frozen the IO-Cells using
 138:.\Generated_Source\PSoC4/cyPm.c ****     *  CySysPmFreezeIo() function before the call to this function. If this is
 139:.\Generated_Source\PSoC4/cyPm.c ****     *  omitted, the IO-cells will be frozen in the same way as they are
 140:.\Generated_Source\PSoC4/cyPm.c ****     *  in the Active to Deep Sleep transition, but will lose their state on wake up
 141:.\Generated_Source\PSoC4/cyPm.c ****     *  (because of the reset occurring at that time).
 142:.\Generated_Source\PSoC4/cyPm.c ****     *
 143:.\Generated_Source\PSoC4/cyPm.c ****     *  Because all the CPU state is lost, the CPU will start up at the reset vector.
 144:.\Generated_Source\PSoC4/cyPm.c ****     *  To save the firmware state through the Hibernate low power mode, a
 145:.\Generated_Source\PSoC4/cyPm.c ****     *  corresponding variable should be defined with CY_NOINIT attribute. It
 146:.\Generated_Source\PSoC4/cyPm.c ****     *  prevents data from being initialized to zero on startup. The interrupt
 147:.\Generated_Source\PSoC4/cyPm.c ****     *  cause of the hibernate peripheral is retained, such that it can be either
 148:.\Generated_Source\PSoC4/cyPm.c ****     *  read by the firmware or cause an interrupt after the firmware has booted and
 149:.\Generated_Source\PSoC4/cyPm.c ****     *  enabled the corresponding interrupt. To distinguish the wakeup from
 150:.\Generated_Source\PSoC4/cyPm.c ****     *  the Hibernate mode and the general Reset event, the CySysPmGetResetReason()
 151:.\Generated_Source\PSoC4/cyPm.c ****     *  function could be used.
 152:.\Generated_Source\PSoC4/cyPm.c ****     *
 153:.\Generated_Source\PSoC4/cyPm.c ****     * Parameters:
 154:.\Generated_Source\PSoC4/cyPm.c ****     *  None
 155:.\Generated_Source\PSoC4/cyPm.c ****     *
 156:.\Generated_Source\PSoC4/cyPm.c ****     * Return:
 157:.\Generated_Source\PSoC4/cyPm.c ****     *  None
 158:.\Generated_Source\PSoC4/cyPm.c ****     *
 159:.\Generated_Source\PSoC4/cyPm.c ****     *******************************************************************************/
 160:.\Generated_Source\PSoC4/cyPm.c ****     void CySysPmHibernate(void)
 161:.\Generated_Source\PSoC4/cyPm.c ****     {
 158              		.loc 1 161 0
 159              		.cfi_startproc
 160 0000 08B5     		push	{r3, lr}
 161              		.cfi_def_cfa_offset 8
 162              		.cfi_offset 3, -8
 163              		.cfi_offset 14, -4
 162:.\Generated_Source\PSoC4/cyPm.c ****         uint8 interruptState;
 163:.\Generated_Source\PSoC4/cyPm.c **** 
 164:.\Generated_Source\PSoC4/cyPm.c ****         interruptState = CyEnterCriticalSection();
 164              		.loc 1 164 0
 165 0002 FFF7FEFF 		bl	CyEnterCriticalSection
 166              	.LVL7:
 165:.\Generated_Source\PSoC4/cyPm.c **** 
 166:.\Generated_Source\PSoC4/cyPm.c ****         #if (CY_IP_HOBTO_DEVICE)
 167:.\Generated_Source\PSoC4/cyPm.c ****             /* Disable input buffers for all ports */
 168:.\Generated_Source\PSoC4/cyPm.c ****             CySysPmHibPinsDisableInputBuf();
 169:.\Generated_Source\PSoC4/cyPm.c ****         #endif /* (CY_IP_HOBTO_DEVICE) */
 170:.\Generated_Source\PSoC4/cyPm.c **** 
 171:.\Generated_Source\PSoC4/cyPm.c ****         /* Device enters Hibernate mode when CPU asserts SLEEPDEEP signal */
 172:.\Generated_Source\PSoC4/cyPm.c ****         CY_PM_PWR_CONTROL_REG |= CY_PM_PWR_CONTROL_HIBERNATE;
 167              		.loc 1 172 0
 168 0006 0D4A     		ldr	r2, .L8
 169 0008 1368     		ldr	r3, [r2]
 170 000a 8021     		mov	r1, #128
ARM GAS  C:\Users\744\AppData\Local\Temp\ccvdWTo3.s 			page 7


 171 000c 0906     		lsl	r1, r1, #24
 172 000e 0B43     		orr	r3, r1
 173 0010 1360     		str	r3, [r2]
 173:.\Generated_Source\PSoC4/cyPm.c **** 
 174:.\Generated_Source\PSoC4/cyPm.c ****         /* Adjust delay to wait for references to settle on wakeup from hibernate */
 175:.\Generated_Source\PSoC4/cyPm.c ****         CY_PM_PWR_KEY_DELAY_REG = CY_SFLASH_HIB_KEY_DELAY_REG;
 174              		.loc 1 175 0
 175 0012 0B4B     		ldr	r3, .L8+4
 176 0014 1B88     		ldrh	r3, [r3]
 177 0016 9BB2     		uxth	r3, r3
 178 0018 0A4A     		ldr	r2, .L8+8
 179 001a 1360     		str	r3, [r2]
 176:.\Generated_Source\PSoC4/cyPm.c **** 
 177:.\Generated_Source\PSoC4/cyPm.c ****         /* CM0 enters DeepSleep/Hibernate mode upon execution of WFI */
 178:.\Generated_Source\PSoC4/cyPm.c ****         CY_PM_CM0_SCR_REG |= CY_PM_CM0_SCR_SLEEPDEEP;
 180              		.loc 1 178 0
 181 001c 0A4A     		ldr	r2, .L8+12
 182 001e 1168     		ldr	r1, [r2]
 183 0020 0423     		mov	r3, #4
 184 0022 0B43     		orr	r3, r1
 185 0024 1360     		str	r3, [r2]
 179:.\Generated_Source\PSoC4/cyPm.c **** 
 180:.\Generated_Source\PSoC4/cyPm.c ****         /* Save token that will retain through a STOP/WAKEUP sequence
 181:.\Generated_Source\PSoC4/cyPm.c ****          * thus could be used by CySysPmGetResetReason() to differentiate
 182:.\Generated_Source\PSoC4/cyPm.c ****          * WAKEUP from a general RESET event.
 183:.\Generated_Source\PSoC4/cyPm.c ****          */
 184:.\Generated_Source\PSoC4/cyPm.c ****         CY_PM_PWR_STOP_REG = (CY_PM_PWR_STOP_REG & (uint32)(~CY_PM_PWR_STOP_TOKEN_MASK)) | CY_PM_PW
 186              		.loc 1 184 0
 187 0026 0949     		ldr	r1, .L8+16
 188 0028 0B68     		ldr	r3, [r1]
 189 002a FF22     		mov	r2, #255
 190 002c 9343     		bic	r3, r2
 191 002e 0E3A     		sub	r2, r2, #14
 192 0030 1343     		orr	r3, r2
 193 0032 0B60     		str	r3, [r1]
 185:.\Generated_Source\PSoC4/cyPm.c **** 
 186:.\Generated_Source\PSoC4/cyPm.c ****         /* Sleep and wait for interrupt. Wakeup from Hibernate is performed
 187:.\Generated_Source\PSoC4/cyPm.c ****          * through RESET state, causing a normal Boot procedure to occur.
 188:.\Generated_Source\PSoC4/cyPm.c ****          * The WFI instruction doesn't put the core to sleep if its wake condition
 189:.\Generated_Source\PSoC4/cyPm.c ****          * is true when the instruction is executed.
 190:.\Generated_Source\PSoC4/cyPm.c ****          */
 191:.\Generated_Source\PSoC4/cyPm.c ****         CY_PM_WFI;
 194              		.loc 1 191 0
 195              	@ 191 ".\Generated_Source\PSoC4\cyPm.c" 1
 196 0034 30BF     		WFI 
 197              	
 198              	@ 0 "" 2
 192:.\Generated_Source\PSoC4/cyPm.c **** 
 193:.\Generated_Source\PSoC4/cyPm.c ****         CyExitCriticalSection(interruptState);
 199              		.loc 1 193 0
 200              		.code	16
 201 0036 FFF7FEFF 		bl	CyExitCriticalSection
 202              	.LVL8:
 194:.\Generated_Source\PSoC4/cyPm.c ****     }
 203              		.loc 1 194 0
 204              		@ sp needed
 205 003a 08BD     		pop	{r3, pc}
ARM GAS  C:\Users\744\AppData\Local\Temp\ccvdWTo3.s 			page 8


 206              	.L9:
 207              		.align	2
 208              	.L8:
 209 003c 00000B40 		.word	1074462720
 210 0040 50F1FF0F 		.word	268431696
 211 0044 0C000B40 		.word	1074462732
 212 0048 10ED00E0 		.word	-536810224
 213 004c 2C000B40 		.word	1074462764
 214              		.cfi_endproc
 215              	.LFE2:
 216              		.size	CySysPmHibernate, .-CySysPmHibernate
 217              		.section	.text.CySysPmSetWakeupPolarity,"ax",%progbits
 218              		.align	2
 219              		.global	CySysPmSetWakeupPolarity
 220              		.code	16
 221              		.thumb_func
 222              		.type	CySysPmSetWakeupPolarity, %function
 223              	CySysPmSetWakeupPolarity:
 224              	.LFB4:
 195:.\Generated_Source\PSoC4/cyPm.c **** 
 196:.\Generated_Source\PSoC4/cyPm.c **** 
 197:.\Generated_Source\PSoC4/cyPm.c ****     /*******************************************************************************
 198:.\Generated_Source\PSoC4/cyPm.c ****     * Function Name: CySysPmStop
 199:.\Generated_Source\PSoC4/cyPm.c ****     ********************************************************************************
 200:.\Generated_Source\PSoC4/cyPm.c ****     *
 201:.\Generated_Source\PSoC4/cyPm.c ****     * Summary:
 202:.\Generated_Source\PSoC4/cyPm.c ****     *  Puts the part into the Stop state. All internal supplies are off;
 203:.\Generated_Source\PSoC4/cyPm.c ****     *  no state is retained.
 204:.\Generated_Source\PSoC4/cyPm.c ****     *
 205:.\Generated_Source\PSoC4/cyPm.c ****     *  Wakeup from Stop is performed by toggling the wakeup pin, causing
 206:.\Generated_Source\PSoC4/cyPm.c ****     *  a normal boot procedure to occur. To configure the wakeup pin,
 207:.\Generated_Source\PSoC4/cyPm.c ****     *  the Digital Input Pin component should be placed on the schematic,
 208:.\Generated_Source\PSoC4/cyPm.c ****     *  assigned to the wakeup pin, and resistively pulled up or down to the inverse
 209:.\Generated_Source\PSoC4/cyPm.c ****     *  state of the wakeup polarity. To distinguish the wakeup from the Stop mode
 210:.\Generated_Source\PSoC4/cyPm.c ****     *  and the general Reset event, CySysPmGetResetReason() function could be used.
 211:.\Generated_Source\PSoC4/cyPm.c ****     *  The wakeup pin is active low by default. The wakeup pin polarity
 212:.\Generated_Source\PSoC4/cyPm.c ****     *  could be changed with the CySysPmSetWakeupPolarity() function.
 213:.\Generated_Source\PSoC4/cyPm.c ****     *
 214:.\Generated_Source\PSoC4/cyPm.c ****     *  This function freezes IO cells implicitly. It is not possible to enter
 215:.\Generated_Source\PSoC4/cyPm.c ****     *  the STOP mode before freezing the IO cells. The IO cells remain frozen after
 216:.\Generated_Source\PSoC4/cyPm.c ****     *  awake from the Stop mode until the firmware unfreezes them after booting
 217:.\Generated_Source\PSoC4/cyPm.c ****     *  explicitly with CySysPmUnfreezeIo() function call.
 218:.\Generated_Source\PSoC4/cyPm.c ****     *
 219:.\Generated_Source\PSoC4/cyPm.c ****     * Parameters:
 220:.\Generated_Source\PSoC4/cyPm.c ****     *  None
 221:.\Generated_Source\PSoC4/cyPm.c ****     *
 222:.\Generated_Source\PSoC4/cyPm.c ****     * Return:
 223:.\Generated_Source\PSoC4/cyPm.c ****     *  None
 224:.\Generated_Source\PSoC4/cyPm.c ****     *
 225:.\Generated_Source\PSoC4/cyPm.c ****     *******************************************************************************/
 226:.\Generated_Source\PSoC4/cyPm.c ****     void CySysPmStop(void)
 227:.\Generated_Source\PSoC4/cyPm.c ****     {
 228:.\Generated_Source\PSoC4/cyPm.c ****         (void) CyEnterCriticalSection();
 229:.\Generated_Source\PSoC4/cyPm.c **** 
 230:.\Generated_Source\PSoC4/cyPm.c ****         /* Update token to indicate Stop mode transition. Preserve only polarity. */
 231:.\Generated_Source\PSoC4/cyPm.c ****         CY_PM_PWR_STOP_REG = (CY_PM_PWR_STOP_REG & CY_PM_PWR_STOP_POLARITY) | CY_PM_PWR_STOP_TOKEN_
 232:.\Generated_Source\PSoC4/cyPm.c **** 
ARM GAS  C:\Users\744\AppData\Local\Temp\ccvdWTo3.s 			page 9


 233:.\Generated_Source\PSoC4/cyPm.c ****         /* Freeze IO-Cells to save IO-Cell state */
 234:.\Generated_Source\PSoC4/cyPm.c ****         CySysPmFreezeIo();
 235:.\Generated_Source\PSoC4/cyPm.c **** 
 236:.\Generated_Source\PSoC4/cyPm.c ****         /* Initiates transition to Stop state */
 237:.\Generated_Source\PSoC4/cyPm.c ****         CY_PM_PWR_STOP_REG = CY_PM_PWR_STOP_REG | CY_PM_PWR_STOP_STOP;
 238:.\Generated_Source\PSoC4/cyPm.c **** 
 239:.\Generated_Source\PSoC4/cyPm.c ****         /* Depending on the clock frequency and internal timing delays,
 240:.\Generated_Source\PSoC4/cyPm.c ****          * the final AHB transaction may or may not complete. To guard against
 241:.\Generated_Source\PSoC4/cyPm.c ****          * accidentally executing an unintended instruction, it is recommended
 242:.\Generated_Source\PSoC4/cyPm.c ****          * to add 2 NOP cycles after the final write to the STOP register.
 243:.\Generated_Source\PSoC4/cyPm.c ****          */
 244:.\Generated_Source\PSoC4/cyPm.c ****         CY_NOP;
 245:.\Generated_Source\PSoC4/cyPm.c ****         CY_NOP;
 246:.\Generated_Source\PSoC4/cyPm.c **** 
 247:.\Generated_Source\PSoC4/cyPm.c ****         /* Should never get to this WFI instruction */
 248:.\Generated_Source\PSoC4/cyPm.c ****         CY_PM_WFI;
 249:.\Generated_Source\PSoC4/cyPm.c **** 
 250:.\Generated_Source\PSoC4/cyPm.c ****         /* Wakeup from Stop is performed by toggling of Wakeup pin,
 251:.\Generated_Source\PSoC4/cyPm.c ****          * causing a normal Boot procedure to occur. No need to exit
 252:.\Generated_Source\PSoC4/cyPm.c ****          * from the critical section.
 253:.\Generated_Source\PSoC4/cyPm.c ****          */
 254:.\Generated_Source\PSoC4/cyPm.c ****     }
 255:.\Generated_Source\PSoC4/cyPm.c **** 
 256:.\Generated_Source\PSoC4/cyPm.c **** 
 257:.\Generated_Source\PSoC4/cyPm.c ****     /*******************************************************************************
 258:.\Generated_Source\PSoC4/cyPm.c ****     * Function Name: CySysPmSetWakeupPolarity
 259:.\Generated_Source\PSoC4/cyPm.c ****     ********************************************************************************
 260:.\Generated_Source\PSoC4/cyPm.c ****     *
 261:.\Generated_Source\PSoC4/cyPm.c ****     * Summary:
 262:.\Generated_Source\PSoC4/cyPm.c ****     *  Wake up from the stop mode is performed by toggling the wakeup pin,
 263:.\Generated_Source\PSoC4/cyPm.c ****     *  causing a normal boot procedure to occur. This function assigns
 264:.\Generated_Source\PSoC4/cyPm.c ****     *  the wakeup pin active level. Setting the wakeup pin to this level will cause
 265:.\Generated_Source\PSoC4/cyPm.c ****     *  the wakeup from stop mode. The wakeup pin is active low by default.
 266:.\Generated_Source\PSoC4/cyPm.c ****     *
 267:.\Generated_Source\PSoC4/cyPm.c ****     * Parameters:
 268:.\Generated_Source\PSoC4/cyPm.c ****     *  polarity: Wakeup pin active level:
 269:.\Generated_Source\PSoC4/cyPm.c ****     *   Value    Define                          Level
 270:.\Generated_Source\PSoC4/cyPm.c ****     *    0        CY_PM_STOP_WAKEUP_ACTIVE_LOW    Logical zero will wakeup the chip
 271:.\Generated_Source\PSoC4/cyPm.c ****     *    1        CY_PM_STOP_WAKEUP_ACTIVE_HIGH   Logical one will wakeup the chip
 272:.\Generated_Source\PSoC4/cyPm.c ****     *
 273:.\Generated_Source\PSoC4/cyPm.c ****     * Return:
 274:.\Generated_Source\PSoC4/cyPm.c ****     *  None
 275:.\Generated_Source\PSoC4/cyPm.c ****     *
 276:.\Generated_Source\PSoC4/cyPm.c ****     *******************************************************************************/
 277:.\Generated_Source\PSoC4/cyPm.c ****     void CySysPmSetWakeupPolarity(uint32 polarity)
 278:.\Generated_Source\PSoC4/cyPm.c ****     {
 225              		.loc 1 278 0
 226              		.cfi_startproc
 227              	.LVL9:
 228 0000 10B5     		push	{r4, lr}
 229              		.cfi_def_cfa_offset 8
 230              		.cfi_offset 4, -8
 231              		.cfi_offset 14, -4
 232 0002 041C     		mov	r4, r0
 279:.\Generated_Source\PSoC4/cyPm.c ****         uint8 interruptState;
 280:.\Generated_Source\PSoC4/cyPm.c **** 
 281:.\Generated_Source\PSoC4/cyPm.c ****         interruptState = CyEnterCriticalSection();
ARM GAS  C:\Users\744\AppData\Local\Temp\ccvdWTo3.s 			page 10


 233              		.loc 1 281 0
 234 0004 FFF7FEFF 		bl	CyEnterCriticalSection
 235              	.LVL10:
 282:.\Generated_Source\PSoC4/cyPm.c **** 
 283:.\Generated_Source\PSoC4/cyPm.c ****         CY_PM_PWR_STOP_REG = (CY_PM_STOP_WAKEUP_ACTIVE_LOW != polarity) ?
 284:.\Generated_Source\PSoC4/cyPm.c ****                             (CY_PM_PWR_STOP_REG | CY_PM_PWR_STOP_POLARITY) :
 236              		.loc 1 284 0
 237 0008 002C     		cmp	r4, #0
 238 000a 05D0     		beq	.L11
 239              		.loc 1 284 0 is_stmt 0 discriminator 1
 240 000c 074B     		ldr	r3, .L13
 241 000e 1B68     		ldr	r3, [r3]
 242 0010 8022     		mov	r2, #128
 243 0012 5202     		lsl	r2, r2, #9
 244 0014 1343     		orr	r3, r2
 245 0016 03E0     		b	.L12
 246              	.L11:
 285:.\Generated_Source\PSoC4/cyPm.c ****                             (CY_PM_PWR_STOP_REG & (uint32) (~CY_PM_PWR_STOP_POLARITY));
 247              		.loc 1 285 0 is_stmt 1 discriminator 2
 248 0018 044B     		ldr	r3, .L13
 249 001a 1A68     		ldr	r2, [r3]
 284:.\Generated_Source\PSoC4/cyPm.c ****                             (CY_PM_PWR_STOP_REG & (uint32) (~CY_PM_PWR_STOP_POLARITY));
 250              		.loc 1 284 0 discriminator 2
 251 001c 044B     		ldr	r3, .L13+4
 252 001e 1340     		and	r3, r2
 253              	.L12:
 283:.\Generated_Source\PSoC4/cyPm.c ****                             (CY_PM_PWR_STOP_REG | CY_PM_PWR_STOP_POLARITY) :
 254              		.loc 1 283 0
 255 0020 024A     		ldr	r2, .L13
 256 0022 1360     		str	r3, [r2]
 286:.\Generated_Source\PSoC4/cyPm.c **** 
 287:.\Generated_Source\PSoC4/cyPm.c ****         CyExitCriticalSection(interruptState);
 257              		.loc 1 287 0
 258 0024 FFF7FEFF 		bl	CyExitCriticalSection
 259              	.LVL11:
 288:.\Generated_Source\PSoC4/cyPm.c ****     }
 260              		.loc 1 288 0
 261              		@ sp needed
 262              	.LVL12:
 263 0028 10BD     		pop	{r4, pc}
 264              	.L14:
 265 002a C046     		.align	2
 266              	.L13:
 267 002c 2C000B40 		.word	1074462764
 268 0030 FFFFFEFF 		.word	-65537
 269              		.cfi_endproc
 270              	.LFE4:
 271              		.size	CySysPmSetWakeupPolarity, .-CySysPmSetWakeupPolarity
 272              		.section	.text.CySysPmGetResetReason,"ax",%progbits
 273              		.align	2
 274              		.global	CySysPmGetResetReason
 275              		.code	16
 276              		.thumb_func
 277              		.type	CySysPmGetResetReason, %function
 278              	CySysPmGetResetReason:
 279              	.LFB5:
 289:.\Generated_Source\PSoC4/cyPm.c **** 
ARM GAS  C:\Users\744\AppData\Local\Temp\ccvdWTo3.s 			page 11


 290:.\Generated_Source\PSoC4/cyPm.c **** 
 291:.\Generated_Source\PSoC4/cyPm.c ****     /*******************************************************************************
 292:.\Generated_Source\PSoC4/cyPm.c ****     * Function Name: CySysPmGetResetReason
 293:.\Generated_Source\PSoC4/cyPm.c ****     ********************************************************************************
 294:.\Generated_Source\PSoC4/cyPm.c ****     *
 295:.\Generated_Source\PSoC4/cyPm.c ****     * Summary:
 296:.\Generated_Source\PSoC4/cyPm.c ****     *  Retrieves the last reset reason - transition from OFF/XRES/STOP/HIBERNATE to
 297:.\Generated_Source\PSoC4/cyPm.c ****     *  the RESET state. Note that waking up from STOP using XRES will be perceived
 298:.\Generated_Source\PSoC4/cyPm.c ****     *  as a general RESET.
 299:.\Generated_Source\PSoC4/cyPm.c ****     *
 300:.\Generated_Source\PSoC4/cyPm.c ****     * Parameters:
 301:.\Generated_Source\PSoC4/cyPm.c ****     *  None
 302:.\Generated_Source\PSoC4/cyPm.c ****     *
 303:.\Generated_Source\PSoC4/cyPm.c ****     * Return:
 304:.\Generated_Source\PSoC4/cyPm.c ****     *  Reset reason.
 305:.\Generated_Source\PSoC4/cyPm.c ****     *  CY_PM_RESET_REASON_UNKN        - unknown
 306:.\Generated_Source\PSoC4/cyPm.c ****     *  CY_PM_RESET_REASON_XRES        - transition from OFF/XRES to RESET
 307:.\Generated_Source\PSoC4/cyPm.c ****     *  CY_PM_RESET_REASON_WAKEUP_HIB  - transition/wakeup from HIBERNATE to RESET
 308:.\Generated_Source\PSoC4/cyPm.c ****     *  CY_PM_RESET_REASON_WAKEUP_STOP - transition/wakeup from STOP to RESET
 309:.\Generated_Source\PSoC4/cyPm.c ****     *
 310:.\Generated_Source\PSoC4/cyPm.c ****     *******************************************************************************/
 311:.\Generated_Source\PSoC4/cyPm.c ****     uint32 CySysPmGetResetReason(void)
 312:.\Generated_Source\PSoC4/cyPm.c ****     {
 280              		.loc 1 312 0
 281              		.cfi_startproc
 282              	.LVL13:
 313:.\Generated_Source\PSoC4/cyPm.c ****         uint32 reason = CY_PM_RESET_REASON_UNKN;
 314:.\Generated_Source\PSoC4/cyPm.c **** 
 315:.\Generated_Source\PSoC4/cyPm.c ****         switch(CY_PM_PWR_STOP_REG & CY_PM_PWR_STOP_TOKEN_MASK)
 283              		.loc 1 315 0
 284 0000 084B     		ldr	r3, .L21
 285 0002 1B68     		ldr	r3, [r3]
 286 0004 FF22     		mov	r2, #255
 287 0006 1340     		and	r3, r2
 288 0008 F12B     		cmp	r3, #241
 289 000a 05D0     		beq	.L17
 290 000c F22B     		cmp	r3, #242
 291 000e 05D0     		beq	.L18
 292 0010 002B     		cmp	r3, #0
 293 0012 05D0     		beq	.L20
 313:.\Generated_Source\PSoC4/cyPm.c ****         uint32 reason = CY_PM_RESET_REASON_UNKN;
 294              		.loc 1 313 0
 295 0014 0020     		mov	r0, #0
 296 0016 04E0     		b	.L19
 297              	.L17:
 298              	.LVL14:
 316:.\Generated_Source\PSoC4/cyPm.c ****         {
 317:.\Generated_Source\PSoC4/cyPm.c ****         /* Power up, XRES */
 318:.\Generated_Source\PSoC4/cyPm.c ****         case CY_PM_PWR_STOP_TOKEN_XRES:
 319:.\Generated_Source\PSoC4/cyPm.c ****             reason = CY_PM_RESET_REASON_XRES;
 320:.\Generated_Source\PSoC4/cyPm.c ****             break;
 321:.\Generated_Source\PSoC4/cyPm.c **** 
 322:.\Generated_Source\PSoC4/cyPm.c ****         /* Wakeup from Hibernate */
 323:.\Generated_Source\PSoC4/cyPm.c ****         case CY_PM_PWR_STOP_TOKEN_HIB:
 324:.\Generated_Source\PSoC4/cyPm.c ****             reason = CY_PM_RESET_REASON_WAKEUP_HIB;
 299              		.loc 1 324 0
 300 0018 0220     		mov	r0, #2
ARM GAS  C:\Users\744\AppData\Local\Temp\ccvdWTo3.s 			page 12


 325:.\Generated_Source\PSoC4/cyPm.c ****             break;
 301              		.loc 1 325 0
 302 001a 02E0     		b	.L19
 303              	.LVL15:
 304              	.L18:
 326:.\Generated_Source\PSoC4/cyPm.c **** 
 327:.\Generated_Source\PSoC4/cyPm.c ****         /* Wakeup from Stop (through WAKEUP pin assert) */
 328:.\Generated_Source\PSoC4/cyPm.c ****         case CY_PM_PWR_STOP_TOKEN_STOP:
 329:.\Generated_Source\PSoC4/cyPm.c ****             reason = CY_PM_RESET_REASON_WAKEUP_STOP;
 305              		.loc 1 329 0
 306 001c 0320     		mov	r0, #3
 330:.\Generated_Source\PSoC4/cyPm.c ****             break;
 307              		.loc 1 330 0
 308 001e 00E0     		b	.L19
 309              	.LVL16:
 310              	.L20:
 319:.\Generated_Source\PSoC4/cyPm.c ****             break;
 311              		.loc 1 319 0
 312 0020 0120     		mov	r0, #1
 313              	.LVL17:
 314              	.L19:
 331:.\Generated_Source\PSoC4/cyPm.c **** 
 332:.\Generated_Source\PSoC4/cyPm.c ****         /* Unknown reason */
 333:.\Generated_Source\PSoC4/cyPm.c ****         default:
 334:.\Generated_Source\PSoC4/cyPm.c ****             break;
 335:.\Generated_Source\PSoC4/cyPm.c ****         }
 336:.\Generated_Source\PSoC4/cyPm.c **** 
 337:.\Generated_Source\PSoC4/cyPm.c ****         return (reason);
 338:.\Generated_Source\PSoC4/cyPm.c ****     }
 315              		.loc 1 338 0
 316              		@ sp needed
 317 0022 7047     		bx	lr
 318              	.L22:
 319              		.align	2
 320              	.L21:
 321 0024 2C000B40 		.word	1074462764
 322              		.cfi_endproc
 323              	.LFE5:
 324              		.size	CySysPmGetResetReason, .-CySysPmGetResetReason
 325              		.section	.text.CySysPmFreezeIo,"ax",%progbits
 326              		.align	2
 327              		.global	CySysPmFreezeIo
 328              		.code	16
 329              		.thumb_func
 330              		.type	CySysPmFreezeIo, %function
 331              	CySysPmFreezeIo:
 332              	.LFB6:
 339:.\Generated_Source\PSoC4/cyPm.c **** 
 340:.\Generated_Source\PSoC4/cyPm.c **** 
 341:.\Generated_Source\PSoC4/cyPm.c ****     /*******************************************************************************
 342:.\Generated_Source\PSoC4/cyPm.c ****     * Function Name: CySysPmFreezeIo
 343:.\Generated_Source\PSoC4/cyPm.c ****     ********************************************************************************
 344:.\Generated_Source\PSoC4/cyPm.c ****     *
 345:.\Generated_Source\PSoC4/cyPm.c ****     * Summary:
 346:.\Generated_Source\PSoC4/cyPm.c ****     *  Freezes IO-Cells directly to save the IO-Cell state on wake up from the
 347:.\Generated_Source\PSoC4/cyPm.c ****     *  Hibernate or Stop state. It is not required to call this function before
 348:.\Generated_Source\PSoC4/cyPm.c ****     *  entering the Stop mode, since CySysPmStop() function freezes IO-Cells
ARM GAS  C:\Users\744\AppData\Local\Temp\ccvdWTo3.s 			page 13


 349:.\Generated_Source\PSoC4/cyPm.c ****     *  implicitly.
 350:.\Generated_Source\PSoC4/cyPm.c ****     *
 351:.\Generated_Source\PSoC4/cyPm.c ****     * Parameters:
 352:.\Generated_Source\PSoC4/cyPm.c ****     *  None
 353:.\Generated_Source\PSoC4/cyPm.c ****     *
 354:.\Generated_Source\PSoC4/cyPm.c ****     * Return:
 355:.\Generated_Source\PSoC4/cyPm.c ****     *  None
 356:.\Generated_Source\PSoC4/cyPm.c ****     *
 357:.\Generated_Source\PSoC4/cyPm.c ****     *******************************************************************************/
 358:.\Generated_Source\PSoC4/cyPm.c ****     void CySysPmFreezeIo(void)
 359:.\Generated_Source\PSoC4/cyPm.c ****     {
 333              		.loc 1 359 0
 334              		.cfi_startproc
 335 0000 08B5     		push	{r3, lr}
 336              		.cfi_def_cfa_offset 8
 337              		.cfi_offset 3, -8
 338              		.cfi_offset 14, -4
 360:.\Generated_Source\PSoC4/cyPm.c ****         uint8 interruptState;
 361:.\Generated_Source\PSoC4/cyPm.c **** 
 362:.\Generated_Source\PSoC4/cyPm.c ****         interruptState = CyEnterCriticalSection();
 339              		.loc 1 362 0
 340 0002 FFF7FEFF 		bl	CyEnterCriticalSection
 341              	.LVL18:
 363:.\Generated_Source\PSoC4/cyPm.c **** 
 364:.\Generated_Source\PSoC4/cyPm.c ****         /* Check FREEZE state to avoid recurrent IO-Cells freeze attempt,
 365:.\Generated_Source\PSoC4/cyPm.c ****          * since the second call to this function will cause accidental switch
 366:.\Generated_Source\PSoC4/cyPm.c ****          * to the STOP mode (the system will enter STOP mode immediately after
 367:.\Generated_Source\PSoC4/cyPm.c ****          * writing to STOP bit since both UNLOCK and FREEZE have been set correctly
 368:.\Generated_Source\PSoC4/cyPm.c ****          * in a previous call to this function).
 369:.\Generated_Source\PSoC4/cyPm.c ****          */
 370:.\Generated_Source\PSoC4/cyPm.c ****         if (0u == (CY_PM_PWR_STOP_REG & CY_PM_PWR_STOP_FREEZE))
 342              		.loc 1 370 0
 343 0006 094B     		ldr	r3, .L25
 344 0008 1B68     		ldr	r3, [r3]
 345 000a 9B03     		lsl	r3, r3, #14
 346 000c 0AD4     		bmi	.L24
 371:.\Generated_Source\PSoC4/cyPm.c ****         {
 372:.\Generated_Source\PSoC4/cyPm.c ****             /* Preserve last reset reason and disable overrides the next freeze command by peripher
 373:.\Generated_Source\PSoC4/cyPm.c ****             CY_PM_PWR_STOP_REG = CY_PM_PWR_STOP_STOP | CY_PM_PWR_STOP_FREEZE | CY_PM_PWR_STOP_UNLOC
 374:.\Generated_Source\PSoC4/cyPm.c ****                                 (CY_PM_PWR_STOP_REG & (CY_PM_PWR_STOP_TOKEN_MASK | CY_PM_PWR_STOP_P
 347              		.loc 1 374 0
 348 000e 074B     		ldr	r3, .L25
 349 0010 1968     		ldr	r1, [r3]
 350 0012 074A     		ldr	r2, .L25+4
 351 0014 0A40     		and	r2, r1
 373:.\Generated_Source\PSoC4/cyPm.c ****                                 (CY_PM_PWR_STOP_REG & (CY_PM_PWR_STOP_TOKEN_MASK | CY_PM_PWR_STOP_P
 352              		.loc 1 373 0
 353 0016 0749     		ldr	r1, .L25+8
 354 0018 0A43     		orr	r2, r1
 355 001a 1A60     		str	r2, [r3]
 375:.\Generated_Source\PSoC4/cyPm.c **** 
 376:.\Generated_Source\PSoC4/cyPm.c ****             /* If reading after writing, read this register three times to delay
 377:.\Generated_Source\PSoC4/cyPm.c ****             *  enough time for internal settling.
 378:.\Generated_Source\PSoC4/cyPm.c ****             */
 379:.\Generated_Source\PSoC4/cyPm.c ****             (void) CY_PM_PWR_STOP_REG;
 356              		.loc 1 379 0
 357 001c 1A68     		ldr	r2, [r3]
ARM GAS  C:\Users\744\AppData\Local\Temp\ccvdWTo3.s 			page 14


 380:.\Generated_Source\PSoC4/cyPm.c ****             (void) CY_PM_PWR_STOP_REG;
 358              		.loc 1 380 0
 359 001e 1A68     		ldr	r2, [r3]
 381:.\Generated_Source\PSoC4/cyPm.c **** 
 382:.\Generated_Source\PSoC4/cyPm.c ****             /* Second write causes the freeze of IO-Cells to save IO-Cell state */
 383:.\Generated_Source\PSoC4/cyPm.c ****             CY_PM_PWR_STOP_REG = CY_PM_PWR_STOP_REG;
 360              		.loc 1 383 0
 361 0020 1A68     		ldr	r2, [r3]
 362 0022 1A60     		str	r2, [r3]
 363              	.L24:
 384:.\Generated_Source\PSoC4/cyPm.c ****         }
 385:.\Generated_Source\PSoC4/cyPm.c **** 
 386:.\Generated_Source\PSoC4/cyPm.c ****         CyExitCriticalSection(interruptState);
 364              		.loc 1 386 0
 365 0024 FFF7FEFF 		bl	CyExitCriticalSection
 366              	.LVL19:
 387:.\Generated_Source\PSoC4/cyPm.c ****     }
 367              		.loc 1 387 0
 368              		@ sp needed
 369 0028 08BD     		pop	{r3, pc}
 370              	.L26:
 371 002a C046     		.align	2
 372              	.L25:
 373 002c 2C000B40 		.word	1074462764
 374 0030 FF000100 		.word	65791
 375 0034 003A0280 		.word	-2147337728
 376              		.cfi_endproc
 377              	.LFE6:
 378              		.size	CySysPmFreezeIo, .-CySysPmFreezeIo
 379              		.section	.text.CySysPmStop,"ax",%progbits
 380              		.align	2
 381              		.global	CySysPmStop
 382              		.code	16
 383              		.thumb_func
 384              		.type	CySysPmStop, %function
 385              	CySysPmStop:
 386              	.LFB3:
 227:.\Generated_Source\PSoC4/cyPm.c ****         (void) CyEnterCriticalSection();
 387              		.loc 1 227 0
 388              		.cfi_startproc
 389 0000 10B5     		push	{r4, lr}
 390              		.cfi_def_cfa_offset 8
 391              		.cfi_offset 4, -8
 392              		.cfi_offset 14, -4
 228:.\Generated_Source\PSoC4/cyPm.c **** 
 393              		.loc 1 228 0
 394 0002 FFF7FEFF 		bl	CyEnterCriticalSection
 395              	.LVL20:
 231:.\Generated_Source\PSoC4/cyPm.c **** 
 396              		.loc 1 231 0
 397 0006 094C     		ldr	r4, .L28
 398 0008 2268     		ldr	r2, [r4]
 399 000a 8023     		mov	r3, #128
 400 000c 5B02     		lsl	r3, r3, #9
 401 000e 1340     		and	r3, r2
 402 0010 F222     		mov	r2, #242
 403 0012 1343     		orr	r3, r2
ARM GAS  C:\Users\744\AppData\Local\Temp\ccvdWTo3.s 			page 15


 404 0014 2360     		str	r3, [r4]
 234:.\Generated_Source\PSoC4/cyPm.c **** 
 405              		.loc 1 234 0
 406 0016 FFF7FEFF 		bl	CySysPmFreezeIo
 407              	.LVL21:
 237:.\Generated_Source\PSoC4/cyPm.c **** 
 408              		.loc 1 237 0
 409 001a 2368     		ldr	r3, [r4]
 410 001c 8022     		mov	r2, #128
 411 001e 1206     		lsl	r2, r2, #24
 412 0020 1343     		orr	r3, r2
 413 0022 2360     		str	r3, [r4]
 244:.\Generated_Source\PSoC4/cyPm.c ****         CY_NOP;
 414              		.loc 1 244 0
 415              	@ 244 ".\Generated_Source\PSoC4\cyPm.c" 1
 416 0024 C046     		NOP
 417              	
 418              	@ 0 "" 2
 245:.\Generated_Source\PSoC4/cyPm.c **** 
 419              		.loc 1 245 0
 420              	@ 245 ".\Generated_Source\PSoC4\cyPm.c" 1
 421 0026 C046     		NOP
 422              	
 423              	@ 0 "" 2
 248:.\Generated_Source\PSoC4/cyPm.c **** 
 424              		.loc 1 248 0
 425              	@ 248 ".\Generated_Source\PSoC4\cyPm.c" 1
 426 0028 30BF     		WFI 
 427              	
 428              	@ 0 "" 2
 254:.\Generated_Source\PSoC4/cyPm.c **** 
 429              		.loc 1 254 0
 430              		.code	16
 431              		@ sp needed
 432 002a 10BD     		pop	{r4, pc}
 433              	.L29:
 434              		.align	2
 435              	.L28:
 436 002c 2C000B40 		.word	1074462764
 437              		.cfi_endproc
 438              	.LFE3:
 439              		.size	CySysPmStop, .-CySysPmStop
 440              		.section	.text.CySysPmUnfreezeIo,"ax",%progbits
 441              		.align	2
 442              		.global	CySysPmUnfreezeIo
 443              		.code	16
 444              		.thumb_func
 445              		.type	CySysPmUnfreezeIo, %function
 446              	CySysPmUnfreezeIo:
 447              	.LFB7:
 388:.\Generated_Source\PSoC4/cyPm.c **** 
 389:.\Generated_Source\PSoC4/cyPm.c **** 
 390:.\Generated_Source\PSoC4/cyPm.c ****     /*******************************************************************************
 391:.\Generated_Source\PSoC4/cyPm.c ****     * Function Name: CySysPmUnfreezeIo
 392:.\Generated_Source\PSoC4/cyPm.c ****     ********************************************************************************
 393:.\Generated_Source\PSoC4/cyPm.c ****     *
 394:.\Generated_Source\PSoC4/cyPm.c ****     * Summary:
ARM GAS  C:\Users\744\AppData\Local\Temp\ccvdWTo3.s 			page 16


 395:.\Generated_Source\PSoC4/cyPm.c ****     *  The IO-Cells remain frozen after awake from Hibernate or Stop mode until
 396:.\Generated_Source\PSoC4/cyPm.c ****     *  the firmware unfreezes them after booting. The call of this function
 397:.\Generated_Source\PSoC4/cyPm.c ****     *  unfreezes IO-Cells explicitly.
 398:.\Generated_Source\PSoC4/cyPm.c ****     *
 399:.\Generated_Source\PSoC4/cyPm.c ****     *  If the firmware intent is to retain the data value on the port, then the
 400:.\Generated_Source\PSoC4/cyPm.c ****     *  value must be read and re-written to the data register before calling this
 401:.\Generated_Source\PSoC4/cyPm.c ****     *  API. Furthermore, the drive mode must be re-programmed.  If this is not done,
 402:.\Generated_Source\PSoC4/cyPm.c ****     *  the pin state will change to default state the moment the freeze is removed.
 403:.\Generated_Source\PSoC4/cyPm.c ****     *
 404:.\Generated_Source\PSoC4/cyPm.c ****     *  This API is not available for PSoC 4000 family of devices.
 405:.\Generated_Source\PSoC4/cyPm.c ****     *
 406:.\Generated_Source\PSoC4/cyPm.c ****     * Parameters:
 407:.\Generated_Source\PSoC4/cyPm.c ****     *  None
 408:.\Generated_Source\PSoC4/cyPm.c ****     *
 409:.\Generated_Source\PSoC4/cyPm.c ****     * Return:
 410:.\Generated_Source\PSoC4/cyPm.c ****     *  None
 411:.\Generated_Source\PSoC4/cyPm.c ****     *
 412:.\Generated_Source\PSoC4/cyPm.c ****     *******************************************************************************/
 413:.\Generated_Source\PSoC4/cyPm.c ****     void CySysPmUnfreezeIo(void)
 414:.\Generated_Source\PSoC4/cyPm.c ****     {
 448              		.loc 1 414 0
 449              		.cfi_startproc
 450 0000 10B5     		push	{r4, lr}
 451              		.cfi_def_cfa_offset 8
 452              		.cfi_offset 4, -8
 453              		.cfi_offset 14, -4
 415:.\Generated_Source\PSoC4/cyPm.c ****         uint8 interruptState;
 416:.\Generated_Source\PSoC4/cyPm.c **** 
 417:.\Generated_Source\PSoC4/cyPm.c ****         interruptState = CyEnterCriticalSection();
 454              		.loc 1 417 0
 455 0002 FFF7FEFF 		bl	CyEnterCriticalSection
 456              	.LVL22:
 418:.\Generated_Source\PSoC4/cyPm.c **** 
 419:.\Generated_Source\PSoC4/cyPm.c ****         /* Preserve last reset reason and wakeup polarity. Then, unfreeze I/O:
 420:.\Generated_Source\PSoC4/cyPm.c ****          * write PWR_STOP.FREEZE=0, .UNLOCK=0x3A, .STOP=0, .TOKEN
 421:.\Generated_Source\PSoC4/cyPm.c ****          */
 422:.\Generated_Source\PSoC4/cyPm.c ****         CY_PM_PWR_STOP_REG = CY_PM_PWR_STOP_UNLOCK |
 423:.\Generated_Source\PSoC4/cyPm.c ****                             (CY_PM_PWR_STOP_REG & (CY_PM_PWR_STOP_TOKEN_MASK | CY_PM_PWR_STOP_POLAR
 457              		.loc 1 423 0
 458 0006 084B     		ldr	r3, .L31
 459 0008 1A68     		ldr	r2, [r3]
 460 000a 0849     		ldr	r1, .L31+4
 461 000c 0A40     		and	r2, r1
 422:.\Generated_Source\PSoC4/cyPm.c ****                             (CY_PM_PWR_STOP_REG & (CY_PM_PWR_STOP_TOKEN_MASK | CY_PM_PWR_STOP_POLAR
 462              		.loc 1 422 0
 463 000e E824     		mov	r4, #232
 464 0010 A401     		lsl	r4, r4, #6
 465 0012 2243     		orr	r2, r4
 466 0014 1A60     		str	r2, [r3]
 424:.\Generated_Source\PSoC4/cyPm.c **** 
 425:.\Generated_Source\PSoC4/cyPm.c ****         /* If reading after writing, read this register three times to delay
 426:.\Generated_Source\PSoC4/cyPm.c ****         *  enough time for internal settling.
 427:.\Generated_Source\PSoC4/cyPm.c ****         */
 428:.\Generated_Source\PSoC4/cyPm.c ****         (void) CY_PM_PWR_STOP_REG;
 467              		.loc 1 428 0
 468 0016 1A68     		ldr	r2, [r3]
 429:.\Generated_Source\PSoC4/cyPm.c ****         (void) CY_PM_PWR_STOP_REG;
ARM GAS  C:\Users\744\AppData\Local\Temp\ccvdWTo3.s 			page 17


 469              		.loc 1 429 0
 470 0018 1A68     		ldr	r2, [r3]
 430:.\Generated_Source\PSoC4/cyPm.c **** 
 431:.\Generated_Source\PSoC4/cyPm.c ****         /* Lock STOP mode: write PWR_STOP.FREEZE=0, UNLOCK=0x00, STOP=0, .TOKEN */
 432:.\Generated_Source\PSoC4/cyPm.c ****         CY_PM_PWR_STOP_REG &= (CY_PM_PWR_STOP_TOKEN_MASK | CY_PM_PWR_STOP_POLARITY);
 471              		.loc 1 432 0
 472 001a 1A68     		ldr	r2, [r3]
 473 001c 1140     		and	r1, r2
 474 001e 1960     		str	r1, [r3]
 433:.\Generated_Source\PSoC4/cyPm.c **** 
 434:.\Generated_Source\PSoC4/cyPm.c ****         CyExitCriticalSection(interruptState);
 475              		.loc 1 434 0
 476 0020 FFF7FEFF 		bl	CyExitCriticalSection
 477              	.LVL23:
 435:.\Generated_Source\PSoC4/cyPm.c ****     }
 478              		.loc 1 435 0
 479              		@ sp needed
 480 0024 10BD     		pop	{r4, pc}
 481              	.L32:
 482 0026 C046     		.align	2
 483              	.L31:
 484 0028 2C000B40 		.word	1074462764
 485 002c FF000100 		.word	65791
 486              		.cfi_endproc
 487              	.LFE7:
 488              		.size	CySysPmUnfreezeIo, .-CySysPmUnfreezeIo
 489              		.text
 490              	.Letext0:
 491              		.file 2 ".\\Generated_Source\\PSoC4\\cytypes.h"
 492              		.file 3 ".\\Generated_Source\\PSoC4\\CyLib.h"
 493              		.section	.debug_info,"",%progbits
 494              	.Ldebug_info0:
 495 0000 CF020000 		.4byte	0x2cf
 496 0004 0400     		.2byte	0x4
 497 0006 00000000 		.4byte	.Ldebug_abbrev0
 498 000a 04       		.byte	0x4
 499 000b 01       		.uleb128 0x1
 500 000c AA010000 		.4byte	.LASF28
 501 0010 01       		.byte	0x1
 502 0011 38020000 		.4byte	.LASF29
 503 0015 D4000000 		.4byte	.LASF30
 504 0019 00000000 		.4byte	.Ldebug_ranges0+0
 505 001d 00000000 		.4byte	0
 506 0021 00000000 		.4byte	.Ldebug_line0
 507 0025 02       		.uleb128 0x2
 508 0026 01       		.byte	0x1
 509 0027 06       		.byte	0x6
 510 0028 7C020000 		.4byte	.LASF0
 511 002c 02       		.uleb128 0x2
 512 002d 01       		.byte	0x1
 513 002e 08       		.byte	0x8
 514 002f 73000000 		.4byte	.LASF1
 515 0033 02       		.uleb128 0x2
 516 0034 02       		.byte	0x2
 517 0035 05       		.byte	0x5
 518 0036 58020000 		.4byte	.LASF2
 519 003a 02       		.uleb128 0x2
ARM GAS  C:\Users\744\AppData\Local\Temp\ccvdWTo3.s 			page 18


 520 003b 02       		.byte	0x2
 521 003c 07       		.byte	0x7
 522 003d 32000000 		.4byte	.LASF3
 523 0041 02       		.uleb128 0x2
 524 0042 04       		.byte	0x4
 525 0043 05       		.byte	0x5
 526 0044 73020000 		.4byte	.LASF4
 527 0048 02       		.uleb128 0x2
 528 0049 04       		.byte	0x4
 529 004a 07       		.byte	0x7
 530 004b 90000000 		.4byte	.LASF5
 531 004f 02       		.uleb128 0x2
 532 0050 08       		.byte	0x8
 533 0051 05       		.byte	0x5
 534 0052 8A010000 		.4byte	.LASF6
 535 0056 02       		.uleb128 0x2
 536 0057 08       		.byte	0x8
 537 0058 07       		.byte	0x7
 538 0059 5C000000 		.4byte	.LASF7
 539 005d 03       		.uleb128 0x3
 540 005e 04       		.byte	0x4
 541 005f 05       		.byte	0x5
 542 0060 696E7400 		.ascii	"int\000"
 543 0064 02       		.uleb128 0x2
 544 0065 04       		.byte	0x4
 545 0066 07       		.byte	0x7
 546 0067 21010000 		.4byte	.LASF8
 547 006b 04       		.uleb128 0x4
 548 006c A2000000 		.4byte	.LASF9
 549 0070 02       		.byte	0x2
 550 0071 3801     		.2byte	0x138
 551 0073 2C000000 		.4byte	0x2c
 552 0077 04       		.uleb128 0x4
 553 0078 CD000000 		.4byte	.LASF10
 554 007c 02       		.byte	0x2
 555 007d 3901     		.2byte	0x139
 556 007f 3A000000 		.4byte	0x3a
 557 0083 04       		.uleb128 0x4
 558 0084 03010000 		.4byte	.LASF11
 559 0088 02       		.byte	0x2
 560 0089 3A01     		.2byte	0x13a
 561 008b 48000000 		.4byte	0x48
 562 008f 02       		.uleb128 0x2
 563 0090 04       		.byte	0x4
 564 0091 04       		.byte	0x4
 565 0092 56000000 		.4byte	.LASF12
 566 0096 02       		.uleb128 0x2
 567 0097 08       		.byte	0x8
 568 0098 04       		.byte	0x4
 569 0099 B4000000 		.4byte	.LASF13
 570 009d 02       		.uleb128 0x2
 571 009e 01       		.byte	0x1
 572 009f 08       		.byte	0x8
 573 00a0 98010000 		.4byte	.LASF14
 574 00a4 04       		.uleb128 0x4
 575 00a5 00000000 		.4byte	.LASF15
 576 00a9 02       		.byte	0x2
ARM GAS  C:\Users\744\AppData\Local\Temp\ccvdWTo3.s 			page 19


 577 00aa E301     		.2byte	0x1e3
 578 00ac B0000000 		.4byte	0xb0
 579 00b0 05       		.uleb128 0x5
 580 00b1 77000000 		.4byte	0x77
 581 00b5 04       		.uleb128 0x4
 582 00b6 06000000 		.4byte	.LASF16
 583 00ba 02       		.byte	0x2
 584 00bb E401     		.2byte	0x1e4
 585 00bd C1000000 		.4byte	0xc1
 586 00c1 05       		.uleb128 0x5
 587 00c2 83000000 		.4byte	0x83
 588 00c6 02       		.uleb128 0x2
 589 00c7 04       		.byte	0x4
 590 00c8 07       		.byte	0x7
 591 00c9 81010000 		.4byte	.LASF17
 592 00cd 06       		.uleb128 0x6
 593 00ce 25000000 		.4byte	.LASF18
 594 00d2 01       		.byte	0x1
 595 00d3 28       		.byte	0x28
 596 00d4 00000000 		.4byte	.LFB0
 597 00d8 1C000000 		.4byte	.LFE0-.LFB0
 598 00dc 01       		.uleb128 0x1
 599 00dd 9C       		.byte	0x9c
 600 00de 04010000 		.4byte	0x104
 601 00e2 07       		.uleb128 0x7
 602 00e3 81000000 		.4byte	.LASF20
 603 00e7 01       		.byte	0x1
 604 00e8 2A       		.byte	0x2a
 605 00e9 6B000000 		.4byte	0x6b
 606 00ed 00000000 		.4byte	.LLST0
 607 00f1 08       		.uleb128 0x8
 608 00f2 06000000 		.4byte	.LVL0
 609 00f6 A9020000 		.4byte	0x2a9
 610 00fa 08       		.uleb128 0x8
 611 00fb 16000000 		.4byte	.LVL1
 612 00ff B4020000 		.4byte	0x2b4
 613 0103 00       		.byte	0
 614 0104 06       		.uleb128 0x6
 615 0105 62020000 		.4byte	.LASF19
 616 0109 01       		.byte	0x1
 617 010a 4E       		.byte	0x4e
 618 010b 00000000 		.4byte	.LFB1
 619 010f 6C000000 		.4byte	.LFE1-.LFB1
 620 0113 01       		.uleb128 0x1
 621 0114 9C       		.byte	0x9c
 622 0115 64010000 		.4byte	0x164
 623 0119 07       		.uleb128 0x7
 624 011a 81000000 		.4byte	.LASF20
 625 011e 01       		.byte	0x1
 626 011f 50       		.byte	0x50
 627 0120 6B000000 		.4byte	0x6b
 628 0124 13000000 		.4byte	.LLST1
 629 0128 09       		.uleb128 0x9
 630 0129 9D010000 		.4byte	.LASF21
 631 012d 01       		.byte	0x1
 632 012e 52       		.byte	0x52
 633 012f C1000000 		.4byte	0xc1
ARM GAS  C:\Users\744\AppData\Local\Temp\ccvdWTo3.s 			page 20


 634 0133 02       		.uleb128 0x2
 635 0134 91       		.byte	0x91
 636 0135 64       		.sleb128 -28
 637 0136 08       		.uleb128 0x8
 638 0137 08000000 		.4byte	.LVL2
 639 013b A9020000 		.4byte	0x2a9
 640 013f 0A       		.uleb128 0xa
 641 0140 40000000 		.4byte	.LVL4
 642 0144 C5020000 		.4byte	0x2c5
 643 0148 53010000 		.4byte	0x153
 644 014c 0B       		.uleb128 0xb
 645 014d 01       		.uleb128 0x1
 646 014e 50       		.byte	0x50
 647 014f 02       		.uleb128 0x2
 648 0150 76       		.byte	0x76
 649 0151 00       		.sleb128 0
 650 0152 00       		.byte	0
 651 0153 0C       		.uleb128 0xc
 652 0154 52000000 		.4byte	.LVL5
 653 0158 B4020000 		.4byte	0x2b4
 654 015c 0B       		.uleb128 0xb
 655 015d 01       		.uleb128 0x1
 656 015e 50       		.byte	0x50
 657 015f 02       		.uleb128 0x2
 658 0160 74       		.byte	0x74
 659 0161 00       		.sleb128 0
 660 0162 00       		.byte	0
 661 0163 00       		.byte	0
 662 0164 06       		.uleb128 0x6
 663 0165 45000000 		.4byte	.LASF22
 664 0169 01       		.byte	0x1
 665 016a A0       		.byte	0xa0
 666 016b 00000000 		.4byte	.LFB2
 667 016f 50000000 		.4byte	.LFE2-.LFB2
 668 0173 01       		.uleb128 0x1
 669 0174 9C       		.byte	0x9c
 670 0175 9B010000 		.4byte	0x19b
 671 0179 07       		.uleb128 0x7
 672 017a 81000000 		.4byte	.LASF20
 673 017e 01       		.byte	0x1
 674 017f A2       		.byte	0xa2
 675 0180 6B000000 		.4byte	0x6b
 676 0184 26000000 		.4byte	.LLST2
 677 0188 08       		.uleb128 0x8
 678 0189 06000000 		.4byte	.LVL7
 679 018d A9020000 		.4byte	0x2a9
 680 0191 08       		.uleb128 0x8
 681 0192 3A000000 		.4byte	.LVL8
 682 0196 B4020000 		.4byte	0x2b4
 683 019a 00       		.byte	0
 684 019b 0D       		.uleb128 0xd
 685 019c 0C000000 		.4byte	.LASF23
 686 01a0 01       		.byte	0x1
 687 01a1 1501     		.2byte	0x115
 688 01a3 00000000 		.4byte	.LFB4
 689 01a7 34000000 		.4byte	.LFE4-.LFB4
 690 01ab 01       		.uleb128 0x1
ARM GAS  C:\Users\744\AppData\Local\Temp\ccvdWTo3.s 			page 21


 691 01ac 9C       		.byte	0x9c
 692 01ad E4010000 		.4byte	0x1e4
 693 01b1 0E       		.uleb128 0xe
 694 01b2 62010000 		.4byte	.LASF31
 695 01b6 01       		.byte	0x1
 696 01b7 1501     		.2byte	0x115
 697 01b9 83000000 		.4byte	0x83
 698 01bd 39000000 		.4byte	.LLST3
 699 01c1 0F       		.uleb128 0xf
 700 01c2 81000000 		.4byte	.LASF20
 701 01c6 01       		.byte	0x1
 702 01c7 1701     		.2byte	0x117
 703 01c9 6B000000 		.4byte	0x6b
 704 01cd 65000000 		.4byte	.LLST4
 705 01d1 08       		.uleb128 0x8
 706 01d2 08000000 		.4byte	.LVL10
 707 01d6 A9020000 		.4byte	0x2a9
 708 01da 08       		.uleb128 0x8
 709 01db 28000000 		.4byte	.LVL11
 710 01df B4020000 		.4byte	0x2b4
 711 01e3 00       		.byte	0
 712 01e4 10       		.uleb128 0x10
 713 01e5 6B010000 		.4byte	.LASF32
 714 01e9 01       		.byte	0x1
 715 01ea 3701     		.2byte	0x137
 716 01ec 83000000 		.4byte	0x83
 717 01f0 00000000 		.4byte	.LFB5
 718 01f4 28000000 		.4byte	.LFE5-.LFB5
 719 01f8 01       		.uleb128 0x1
 720 01f9 9C       		.byte	0x9c
 721 01fa 0F020000 		.4byte	0x20f
 722 01fe 0F       		.uleb128 0xf
 723 01ff 5B010000 		.4byte	.LASF24
 724 0203 01       		.byte	0x1
 725 0204 3901     		.2byte	0x139
 726 0206 83000000 		.4byte	0x83
 727 020a 78000000 		.4byte	.LLST5
 728 020e 00       		.byte	0
 729 020f 0D       		.uleb128 0xd
 730 0210 88020000 		.4byte	.LASF25
 731 0214 01       		.byte	0x1
 732 0215 6601     		.2byte	0x166
 733 0217 00000000 		.4byte	.LFB6
 734 021b 38000000 		.4byte	.LFE6-.LFB6
 735 021f 01       		.uleb128 0x1
 736 0220 9C       		.byte	0x9c
 737 0221 48020000 		.4byte	0x248
 738 0225 0F       		.uleb128 0xf
 739 0226 81000000 		.4byte	.LASF20
 740 022a 01       		.byte	0x1
 741 022b 6801     		.2byte	0x168
 742 022d 6B000000 		.4byte	0x6b
 743 0231 BB000000 		.4byte	.LLST6
 744 0235 08       		.uleb128 0x8
 745 0236 06000000 		.4byte	.LVL18
 746 023a A9020000 		.4byte	0x2a9
 747 023e 08       		.uleb128 0x8
ARM GAS  C:\Users\744\AppData\Local\Temp\ccvdWTo3.s 			page 22


 748 023f 28000000 		.4byte	.LVL19
 749 0243 B4020000 		.4byte	0x2b4
 750 0247 00       		.byte	0
 751 0248 06       		.uleb128 0x6
 752 0249 A8000000 		.4byte	.LASF26
 753 024d 01       		.byte	0x1
 754 024e E2       		.byte	0xe2
 755 024f 00000000 		.4byte	.LFB3
 756 0253 30000000 		.4byte	.LFE3-.LFB3
 757 0257 01       		.uleb128 0x1
 758 0258 9C       		.byte	0x9c
 759 0259 70020000 		.4byte	0x270
 760 025d 08       		.uleb128 0x8
 761 025e 06000000 		.4byte	.LVL20
 762 0262 A9020000 		.4byte	0x2a9
 763 0266 08       		.uleb128 0x8
 764 0267 1A000000 		.4byte	.LVL21
 765 026b 0F020000 		.4byte	0x20f
 766 026f 00       		.byte	0
 767 0270 0D       		.uleb128 0xd
 768 0271 BB000000 		.4byte	.LASF27
 769 0275 01       		.byte	0x1
 770 0276 9D01     		.2byte	0x19d
 771 0278 00000000 		.4byte	.LFB7
 772 027c 30000000 		.4byte	.LFE7-.LFB7
 773 0280 01       		.uleb128 0x1
 774 0281 9C       		.byte	0x9c
 775 0282 A9020000 		.4byte	0x2a9
 776 0286 0F       		.uleb128 0xf
 777 0287 81000000 		.4byte	.LASF20
 778 028b 01       		.byte	0x1
 779 028c 9F01     		.2byte	0x19f
 780 028e 6B000000 		.4byte	0x6b
 781 0292 CE000000 		.4byte	.LLST7
 782 0296 08       		.uleb128 0x8
 783 0297 06000000 		.4byte	.LVL22
 784 029b A9020000 		.4byte	0x2a9
 785 029f 08       		.uleb128 0x8
 786 02a0 24000000 		.4byte	.LVL23
 787 02a4 B4020000 		.4byte	0x2b4
 788 02a8 00       		.byte	0
 789 02a9 11       		.uleb128 0x11
 790 02aa 0A010000 		.4byte	.LASF33
 791 02ae 03       		.byte	0x3
 792 02af 61       		.byte	0x61
 793 02b0 6B000000 		.4byte	0x6b
 794 02b4 12       		.uleb128 0x12
 795 02b5 2E010000 		.4byte	.LASF34
 796 02b9 03       		.byte	0x3
 797 02ba 62       		.byte	0x62
 798 02bb C5020000 		.4byte	0x2c5
 799 02bf 13       		.uleb128 0x13
 800 02c0 6B000000 		.4byte	0x6b
 801 02c4 00       		.byte	0
 802 02c5 14       		.uleb128 0x14
 803 02c6 44010000 		.4byte	.LASF35
 804 02ca 03       		.byte	0x3
ARM GAS  C:\Users\744\AppData\Local\Temp\ccvdWTo3.s 			page 23


 805 02cb 37       		.byte	0x37
 806 02cc 13       		.uleb128 0x13
 807 02cd 83000000 		.4byte	0x83
 808 02d1 00       		.byte	0
 809 02d2 00       		.byte	0
 810              		.section	.debug_abbrev,"",%progbits
 811              	.Ldebug_abbrev0:
 812 0000 01       		.uleb128 0x1
 813 0001 11       		.uleb128 0x11
 814 0002 01       		.byte	0x1
 815 0003 25       		.uleb128 0x25
 816 0004 0E       		.uleb128 0xe
 817 0005 13       		.uleb128 0x13
 818 0006 0B       		.uleb128 0xb
 819 0007 03       		.uleb128 0x3
 820 0008 0E       		.uleb128 0xe
 821 0009 1B       		.uleb128 0x1b
 822 000a 0E       		.uleb128 0xe
 823 000b 55       		.uleb128 0x55
 824 000c 17       		.uleb128 0x17
 825 000d 11       		.uleb128 0x11
 826 000e 01       		.uleb128 0x1
 827 000f 10       		.uleb128 0x10
 828 0010 17       		.uleb128 0x17
 829 0011 00       		.byte	0
 830 0012 00       		.byte	0
 831 0013 02       		.uleb128 0x2
 832 0014 24       		.uleb128 0x24
 833 0015 00       		.byte	0
 834 0016 0B       		.uleb128 0xb
 835 0017 0B       		.uleb128 0xb
 836 0018 3E       		.uleb128 0x3e
 837 0019 0B       		.uleb128 0xb
 838 001a 03       		.uleb128 0x3
 839 001b 0E       		.uleb128 0xe
 840 001c 00       		.byte	0
 841 001d 00       		.byte	0
 842 001e 03       		.uleb128 0x3
 843 001f 24       		.uleb128 0x24
 844 0020 00       		.byte	0
 845 0021 0B       		.uleb128 0xb
 846 0022 0B       		.uleb128 0xb
 847 0023 3E       		.uleb128 0x3e
 848 0024 0B       		.uleb128 0xb
 849 0025 03       		.uleb128 0x3
 850 0026 08       		.uleb128 0x8
 851 0027 00       		.byte	0
 852 0028 00       		.byte	0
 853 0029 04       		.uleb128 0x4
 854 002a 16       		.uleb128 0x16
 855 002b 00       		.byte	0
 856 002c 03       		.uleb128 0x3
 857 002d 0E       		.uleb128 0xe
 858 002e 3A       		.uleb128 0x3a
 859 002f 0B       		.uleb128 0xb
 860 0030 3B       		.uleb128 0x3b
 861 0031 05       		.uleb128 0x5
ARM GAS  C:\Users\744\AppData\Local\Temp\ccvdWTo3.s 			page 24


 862 0032 49       		.uleb128 0x49
 863 0033 13       		.uleb128 0x13
 864 0034 00       		.byte	0
 865 0035 00       		.byte	0
 866 0036 05       		.uleb128 0x5
 867 0037 35       		.uleb128 0x35
 868 0038 00       		.byte	0
 869 0039 49       		.uleb128 0x49
 870 003a 13       		.uleb128 0x13
 871 003b 00       		.byte	0
 872 003c 00       		.byte	0
 873 003d 06       		.uleb128 0x6
 874 003e 2E       		.uleb128 0x2e
 875 003f 01       		.byte	0x1
 876 0040 3F       		.uleb128 0x3f
 877 0041 19       		.uleb128 0x19
 878 0042 03       		.uleb128 0x3
 879 0043 0E       		.uleb128 0xe
 880 0044 3A       		.uleb128 0x3a
 881 0045 0B       		.uleb128 0xb
 882 0046 3B       		.uleb128 0x3b
 883 0047 0B       		.uleb128 0xb
 884 0048 27       		.uleb128 0x27
 885 0049 19       		.uleb128 0x19
 886 004a 11       		.uleb128 0x11
 887 004b 01       		.uleb128 0x1
 888 004c 12       		.uleb128 0x12
 889 004d 06       		.uleb128 0x6
 890 004e 40       		.uleb128 0x40
 891 004f 18       		.uleb128 0x18
 892 0050 9742     		.uleb128 0x2117
 893 0052 19       		.uleb128 0x19
 894 0053 01       		.uleb128 0x1
 895 0054 13       		.uleb128 0x13
 896 0055 00       		.byte	0
 897 0056 00       		.byte	0
 898 0057 07       		.uleb128 0x7
 899 0058 34       		.uleb128 0x34
 900 0059 00       		.byte	0
 901 005a 03       		.uleb128 0x3
 902 005b 0E       		.uleb128 0xe
 903 005c 3A       		.uleb128 0x3a
 904 005d 0B       		.uleb128 0xb
 905 005e 3B       		.uleb128 0x3b
 906 005f 0B       		.uleb128 0xb
 907 0060 49       		.uleb128 0x49
 908 0061 13       		.uleb128 0x13
 909 0062 02       		.uleb128 0x2
 910 0063 17       		.uleb128 0x17
 911 0064 00       		.byte	0
 912 0065 00       		.byte	0
 913 0066 08       		.uleb128 0x8
 914 0067 898201   		.uleb128 0x4109
 915 006a 00       		.byte	0
 916 006b 11       		.uleb128 0x11
 917 006c 01       		.uleb128 0x1
 918 006d 31       		.uleb128 0x31
ARM GAS  C:\Users\744\AppData\Local\Temp\ccvdWTo3.s 			page 25


 919 006e 13       		.uleb128 0x13
 920 006f 00       		.byte	0
 921 0070 00       		.byte	0
 922 0071 09       		.uleb128 0x9
 923 0072 34       		.uleb128 0x34
 924 0073 00       		.byte	0
 925 0074 03       		.uleb128 0x3
 926 0075 0E       		.uleb128 0xe
 927 0076 3A       		.uleb128 0x3a
 928 0077 0B       		.uleb128 0xb
 929 0078 3B       		.uleb128 0x3b
 930 0079 0B       		.uleb128 0xb
 931 007a 49       		.uleb128 0x49
 932 007b 13       		.uleb128 0x13
 933 007c 02       		.uleb128 0x2
 934 007d 18       		.uleb128 0x18
 935 007e 00       		.byte	0
 936 007f 00       		.byte	0
 937 0080 0A       		.uleb128 0xa
 938 0081 898201   		.uleb128 0x4109
 939 0084 01       		.byte	0x1
 940 0085 11       		.uleb128 0x11
 941 0086 01       		.uleb128 0x1
 942 0087 31       		.uleb128 0x31
 943 0088 13       		.uleb128 0x13
 944 0089 01       		.uleb128 0x1
 945 008a 13       		.uleb128 0x13
 946 008b 00       		.byte	0
 947 008c 00       		.byte	0
 948 008d 0B       		.uleb128 0xb
 949 008e 8A8201   		.uleb128 0x410a
 950 0091 00       		.byte	0
 951 0092 02       		.uleb128 0x2
 952 0093 18       		.uleb128 0x18
 953 0094 9142     		.uleb128 0x2111
 954 0096 18       		.uleb128 0x18
 955 0097 00       		.byte	0
 956 0098 00       		.byte	0
 957 0099 0C       		.uleb128 0xc
 958 009a 898201   		.uleb128 0x4109
 959 009d 01       		.byte	0x1
 960 009e 11       		.uleb128 0x11
 961 009f 01       		.uleb128 0x1
 962 00a0 31       		.uleb128 0x31
 963 00a1 13       		.uleb128 0x13
 964 00a2 00       		.byte	0
 965 00a3 00       		.byte	0
 966 00a4 0D       		.uleb128 0xd
 967 00a5 2E       		.uleb128 0x2e
 968 00a6 01       		.byte	0x1
 969 00a7 3F       		.uleb128 0x3f
 970 00a8 19       		.uleb128 0x19
 971 00a9 03       		.uleb128 0x3
 972 00aa 0E       		.uleb128 0xe
 973 00ab 3A       		.uleb128 0x3a
 974 00ac 0B       		.uleb128 0xb
 975 00ad 3B       		.uleb128 0x3b
ARM GAS  C:\Users\744\AppData\Local\Temp\ccvdWTo3.s 			page 26


 976 00ae 05       		.uleb128 0x5
 977 00af 27       		.uleb128 0x27
 978 00b0 19       		.uleb128 0x19
 979 00b1 11       		.uleb128 0x11
 980 00b2 01       		.uleb128 0x1
 981 00b3 12       		.uleb128 0x12
 982 00b4 06       		.uleb128 0x6
 983 00b5 40       		.uleb128 0x40
 984 00b6 18       		.uleb128 0x18
 985 00b7 9742     		.uleb128 0x2117
 986 00b9 19       		.uleb128 0x19
 987 00ba 01       		.uleb128 0x1
 988 00bb 13       		.uleb128 0x13
 989 00bc 00       		.byte	0
 990 00bd 00       		.byte	0
 991 00be 0E       		.uleb128 0xe
 992 00bf 05       		.uleb128 0x5
 993 00c0 00       		.byte	0
 994 00c1 03       		.uleb128 0x3
 995 00c2 0E       		.uleb128 0xe
 996 00c3 3A       		.uleb128 0x3a
 997 00c4 0B       		.uleb128 0xb
 998 00c5 3B       		.uleb128 0x3b
 999 00c6 05       		.uleb128 0x5
 1000 00c7 49       		.uleb128 0x49
 1001 00c8 13       		.uleb128 0x13
 1002 00c9 02       		.uleb128 0x2
 1003 00ca 17       		.uleb128 0x17
 1004 00cb 00       		.byte	0
 1005 00cc 00       		.byte	0
 1006 00cd 0F       		.uleb128 0xf
 1007 00ce 34       		.uleb128 0x34
 1008 00cf 00       		.byte	0
 1009 00d0 03       		.uleb128 0x3
 1010 00d1 0E       		.uleb128 0xe
 1011 00d2 3A       		.uleb128 0x3a
 1012 00d3 0B       		.uleb128 0xb
 1013 00d4 3B       		.uleb128 0x3b
 1014 00d5 05       		.uleb128 0x5
 1015 00d6 49       		.uleb128 0x49
 1016 00d7 13       		.uleb128 0x13
 1017 00d8 02       		.uleb128 0x2
 1018 00d9 17       		.uleb128 0x17
 1019 00da 00       		.byte	0
 1020 00db 00       		.byte	0
 1021 00dc 10       		.uleb128 0x10
 1022 00dd 2E       		.uleb128 0x2e
 1023 00de 01       		.byte	0x1
 1024 00df 3F       		.uleb128 0x3f
 1025 00e0 19       		.uleb128 0x19
 1026 00e1 03       		.uleb128 0x3
 1027 00e2 0E       		.uleb128 0xe
 1028 00e3 3A       		.uleb128 0x3a
 1029 00e4 0B       		.uleb128 0xb
 1030 00e5 3B       		.uleb128 0x3b
 1031 00e6 05       		.uleb128 0x5
 1032 00e7 27       		.uleb128 0x27
ARM GAS  C:\Users\744\AppData\Local\Temp\ccvdWTo3.s 			page 27


 1033 00e8 19       		.uleb128 0x19
 1034 00e9 49       		.uleb128 0x49
 1035 00ea 13       		.uleb128 0x13
 1036 00eb 11       		.uleb128 0x11
 1037 00ec 01       		.uleb128 0x1
 1038 00ed 12       		.uleb128 0x12
 1039 00ee 06       		.uleb128 0x6
 1040 00ef 40       		.uleb128 0x40
 1041 00f0 18       		.uleb128 0x18
 1042 00f1 9742     		.uleb128 0x2117
 1043 00f3 19       		.uleb128 0x19
 1044 00f4 01       		.uleb128 0x1
 1045 00f5 13       		.uleb128 0x13
 1046 00f6 00       		.byte	0
 1047 00f7 00       		.byte	0
 1048 00f8 11       		.uleb128 0x11
 1049 00f9 2E       		.uleb128 0x2e
 1050 00fa 00       		.byte	0
 1051 00fb 3F       		.uleb128 0x3f
 1052 00fc 19       		.uleb128 0x19
 1053 00fd 03       		.uleb128 0x3
 1054 00fe 0E       		.uleb128 0xe
 1055 00ff 3A       		.uleb128 0x3a
 1056 0100 0B       		.uleb128 0xb
 1057 0101 3B       		.uleb128 0x3b
 1058 0102 0B       		.uleb128 0xb
 1059 0103 27       		.uleb128 0x27
 1060 0104 19       		.uleb128 0x19
 1061 0105 49       		.uleb128 0x49
 1062 0106 13       		.uleb128 0x13
 1063 0107 3C       		.uleb128 0x3c
 1064 0108 19       		.uleb128 0x19
 1065 0109 00       		.byte	0
 1066 010a 00       		.byte	0
 1067 010b 12       		.uleb128 0x12
 1068 010c 2E       		.uleb128 0x2e
 1069 010d 01       		.byte	0x1
 1070 010e 3F       		.uleb128 0x3f
 1071 010f 19       		.uleb128 0x19
 1072 0110 03       		.uleb128 0x3
 1073 0111 0E       		.uleb128 0xe
 1074 0112 3A       		.uleb128 0x3a
 1075 0113 0B       		.uleb128 0xb
 1076 0114 3B       		.uleb128 0x3b
 1077 0115 0B       		.uleb128 0xb
 1078 0116 27       		.uleb128 0x27
 1079 0117 19       		.uleb128 0x19
 1080 0118 3C       		.uleb128 0x3c
 1081 0119 19       		.uleb128 0x19
 1082 011a 01       		.uleb128 0x1
 1083 011b 13       		.uleb128 0x13
 1084 011c 00       		.byte	0
 1085 011d 00       		.byte	0
 1086 011e 13       		.uleb128 0x13
 1087 011f 05       		.uleb128 0x5
 1088 0120 00       		.byte	0
 1089 0121 49       		.uleb128 0x49
ARM GAS  C:\Users\744\AppData\Local\Temp\ccvdWTo3.s 			page 28


 1090 0122 13       		.uleb128 0x13
 1091 0123 00       		.byte	0
 1092 0124 00       		.byte	0
 1093 0125 14       		.uleb128 0x14
 1094 0126 2E       		.uleb128 0x2e
 1095 0127 01       		.byte	0x1
 1096 0128 3F       		.uleb128 0x3f
 1097 0129 19       		.uleb128 0x19
 1098 012a 03       		.uleb128 0x3
 1099 012b 0E       		.uleb128 0xe
 1100 012c 3A       		.uleb128 0x3a
 1101 012d 0B       		.uleb128 0xb
 1102 012e 3B       		.uleb128 0x3b
 1103 012f 0B       		.uleb128 0xb
 1104 0130 27       		.uleb128 0x27
 1105 0131 19       		.uleb128 0x19
 1106 0132 3C       		.uleb128 0x3c
 1107 0133 19       		.uleb128 0x19
 1108 0134 00       		.byte	0
 1109 0135 00       		.byte	0
 1110 0136 00       		.byte	0
 1111              		.section	.debug_loc,"",%progbits
 1112              	.Ldebug_loc0:
 1113              	.LLST0:
 1114 0000 06000000 		.4byte	.LVL0
 1115 0004 15000000 		.4byte	.LVL1-1
 1116 0008 0100     		.2byte	0x1
 1117 000a 50       		.byte	0x50
 1118 000b 00000000 		.4byte	0
 1119 000f 00000000 		.4byte	0
 1120              	.LLST1:
 1121 0013 0A000000 		.4byte	.LVL3
 1122 0017 54000000 		.4byte	.LVL6
 1123 001b 0100     		.2byte	0x1
 1124 001d 54       		.byte	0x54
 1125 001e 00000000 		.4byte	0
 1126 0022 00000000 		.4byte	0
 1127              	.LLST2:
 1128 0026 06000000 		.4byte	.LVL7
 1129 002a 39000000 		.4byte	.LVL8-1
 1130 002e 0100     		.2byte	0x1
 1131 0030 50       		.byte	0x50
 1132 0031 00000000 		.4byte	0
 1133 0035 00000000 		.4byte	0
 1134              	.LLST3:
 1135 0039 00000000 		.4byte	.LVL9
 1136 003d 07000000 		.4byte	.LVL10-1
 1137 0041 0100     		.2byte	0x1
 1138 0043 50       		.byte	0x50
 1139 0044 07000000 		.4byte	.LVL10-1
 1140 0048 28000000 		.4byte	.LVL12
 1141 004c 0100     		.2byte	0x1
 1142 004e 54       		.byte	0x54
 1143 004f 28000000 		.4byte	.LVL12
 1144 0053 34000000 		.4byte	.LFE4
 1145 0057 0400     		.2byte	0x4
 1146 0059 F3       		.byte	0xf3
ARM GAS  C:\Users\744\AppData\Local\Temp\ccvdWTo3.s 			page 29


 1147 005a 01       		.uleb128 0x1
 1148 005b 50       		.byte	0x50
 1149 005c 9F       		.byte	0x9f
 1150 005d 00000000 		.4byte	0
 1151 0061 00000000 		.4byte	0
 1152              	.LLST4:
 1153 0065 08000000 		.4byte	.LVL10
 1154 0069 27000000 		.4byte	.LVL11-1
 1155 006d 0100     		.2byte	0x1
 1156 006f 50       		.byte	0x50
 1157 0070 00000000 		.4byte	0
 1158 0074 00000000 		.4byte	0
 1159              	.LLST5:
 1160 0078 00000000 		.4byte	.LVL13
 1161 007c 18000000 		.4byte	.LVL14
 1162 0080 0200     		.2byte	0x2
 1163 0082 30       		.byte	0x30
 1164 0083 9F       		.byte	0x9f
 1165 0084 18000000 		.4byte	.LVL14
 1166 0088 1C000000 		.4byte	.LVL15
 1167 008c 0200     		.2byte	0x2
 1168 008e 32       		.byte	0x32
 1169 008f 9F       		.byte	0x9f
 1170 0090 1C000000 		.4byte	.LVL15
 1171 0094 20000000 		.4byte	.LVL16
 1172 0098 0200     		.2byte	0x2
 1173 009a 33       		.byte	0x33
 1174 009b 9F       		.byte	0x9f
 1175 009c 20000000 		.4byte	.LVL16
 1176 00a0 22000000 		.4byte	.LVL17
 1177 00a4 0200     		.2byte	0x2
 1178 00a6 30       		.byte	0x30
 1179 00a7 9F       		.byte	0x9f
 1180 00a8 22000000 		.4byte	.LVL17
 1181 00ac 28000000 		.4byte	.LFE5
 1182 00b0 0100     		.2byte	0x1
 1183 00b2 50       		.byte	0x50
 1184 00b3 00000000 		.4byte	0
 1185 00b7 00000000 		.4byte	0
 1186              	.LLST6:
 1187 00bb 06000000 		.4byte	.LVL18
 1188 00bf 27000000 		.4byte	.LVL19-1
 1189 00c3 0100     		.2byte	0x1
 1190 00c5 50       		.byte	0x50
 1191 00c6 00000000 		.4byte	0
 1192 00ca 00000000 		.4byte	0
 1193              	.LLST7:
 1194 00ce 06000000 		.4byte	.LVL22
 1195 00d2 23000000 		.4byte	.LVL23-1
 1196 00d6 0100     		.2byte	0x1
 1197 00d8 50       		.byte	0x50
 1198 00d9 00000000 		.4byte	0
 1199 00dd 00000000 		.4byte	0
 1200              		.section	.debug_aranges,"",%progbits
 1201 0000 54000000 		.4byte	0x54
 1202 0004 0200     		.2byte	0x2
 1203 0006 00000000 		.4byte	.Ldebug_info0
ARM GAS  C:\Users\744\AppData\Local\Temp\ccvdWTo3.s 			page 30


 1204 000a 04       		.byte	0x4
 1205 000b 00       		.byte	0
 1206 000c 0000     		.2byte	0
 1207 000e 0000     		.2byte	0
 1208 0010 00000000 		.4byte	.LFB0
 1209 0014 1C000000 		.4byte	.LFE0-.LFB0
 1210 0018 00000000 		.4byte	.LFB1
 1211 001c 6C000000 		.4byte	.LFE1-.LFB1
 1212 0020 00000000 		.4byte	.LFB2
 1213 0024 50000000 		.4byte	.LFE2-.LFB2
 1214 0028 00000000 		.4byte	.LFB4
 1215 002c 34000000 		.4byte	.LFE4-.LFB4
 1216 0030 00000000 		.4byte	.LFB5
 1217 0034 28000000 		.4byte	.LFE5-.LFB5
 1218 0038 00000000 		.4byte	.LFB6
 1219 003c 38000000 		.4byte	.LFE6-.LFB6
 1220 0040 00000000 		.4byte	.LFB3
 1221 0044 30000000 		.4byte	.LFE3-.LFB3
 1222 0048 00000000 		.4byte	.LFB7
 1223 004c 30000000 		.4byte	.LFE7-.LFB7
 1224 0050 00000000 		.4byte	0
 1225 0054 00000000 		.4byte	0
 1226              		.section	.debug_ranges,"",%progbits
 1227              	.Ldebug_ranges0:
 1228 0000 00000000 		.4byte	.LFB0
 1229 0004 1C000000 		.4byte	.LFE0
 1230 0008 00000000 		.4byte	.LFB1
 1231 000c 6C000000 		.4byte	.LFE1
 1232 0010 00000000 		.4byte	.LFB2
 1233 0014 50000000 		.4byte	.LFE2
 1234 0018 00000000 		.4byte	.LFB4
 1235 001c 34000000 		.4byte	.LFE4
 1236 0020 00000000 		.4byte	.LFB5
 1237 0024 28000000 		.4byte	.LFE5
 1238 0028 00000000 		.4byte	.LFB6
 1239 002c 38000000 		.4byte	.LFE6
 1240 0030 00000000 		.4byte	.LFB3
 1241 0034 30000000 		.4byte	.LFE3
 1242 0038 00000000 		.4byte	.LFB7
 1243 003c 30000000 		.4byte	.LFE7
 1244 0040 00000000 		.4byte	0
 1245 0044 00000000 		.4byte	0
 1246              		.section	.debug_line,"",%progbits
 1247              	.Ldebug_line0:
 1248 0000 29010000 		.section	.debug_str,"MS",%progbits,1
 1248      02004E00 
 1248      00000201 
 1248      FB0E0D00 
 1248      01010101 
 1249              	.LASF15:
 1250 0000 72656731 		.ascii	"reg16\000"
 1250      3600
 1251              	.LASF16:
 1252 0006 72656733 		.ascii	"reg32\000"
 1252      3200
 1253              	.LASF23:
 1254 000c 43795379 		.ascii	"CySysPmSetWakeupPolarity\000"
ARM GAS  C:\Users\744\AppData\Local\Temp\ccvdWTo3.s 			page 31


 1254      73506D53 
 1254      65745761 
 1254      6B657570 
 1254      506F6C61 
 1255              	.LASF18:
 1256 0025 43795379 		.ascii	"CySysPmSleep\000"
 1256      73506D53 
 1256      6C656570 
 1256      00
 1257              	.LASF3:
 1258 0032 73686F72 		.ascii	"short unsigned int\000"
 1258      7420756E 
 1258      7369676E 
 1258      65642069 
 1258      6E7400
 1259              	.LASF22:
 1260 0045 43795379 		.ascii	"CySysPmHibernate\000"
 1260      73506D48 
 1260      69626572 
 1260      6E617465 
 1260      00
 1261              	.LASF12:
 1262 0056 666C6F61 		.ascii	"float\000"
 1262      7400
 1263              	.LASF7:
 1264 005c 6C6F6E67 		.ascii	"long long unsigned int\000"
 1264      206C6F6E 
 1264      6720756E 
 1264      7369676E 
 1264      65642069 
 1265              	.LASF1:
 1266 0073 756E7369 		.ascii	"unsigned char\000"
 1266      676E6564 
 1266      20636861 
 1266      7200
 1267              	.LASF20:
 1268 0081 696E7465 		.ascii	"interruptState\000"
 1268      72727570 
 1268      74537461 
 1268      746500
 1269              	.LASF5:
 1270 0090 6C6F6E67 		.ascii	"long unsigned int\000"
 1270      20756E73 
 1270      69676E65 
 1270      6420696E 
 1270      7400
 1271              	.LASF9:
 1272 00a2 75696E74 		.ascii	"uint8\000"
 1272      3800
 1273              	.LASF26:
 1274 00a8 43795379 		.ascii	"CySysPmStop\000"
 1274      73506D53 
 1274      746F7000 
 1275              	.LASF13:
 1276 00b4 646F7562 		.ascii	"double\000"
 1276      6C6500
 1277              	.LASF27:
ARM GAS  C:\Users\744\AppData\Local\Temp\ccvdWTo3.s 			page 32


 1278 00bb 43795379 		.ascii	"CySysPmUnfreezeIo\000"
 1278      73506D55 
 1278      6E667265 
 1278      657A6549 
 1278      6F00
 1279              	.LASF10:
 1280 00cd 75696E74 		.ascii	"uint16\000"
 1280      313600
 1281              	.LASF30:
 1282 00d4 453A5C37 		.ascii	"E:\\744\\psoc\\BuzzerControlviaCapSense\\bzz.cydsn\000"
 1282      34345C70 
 1282      736F635C 
 1282      42757A7A 
 1282      6572436F 
 1283              	.LASF11:
 1284 0103 75696E74 		.ascii	"uint32\000"
 1284      333200
 1285              	.LASF33:
 1286 010a 4379456E 		.ascii	"CyEnterCriticalSection\000"
 1286      74657243 
 1286      72697469 
 1286      63616C53 
 1286      65637469 
 1287              	.LASF8:
 1288 0121 756E7369 		.ascii	"unsigned int\000"
 1288      676E6564 
 1288      20696E74 
 1288      00
 1289              	.LASF34:
 1290 012e 43794578 		.ascii	"CyExitCriticalSection\000"
 1290      69744372 
 1290      69746963 
 1290      616C5365 
 1290      6374696F 
 1291              	.LASF35:
 1292 0144 43795379 		.ascii	"CySysClkWriteSysclkDiv\000"
 1292      73436C6B 
 1292      57726974 
 1292      65537973 
 1292      636C6B44 
 1293              	.LASF24:
 1294 015b 72656173 		.ascii	"reason\000"
 1294      6F6E00
 1295              	.LASF31:
 1296 0162 706F6C61 		.ascii	"polarity\000"
 1296      72697479 
 1296      00
 1297              	.LASF32:
 1298 016b 43795379 		.ascii	"CySysPmGetResetReason\000"
 1298      73506D47 
 1298      65745265 
 1298      73657452 
 1298      6561736F 
 1299              	.LASF17:
 1300 0181 73697A65 		.ascii	"sizetype\000"
 1300      74797065 
 1300      00
ARM GAS  C:\Users\744\AppData\Local\Temp\ccvdWTo3.s 			page 33


 1301              	.LASF6:
 1302 018a 6C6F6E67 		.ascii	"long long int\000"
 1302      206C6F6E 
 1302      6720696E 
 1302      7400
 1303              	.LASF14:
 1304 0198 63686172 		.ascii	"char\000"
 1304      00
 1305              	.LASF21:
 1306 019d 636C6B53 		.ascii	"clkSelectReg\000"
 1306      656C6563 
 1306      74526567 
 1306      00
 1307              	.LASF28:
 1308 01aa 474E5520 		.ascii	"GNU C 4.9.3 20150303 (release) [ARM/embedded-4_9-br"
 1308      4320342E 
 1308      392E3320 
 1308      32303135 
 1308      30333033 
 1309 01dd 616E6368 		.ascii	"anch revision 221220] -mcpu=cortex-m0 -mthumb -g -O"
 1309      20726576 
 1309      6973696F 
 1309      6E203232 
 1309      31323230 
 1310 0210 67202D66 		.ascii	"g -ffunction-sections -ffat-lto-objects\000"
 1310      66756E63 
 1310      74696F6E 
 1310      2D736563 
 1310      74696F6E 
 1311              	.LASF29:
 1312 0238 2E5C4765 		.ascii	".\\Generated_Source\\PSoC4\\cyPm.c\000"
 1312      6E657261 
 1312      7465645F 
 1312      536F7572 
 1312      63655C50 
 1313              	.LASF2:
 1314 0258 73686F72 		.ascii	"short int\000"
 1314      7420696E 
 1314      7400
 1315              	.LASF19:
 1316 0262 43795379 		.ascii	"CySysPmDeepSleep\000"
 1316      73506D44 
 1316      65657053 
 1316      6C656570 
 1316      00
 1317              	.LASF4:
 1318 0273 6C6F6E67 		.ascii	"long int\000"
 1318      20696E74 
 1318      00
 1319              	.LASF0:
 1320 027c 7369676E 		.ascii	"signed char\000"
 1320      65642063 
 1320      68617200 
 1321              	.LASF25:
 1322 0288 43795379 		.ascii	"CySysPmFreezeIo\000"
 1322      73506D46 
 1322      7265657A 
ARM GAS  C:\Users\744\AppData\Local\Temp\ccvdWTo3.s 			page 34


 1322      65496F00 
 1323              		.ident	"GCC: (GNU Tools for ARM Embedded Processors) 4.9.3 20150303 (release) [ARM/embedded-4_9-br
