Loading plugins phase: Elapsed time ==> 0s.391ms
Initializing data phase: Elapsed time ==> 0s.000ms
<CYPRESSTAG name="CyDsfit arguments...">
cydsfit arguments: -.fdsnotice -.fdswarpdepfile=warp_dependencies.txt -.fdselabdepfile=elab_dependencies.txt -.fdsbldfile=generated_files.txt -p C:\Users\IEUser\PSoC4_Projects\Security system\Security_system.cydsn\Security_system.cyprj -d CY8C4245AXI-483 -s C:\Users\IEUser\PSoC4_Projects\Security system\Security_system.cydsn\Generated_Source\PSoC4 -- -yv2 -q10 -ygs -o2 -v3 -.fftcfgtype=LE</CYPRESSTAG>
<CYPRESSTAG name="Design elaboration results...">
</CYPRESSTAG>
Elaboration phase: Elapsed time ==> 2s.847ms
<CYPRESSTAG name="HDL generation results...">
</CYPRESSTAG>
HDL generation phase: Elapsed time ==> 0s.140ms
<CYPRESSTAG name="Synthesis results...">

     | | | | | | |
   _________________
  -|               |-
  -|               |-
  -|               |-
  -|    CYPRESS    |-
  -|               |-
  -|               |-   Warp Verilog Synthesis Compiler: Version 6.3 IR 41
  -|               |-   Copyright (C) 1991-2001 Cypress Semiconductor
   |_______________|
     | | | | | | |

======================================================================
Compiling:  Security_system.v
Program  :   C:\Program Files\Cypress\PSoC Creator\3.3\PSoC Creator\warp\bin/warp.exe
Options  :    -yv2 -q10 -ygs -o2 -v3 -.fftcfgtype=LE -ya -.fftprj=C:\Users\IEUser\PSoC4_Projects\Security system\Security_system.cydsn\Security_system.cyprj -dcpsoc3 Security_system.v -verilog
======================================================================

======================================================================
Compiling:  Security_system.v
Program  :   C:\Program Files\Cypress\PSoC Creator\3.3\PSoC Creator\warp\bin/warp.exe
Options  :    -yv2 -q10 -ygs -o2 -v3 -.fftcfgtype=LE -ya -.fftprj=C:\Users\IEUser\PSoC4_Projects\Security system\Security_system.cydsn\Security_system.cyprj -dcpsoc3 Security_system.v -verilog
======================================================================

======================================================================
Compiling:  Security_system.v
Program  :   vlogfe
Options  :    -yv2 -q10 -ygs -o2 -v3 -.fftcfgtype=LE -ya -.fftprj=C:\Users\IEUser\PSoC4_Projects\Security system\Security_system.cydsn\Security_system.cyprj -dcpsoc3 -verilog Security_system.v
======================================================================

vlogfe V6.3 IR 41:  Verilog parser
Thu Jun 09 13:19:38 2016


======================================================================
Compiling:  Security_system.v
Program  :   vpp
Options  :    -yv2 -q10 Security_system.v
======================================================================

vpp V6.3 IR 41:  Verilog Pre-Processor
Thu Jun 09 13:19:38 2016

Flattening file 'C:\Program Files\Cypress\PSoC Creator\3.3\PSoC Creator\psoc\content\cycomponentlibrary\CyComponentLibrary.cylib\B_Timer_v2_70\B_Timer_v2_70.v'
Flattening file 'C:\Program Files\Cypress\PSoC Creator\3.3\PSoC Creator\warp\lib\common\cypress.v'
Flattening file 'C:\Program Files\Cypress\PSoC Creator\3.3\PSoC Creator\warp\lib\common\cy_psoc3_inc.v'
Flattening file 'C:\Program Files\Cypress\PSoC Creator\3.3\PSoC Creator\psoc\content\cyprimitives\CyPrimitives.cylib\ZeroTerminal\ZeroTerminal.v'
Flattening file 'C:\Program Files\Cypress\PSoC Creator\3.3\PSoC Creator\psoc\content\cyprimitives\CyPrimitives.cylib\cy_virtualmux_v1_0\cy_virtualmux_v1_0.v'
Flattening file 'C:\Program Files\Cypress\PSoC Creator\3.3\PSoC Creator\psoc\content\cyprimitives\CyPrimitives.cylib\or_v1_0\or_v1_0.v'

vpp:  No errors.

Library 'work' => directory 'lcpsoc3'
General_symbol_table
General_symbol_table
Linking 'C:\Program Files\Cypress\PSoC Creator\3.3\PSoC Creator\warp\lib\common\std.vhd'.
Linking 'C:\Program Files\Cypress\PSoC Creator\3.3\PSoC Creator\warp\lib\common\cypress.vhd'.
Linking 'C:\Program Files\Cypress\PSoC Creator\3.3\PSoC Creator\warp\lib\common\work\cypress.vif'.
Linking 'C:\Program Files\Cypress\PSoC Creator\3.3\PSoC Creator\warp\lib\ieee\work\stdlogic.vif'.
Linking 'C:\Program Files\Cypress\PSoC Creator\3.3\PSoC Creator\warp\lib\common\stdlogic\lpmpkg.vif'.
Linking 'C:\Program Files\Cypress\PSoC Creator\3.3\PSoC Creator\warp\lib\common\stdlogic\rtlpkg.vif'.
Linking 'C:\Program Files\Cypress\PSoC Creator\3.3\PSoC Creator\warp\lib\common\stdlogic\mod_cnst.vif'.
Linking 'C:\Program Files\Cypress\PSoC Creator\3.3\PSoC Creator\warp\lib\common\stdlogic\mod_mthv.vif'.
Linking 'C:\Program Files\Cypress\PSoC Creator\3.3\PSoC Creator\warp\lib\common\stdlogic\mod_genv.vif'.
Using control file 'Security_system.ctl'.
C:\Program Files\Cypress\PSoC Creator\3.3\PSoC Creator\psoc\content\cycomponentlibrary\CyComponentLibrary.cylib\B_Timer_v2_70\B_Timer_v2_70.v (line 368, col 46):  Note: Substituting module 'cmp_vv_vv' for '='.
C:\Program Files\Cypress\PSoC Creator\3.3\PSoC Creator\psoc\content\cycomponentlibrary\CyComponentLibrary.cylib\B_Timer_v2_70\B_Timer_v2_70.v (line 374, col 62):  Note: Substituting module 'add_vv_vv' for '+'.
Linking 'C:\Program Files\Cypress\PSoC Creator\3.3\PSoC Creator\warp\lib\common\stdlogic\cy_psoc3pkg.vif'.
Linking 'C:\Program Files\Cypress\PSoC Creator\3.3\PSoC Creator\warp\lib\common\stdlogic\cy_psoc3.vif'.

vlogfe:  No errors.


======================================================================
Compiling:  Security_system.v
Program  :   tovif
Options  :    -yv2 -q10 -ygs -o2 -v3 -.fftcfgtype=LE -ya -.fftprj=C:\Users\IEUser\PSoC4_Projects\Security system\Security_system.cydsn\Security_system.cyprj -dcpsoc3 -verilog Security_system.v
======================================================================

tovif V6.3 IR 41:  High-level synthesis
Thu Jun 09 13:19:38 2016

Linking 'C:\Program Files\Cypress\PSoC Creator\3.3\PSoC Creator\warp\lib\common\std.vhd'.
Linking 'C:\Program Files\Cypress\PSoC Creator\3.3\PSoC Creator\warp\lib\common\cypress.vhd'.
Linking 'C:\Program Files\Cypress\PSoC Creator\3.3\PSoC Creator\warp\lib\common\work\cypress.vif'.
Linking 'C:\Program Files\Cypress\PSoC Creator\3.3\PSoC Creator\warp\lib\ieee\work\stdlogic.vif'.
Linking 'C:\Program Files\Cypress\PSoC Creator\3.3\PSoC Creator\warp\lib\common\stdlogic\lpmpkg.vif'.
Linking 'C:\Program Files\Cypress\PSoC Creator\3.3\PSoC Creator\warp\lib\common\stdlogic\rtlpkg.vif'.
Linking 'C:\Program Files\Cypress\PSoC Creator\3.3\PSoC Creator\warp\lib\common\stdlogic\mod_cnst.vif'.
Linking 'C:\Program Files\Cypress\PSoC Creator\3.3\PSoC Creator\warp\lib\common\stdlogic\mod_mthv.vif'.
Linking 'C:\Program Files\Cypress\PSoC Creator\3.3\PSoC Creator\warp\lib\common\stdlogic\mod_genv.vif'.
Linking 'C:\Users\IEUser\PSoC4_Projects\Security system\Security_system.cydsn\codegentemp\Security_system.ctl'.
Linking 'C:\Program Files\Cypress\PSoC Creator\3.3\PSoC Creator\psoc\content\cycomponentlibrary\CyComponentLibrary.cylib\B_Timer_v2_70\B_Timer_v2_70.v'.
Linking 'C:\Program Files\Cypress\PSoC Creator\3.3\PSoC Creator\warp\lib\common\cypress.v'.
Linking 'C:\Program Files\Cypress\PSoC Creator\3.3\PSoC Creator\warp\lib\common\cy_psoc3_inc.v'.
Linking 'C:\Users\IEUser\PSoC4_Projects\Security system\Security_system.cydsn\codegentemp\Security_system.v'.
Linking 'C:\Program Files\Cypress\PSoC Creator\3.3\PSoC Creator\psoc\content\cyprimitives\CyPrimitives.cylib\ZeroTerminal\ZeroTerminal.v'.
Linking 'C:\Program Files\Cypress\PSoC Creator\3.3\PSoC Creator\psoc\content\cyprimitives\CyPrimitives.cylib\cy_virtualmux_v1_0\cy_virtualmux_v1_0.v'.
Linking 'C:\Program Files\Cypress\PSoC Creator\3.3\PSoC Creator\psoc\content\cyprimitives\CyPrimitives.cylib\or_v1_0\or_v1_0.v'.
Linking 'C:\Program Files\Cypress\PSoC Creator\3.3\PSoC Creator\warp\lib\common\stdlogic\cy_psoc3pkg.vif'.
Linking 'C:\Program Files\Cypress\PSoC Creator\3.3\PSoC Creator\warp\lib\common\stdlogic\cy_psoc3.vif'.

tovif:  No errors.


======================================================================
Compiling:  Security_system.v
Program  :   topld
Options  :    -yv2 -q10 -ygs -o2 -v3 -.fftcfgtype=LE -ya -.fftprj=C:\Users\IEUser\PSoC4_Projects\Security system\Security_system.cydsn\Security_system.cyprj -dcpsoc3 -verilog Security_system.v
======================================================================

topld V6.3 IR 41:  Synthesis and optimization
Thu Jun 09 13:19:39 2016

Linking 'C:\Program Files\Cypress\PSoC Creator\3.3\PSoC Creator\warp\lib\common\std.vhd'.
Linking 'C:\Program Files\Cypress\PSoC Creator\3.3\PSoC Creator\warp\lib\common\cypress.vhd'.
Linking 'C:\Program Files\Cypress\PSoC Creator\3.3\PSoC Creator\warp\lib\common\work\cypress.vif'.
Linking 'C:\Program Files\Cypress\PSoC Creator\3.3\PSoC Creator\warp\lib\ieee\work\stdlogic.vif'.
Linking 'C:\Program Files\Cypress\PSoC Creator\3.3\PSoC Creator\warp\lib\common\stdlogic\lpmpkg.vif'.
Linking 'C:\Program Files\Cypress\PSoC Creator\3.3\PSoC Creator\warp\lib\common\stdlogic\rtlpkg.vif'.
Linking 'C:\Program Files\Cypress\PSoC Creator\3.3\PSoC Creator\warp\lib\common\stdlogic\mod_cnst.vif'.
Linking 'C:\Program Files\Cypress\PSoC Creator\3.3\PSoC Creator\warp\lib\common\stdlogic\mod_mthv.vif'.
Linking 'C:\Program Files\Cypress\PSoC Creator\3.3\PSoC Creator\warp\lib\common\stdlogic\mod_genv.vif'.
Linking 'C:\Users\IEUser\PSoC4_Projects\Security system\Security_system.cydsn\codegentemp\Security_system.ctl'.
Linking 'C:\Program Files\Cypress\PSoC Creator\3.3\PSoC Creator\psoc\content\cycomponentlibrary\CyComponentLibrary.cylib\B_Timer_v2_70\B_Timer_v2_70.v'.
Linking 'C:\Program Files\Cypress\PSoC Creator\3.3\PSoC Creator\warp\lib\common\cypress.v'.
Linking 'C:\Program Files\Cypress\PSoC Creator\3.3\PSoC Creator\warp\lib\common\cy_psoc3_inc.v'.
Linking 'C:\Users\IEUser\PSoC4_Projects\Security system\Security_system.cydsn\codegentemp\Security_system.v'.
Linking 'C:\Program Files\Cypress\PSoC Creator\3.3\PSoC Creator\psoc\content\cyprimitives\CyPrimitives.cylib\ZeroTerminal\ZeroTerminal.v'.
Linking 'C:\Program Files\Cypress\PSoC Creator\3.3\PSoC Creator\psoc\content\cyprimitives\CyPrimitives.cylib\cy_virtualmux_v1_0\cy_virtualmux_v1_0.v'.
Linking 'C:\Program Files\Cypress\PSoC Creator\3.3\PSoC Creator\psoc\content\cyprimitives\CyPrimitives.cylib\or_v1_0\or_v1_0.v'.
Linking 'C:\Program Files\Cypress\PSoC Creator\3.3\PSoC Creator\warp\lib\common\stdlogic\cy_psoc3pkg.vif'.
Linking 'C:\Program Files\Cypress\PSoC Creator\3.3\PSoC Creator\warp\lib\common\stdlogic\cy_psoc3.vif'.
Linking 'C:\Program Files\Cypress\PSoC Creator\3.3\PSoC Creator\warp\lib\lcpsoc3\stdlogic\cpsoc3.vif'.

----------------------------------------------------------
Detecting unused logic.
----------------------------------------------------------
    User names
	\Debounce_Timer:TimerUDB:ctrl_ten\
	\Debounce_Timer:TimerUDB:ctrl_cmode_0\
	\Debounce_Timer:TimerUDB:ctrl_tmode_1\
	\Debounce_Timer:TimerUDB:ctrl_tmode_0\
	\Debounce_Timer:TimerUDB:ctrl_ic_1\
	\Debounce_Timer:TimerUDB:ctrl_ic_0\
	Net_153
	\Debounce_Timer:TimerUDB:zeros_3\
	\I2C:Net_1257\
	\I2C:uncfg_rx_irq\
	\I2C:Net_1099\
	\I2C:Net_1258\
	\I2C:Net_547\
	\I2C:Net_891\
	\I2C:Net_1001\
	\I2C:Net_899\
	\UART:Net_452\
	\UART:Net_1257\
	\UART:uncfg_rx_irq\
	\UART:Net_1099\
	\UART:Net_1258\
	\UART:Net_547\
	\UART:Net_891\
	\UART:Net_1001\
	\UART:Net_899\
	\Alarm_Timer:TimerUDB:ctrl_ten\
	\Alarm_Timer:TimerUDB:ctrl_cmode_0\
	\Alarm_Timer:TimerUDB:ctrl_tmode_1\
	\Alarm_Timer:TimerUDB:ctrl_tmode_0\
	\Alarm_Timer:TimerUDB:ctrl_ic_1\
	\Alarm_Timer:TimerUDB:ctrl_ic_0\
	Net_190


Deleted 32 User equations/components.
Deleted 0 Synthesized equations/components.

------------------------------------------------------
Alias Detection
------------------------------------------------------
Aliasing tmpOE__KBD_ROWPins_net_2 to tmpOE__KBD_ROWPins_net_3
Aliasing tmpOE__KBD_ROWPins_net_1 to tmpOE__KBD_ROWPins_net_3
Aliasing tmpOE__KBD_ROWPins_net_0 to tmpOE__KBD_ROWPins_net_3
Aliasing one to tmpOE__KBD_ROWPins_net_3
Aliasing \Debounce_Timer:TimerUDB:ctrl_cmode_1\ to zero
Aliasing \Debounce_Timer:TimerUDB:trigger_enable\ to tmpOE__KBD_ROWPins_net_3
Aliasing \Debounce_Timer:TimerUDB:status_6\ to zero
Aliasing \Debounce_Timer:TimerUDB:status_5\ to zero
Aliasing \Debounce_Timer:TimerUDB:status_4\ to zero
Aliasing \Debounce_Timer:TimerUDB:status_0\ to \Debounce_Timer:TimerUDB:tc_i\
Aliasing Net_2496 to zero
Aliasing tmpOE__KBD_COLPins_net_2 to tmpOE__KBD_ROWPins_net_3
Aliasing tmpOE__KBD_COLPins_net_1 to tmpOE__KBD_ROWPins_net_3
Aliasing tmpOE__KBD_COLPins_net_0 to tmpOE__KBD_ROWPins_net_3
Aliasing tmpOE__Kitchen_PIR_net_0 to tmpOE__KBD_ROWPins_net_3
Aliasing \I2C:Net_459\ to zero
Aliasing \I2C:Net_452\ to zero
Aliasing \I2C:Net_1194\ to zero
Aliasing \I2C:Net_1195\ to zero
Aliasing \I2C:Net_1196\ to zero
Aliasing \I2C:tmpOE__sda_net_0\ to tmpOE__KBD_ROWPins_net_3
Aliasing \I2C:tmpOE__scl_net_0\ to tmpOE__KBD_ROWPins_net_3
Aliasing \I2C:Net_747\ to zero
Aliasing \UART:Net_459\ to zero
Aliasing \UART:Net_1194\ to zero
Aliasing \UART:Net_1195\ to zero
Aliasing \UART:Net_1196\ to zero
Aliasing \UART:tmpOE__rx_net_0\ to tmpOE__KBD_ROWPins_net_3
Aliasing \UART:Net_747\ to zero
Aliasing Net_87 to zero
Aliasing \Alarm_Timer:TimerUDB:ctrl_cmode_1\ to zero
Aliasing \Alarm_Timer:TimerUDB:trigger_enable\ to tmpOE__KBD_ROWPins_net_3
Aliasing \Alarm_Timer:TimerUDB:status_6\ to zero
Aliasing \Alarm_Timer:TimerUDB:status_5\ to zero
Aliasing \Alarm_Timer:TimerUDB:status_4\ to zero
Aliasing \Alarm_Timer:TimerUDB:status_0\ to \Alarm_Timer:TimerUDB:tc_i\
Aliasing tmpOE__Buzzer_net_0 to tmpOE__KBD_ROWPins_net_3
Aliasing tmpOE__Hall_PIR_net_0 to tmpOE__KBD_ROWPins_net_3
Aliasing tmpOE__Bedroom_PIR_net_0 to tmpOE__KBD_ROWPins_net_3
Aliasing tmpOE__Guestroom_PIR_net_0 to tmpOE__KBD_ROWPins_net_3
Aliasing tmpOE__Front_door_net_0 to tmpOE__KBD_ROWPins_net_3
Aliasing tmpOE__Back_door_net_0 to tmpOE__KBD_ROWPins_net_3
Aliasing \Debounce_Timer:TimerUDB:capture_last\\D\ to zero
Aliasing \Debounce_Timer:TimerUDB:hwEnable_reg\\D\ to \Debounce_Timer:TimerUDB:run_mode\
Aliasing \Debounce_Timer:TimerUDB:capture_out_reg_i\\D\ to \Debounce_Timer:TimerUDB:capt_fifo_load_int\
Aliasing \Alarm_Timer:TimerUDB:capture_last\\D\ to zero
Aliasing \Alarm_Timer:TimerUDB:hwEnable_reg\\D\ to \Alarm_Timer:TimerUDB:run_mode\
Aliasing \Alarm_Timer:TimerUDB:capture_out_reg_i\\D\ to \Alarm_Timer:TimerUDB:capt_fifo_load_int\
Removing Lhs of wire tmpOE__KBD_ROWPins_net_2[2] = tmpOE__KBD_ROWPins_net_3[1]
Removing Lhs of wire tmpOE__KBD_ROWPins_net_1[3] = tmpOE__KBD_ROWPins_net_3[1]
Removing Lhs of wire tmpOE__KBD_ROWPins_net_0[4] = tmpOE__KBD_ROWPins_net_3[1]
Removing Lhs of wire one[15] = tmpOE__KBD_ROWPins_net_3[1]
Removing Lhs of wire \Debounce_Timer:TimerUDB:ctrl_enable\[31] = \Debounce_Timer:TimerUDB:control_7\[23]
Removing Lhs of wire \Debounce_Timer:TimerUDB:ctrl_cmode_1\[33] = zero[5]
Removing Rhs of wire \Debounce_Timer:TimerUDB:timer_enable\[42] = \Debounce_Timer:TimerUDB:runmode_enable\[55]
Removing Rhs of wire \Debounce_Timer:TimerUDB:run_mode\[43] = \Debounce_Timer:TimerUDB:hwEnable\[44]
Removing Lhs of wire \Debounce_Timer:TimerUDB:run_mode\[43] = \Debounce_Timer:TimerUDB:control_7\[23]
Removing Lhs of wire \Debounce_Timer:TimerUDB:trigger_enable\[46] = tmpOE__KBD_ROWPins_net_3[1]
Removing Lhs of wire \Debounce_Timer:TimerUDB:tc_i\[48] = \Debounce_Timer:TimerUDB:status_tc\[45]
Removing Rhs of wire Net_10[51] = \Debounce_Timer:TimerUDB:tc_reg_i\[49]
Removing Lhs of wire \Debounce_Timer:TimerUDB:capt_fifo_load_int\[54] = \Debounce_Timer:TimerUDB:capt_fifo_load\[41]
Removing Lhs of wire \Debounce_Timer:TimerUDB:status_6\[57] = zero[5]
Removing Lhs of wire \Debounce_Timer:TimerUDB:status_5\[58] = zero[5]
Removing Lhs of wire \Debounce_Timer:TimerUDB:status_4\[59] = zero[5]
Removing Lhs of wire \Debounce_Timer:TimerUDB:status_0\[60] = \Debounce_Timer:TimerUDB:status_tc\[45]
Removing Lhs of wire \Debounce_Timer:TimerUDB:status_1\[61] = \Debounce_Timer:TimerUDB:capt_fifo_load\[41]
Removing Rhs of wire \Debounce_Timer:TimerUDB:status_2\[62] = \Debounce_Timer:TimerUDB:fifo_full\[63]
Removing Rhs of wire \Debounce_Timer:TimerUDB:status_3\[64] = \Debounce_Timer:TimerUDB:fifo_nempty\[65]
Removing Lhs of wire Net_2496[67] = zero[5]
Removing Lhs of wire \Debounce_Timer:TimerUDB:cs_addr_2\[69] = zero[5]
Removing Lhs of wire \Debounce_Timer:TimerUDB:cs_addr_1\[70] = \Debounce_Timer:TimerUDB:trig_reg\[56]
Removing Lhs of wire \Debounce_Timer:TimerUDB:cs_addr_0\[71] = \Debounce_Timer:TimerUDB:per_zero\[47]
Removing Lhs of wire tmpOE__KBD_COLPins_net_2[202] = tmpOE__KBD_ROWPins_net_3[1]
Removing Lhs of wire tmpOE__KBD_COLPins_net_1[203] = tmpOE__KBD_ROWPins_net_3[1]
Removing Lhs of wire tmpOE__KBD_COLPins_net_0[204] = tmpOE__KBD_ROWPins_net_3[1]
Removing Lhs of wire tmpOE__Kitchen_PIR_net_0[214] = tmpOE__KBD_ROWPins_net_3[1]
Removing Lhs of wire \I2C:Net_459\[222] = zero[5]
Removing Lhs of wire \I2C:Net_652\[223] = zero[5]
Removing Lhs of wire \I2C:Net_452\[224] = zero[5]
Removing Lhs of wire \I2C:Net_1194\[225] = zero[5]
Removing Lhs of wire \I2C:Net_1195\[226] = zero[5]
Removing Lhs of wire \I2C:Net_1196\[227] = zero[5]
Removing Lhs of wire \I2C:Net_654\[228] = zero[5]
Removing Lhs of wire \I2C:Net_1170\[231] = \I2C:Net_847\[221]
Removing Lhs of wire \I2C:Net_990\[232] = zero[5]
Removing Lhs of wire \I2C:Net_909\[233] = zero[5]
Removing Lhs of wire \I2C:Net_663\[234] = zero[5]
Removing Lhs of wire \I2C:tmpOE__sda_net_0\[236] = tmpOE__KBD_ROWPins_net_3[1]
Removing Lhs of wire \I2C:tmpOE__scl_net_0\[242] = tmpOE__KBD_ROWPins_net_3[1]
Removing Lhs of wire \I2C:Net_1175\[251] = zero[5]
Removing Lhs of wire \I2C:Net_747\[252] = zero[5]
Removing Lhs of wire \UART:Net_459\[276] = zero[5]
Removing Lhs of wire \UART:Net_652\[277] = zero[5]
Removing Lhs of wire \UART:Net_1194\[279] = zero[5]
Removing Lhs of wire \UART:Net_1195\[280] = zero[5]
Removing Lhs of wire \UART:Net_1196\[281] = zero[5]
Removing Rhs of wire \UART:Net_654\[282] = \UART:Net_1197\[283]
Removing Lhs of wire \UART:Net_1170\[286] = \UART:Net_847\[275]
Removing Lhs of wire \UART:Net_990\[287] = zero[5]
Removing Lhs of wire \UART:Net_909\[288] = zero[5]
Removing Lhs of wire \UART:Net_663\[289] = zero[5]
Removing Lhs of wire \UART:tmpOE__rx_net_0\[293] = tmpOE__KBD_ROWPins_net_3[1]
Removing Lhs of wire \UART:Net_1175\[297] = zero[5]
Removing Lhs of wire \UART:Net_747\[298] = zero[5]
Removing Lhs of wire Net_87[325] = zero[5]
Removing Lhs of wire \Alarm_Timer:TimerUDB:ctrl_enable\[339] = \Alarm_Timer:TimerUDB:control_7\[331]
Removing Lhs of wire \Alarm_Timer:TimerUDB:ctrl_cmode_1\[341] = zero[5]
Removing Rhs of wire \Alarm_Timer:TimerUDB:timer_enable\[350] = \Alarm_Timer:TimerUDB:runmode_enable\[363]
Removing Rhs of wire \Alarm_Timer:TimerUDB:run_mode\[351] = \Alarm_Timer:TimerUDB:hwEnable\[352]
Removing Lhs of wire \Alarm_Timer:TimerUDB:run_mode\[351] = \Alarm_Timer:TimerUDB:control_7\[331]
Removing Lhs of wire \Alarm_Timer:TimerUDB:trigger_enable\[354] = tmpOE__KBD_ROWPins_net_3[1]
Removing Lhs of wire \Alarm_Timer:TimerUDB:tc_i\[356] = \Alarm_Timer:TimerUDB:status_tc\[353]
Removing Rhs of wire Net_29[359] = \Alarm_Timer:TimerUDB:tc_reg_i\[357]
Removing Lhs of wire \Alarm_Timer:TimerUDB:capt_fifo_load_int\[362] = \Alarm_Timer:TimerUDB:capt_fifo_load\[349]
Removing Lhs of wire \Alarm_Timer:TimerUDB:status_6\[365] = zero[5]
Removing Lhs of wire \Alarm_Timer:TimerUDB:status_5\[366] = zero[5]
Removing Lhs of wire \Alarm_Timer:TimerUDB:status_4\[367] = zero[5]
Removing Lhs of wire \Alarm_Timer:TimerUDB:status_0\[368] = \Alarm_Timer:TimerUDB:status_tc\[353]
Removing Lhs of wire \Alarm_Timer:TimerUDB:status_1\[369] = \Alarm_Timer:TimerUDB:capt_fifo_load\[349]
Removing Rhs of wire \Alarm_Timer:TimerUDB:status_2\[370] = \Alarm_Timer:TimerUDB:fifo_full\[371]
Removing Rhs of wire \Alarm_Timer:TimerUDB:status_3\[372] = \Alarm_Timer:TimerUDB:fifo_nempty\[373]
Removing Lhs of wire \Alarm_Timer:TimerUDB:cs_addr_2\[376] = zero[5]
Removing Lhs of wire \Alarm_Timer:TimerUDB:cs_addr_1\[377] = \Alarm_Timer:TimerUDB:trig_reg\[364]
Removing Lhs of wire \Alarm_Timer:TimerUDB:cs_addr_0\[378] = \Alarm_Timer:TimerUDB:per_zero\[355]
Removing Lhs of wire tmpOE__Buzzer_net_0[411] = tmpOE__KBD_ROWPins_net_3[1]
Removing Lhs of wire tmpOE__Hall_PIR_net_0[417] = tmpOE__KBD_ROWPins_net_3[1]
Removing Lhs of wire tmpOE__Bedroom_PIR_net_0[424] = tmpOE__KBD_ROWPins_net_3[1]
Removing Lhs of wire tmpOE__Guestroom_PIR_net_0[431] = tmpOE__KBD_ROWPins_net_3[1]
Removing Lhs of wire tmpOE__Front_door_net_0[438] = tmpOE__KBD_ROWPins_net_3[1]
Removing Lhs of wire tmpOE__Back_door_net_0[448] = tmpOE__KBD_ROWPins_net_3[1]
Removing Lhs of wire \Debounce_Timer:TimerUDB:capture_last\\D\[469] = zero[5]
Removing Lhs of wire \Debounce_Timer:TimerUDB:tc_reg_i\\D\[470] = \Debounce_Timer:TimerUDB:status_tc\[45]
Removing Lhs of wire \Debounce_Timer:TimerUDB:hwEnable_reg\\D\[471] = \Debounce_Timer:TimerUDB:control_7\[23]
Removing Lhs of wire \Debounce_Timer:TimerUDB:capture_out_reg_i\\D\[472] = \Debounce_Timer:TimerUDB:capt_fifo_load\[41]
Removing Lhs of wire \Alarm_Timer:TimerUDB:capture_last\\D\[473] = zero[5]
Removing Lhs of wire \Alarm_Timer:TimerUDB:tc_reg_i\\D\[474] = \Alarm_Timer:TimerUDB:status_tc\[353]
Removing Lhs of wire \Alarm_Timer:TimerUDB:hwEnable_reg\\D\[475] = \Alarm_Timer:TimerUDB:control_7\[331]
Removing Lhs of wire \Alarm_Timer:TimerUDB:capture_out_reg_i\\D\[476] = \Alarm_Timer:TimerUDB:capt_fifo_load\[349]

------------------------------------------------------
Aliased 0 equations, 90 wires.
------------------------------------------------------

----------------------------------------------------------
Circuit simplification
----------------------------------------------------------

Substituting virtuals - pass 1:

Note:  Expanding virtual equation for 'tmpOE__KBD_ROWPins_net_3' (cost = 0):
tmpOE__KBD_ROWPins_net_3 <=  ('1') ;

Note:  Expanding virtual equation for 'zero' (cost = 0):
zero <=  ('0') ;

Note:  Expanding virtual equation for '\Debounce_Timer:TimerUDB:fifo_load_polarized\' (cost = 0):
\Debounce_Timer:TimerUDB:fifo_load_polarized\ <=  ('0') ;

Note:  Expanding virtual equation for '\Debounce_Timer:TimerUDB:timer_enable\' (cost = 0):
\Debounce_Timer:TimerUDB:timer_enable\ <= (\Debounce_Timer:TimerUDB:control_7\);

Note:  Expanding virtual equation for '\Alarm_Timer:TimerUDB:fifo_load_polarized\' (cost = 0):
\Alarm_Timer:TimerUDB:fifo_load_polarized\ <=  ('0') ;

Note:  Expanding virtual equation for '\Alarm_Timer:TimerUDB:timer_enable\' (cost = 0):
\Alarm_Timer:TimerUDB:timer_enable\ <= (\Alarm_Timer:TimerUDB:control_7\);


Substituting virtuals - pass 2:


----------------------------------------------------------
Circuit simplification results:

	Expanded 6 signals.
	Turned 0 signals into soft nodes.
	Maximum default expansion cost was set at 3.
----------------------------------------------------------

------------------------------------------------------
Alias Detection
------------------------------------------------------
Aliasing \Debounce_Timer:TimerUDB:capt_fifo_load\ to zero
Aliasing \Alarm_Timer:TimerUDB:capt_fifo_load\ to zero
Removing Lhs of wire \Debounce_Timer:TimerUDB:capt_fifo_load\[41] = zero[5]
Removing Lhs of wire \Debounce_Timer:TimerUDB:trig_reg\[56] = \Debounce_Timer:TimerUDB:control_7\[23]
Removing Lhs of wire \Alarm_Timer:TimerUDB:capt_fifo_load\[349] = zero[5]
Removing Lhs of wire \Alarm_Timer:TimerUDB:trig_reg\[364] = \Alarm_Timer:TimerUDB:control_7\[331]

------------------------------------------------------
Aliased 0 equations, 4 wires.
------------------------------------------------------

----------------------------------------------------------
Circuit simplification
----------------------------------------------------------

Eliminating unused logic - pass 1:


Eliminating unused logic - pass 2:


Substituting virtuals - pass 1:


----------------------------------------------------------
Circuit simplification results:

	Expanded 0 signals.
	Turned 0 signals into soft nodes.
	Maximum default expansion cost was set at 3.
----------------------------------------------------------

topld:  No errors.

CYPRESS_DIR    : C:\Program Files\Cypress\PSoC Creator\3.3\PSoC Creator\warp
Warp Program   : C:\Program Files\Cypress\PSoC Creator\3.3\PSoC Creator\warp\bin/warp.exe
Warp Arguments : -yv2 -q10 -ygs -o2 -v3 -.fftcfgtype=LE -ya "-.fftprj=C:\Users\IEUser\PSoC4_Projects\Security system\Security_system.cydsn\Security_system.cyprj" -dcpsoc3 Security_system.v -verilog
</CYPRESSTAG>
Warp synthesis phase: Elapsed time ==> 1s.022ms
<CYPRESSTAG name="Fitter results...">
<CYPRESSTAG name="Fitter startup details...">
cyp3fit: V3.3.0.7343, Family: PSoC3, Started at: Thursday, 09 June 2016 13:19:39
Options: -yv2 -q10 -ygs -o2 -v3 -.fftcfgtype=LE -ya -.fftprj=C:\Users\IEUser\PSoC4_Projects\Security system\Security_system.cydsn\Security_system.cyprj -d CY8C4245AXI-483 Security_system.v -verilog
</CYPRESSTAG>
<CYPRESSTAG name="Design parsing">
Design parsing phase: Elapsed time ==> 0s.109ms
</CYPRESSTAG>
<CYPRESSTAG name="Tech mapping">
<CYPRESSTAG name="Initial Mapping" icon="FILE_RPT_TECHM">
    Converted constant MacroCell: \Debounce_Timer:TimerUDB:capture_last\ from registered to combinatorial
    Converted constant MacroCell: \Debounce_Timer:TimerUDB:capture_out_reg_i\ from registered to combinatorial
    Converted constant MacroCell: \Alarm_Timer:TimerUDB:capture_last\ from registered to combinatorial
    Converted constant MacroCell: \Alarm_Timer:TimerUDB:capture_out_reg_i\ from registered to combinatorial
Assigning clock timer_clock_1 to clock HFCLK because it is a pass-through
Assigning clock timer_clock_2 to clock HFCLK because it is a pass-through

Removing unused cells resulting from optimization
Done removing unused cells.
<CYPRESSTAG name="Global Clock Selection" icon="FILE_RPT_TECHM">
    Fixed Function Clock 2: Automatic-assigning  clock 'I2C_SCBCLK'. Signal=\I2C:Net_847_ff2\
    Fixed Function Clock 3: Automatic-assigning  clock 'UART_SCBCLK'. Signal=\UART:Net_847_ff3\
<CYPRESSTAG name="UDB Clock/Enable Remapping Results">
    UDB Clk/Enable \Debounce_Timer:TimerUDB:clock_enable_block\: with output requested to be synchronous
        ClockIn: HFCLK was determined to be a global clock that is synchronous to HFCLK
        EnableIn: Constant 1 was determined to be synchronous to ClockIn
        ClockOut: HFCLK, EnableOut: Constant 1
    UDB Clk/Enable \Debounce_Timer:TimerUDB:sCTRLReg:SyncCtl:cy_psoc3_udb_Ctl_Clk_Sync\: with output requested to be synchronous
        ClockIn: HFCLK was determined to be a global clock that is synchronous to HFCLK
        EnableIn: Constant 1 was determined to be synchronous to ClockIn
        ClockOut: HFCLK, EnableOut: Constant 1
    UDB Clk/Enable \Alarm_Timer:TimerUDB:clock_enable_block\: with output requested to be synchronous
        ClockIn: HFCLK was determined to be a global clock that is synchronous to HFCLK
        EnableIn: Constant 1 was determined to be synchronous to ClockIn
        ClockOut: HFCLK, EnableOut: Constant 1
    UDB Clk/Enable \Alarm_Timer:TimerUDB:sCTRLReg:SyncCtl:cy_psoc3_udb_Ctl_Clk_Sync\: with output requested to be synchronous
        ClockIn: HFCLK was determined to be a global clock that is synchronous to HFCLK
        EnableIn: Constant 1 was determined to be synchronous to ClockIn
        ClockOut: HFCLK, EnableOut: Constant 1
</CYPRESSTAG>
</CYPRESSTAG>

Removing unused cells resulting from optimization
Done removing unused cells.
<CYPRESSTAG name="Duplicate Macrocell detection">
</CYPRESSTAG>
</CYPRESSTAG>
<CYPRESSTAG name="Duplicate Macrocell detection">
</CYPRESSTAG>
<CYPRESSTAG name="Design Equations" icon="FILE_RPT_EQUATION">

------------------------------------------------------------
Design Equations
------------------------------------------------------------
    <CYPRESSTAG name="Pin listing">

    ------------------------------------------------------------
    Pin listing
    ------------------------------------------------------------

    Pin : Name = KBD_ROWPins(0)
        Attributes:
            In Group/Port: True
            In Sync Option: SYNC
            Out Sync Option: AUTO
            Interrupt generated: False
            Interrupt mode: NONE
            Drive mode: RES_PULL_UP
            VTrip: CMOS
            Slew: FAST
            Input Sync needed: True
            Output Sync needed: False
            SC shield enabled: False
            POR State: ANY
            LCD Mode: COMMON
            Register Mode: RegComb
            CaSense Mode: NEITHER
            Treat as pin: False
            Is OE Registered: False
            Uses Analog: False
            Can contain Digital: True
            Is SIO: False
            SIO Output Buf: NONREGULATED
            SIO Input Buf: SINGLE_ENDED
            SIO HiFreq: LOW
            SIO Hyst: DISABLED
            SIO Vtrip: MULTIPLIER_0_5
            SIO Multiplier Index: 0
            SIO RefSel: VCC_IO
            Required Capabilitites: DIGITAL, ROUTABLE
            Initial Value: 1
            IO Voltage: 0
        PORT MAP (
            pa_out => KBD_ROWPins(0)__PA ,
            pad => KBD_ROWPins(0)_PAD );
        Properties:
        {
        }

    Pin : Name = KBD_ROWPins(1)
        Attributes:
            In Group/Port: True
            In Sync Option: SYNC
            Out Sync Option: AUTO
            Interrupt generated: False
            Interrupt mode: NONE
            Drive mode: RES_PULL_UP
            VTrip: CMOS
            Slew: FAST
            Input Sync needed: True
            Output Sync needed: False
            SC shield enabled: False
            POR State: ANY
            LCD Mode: COMMON
            Register Mode: RegComb
            CaSense Mode: NEITHER
            Treat as pin: False
            Is OE Registered: False
            Uses Analog: False
            Can contain Digital: True
            Is SIO: False
            SIO Output Buf: NONREGULATED
            SIO Input Buf: SINGLE_ENDED
            SIO HiFreq: LOW
            SIO Hyst: DISABLED
            SIO Vtrip: MULTIPLIER_0_5
            SIO Multiplier Index: 0
            SIO RefSel: VCC_IO
            Required Capabilitites: DIGITAL, ROUTABLE
            Initial Value: 1
            IO Voltage: 0
        PORT MAP (
            pa_out => KBD_ROWPins(1)__PA ,
            pad => KBD_ROWPins(1)_PAD );
        Properties:
        {
        }

    Pin : Name = KBD_ROWPins(2)
        Attributes:
            In Group/Port: True
            In Sync Option: SYNC
            Out Sync Option: AUTO
            Interrupt generated: False
            Interrupt mode: NONE
            Drive mode: RES_PULL_UP
            VTrip: CMOS
            Slew: FAST
            Input Sync needed: True
            Output Sync needed: False
            SC shield enabled: False
            POR State: ANY
            LCD Mode: COMMON
            Register Mode: RegComb
            CaSense Mode: NEITHER
            Treat as pin: False
            Is OE Registered: False
            Uses Analog: False
            Can contain Digital: True
            Is SIO: False
            SIO Output Buf: NONREGULATED
            SIO Input Buf: SINGLE_ENDED
            SIO HiFreq: LOW
            SIO Hyst: DISABLED
            SIO Vtrip: MULTIPLIER_0_5
            SIO Multiplier Index: 0
            SIO RefSel: VCC_IO
            Required Capabilitites: DIGITAL, ROUTABLE
            Initial Value: 1
            IO Voltage: 0
        PORT MAP (
            pa_out => KBD_ROWPins(2)__PA ,
            pad => KBD_ROWPins(2)_PAD );
        Properties:
        {
        }

    Pin : Name = KBD_ROWPins(3)
        Attributes:
            In Group/Port: True
            In Sync Option: SYNC
            Out Sync Option: AUTO
            Interrupt generated: False
            Interrupt mode: NONE
            Drive mode: RES_PULL_UP
            VTrip: CMOS
            Slew: FAST
            Input Sync needed: True
            Output Sync needed: False
            SC shield enabled: False
            POR State: ANY
            LCD Mode: COMMON
            Register Mode: RegComb
            CaSense Mode: NEITHER
            Treat as pin: False
            Is OE Registered: False
            Uses Analog: False
            Can contain Digital: True
            Is SIO: False
            SIO Output Buf: NONREGULATED
            SIO Input Buf: SINGLE_ENDED
            SIO HiFreq: LOW
            SIO Hyst: DISABLED
            SIO Vtrip: MULTIPLIER_0_5
            SIO Multiplier Index: 0
            SIO RefSel: VCC_IO
            Required Capabilitites: DIGITAL, ROUTABLE
            Initial Value: 1
            IO Voltage: 0
        PORT MAP (
            pa_out => KBD_ROWPins(3)__PA ,
            pad => KBD_ROWPins(3)_PAD );
        Properties:
        {
        }

    Pin : Name = KBD_COLPins(0)
        Attributes:
            In Group/Port: True
            In Sync Option: SYNC
            Out Sync Option: AUTO
            Interrupt generated: False
            Interrupt mode: NONE
            Drive mode: RES_PULL_UP
            VTrip: CMOS
            Slew: FAST
            Input Sync needed: True
            Output Sync needed: False
            SC shield enabled: False
            POR State: ANY
            LCD Mode: COMMON
            Register Mode: RegComb
            CaSense Mode: NEITHER
            Treat as pin: False
            Is OE Registered: False
            Uses Analog: False
            Can contain Digital: True
            Is SIO: False
            SIO Output Buf: NONREGULATED
            SIO Input Buf: SINGLE_ENDED
            SIO HiFreq: LOW
            SIO Hyst: DISABLED
            SIO Vtrip: MULTIPLIER_0_5
            SIO Multiplier Index: 0
            SIO RefSel: VCC_IO
            Required Capabilitites: DIGITAL, ROUTABLE
            Initial Value: 1
            IO Voltage: 0
        PORT MAP (
            pa_out => KBD_COLPins(0)__PA ,
            pad => KBD_COLPins(0)_PAD );
        Properties:
        {
        }

    Pin : Name = KBD_COLPins(1)
        Attributes:
            In Group/Port: True
            In Sync Option: SYNC
            Out Sync Option: AUTO
            Interrupt generated: False
            Interrupt mode: NONE
            Drive mode: RES_PULL_UP
            VTrip: CMOS
            Slew: FAST
            Input Sync needed: True
            Output Sync needed: False
            SC shield enabled: False
            POR State: ANY
            LCD Mode: COMMON
            Register Mode: RegComb
            CaSense Mode: NEITHER
            Treat as pin: False
            Is OE Registered: False
            Uses Analog: False
            Can contain Digital: True
            Is SIO: False
            SIO Output Buf: NONREGULATED
            SIO Input Buf: SINGLE_ENDED
            SIO HiFreq: LOW
            SIO Hyst: DISABLED
            SIO Vtrip: MULTIPLIER_0_5
            SIO Multiplier Index: 0
            SIO RefSel: VCC_IO
            Required Capabilitites: DIGITAL, ROUTABLE
            Initial Value: 1
            IO Voltage: 0
        PORT MAP (
            pa_out => KBD_COLPins(1)__PA ,
            pad => KBD_COLPins(1)_PAD );
        Properties:
        {
        }

    Pin : Name = KBD_COLPins(2)
        Attributes:
            In Group/Port: True
            In Sync Option: SYNC
            Out Sync Option: AUTO
            Interrupt generated: False
            Interrupt mode: NONE
            Drive mode: RES_PULL_UP
            VTrip: CMOS
            Slew: FAST
            Input Sync needed: True
            Output Sync needed: False
            SC shield enabled: False
            POR State: ANY
            LCD Mode: COMMON
            Register Mode: RegComb
            CaSense Mode: NEITHER
            Treat as pin: False
            Is OE Registered: False
            Uses Analog: False
            Can contain Digital: True
            Is SIO: False
            SIO Output Buf: NONREGULATED
            SIO Input Buf: SINGLE_ENDED
            SIO HiFreq: LOW
            SIO Hyst: DISABLED
            SIO Vtrip: MULTIPLIER_0_5
            SIO Multiplier Index: 0
            SIO RefSel: VCC_IO
            Required Capabilitites: DIGITAL, ROUTABLE
            Initial Value: 1
            IO Voltage: 0
        PORT MAP (
            pa_out => KBD_COLPins(2)__PA ,
            pad => KBD_COLPins(2)_PAD );
        Properties:
        {
        }

    Pin : Name = Kitchen_PIR(0)
        Attributes:
            In Group/Port: True
            In Sync Option: NOSYNC
            Out Sync Option: AUTO
            Interrupt generated: False
            Interrupt mode: NONE
            Drive mode: HI_Z_DIGITAL
            VTrip: CMOS
            Slew: FAST
            Input Sync needed: False
            Output Sync needed: False
            SC shield enabled: False
            POR State: ANY
            LCD Mode: COMMON
            Register Mode: RegComb
            CaSense Mode: NEITHER
            Treat as pin: True
            Is OE Registered: False
            Uses Analog: False
            Can contain Digital: True
            Is SIO: False
            SIO Output Buf: NONREGULATED
            SIO Input Buf: SINGLE_ENDED
            SIO HiFreq: LOW
            SIO Hyst: DISABLED
            SIO Vtrip: MULTIPLIER_0_5
            SIO Multiplier Index: 0
            SIO RefSel: VCC_IO
            Required Capabilitites: DIGITAL
            Initial Value: 1
            IO Voltage: 0
        PORT MAP (
            pa_out => Kitchen_PIR(0)__PA ,
            annotation => Net_242 ,
            pad => Kitchen_PIR(0)_PAD );
        Properties:
        {
        }

    Pin : Name = \I2C:sda(0)\
        Attributes:
            In Group/Port: True
            In Sync Option: NOSYNC
            Out Sync Option: NOSYNC
            Interrupt generated: False
            Interrupt mode: NONE
            Drive mode: OPEN_DRAIN_LO
            VTrip: CMOS
            Slew: FAST
            Input Sync needed: False
            Output Sync needed: False
            SC shield enabled: False
            POR State: ANY
            LCD Mode: COMMON
            Register Mode: RegComb
            CaSense Mode: NEITHER
            Treat as pin: True
            Is OE Registered: False
            Uses Analog: False
            Can contain Digital: True
            Is SIO: False
            SIO Output Buf: NONREGULATED
            SIO Input Buf: SINGLE_ENDED
            SIO HiFreq: LOW
            SIO Hyst: DISABLED
            SIO Vtrip: MULTIPLIER_0_5
            SIO Multiplier Index: 0
            SIO RefSel: VCC_IO
            Required Capabilitites: DIGITAL
            Initial Value: 1
            IO Voltage: 0
        PORT MAP (
            pa_out => \I2C:sda(0)\__PA ,
            fb => \I2C:Net_581\ ,
            pad => \I2C:sda(0)_PAD\ );
        Properties:
        {
        }

    Pin : Name = \I2C:scl(0)\
        Attributes:
            In Group/Port: True
            In Sync Option: NOSYNC
            Out Sync Option: NOSYNC
            Interrupt generated: False
            Interrupt mode: NONE
            Drive mode: OPEN_DRAIN_LO
            VTrip: CMOS
            Slew: FAST
            Input Sync needed: False
            Output Sync needed: False
            SC shield enabled: False
            POR State: ANY
            LCD Mode: COMMON
            Register Mode: RegComb
            CaSense Mode: NEITHER
            Treat as pin: True
            Is OE Registered: False
            Uses Analog: False
            Can contain Digital: True
            Is SIO: False
            SIO Output Buf: NONREGULATED
            SIO Input Buf: SINGLE_ENDED
            SIO HiFreq: LOW
            SIO Hyst: DISABLED
            SIO Vtrip: MULTIPLIER_0_5
            SIO Multiplier Index: 0
            SIO RefSel: VCC_IO
            Required Capabilitites: DIGITAL
            Initial Value: 1
            IO Voltage: 0
        PORT MAP (
            pa_out => \I2C:scl(0)\__PA ,
            fb => \I2C:Net_580\ ,
            pad => \I2C:scl(0)_PAD\ );
        Properties:
        {
        }

    Pin : Name = \UART:rx(0)\
        Attributes:
            In Group/Port: True
            In Sync Option: NOSYNC
            Out Sync Option: AUTO
            Interrupt generated: False
            Interrupt mode: NONE
            Drive mode: HI_Z_DIGITAL
            VTrip: CMOS
            Slew: FAST
            Input Sync needed: False
            Output Sync needed: False
            SC shield enabled: False
            POR State: ANY
            LCD Mode: COMMON
            Register Mode: RegComb
            CaSense Mode: NEITHER
            Treat as pin: True
            Is OE Registered: False
            Uses Analog: False
            Can contain Digital: True
            Is SIO: False
            SIO Output Buf: NONREGULATED
            SIO Input Buf: SINGLE_ENDED
            SIO HiFreq: LOW
            SIO Hyst: DISABLED
            SIO Vtrip: MULTIPLIER_0_5
            SIO Multiplier Index: 0
            SIO RefSel: VCC_IO
            Required Capabilitites: DIGITAL
            Initial Value: 0
            IO Voltage: 0
        PORT MAP (
            pa_out => \UART:rx(0)\__PA ,
            fb => \UART:Net_654\ ,
            pad => \UART:rx(0)_PAD\ );
        Properties:
        {
        }

    Pin : Name = Buzzer(0)
        Attributes:
            In Group/Port: True
            In Sync Option: AUTO
            Out Sync Option: NOSYNC
            Interrupt generated: False
            Interrupt mode: NONE
            Drive mode: CMOS_OUT
            VTrip: EITHER
            Slew: FAST
            Input Sync needed: False
            Output Sync needed: False
            SC shield enabled: False
            POR State: ANY
            LCD Mode: COMMON
            Register Mode: RegComb
            CaSense Mode: NEITHER
            Treat as pin: True
            Is OE Registered: False
            Uses Analog: False
            Can contain Digital: True
            Is SIO: False
            SIO Output Buf: NONREGULATED
            SIO Input Buf: SINGLE_ENDED
            SIO HiFreq: LOW
            SIO Hyst: DISABLED
            SIO Vtrip: MULTIPLIER_0_5
            SIO Multiplier Index: 0
            SIO RefSel: VCC_IO
            Required Capabilitites: DIGITAL
            Initial Value: 0
            IO Voltage: 0
        PORT MAP (
            pa_out => Buzzer(0)__PA ,
            pad => Buzzer(0)_PAD );
        Properties:
        {
        }

    Pin : Name = Hall_PIR(0)
        Attributes:
            In Group/Port: True
            In Sync Option: NOSYNC
            Out Sync Option: AUTO
            Interrupt generated: False
            Interrupt mode: NONE
            Drive mode: HI_Z_DIGITAL
            VTrip: CMOS
            Slew: FAST
            Input Sync needed: False
            Output Sync needed: False
            SC shield enabled: False
            POR State: ANY
            LCD Mode: COMMON
            Register Mode: RegComb
            CaSense Mode: NEITHER
            Treat as pin: True
            Is OE Registered: False
            Uses Analog: False
            Can contain Digital: True
            Is SIO: False
            SIO Output Buf: NONREGULATED
            SIO Input Buf: SINGLE_ENDED
            SIO HiFreq: LOW
            SIO Hyst: DISABLED
            SIO Vtrip: MULTIPLIER_0_5
            SIO Multiplier Index: 0
            SIO RefSel: VCC_IO
            Required Capabilitites: DIGITAL
            Initial Value: 1
            IO Voltage: 0
        PORT MAP (
            pa_out => Hall_PIR(0)__PA ,
            annotation => Net_345 ,
            pad => Hall_PIR(0)_PAD );
        Properties:
        {
        }

    Pin : Name = Bedroom_PIR(0)
        Attributes:
            In Group/Port: True
            In Sync Option: NOSYNC
            Out Sync Option: AUTO
            Interrupt generated: False
            Interrupt mode: NONE
            Drive mode: HI_Z_DIGITAL
            VTrip: CMOS
            Slew: FAST
            Input Sync needed: False
            Output Sync needed: False
            SC shield enabled: False
            POR State: ANY
            LCD Mode: COMMON
            Register Mode: RegComb
            CaSense Mode: NEITHER
            Treat as pin: True
            Is OE Registered: False
            Uses Analog: False
            Can contain Digital: True
            Is SIO: False
            SIO Output Buf: NONREGULATED
            SIO Input Buf: SINGLE_ENDED
            SIO HiFreq: LOW
            SIO Hyst: DISABLED
            SIO Vtrip: MULTIPLIER_0_5
            SIO Multiplier Index: 0
            SIO RefSel: VCC_IO
            Required Capabilitites: DIGITAL
            Initial Value: 1
            IO Voltage: 0
        PORT MAP (
            pa_out => Bedroom_PIR(0)__PA ,
            annotation => Net_343 ,
            pad => Bedroom_PIR(0)_PAD );
        Properties:
        {
        }

    Pin : Name = Guestroom_PIR(0)
        Attributes:
            In Group/Port: True
            In Sync Option: NOSYNC
            Out Sync Option: AUTO
            Interrupt generated: False
            Interrupt mode: NONE
            Drive mode: HI_Z_DIGITAL
            VTrip: CMOS
            Slew: FAST
            Input Sync needed: False
            Output Sync needed: False
            SC shield enabled: False
            POR State: ANY
            LCD Mode: COMMON
            Register Mode: RegComb
            CaSense Mode: NEITHER
            Treat as pin: True
            Is OE Registered: False
            Uses Analog: False
            Can contain Digital: True
            Is SIO: False
            SIO Output Buf: NONREGULATED
            SIO Input Buf: SINGLE_ENDED
            SIO HiFreq: LOW
            SIO Hyst: DISABLED
            SIO Vtrip: MULTIPLIER_0_5
            SIO Multiplier Index: 0
            SIO RefSel: VCC_IO
            Required Capabilitites: DIGITAL
            Initial Value: 1
            IO Voltage: 0
        PORT MAP (
            pa_out => Guestroom_PIR(0)__PA ,
            annotation => Net_240 ,
            pad => Guestroom_PIR(0)_PAD );
        Properties:
        {
        }

    Pin : Name = Front_door(0)
        Attributes:
            In Group/Port: True
            In Sync Option: NOSYNC
            Out Sync Option: AUTO
            Interrupt generated: False
            Interrupt mode: NONE
            Drive mode: RES_PULL_UP
            VTrip: CMOS
            Slew: FAST
            Input Sync needed: False
            Output Sync needed: False
            SC shield enabled: False
            POR State: ANY
            LCD Mode: COMMON
            Register Mode: RegComb
            CaSense Mode: NEITHER
            Treat as pin: True
            Is OE Registered: False
            Uses Analog: False
            Can contain Digital: True
            Is SIO: False
            SIO Output Buf: NONREGULATED
            SIO Input Buf: SINGLE_ENDED
            SIO HiFreq: LOW
            SIO Hyst: DISABLED
            SIO Vtrip: MULTIPLIER_0_5
            SIO Multiplier Index: 0
            SIO RefSel: VCC_IO
            Required Capabilitites: DIGITAL
            Initial Value: 1
            IO Voltage: 0
        PORT MAP (
            pa_out => Front_door(0)__PA ,
            annotation => Net_179 ,
            pad => Front_door(0)_PAD );
        Properties:
        {
        }

    Pin : Name = Back_door(0)
        Attributes:
            In Group/Port: True
            In Sync Option: NOSYNC
            Out Sync Option: AUTO
            Interrupt generated: False
            Interrupt mode: NONE
            Drive mode: RES_PULL_UP
            VTrip: CMOS
            Slew: FAST
            Input Sync needed: False
            Output Sync needed: False
            SC shield enabled: False
            POR State: ANY
            LCD Mode: COMMON
            Register Mode: RegComb
            CaSense Mode: NEITHER
            Treat as pin: True
            Is OE Registered: False
            Uses Analog: False
            Can contain Digital: True
            Is SIO: False
            SIO Output Buf: NONREGULATED
            SIO Input Buf: SINGLE_ENDED
            SIO HiFreq: LOW
            SIO Hyst: DISABLED
            SIO Vtrip: MULTIPLIER_0_5
            SIO Multiplier Index: 0
            SIO RefSel: VCC_IO
            Required Capabilitites: DIGITAL
            Initial Value: 1
            IO Voltage: 0
        PORT MAP (
            pa_out => Back_door(0)__PA ,
            annotation => Net_183 ,
            pad => Back_door(0)_PAD );
        Properties:
        {
        }
    </CYPRESSTAG>
    <CYPRESSTAG name="Macrocell listing" icon="FILE_RPT_EQUATION">

    ------------------------------------------------------------
    Macrocell listing
    ------------------------------------------------------------

    MacroCell: Name=\Debounce_Timer:TimerUDB:status_tc\, Mode=(Combinatorial)
        Total # of inputs        : 2
        Total # of product terms : 1
            Clock Enable: True
        Main Equation            : 1 pterm
        (
              \Debounce_Timer:TimerUDB:control_7\ * 
              \Debounce_Timer:TimerUDB:per_zero\
        );
        Output = \Debounce_Timer:TimerUDB:status_tc\ (fanout=1)

    MacroCell: Name=\Alarm_Timer:TimerUDB:status_tc\, Mode=(Combinatorial)
        Total # of inputs        : 2
        Total # of product terms : 1
            Clock Enable: True
        Main Equation            : 1 pterm
        (
              \Alarm_Timer:TimerUDB:control_7\ * 
              \Alarm_Timer:TimerUDB:per_zero\
        );
        Output = \Alarm_Timer:TimerUDB:status_tc\ (fanout=1)

    MacroCell: Name=Net_10, Mode=(D-Register)
        Total # of inputs        : 2
        Total # of product terms : 1
        List of special equations: 
            Clock  = (ClockBlock_HFCLK) => Global
            Clock Enable: True
        Main Equation            : 1 pterm
        (
              \Debounce_Timer:TimerUDB:control_7\ * 
              \Debounce_Timer:TimerUDB:per_zero\
        );
        Output = Net_10 (fanout=1)

    MacroCell: Name=Net_29, Mode=(D-Register)
        Total # of inputs        : 2
        Total # of product terms : 1
        List of special equations: 
            Clock  = (ClockBlock_HFCLK) => Global
            Clock Enable: True
        Main Equation            : 1 pterm
        (
              \Alarm_Timer:TimerUDB:control_7\ * 
              \Alarm_Timer:TimerUDB:per_zero\
        );
        Output = Net_29 (fanout=1)
    </CYPRESSTAG>
    <CYPRESSTAG name="Datapath listing">

    ------------------------------------------------------------
    Datapath listing
    ------------------------------------------------------------

    datapathcell: Name =\Debounce_Timer:TimerUDB:sT24:timerdp:u0\
        PORT MAP (
            clock => ClockBlock_HFCLK ,
            cs_addr_1 => \Debounce_Timer:TimerUDB:control_7\ ,
            cs_addr_0 => \Debounce_Timer:TimerUDB:per_zero\ ,
            chain_out => \Debounce_Timer:TimerUDB:sT24:timerdp:carry0\ );
        Properties:
        {
            a0_init = "00000000"
            a1_init = "00000000"
            ce0_sync = 1
            ce1_sync = 1
            cl0_sync = 1
            cl1_sync = 1
            cmsb_sync = 1
            co_msb_sync = 1
            cy_dpconfig = "0000000001000000000000000100000001000000010000000000000010000000000000001000000000000000100000000000000010000000000000001000000011111111000000001111111111111111000000000000000000000001000000000000000000011000"
            d0_init = "00000000"
            d1_init = "00000000"
            f0_blk_sync = 1
            f0_bus_sync = 1
            f1_blk_sync = 1
            f1_bus_sync = 1
            ff0_sync = 1
            ff1_sync = 1
            ov_msb_sync = 1
            so_sync = 1
            z0_sync = 1
            z1_sync = 1
        }
        Clock Polarity: Active High
        Clock Enable: True
        Next in chain : \Debounce_Timer:TimerUDB:sT24:timerdp:u1\

    datapathcell: Name =\Debounce_Timer:TimerUDB:sT24:timerdp:u1\
        PORT MAP (
            clock => ClockBlock_HFCLK ,
            cs_addr_1 => \Debounce_Timer:TimerUDB:control_7\ ,
            cs_addr_0 => \Debounce_Timer:TimerUDB:per_zero\ ,
            chain_in => \Debounce_Timer:TimerUDB:sT24:timerdp:carry0\ ,
            chain_out => \Debounce_Timer:TimerUDB:sT24:timerdp:carry1\ );
        Properties:
        {
            a0_init = "00000000"
            a1_init = "00000000"
            ce0_sync = 1
            ce1_sync = 1
            cl0_sync = 1
            cl1_sync = 1
            cmsb_sync = 1
            co_msb_sync = 1
            cy_dpconfig = "0000000001000000000000000100000001000000010000000000000010000000000000001000000000000000100000000000000010000000000000001000000011111111000000001111111111111111100000110000000000000001000000110000000000011000"
            d0_init = "00000000"
            d1_init = "00000000"
            f0_blk_sync = 1
            f0_bus_sync = 1
            f1_blk_sync = 1
            f1_bus_sync = 1
            ff0_sync = 1
            ff1_sync = 1
            ov_msb_sync = 1
            so_sync = 1
            z0_sync = 1
            z1_sync = 1
        }
        Clock Polarity: Active High
        Clock Enable: True
        Previous in chain : \Debounce_Timer:TimerUDB:sT24:timerdp:u0\
        Next in chain : \Debounce_Timer:TimerUDB:sT24:timerdp:u2\

    datapathcell: Name =\Debounce_Timer:TimerUDB:sT24:timerdp:u2\
        PORT MAP (
            clock => ClockBlock_HFCLK ,
            cs_addr_1 => \Debounce_Timer:TimerUDB:control_7\ ,
            cs_addr_0 => \Debounce_Timer:TimerUDB:per_zero\ ,
            z0_comb => \Debounce_Timer:TimerUDB:per_zero\ ,
            f0_bus_stat_comb => \Debounce_Timer:TimerUDB:status_3\ ,
            f0_blk_stat_comb => \Debounce_Timer:TimerUDB:status_2\ ,
            chain_in => \Debounce_Timer:TimerUDB:sT24:timerdp:carry1\ );
        Properties:
        {
            a0_init = "00000000"
            a1_init = "00000000"
            ce0_sync = 1
            ce1_sync = 1
            cl0_sync = 1
            cl1_sync = 1
            cmsb_sync = 1
            co_msb_sync = 1
            cy_dpconfig = "0000000001000000000000000100000001000000010000000000000010000000000000001000000000000000100000000000000010000000000000001000000011111111000000001111111111111111100000110000000000000001000000110000000000011000"
            d0_init = "00000000"
            d1_init = "00000000"
            f0_blk_sync = 1
            f0_bus_sync = 1
            f1_blk_sync = 1
            f1_bus_sync = 1
            ff0_sync = 1
            ff1_sync = 1
            ov_msb_sync = 1
            so_sync = 1
            z0_sync = 1
            z1_sync = 1
        }
        Clock Polarity: Active High
        Clock Enable: True
        Previous in chain : \Debounce_Timer:TimerUDB:sT24:timerdp:u1\

    datapathcell: Name =\Alarm_Timer:TimerUDB:sT8:timerdp:u0\
        PORT MAP (
            clock => ClockBlock_HFCLK ,
            cs_addr_1 => \Alarm_Timer:TimerUDB:control_7\ ,
            cs_addr_0 => \Alarm_Timer:TimerUDB:per_zero\ ,
            z0_comb => \Alarm_Timer:TimerUDB:per_zero\ ,
            f0_bus_stat_comb => \Alarm_Timer:TimerUDB:status_3\ ,
            f0_blk_stat_comb => \Alarm_Timer:TimerUDB:status_2\ );
        Properties:
        {
            a0_init = "00000000"
            a1_init = "00000000"
            ce0_sync = 1
            ce1_sync = 1
            cl0_sync = 1
            cl1_sync = 1
            cmsb_sync = 1
            co_msb_sync = 1
            cy_dpconfig = "0000000001000000000000000100000001000000010000000000000010000000000000001000000000000000100000000000000010000000000000001000000011111111000000001111111111111111000000000000000000000001000000000000000000011000"
            d0_init = "00000000"
            d1_init = "00000000"
            f0_blk_sync = 1
            f0_bus_sync = 1
            f1_blk_sync = 1
            f1_bus_sync = 1
            ff0_sync = 1
            ff1_sync = 1
            ov_msb_sync = 1
            so_sync = 1
            z0_sync = 1
            z1_sync = 1
        }
        Clock Polarity: Active High
        Clock Enable: True
    </CYPRESSTAG>
    <CYPRESSTAG name="Status register listing">
    </CYPRESSTAG>
    <CYPRESSTAG name="StatusI register listing">

    ------------------------------------------------------------
    StatusI register listing
    ------------------------------------------------------------

    statusicell: Name =\Debounce_Timer:TimerUDB:rstSts:stsreg\
        PORT MAP (
            clock => ClockBlock_HFCLK ,
            status_3 => \Debounce_Timer:TimerUDB:status_3\ ,
            status_2 => \Debounce_Timer:TimerUDB:status_2\ ,
            status_0 => \Debounce_Timer:TimerUDB:status_tc\ );
        Properties:
        {
            cy_force_order = 1
            cy_int_mask = "1111111"
            cy_md_select = "0000011"
        }
        Clock Polarity: Active High
        Clock Enable: True

    statusicell: Name =\Alarm_Timer:TimerUDB:rstSts:stsreg\
        PORT MAP (
            clock => ClockBlock_HFCLK ,
            status_3 => \Alarm_Timer:TimerUDB:status_3\ ,
            status_2 => \Alarm_Timer:TimerUDB:status_2\ ,
            status_0 => \Alarm_Timer:TimerUDB:status_tc\ );
        Properties:
        {
            cy_force_order = 1
            cy_int_mask = "1111111"
            cy_md_select = "0000011"
        }
        Clock Polarity: Active High
        Clock Enable: True
    </CYPRESSTAG>
    <CYPRESSTAG name="Sync listing">
    </CYPRESSTAG>
    <CYPRESSTAG name="Control register listing">

    ------------------------------------------------------------
    Control register listing
    ------------------------------------------------------------

    controlcell: Name =\Debounce_Timer:TimerUDB:sCTRLReg:SyncCtl:ctrlreg\
        PORT MAP (
            clock => ClockBlock_HFCLK ,
            control_7 => \Debounce_Timer:TimerUDB:control_7\ ,
            control_6 => \Debounce_Timer:TimerUDB:control_6\ ,
            control_5 => \Debounce_Timer:TimerUDB:control_5\ ,
            control_4 => \Debounce_Timer:TimerUDB:control_4\ ,
            control_3 => \Debounce_Timer:TimerUDB:control_3\ ,
            control_2 => \Debounce_Timer:TimerUDB:control_2\ ,
            control_1 => \Debounce_Timer:TimerUDB:control_1\ ,
            control_0 => \Debounce_Timer:TimerUDB:control_0\ );
        Properties:
        {
            cy_ctrl_mode_0 = "11111111"
            cy_ctrl_mode_1 = "00000000"
            cy_ext_reset = 0
            cy_force_order = 1
            cy_init_value = "00000000"
        }
        Clock Polarity: Active High
        Clock Enable: True

    controlcell: Name =\Alarm_Timer:TimerUDB:sCTRLReg:SyncCtl:ctrlreg\
        PORT MAP (
            clock => ClockBlock_HFCLK ,
            control_7 => \Alarm_Timer:TimerUDB:control_7\ ,
            control_6 => \Alarm_Timer:TimerUDB:control_6\ ,
            control_5 => \Alarm_Timer:TimerUDB:control_5\ ,
            control_4 => \Alarm_Timer:TimerUDB:control_4\ ,
            control_3 => \Alarm_Timer:TimerUDB:control_3\ ,
            control_2 => \Alarm_Timer:TimerUDB:control_2\ ,
            control_1 => \Alarm_Timer:TimerUDB:control_1\ ,
            control_0 => \Alarm_Timer:TimerUDB:control_0\ );
        Properties:
        {
            cy_ctrl_mode_0 = "11111111"
            cy_ctrl_mode_1 = "00000000"
            cy_ext_reset = 0
            cy_force_order = 1
            cy_init_value = "00000000"
        }
        Clock Polarity: Active High
        Clock Enable: True
    </CYPRESSTAG>
    <CYPRESSTAG name="Count7 listing">
    </CYPRESSTAG>
    <CYPRESSTAG name="DRQ listing">
    </CYPRESSTAG>
    <CYPRESSTAG name="Interrupt listing">

    ------------------------------------------------------------
    Interrupt listing
    ------------------------------------------------------------

    interrupt: Name =Debounce_Int
        PORT MAP (
            interrupt => Net_10 );
        Properties:
        {
            int_type = "00"
        }

    interrupt: Name =\I2C:SCB_IRQ\
        PORT MAP (
            interrupt => Net_15 );
        Properties:
        {
            int_type = "10"
        }

    interrupt: Name =Alarm_Int
        PORT MAP (
            interrupt => Net_29 );
        Properties:
        {
            int_type = "10"
        }
    </CYPRESSTAG>
</CYPRESSTAG>
<CYPRESSTAG name="Technology mapping summary" expanded>

------------------------------------------------------------
Technology mapping summary
------------------------------------------------------------

Resource Type                 : Used : Free :  Max :  % Used
============================================================
Digital Clocks                :    0 :    4 :    4 :  0.00 %
Interrupts                    :    3 :   29 :   32 :  9.38 %
IO                            :   19 :   17 :   36 : 52.78 %
Segment LCD                   :    0 :    1 :    1 :  0.00 %
CapSense                      :    0 :    1 :    1 :  0.00 %
Die Temp                      :    0 :    1 :    1 :  0.00 %
Serial Communication (SCB)    :    2 :    0 :    2 : 100.00 %
Timer/Counter/PWM             :    0 :    4 :    4 :  0.00 %
UDB                           :      :      :      :        
  Macrocells                  :    4 :   28 :   32 : 12.50 %
  Unique P-terms              :    2 :   62 :   64 :  3.13 %
  Total P-terms               :    4 :      :      :        
  Datapath Cells              :    4 :    0 :    4 : 100.00 %
  Status Cells                :    2 :    2 :    4 : 50.00 %
    StatusI Registers         :    2 :      :      :        
  Control Cells               :    2 :    2 :    4 : 50.00 %
    Control Registers         :    2 :      :      :        
Comparator/Opamp              :    0 :    2 :    2 :  0.00 %
LP Comparator                 :    0 :    2 :    2 :  0.00 %
SAR ADC                       :    0 :    1 :    1 :  0.00 %
DAC                           :      :      :      :        
  7-bit IDAC                  :    0 :    1 :    1 :  0.00 %
  8-bit IDAC                  :    0 :    1 :    1 :  0.00 %
</CYPRESSTAG>
Technology Mapping: Elapsed time ==> 0s.343ms
Tech mapping phase: Elapsed time ==> 0s.531ms
</CYPRESSTAG>
<CYPRESSTAG name="Analog Placement">
<CYPRESSTAG name="Analog Placement">
Elapsed time ==> 0.2753369s
</CYPRESSTAG>
Analog Placement phase: Elapsed time ==> 0s.593ms
</CYPRESSTAG>
<CYPRESSTAG name="Analog Routing">
<CYPRESSTAG name="Analog Routing">
Route success=True, Iterations=1 Elapsed=0.0066781 secs
</CYPRESSTAG>
Analog Routing phase: Elapsed time ==> 0s.015ms
</CYPRESSTAG>
<CYPRESSTAG name="Analog Code Generation">
============ Analog Final Answer Routes ============
Dump of CyAnalogRoutingResultsDB
Map of net to items {
}
Map of item to net {
}
Mux Info {
}
Analog Code Generation phase: Elapsed time ==> 0s.062ms
</CYPRESSTAG>
<CYPRESSTAG name="Digital Placement">
<CYPRESSTAG name="Detailed placement messages">
I2076: Total run-time: 0.6 sec.

</CYPRESSTAG>
<CYPRESSTAG name="PLD Packing">
<CYPRESSTAG name="PLD Packing Summary" expanded>

------------------------------------------------------------
PLD Packing Summary
------------------------------------------------------------
            Resource Type : Used : Free :  Max :  % Used
    ====================================================
                     PLDs :    2 :    6 :    8 :  25.00%

<CYPRESSTAG name="PLD Statistics">

        PLD Resource Type :     Average/LAB
    =======================================
                   Inputs :            2.00
                   Pterms :            1.00
               Macrocells :            2.00
</CYPRESSTAG>
<CYPRESSTAG name="Packed PLD Contents">
Packed PLD Contents not displayed at this verbose level.</CYPRESSTAG>
</CYPRESSTAG>
PLD Packing: Elapsed time ==> 0s.046ms
</CYPRESSTAG>
<CYPRESSTAG name="Partitioning">
<CYPRESSTAG name="Initial Partitioning Summary">
Initial Partitioning Summary not displayed at this verbose level.</CYPRESSTAG>
<CYPRESSTAG name="Final Partitioning Summary">
Final Partitioning Summary not displayed at this verbose level.</CYPRESSTAG>
Partitioning: Elapsed time ==> 0s.156ms
</CYPRESSTAG>
<CYPRESSTAG name="Simulated Annealing">
Annealing: Elapsed time ==> 0s.031ms
<CYPRESSTAG name="Simulated Annealing Results">
The seed used for moves was 114161200.
Inital cost was 54, final cost is 54 (0.00% improvement).</CYPRESSTAG>
</CYPRESSTAG>
<CYPRESSTAG name="Final Placement Summary">

------------------------------------------------------------
Final Placement Summary
------------------------------------------------------------

       Resource Type :      Count : Avg Inputs : Avg Outputs
    ========================================================
                 UDB :          4 :       1.00 :       1.00
<CYPRESSTAG name="Final Placement Details">
<CYPRESSTAG name="Component Details">

------------------------------------------------------------
Component Placement Details
------------------------------------------------------------
UDB [UDB=(0,0)] contents:
LAB@[UDB=(0,0)][LB=0] #macrocells=2, #inputs=2, #pterms=1
{
    [McSlotId=0]:     MacroCell: Name=\Alarm_Timer:TimerUDB:status_tc\, Mode=(Combinatorial) @ [UDB=(0,0)][LB=0][MC=0]
        Total # of inputs        : 2
        Total # of product terms : 1
            Clock Enable: True
        Main Equation            : 1 pterm
        (
              \Alarm_Timer:TimerUDB:control_7\ * 
              \Alarm_Timer:TimerUDB:per_zero\
        );
        Output = \Alarm_Timer:TimerUDB:status_tc\ (fanout=1)
        Properties               : 
        {
        }

    [McSlotId=1]:     MacroCell: Name=Net_29, Mode=(D-Register) @ [UDB=(0,0)][LB=0][MC=1]
        Total # of inputs        : 2
        Total # of product terms : 1
        List of special equations: 
            Clock  = (ClockBlock_HFCLK) => Global
            Clock Enable: True
        Main Equation            : 1 pterm
        (
              \Alarm_Timer:TimerUDB:control_7\ * 
              \Alarm_Timer:TimerUDB:per_zero\
        );
        Output = Net_29 (fanout=1)
        Properties               : 
        {
        }

    [McSlotId=2]: (empty)
    [McSlotId=3]: (empty)
}

datapathcell: Name =\Alarm_Timer:TimerUDB:sT8:timerdp:u0\
    PORT MAP (
        clock => ClockBlock_HFCLK ,
        cs_addr_1 => \Alarm_Timer:TimerUDB:control_7\ ,
        cs_addr_0 => \Alarm_Timer:TimerUDB:per_zero\ ,
        z0_comb => \Alarm_Timer:TimerUDB:per_zero\ ,
        f0_bus_stat_comb => \Alarm_Timer:TimerUDB:status_3\ ,
        f0_blk_stat_comb => \Alarm_Timer:TimerUDB:status_2\ );
    Properties:
    {
        a0_init = "00000000"
        a1_init = "00000000"
        ce0_sync = 1
        ce1_sync = 1
        cl0_sync = 1
        cl1_sync = 1
        cmsb_sync = 1
        co_msb_sync = 1
        cy_dpconfig = "0000000001000000000000000100000001000000010000000000000010000000000000001000000000000000100000000000000010000000000000001000000011111111000000001111111111111111000000000000000000000001000000000000000000011000"
        d0_init = "00000000"
        d1_init = "00000000"
        f0_blk_sync = 1
        f0_bus_sync = 1
        f1_blk_sync = 1
        f1_bus_sync = 1
        ff0_sync = 1
        ff1_sync = 1
        ov_msb_sync = 1
        so_sync = 1
        z0_sync = 1
        z1_sync = 1
    }
    Clock Polarity: Active High
    Clock Enable: True

statusicell: Name =\Alarm_Timer:TimerUDB:rstSts:stsreg\
    PORT MAP (
        clock => ClockBlock_HFCLK ,
        status_3 => \Alarm_Timer:TimerUDB:status_3\ ,
        status_2 => \Alarm_Timer:TimerUDB:status_2\ ,
        status_0 => \Alarm_Timer:TimerUDB:status_tc\ );
    Properties:
    {
        cy_force_order = 1
        cy_int_mask = "1111111"
        cy_md_select = "0000011"
    }
    Clock Polarity: Active High
    Clock Enable: True

controlcell: Name =\Alarm_Timer:TimerUDB:sCTRLReg:SyncCtl:ctrlreg\
    PORT MAP (
        clock => ClockBlock_HFCLK ,
        control_7 => \Alarm_Timer:TimerUDB:control_7\ ,
        control_6 => \Alarm_Timer:TimerUDB:control_6\ ,
        control_5 => \Alarm_Timer:TimerUDB:control_5\ ,
        control_4 => \Alarm_Timer:TimerUDB:control_4\ ,
        control_3 => \Alarm_Timer:TimerUDB:control_3\ ,
        control_2 => \Alarm_Timer:TimerUDB:control_2\ ,
        control_1 => \Alarm_Timer:TimerUDB:control_1\ ,
        control_0 => \Alarm_Timer:TimerUDB:control_0\ );
    Properties:
    {
        cy_ctrl_mode_0 = "11111111"
        cy_ctrl_mode_1 = "00000000"
        cy_ext_reset = 0
        cy_force_order = 1
        cy_init_value = "00000000"
    }
    Clock Polarity: Active High
    Clock Enable: True

UDB [UDB=(0,1)] contents:
datapathcell: Name =\Debounce_Timer:TimerUDB:sT24:timerdp:u0\
    PORT MAP (
        clock => ClockBlock_HFCLK ,
        cs_addr_1 => \Debounce_Timer:TimerUDB:control_7\ ,
        cs_addr_0 => \Debounce_Timer:TimerUDB:per_zero\ ,
        chain_out => \Debounce_Timer:TimerUDB:sT24:timerdp:carry0\ );
    Properties:
    {
        a0_init = "00000000"
        a1_init = "00000000"
        ce0_sync = 1
        ce1_sync = 1
        cl0_sync = 1
        cl1_sync = 1
        cmsb_sync = 1
        co_msb_sync = 1
        cy_dpconfig = "0000000001000000000000000100000001000000010000000000000010000000000000001000000000000000100000000000000010000000000000001000000011111111000000001111111111111111000000000000000000000001000000000000000000011000"
        d0_init = "00000000"
        d1_init = "00000000"
        f0_blk_sync = 1
        f0_bus_sync = 1
        f1_blk_sync = 1
        f1_bus_sync = 1
        ff0_sync = 1
        ff1_sync = 1
        ov_msb_sync = 1
        so_sync = 1
        z0_sync = 1
        z1_sync = 1
    }
    Clock Polarity: Active High
    Clock Enable: True
    Next in chain : \Debounce_Timer:TimerUDB:sT24:timerdp:u1\

UDB [UDB=(1,0)] contents:
LAB@[UDB=(1,0)][LB=0] #macrocells=2, #inputs=2, #pterms=1
{
    [McSlotId=0]:     MacroCell: Name=Net_10, Mode=(D-Register) @ [UDB=(1,0)][LB=0][MC=0]
        Total # of inputs        : 2
        Total # of product terms : 1
        List of special equations: 
            Clock  = (ClockBlock_HFCLK) => Global
            Clock Enable: True
        Main Equation            : 1 pterm
        (
              \Debounce_Timer:TimerUDB:control_7\ * 
              \Debounce_Timer:TimerUDB:per_zero\
        );
        Output = Net_10 (fanout=1)
        Properties               : 
        {
        }

    [McSlotId=1]:     MacroCell: Name=\Debounce_Timer:TimerUDB:status_tc\, Mode=(Combinatorial) @ [UDB=(1,0)][LB=0][MC=1]
        Total # of inputs        : 2
        Total # of product terms : 1
            Clock Enable: True
        Main Equation            : 1 pterm
        (
              \Debounce_Timer:TimerUDB:control_7\ * 
              \Debounce_Timer:TimerUDB:per_zero\
        );
        Output = \Debounce_Timer:TimerUDB:status_tc\ (fanout=1)
        Properties               : 
        {
        }

    [McSlotId=2]: (empty)
    [McSlotId=3]: (empty)
}

datapathcell: Name =\Debounce_Timer:TimerUDB:sT24:timerdp:u2\
    PORT MAP (
        clock => ClockBlock_HFCLK ,
        cs_addr_1 => \Debounce_Timer:TimerUDB:control_7\ ,
        cs_addr_0 => \Debounce_Timer:TimerUDB:per_zero\ ,
        z0_comb => \Debounce_Timer:TimerUDB:per_zero\ ,
        f0_bus_stat_comb => \Debounce_Timer:TimerUDB:status_3\ ,
        f0_blk_stat_comb => \Debounce_Timer:TimerUDB:status_2\ ,
        chain_in => \Debounce_Timer:TimerUDB:sT24:timerdp:carry1\ );
    Properties:
    {
        a0_init = "00000000"
        a1_init = "00000000"
        ce0_sync = 1
        ce1_sync = 1
        cl0_sync = 1
        cl1_sync = 1
        cmsb_sync = 1
        co_msb_sync = 1
        cy_dpconfig = "0000000001000000000000000100000001000000010000000000000010000000000000001000000000000000100000000000000010000000000000001000000011111111000000001111111111111111100000110000000000000001000000110000000000011000"
        d0_init = "00000000"
        d1_init = "00000000"
        f0_blk_sync = 1
        f0_bus_sync = 1
        f1_blk_sync = 1
        f1_bus_sync = 1
        ff0_sync = 1
        ff1_sync = 1
        ov_msb_sync = 1
        so_sync = 1
        z0_sync = 1
        z1_sync = 1
    }
    Clock Polarity: Active High
    Clock Enable: True
    Previous in chain : \Debounce_Timer:TimerUDB:sT24:timerdp:u1\

statusicell: Name =\Debounce_Timer:TimerUDB:rstSts:stsreg\
    PORT MAP (
        clock => ClockBlock_HFCLK ,
        status_3 => \Debounce_Timer:TimerUDB:status_3\ ,
        status_2 => \Debounce_Timer:TimerUDB:status_2\ ,
        status_0 => \Debounce_Timer:TimerUDB:status_tc\ );
    Properties:
    {
        cy_force_order = 1
        cy_int_mask = "1111111"
        cy_md_select = "0000011"
    }
    Clock Polarity: Active High
    Clock Enable: True

UDB [UDB=(1,1)] contents:
datapathcell: Name =\Debounce_Timer:TimerUDB:sT24:timerdp:u1\
    PORT MAP (
        clock => ClockBlock_HFCLK ,
        cs_addr_1 => \Debounce_Timer:TimerUDB:control_7\ ,
        cs_addr_0 => \Debounce_Timer:TimerUDB:per_zero\ ,
        chain_in => \Debounce_Timer:TimerUDB:sT24:timerdp:carry0\ ,
        chain_out => \Debounce_Timer:TimerUDB:sT24:timerdp:carry1\ );
    Properties:
    {
        a0_init = "00000000"
        a1_init = "00000000"
        ce0_sync = 1
        ce1_sync = 1
        cl0_sync = 1
        cl1_sync = 1
        cmsb_sync = 1
        co_msb_sync = 1
        cy_dpconfig = "0000000001000000000000000100000001000000010000000000000010000000000000001000000000000000100000000000000010000000000000001000000011111111000000001111111111111111100000110000000000000001000000110000000000011000"
        d0_init = "00000000"
        d1_init = "00000000"
        f0_blk_sync = 1
        f0_bus_sync = 1
        f1_blk_sync = 1
        f1_bus_sync = 1
        ff0_sync = 1
        ff1_sync = 1
        ov_msb_sync = 1
        so_sync = 1
        z0_sync = 1
        z1_sync = 1
    }
    Clock Polarity: Active High
    Clock Enable: True
    Previous in chain : \Debounce_Timer:TimerUDB:sT24:timerdp:u0\
    Next in chain : \Debounce_Timer:TimerUDB:sT24:timerdp:u2\

controlcell: Name =\Debounce_Timer:TimerUDB:sCTRLReg:SyncCtl:ctrlreg\
    PORT MAP (
        clock => ClockBlock_HFCLK ,
        control_7 => \Debounce_Timer:TimerUDB:control_7\ ,
        control_6 => \Debounce_Timer:TimerUDB:control_6\ ,
        control_5 => \Debounce_Timer:TimerUDB:control_5\ ,
        control_4 => \Debounce_Timer:TimerUDB:control_4\ ,
        control_3 => \Debounce_Timer:TimerUDB:control_3\ ,
        control_2 => \Debounce_Timer:TimerUDB:control_2\ ,
        control_1 => \Debounce_Timer:TimerUDB:control_1\ ,
        control_0 => \Debounce_Timer:TimerUDB:control_0\ );
    Properties:
    {
        cy_ctrl_mode_0 = "11111111"
        cy_ctrl_mode_1 = "00000000"
        cy_ext_reset = 0
        cy_force_order = 1
        cy_init_value = "00000000"
    }
    Clock Polarity: Active High
    Clock Enable: True

Intr container @ [IntrContainer=(0)]: 
  Intr@ [IntrContainer=(0)][IntrId=(0)] 
    interrupt: Name =Alarm_Int
        PORT MAP (
            interrupt => Net_29 );
        Properties:
        {
            int_type = "10"
        }
  Intr@ [IntrContainer=(0)][IntrId=(2)] 
    interrupt: Name =Debounce_Int
        PORT MAP (
            interrupt => Net_10 );
        Properties:
        {
            int_type = "00"
        }
  Intr@ [IntrContainer=(0)][IntrId=(10)] 
    interrupt: Name =\I2C:SCB_IRQ\
        PORT MAP (
            interrupt => Net_15 );
        Properties:
        {
            int_type = "10"
        }
Port 0 contains the following IO cells:
[IoId=4]: 
Pin : Name = \UART:rx(0)\
    Attributes:
        In Group/Port: True
        In Sync Option: NOSYNC
        Out Sync Option: AUTO
        Interrupt generated: False
        Interrupt mode: NONE
        Drive mode: HI_Z_DIGITAL
        VTrip: CMOS
        Slew: FAST
        Input Sync needed: False
        Output Sync needed: False
        SC shield enabled: False
        POR State: ANY
        LCD Mode: COMMON
        Register Mode: RegComb
        CaSense Mode: NEITHER
        Treat as pin: True
        Is OE Registered: False
        Uses Analog: False
        Can contain Digital: True
        Is SIO: False
        SIO Output Buf: NONREGULATED
        SIO Input Buf: SINGLE_ENDED
        SIO HiFreq: LOW
        SIO Hyst: DISABLED
        SIO Vtrip: MULTIPLIER_0_5
        SIO Multiplier Index: 0
        SIO RefSel: VCC_IO
        Required Capabilitites: DIGITAL
        Initial Value: 0
        IO Voltage: 0
    PORT MAP (
        pa_out => \UART:rx(0)\__PA ,
        fb => \UART:Net_654\ ,
        pad => \UART:rx(0)_PAD\ );
    Properties:
    {
    }

Port 1 contains the following IO cells:
[IoId=1]: 
Pin : Name = KBD_COLPins(0)
    Attributes:
        In Group/Port: True
        In Sync Option: SYNC
        Out Sync Option: AUTO
        Interrupt generated: False
        Interrupt mode: NONE
        Drive mode: RES_PULL_UP
        VTrip: CMOS
        Slew: FAST
        Input Sync needed: True
        Output Sync needed: False
        SC shield enabled: False
        POR State: ANY
        LCD Mode: COMMON
        Register Mode: RegComb
        CaSense Mode: NEITHER
        Treat as pin: False
        Is OE Registered: False
        Uses Analog: False
        Can contain Digital: True
        Is SIO: False
        SIO Output Buf: NONREGULATED
        SIO Input Buf: SINGLE_ENDED
        SIO HiFreq: LOW
        SIO Hyst: DISABLED
        SIO Vtrip: MULTIPLIER_0_5
        SIO Multiplier Index: 0
        SIO RefSel: VCC_IO
        Required Capabilitites: DIGITAL, ROUTABLE
        Initial Value: 1
        IO Voltage: 0
    PORT MAP (
        pa_out => KBD_COLPins(0)__PA ,
        pad => KBD_COLPins(0)_PAD );
    Properties:
    {
    }

[IoId=2]: 
Pin : Name = KBD_COLPins(1)
    Attributes:
        In Group/Port: True
        In Sync Option: SYNC
        Out Sync Option: AUTO
        Interrupt generated: False
        Interrupt mode: NONE
        Drive mode: RES_PULL_UP
        VTrip: CMOS
        Slew: FAST
        Input Sync needed: True
        Output Sync needed: False
        SC shield enabled: False
        POR State: ANY
        LCD Mode: COMMON
        Register Mode: RegComb
        CaSense Mode: NEITHER
        Treat as pin: False
        Is OE Registered: False
        Uses Analog: False
        Can contain Digital: True
        Is SIO: False
        SIO Output Buf: NONREGULATED
        SIO Input Buf: SINGLE_ENDED
        SIO HiFreq: LOW
        SIO Hyst: DISABLED
        SIO Vtrip: MULTIPLIER_0_5
        SIO Multiplier Index: 0
        SIO RefSel: VCC_IO
        Required Capabilitites: DIGITAL, ROUTABLE
        Initial Value: 1
        IO Voltage: 0
    PORT MAP (
        pa_out => KBD_COLPins(1)__PA ,
        pad => KBD_COLPins(1)_PAD );
    Properties:
    {
    }

[IoId=3]: 
Pin : Name = KBD_COLPins(2)
    Attributes:
        In Group/Port: True
        In Sync Option: SYNC
        Out Sync Option: AUTO
        Interrupt generated: False
        Interrupt mode: NONE
        Drive mode: RES_PULL_UP
        VTrip: CMOS
        Slew: FAST
        Input Sync needed: True
        Output Sync needed: False
        SC shield enabled: False
        POR State: ANY
        LCD Mode: COMMON
        Register Mode: RegComb
        CaSense Mode: NEITHER
        Treat as pin: False
        Is OE Registered: False
        Uses Analog: False
        Can contain Digital: True
        Is SIO: False
        SIO Output Buf: NONREGULATED
        SIO Input Buf: SINGLE_ENDED
        SIO HiFreq: LOW
        SIO Hyst: DISABLED
        SIO Vtrip: MULTIPLIER_0_5
        SIO Multiplier Index: 0
        SIO RefSel: VCC_IO
        Required Capabilitites: DIGITAL, ROUTABLE
        Initial Value: 1
        IO Voltage: 0
    PORT MAP (
        pa_out => KBD_COLPins(2)__PA ,
        pad => KBD_COLPins(2)_PAD );
    Properties:
    {
    }

[IoId=4]: 
Pin : Name = Front_door(0)
    Attributes:
        In Group/Port: True
        In Sync Option: NOSYNC
        Out Sync Option: AUTO
        Interrupt generated: False
        Interrupt mode: NONE
        Drive mode: RES_PULL_UP
        VTrip: CMOS
        Slew: FAST
        Input Sync needed: False
        Output Sync needed: False
        SC shield enabled: False
        POR State: ANY
        LCD Mode: COMMON
        Register Mode: RegComb
        CaSense Mode: NEITHER
        Treat as pin: True
        Is OE Registered: False
        Uses Analog: False
        Can contain Digital: True
        Is SIO: False
        SIO Output Buf: NONREGULATED
        SIO Input Buf: SINGLE_ENDED
        SIO HiFreq: LOW
        SIO Hyst: DISABLED
        SIO Vtrip: MULTIPLIER_0_5
        SIO Multiplier Index: 0
        SIO RefSel: VCC_IO
        Required Capabilitites: DIGITAL
        Initial Value: 1
        IO Voltage: 0
    PORT MAP (
        pa_out => Front_door(0)__PA ,
        annotation => Net_179 ,
        pad => Front_door(0)_PAD );
    Properties:
    {
    }

[IoId=5]: 
Pin : Name = Back_door(0)
    Attributes:
        In Group/Port: True
        In Sync Option: NOSYNC
        Out Sync Option: AUTO
        Interrupt generated: False
        Interrupt mode: NONE
        Drive mode: RES_PULL_UP
        VTrip: CMOS
        Slew: FAST
        Input Sync needed: False
        Output Sync needed: False
        SC shield enabled: False
        POR State: ANY
        LCD Mode: COMMON
        Register Mode: RegComb
        CaSense Mode: NEITHER
        Treat as pin: True
        Is OE Registered: False
        Uses Analog: False
        Can contain Digital: True
        Is SIO: False
        SIO Output Buf: NONREGULATED
        SIO Input Buf: SINGLE_ENDED
        SIO HiFreq: LOW
        SIO Hyst: DISABLED
        SIO Vtrip: MULTIPLIER_0_5
        SIO Multiplier Index: 0
        SIO RefSel: VCC_IO
        Required Capabilitites: DIGITAL
        Initial Value: 1
        IO Voltage: 0
    PORT MAP (
        pa_out => Back_door(0)__PA ,
        annotation => Net_183 ,
        pad => Back_door(0)_PAD );
    Properties:
    {
    }

Port 2 contains the following IO cells:
[IoId=0]: 
Pin : Name = Buzzer(0)
    Attributes:
        In Group/Port: True
        In Sync Option: AUTO
        Out Sync Option: NOSYNC
        Interrupt generated: False
        Interrupt mode: NONE
        Drive mode: CMOS_OUT
        VTrip: EITHER
        Slew: FAST
        Input Sync needed: False
        Output Sync needed: False
        SC shield enabled: False
        POR State: ANY
        LCD Mode: COMMON
        Register Mode: RegComb
        CaSense Mode: NEITHER
        Treat as pin: True
        Is OE Registered: False
        Uses Analog: False
        Can contain Digital: True
        Is SIO: False
        SIO Output Buf: NONREGULATED
        SIO Input Buf: SINGLE_ENDED
        SIO HiFreq: LOW
        SIO Hyst: DISABLED
        SIO Vtrip: MULTIPLIER_0_5
        SIO Multiplier Index: 0
        SIO RefSel: VCC_IO
        Required Capabilitites: DIGITAL
        Initial Value: 0
        IO Voltage: 0
    PORT MAP (
        pa_out => Buzzer(0)__PA ,
        pad => Buzzer(0)_PAD );
    Properties:
    {
    }

[IoId=2]: 
Pin : Name = Kitchen_PIR(0)
    Attributes:
        In Group/Port: True
        In Sync Option: NOSYNC
        Out Sync Option: AUTO
        Interrupt generated: False
        Interrupt mode: NONE
        Drive mode: HI_Z_DIGITAL
        VTrip: CMOS
        Slew: FAST
        Input Sync needed: False
        Output Sync needed: False
        SC shield enabled: False
        POR State: ANY
        LCD Mode: COMMON
        Register Mode: RegComb
        CaSense Mode: NEITHER
        Treat as pin: True
        Is OE Registered: False
        Uses Analog: False
        Can contain Digital: True
        Is SIO: False
        SIO Output Buf: NONREGULATED
        SIO Input Buf: SINGLE_ENDED
        SIO HiFreq: LOW
        SIO Hyst: DISABLED
        SIO Vtrip: MULTIPLIER_0_5
        SIO Multiplier Index: 0
        SIO RefSel: VCC_IO
        Required Capabilitites: DIGITAL
        Initial Value: 1
        IO Voltage: 0
    PORT MAP (
        pa_out => Kitchen_PIR(0)__PA ,
        annotation => Net_242 ,
        pad => Kitchen_PIR(0)_PAD );
    Properties:
    {
    }

[IoId=3]: 
Pin : Name = Guestroom_PIR(0)
    Attributes:
        In Group/Port: True
        In Sync Option: NOSYNC
        Out Sync Option: AUTO
        Interrupt generated: False
        Interrupt mode: NONE
        Drive mode: HI_Z_DIGITAL
        VTrip: CMOS
        Slew: FAST
        Input Sync needed: False
        Output Sync needed: False
        SC shield enabled: False
        POR State: ANY
        LCD Mode: COMMON
        Register Mode: RegComb
        CaSense Mode: NEITHER
        Treat as pin: True
        Is OE Registered: False
        Uses Analog: False
        Can contain Digital: True
        Is SIO: False
        SIO Output Buf: NONREGULATED
        SIO Input Buf: SINGLE_ENDED
        SIO HiFreq: LOW
        SIO Hyst: DISABLED
        SIO Vtrip: MULTIPLIER_0_5
        SIO Multiplier Index: 0
        SIO RefSel: VCC_IO
        Required Capabilitites: DIGITAL
        Initial Value: 1
        IO Voltage: 0
    PORT MAP (
        pa_out => Guestroom_PIR(0)__PA ,
        annotation => Net_240 ,
        pad => Guestroom_PIR(0)_PAD );
    Properties:
    {
    }

[IoId=4]: 
Pin : Name = Bedroom_PIR(0)
    Attributes:
        In Group/Port: True
        In Sync Option: NOSYNC
        Out Sync Option: AUTO
        Interrupt generated: False
        Interrupt mode: NONE
        Drive mode: HI_Z_DIGITAL
        VTrip: CMOS
        Slew: FAST
        Input Sync needed: False
        Output Sync needed: False
        SC shield enabled: False
        POR State: ANY
        LCD Mode: COMMON
        Register Mode: RegComb
        CaSense Mode: NEITHER
        Treat as pin: True
        Is OE Registered: False
        Uses Analog: False
        Can contain Digital: True
        Is SIO: False
        SIO Output Buf: NONREGULATED
        SIO Input Buf: SINGLE_ENDED
        SIO HiFreq: LOW
        SIO Hyst: DISABLED
        SIO Vtrip: MULTIPLIER_0_5
        SIO Multiplier Index: 0
        SIO RefSel: VCC_IO
        Required Capabilitites: DIGITAL
        Initial Value: 1
        IO Voltage: 0
    PORT MAP (
        pa_out => Bedroom_PIR(0)__PA ,
        annotation => Net_343 ,
        pad => Bedroom_PIR(0)_PAD );
    Properties:
    {
    }

[IoId=5]: 
Pin : Name = Hall_PIR(0)
    Attributes:
        In Group/Port: True
        In Sync Option: NOSYNC
        Out Sync Option: AUTO
        Interrupt generated: False
        Interrupt mode: NONE
        Drive mode: HI_Z_DIGITAL
        VTrip: CMOS
        Slew: FAST
        Input Sync needed: False
        Output Sync needed: False
        SC shield enabled: False
        POR State: ANY
        LCD Mode: COMMON
        Register Mode: RegComb
        CaSense Mode: NEITHER
        Treat as pin: True
        Is OE Registered: False
        Uses Analog: False
        Can contain Digital: True
        Is SIO: False
        SIO Output Buf: NONREGULATED
        SIO Input Buf: SINGLE_ENDED
        SIO HiFreq: LOW
        SIO Hyst: DISABLED
        SIO Vtrip: MULTIPLIER_0_5
        SIO Multiplier Index: 0
        SIO RefSel: VCC_IO
        Required Capabilitites: DIGITAL
        Initial Value: 1
        IO Voltage: 0
    PORT MAP (
        pa_out => Hall_PIR(0)__PA ,
        annotation => Net_345 ,
        pad => Hall_PIR(0)_PAD );
    Properties:
    {
    }

Port 3 contains the following IO cells:
[IoId=4]: 
Pin : Name = KBD_ROWPins(0)
    Attributes:
        In Group/Port: True
        In Sync Option: SYNC
        Out Sync Option: AUTO
        Interrupt generated: False
        Interrupt mode: NONE
        Drive mode: RES_PULL_UP
        VTrip: CMOS
        Slew: FAST
        Input Sync needed: True
        Output Sync needed: False
        SC shield enabled: False
        POR State: ANY
        LCD Mode: COMMON
        Register Mode: RegComb
        CaSense Mode: NEITHER
        Treat as pin: False
        Is OE Registered: False
        Uses Analog: False
        Can contain Digital: True
        Is SIO: False
        SIO Output Buf: NONREGULATED
        SIO Input Buf: SINGLE_ENDED
        SIO HiFreq: LOW
        SIO Hyst: DISABLED
        SIO Vtrip: MULTIPLIER_0_5
        SIO Multiplier Index: 0
        SIO RefSel: VCC_IO
        Required Capabilitites: DIGITAL, ROUTABLE
        Initial Value: 1
        IO Voltage: 0
    PORT MAP (
        pa_out => KBD_ROWPins(0)__PA ,
        pad => KBD_ROWPins(0)_PAD );
    Properties:
    {
    }

[IoId=5]: 
Pin : Name = KBD_ROWPins(1)
    Attributes:
        In Group/Port: True
        In Sync Option: SYNC
        Out Sync Option: AUTO
        Interrupt generated: False
        Interrupt mode: NONE
        Drive mode: RES_PULL_UP
        VTrip: CMOS
        Slew: FAST
        Input Sync needed: True
        Output Sync needed: False
        SC shield enabled: False
        POR State: ANY
        LCD Mode: COMMON
        Register Mode: RegComb
        CaSense Mode: NEITHER
        Treat as pin: False
        Is OE Registered: False
        Uses Analog: False
        Can contain Digital: True
        Is SIO: False
        SIO Output Buf: NONREGULATED
        SIO Input Buf: SINGLE_ENDED
        SIO HiFreq: LOW
        SIO Hyst: DISABLED
        SIO Vtrip: MULTIPLIER_0_5
        SIO Multiplier Index: 0
        SIO RefSel: VCC_IO
        Required Capabilitites: DIGITAL, ROUTABLE
        Initial Value: 1
        IO Voltage: 0
    PORT MAP (
        pa_out => KBD_ROWPins(1)__PA ,
        pad => KBD_ROWPins(1)_PAD );
    Properties:
    {
    }

[IoId=6]: 
Pin : Name = KBD_ROWPins(2)
    Attributes:
        In Group/Port: True
        In Sync Option: SYNC
        Out Sync Option: AUTO
        Interrupt generated: False
        Interrupt mode: NONE
        Drive mode: RES_PULL_UP
        VTrip: CMOS
        Slew: FAST
        Input Sync needed: True
        Output Sync needed: False
        SC shield enabled: False
        POR State: ANY
        LCD Mode: COMMON
        Register Mode: RegComb
        CaSense Mode: NEITHER
        Treat as pin: False
        Is OE Registered: False
        Uses Analog: False
        Can contain Digital: True
        Is SIO: False
        SIO Output Buf: NONREGULATED
        SIO Input Buf: SINGLE_ENDED
        SIO HiFreq: LOW
        SIO Hyst: DISABLED
        SIO Vtrip: MULTIPLIER_0_5
        SIO Multiplier Index: 0
        SIO RefSel: VCC_IO
        Required Capabilitites: DIGITAL, ROUTABLE
        Initial Value: 1
        IO Voltage: 0
    PORT MAP (
        pa_out => KBD_ROWPins(2)__PA ,
        pad => KBD_ROWPins(2)_PAD );
    Properties:
    {
    }

[IoId=7]: 
Pin : Name = KBD_ROWPins(3)
    Attributes:
        In Group/Port: True
        In Sync Option: SYNC
        Out Sync Option: AUTO
        Interrupt generated: False
        Interrupt mode: NONE
        Drive mode: RES_PULL_UP
        VTrip: CMOS
        Slew: FAST
        Input Sync needed: True
        Output Sync needed: False
        SC shield enabled: False
        POR State: ANY
        LCD Mode: COMMON
        Register Mode: RegComb
        CaSense Mode: NEITHER
        Treat as pin: False
        Is OE Registered: False
        Uses Analog: False
        Can contain Digital: True
        Is SIO: False
        SIO Output Buf: NONREGULATED
        SIO Input Buf: SINGLE_ENDED
        SIO HiFreq: LOW
        SIO Hyst: DISABLED
        SIO Vtrip: MULTIPLIER_0_5
        SIO Multiplier Index: 0
        SIO RefSel: VCC_IO
        Required Capabilitites: DIGITAL, ROUTABLE
        Initial Value: 1
        IO Voltage: 0
    PORT MAP (
        pa_out => KBD_ROWPins(3)__PA ,
        pad => KBD_ROWPins(3)_PAD );
    Properties:
    {
    }

Port 4 contains the following IO cells:
[IoId=0]: 
Pin : Name = \I2C:scl(0)\
    Attributes:
        In Group/Port: True
        In Sync Option: NOSYNC
        Out Sync Option: NOSYNC
        Interrupt generated: False
        Interrupt mode: NONE
        Drive mode: OPEN_DRAIN_LO
        VTrip: CMOS
        Slew: FAST
        Input Sync needed: False
        Output Sync needed: False
        SC shield enabled: False
        POR State: ANY
        LCD Mode: COMMON
        Register Mode: RegComb
        CaSense Mode: NEITHER
        Treat as pin: True
        Is OE Registered: False
        Uses Analog: False
        Can contain Digital: True
        Is SIO: False
        SIO Output Buf: NONREGULATED
        SIO Input Buf: SINGLE_ENDED
        SIO HiFreq: LOW
        SIO Hyst: DISABLED
        SIO Vtrip: MULTIPLIER_0_5
        SIO Multiplier Index: 0
        SIO RefSel: VCC_IO
        Required Capabilitites: DIGITAL
        Initial Value: 1
        IO Voltage: 0
    PORT MAP (
        pa_out => \I2C:scl(0)\__PA ,
        fb => \I2C:Net_580\ ,
        pad => \I2C:scl(0)_PAD\ );
    Properties:
    {
    }

[IoId=1]: 
Pin : Name = \I2C:sda(0)\
    Attributes:
        In Group/Port: True
        In Sync Option: NOSYNC
        Out Sync Option: NOSYNC
        Interrupt generated: False
        Interrupt mode: NONE
        Drive mode: OPEN_DRAIN_LO
        VTrip: CMOS
        Slew: FAST
        Input Sync needed: False
        Output Sync needed: False
        SC shield enabled: False
        POR State: ANY
        LCD Mode: COMMON
        Register Mode: RegComb
        CaSense Mode: NEITHER
        Treat as pin: True
        Is OE Registered: False
        Uses Analog: False
        Can contain Digital: True
        Is SIO: False
        SIO Output Buf: NONREGULATED
        SIO Input Buf: SINGLE_ENDED
        SIO HiFreq: LOW
        SIO Hyst: DISABLED
        SIO Vtrip: MULTIPLIER_0_5
        SIO Multiplier Index: 0
        SIO RefSel: VCC_IO
        Required Capabilitites: DIGITAL
        Initial Value: 1
        IO Voltage: 0
    PORT MAP (
        pa_out => \I2C:sda(0)\__PA ,
        fb => \I2C:Net_581\ ,
        pad => \I2C:sda(0)_PAD\ );
    Properties:
    {
    }

Clock group 0: 
    M0S8 Clock Block @ F(Clock,0): 
    m0s8clockblockcell: Name =ClockBlock
        PORT MAP (
            hfclk => ClockBlock_HFCLK ,
            imo => ClockBlock_IMO ,
            ext => ClockBlock_EXTCLK ,
            sysclk => ClockBlock_SYSCLK ,
            ilo => ClockBlock_ILO ,
            lfclk => ClockBlock_LFCLK ,
            dsi_in_0 => ClockBlock_Routed1 ,
            ff_div_2 => \I2C:Net_847_ff2\ ,
            ff_div_3 => \UART:Net_847_ff3\ );
        Properties:
        {
        }
PM group 0: empty
SPC group 0: empty
WDT group 0: empty
FSS group 0: empty
LP Comparator group 0: empty
Serial Communication (SCB) group 0: 
    SCB Block @ F(SCB,0): 
    m0s8scbcell: Name =\I2C:SCB\
        PORT MAP (
            clock => \I2C:Net_847_ff2\ ,
            interrupt => Net_15 ,
            tx => \I2C:Net_1062\ ,
            rts => \I2C:Net_1053\ ,
            mosi_m => \I2C:Net_1061\ ,
            select_m_3 => \I2C:ss_3\ ,
            select_m_2 => \I2C:ss_2\ ,
            select_m_1 => \I2C:ss_1\ ,
            select_m_0 => \I2C:ss_0\ ,
            sclk_m => \I2C:Net_1059\ ,
            miso_s => \I2C:Net_1055\ ,
            scl => \I2C:Net_580\ ,
            sda => \I2C:Net_581\ ,
            tx_req => Net_18 ,
            rx_req => Net_17 );
        Properties:
        {
            cy_registers = ""
            scb_mode = 0
        }
    SCB Block @ F(SCB,1): 
    m0s8scbcell: Name =\UART:SCB\
        PORT MAP (
            clock => \UART:Net_847_ff3\ ,
            interrupt => Net_382 ,
            rx => \UART:Net_654\ ,
            tx => \UART:Net_1062\ ,
            rts => \UART:Net_1053\ ,
            mosi_m => \UART:Net_1061\ ,
            select_m_3 => \UART:ss_3\ ,
            select_m_2 => \UART:ss_2\ ,
            select_m_1 => \UART:ss_1\ ,
            select_m_0 => \UART:ss_0\ ,
            sclk_m => \UART:Net_1059\ ,
            miso_s => \UART:Net_1055\ ,
            tx_req => Net_385 ,
            rx_req => Net_384 );
        Properties:
        {
            cy_registers = ""
            scb_mode = 2
        }
CapSense group 0: empty
8-bit IDAC group 0: empty
7-bit IDAC group 0: empty
Timer/Counter/PWM group 0: empty
Comparator/Opamp group 0: empty
Die Temp group 0: empty
SAR ADC group 0: empty
Segment LCD group 0: empty
CLK_GEN group 0: 
    M0S8 Clock Gen Block @ F(CLK_GEN,0): 
    m0s8clockgenblockcell: Name =ClockGenBlock
        PORT MAP (
             );
        Properties:
        {
        }
LPCOMPBLOCK group 0: empty
PASSBLOCK group 0: empty
ANAPUMP group 0: empty
</CYPRESSTAG>
<CYPRESSTAG name="Port Configuration Details">

------------------------------------------------------------
Port Configuration report
------------------------------------------------------------
     |     |       | Interrupt |                  |                  | 
Port | Pin | Fixed |      Type |       Drive Mode |             Name | Connections
-----+-----+-------+-----------+------------------+------------------+-------------------
   0 |   4 |     * |      NONE |     HI_Z_DIGITAL |     \UART:rx(0)\ | FB(\UART:Net_654\)
-----+-----+-------+-----------+------------------+------------------+-------------------
   1 |   1 |     * |      NONE |      RES_PULL_UP |   KBD_COLPins(0) | 
     |   2 |     * |      NONE |      RES_PULL_UP |   KBD_COLPins(1) | 
     |   3 |     * |      NONE |      RES_PULL_UP |   KBD_COLPins(2) | 
     |   4 |     * |      NONE |      RES_PULL_UP |    Front_door(0) | 
     |   5 |     * |      NONE |      RES_PULL_UP |     Back_door(0) | 
-----+-----+-------+-----------+------------------+------------------+-------------------
   2 |   0 |     * |      NONE |         CMOS_OUT |        Buzzer(0) | 
     |   2 |     * |      NONE |     HI_Z_DIGITAL |   Kitchen_PIR(0) | 
     |   3 |     * |      NONE |     HI_Z_DIGITAL | Guestroom_PIR(0) | 
     |   4 |     * |      NONE |     HI_Z_DIGITAL |   Bedroom_PIR(0) | 
     |   5 |     * |      NONE |     HI_Z_DIGITAL |      Hall_PIR(0) | 
-----+-----+-------+-----------+------------------+------------------+-------------------
   3 |   4 |     * |      NONE |      RES_PULL_UP |   KBD_ROWPins(0) | 
     |   5 |     * |      NONE |      RES_PULL_UP |   KBD_ROWPins(1) | 
     |   6 |     * |      NONE |      RES_PULL_UP |   KBD_ROWPins(2) | 
     |   7 |     * |      NONE |      RES_PULL_UP |   KBD_ROWPins(3) | 
-----+-----+-------+-----------+------------------+------------------+-------------------
   4 |   0 |     * |      NONE |    OPEN_DRAIN_LO |     \I2C:scl(0)\ | FB(\I2C:Net_580\)
     |   1 |     * |      NONE |    OPEN_DRAIN_LO |     \I2C:sda(0)\ | FB(\I2C:Net_581\)
-----------------------------------------------------------------------------------------
</CYPRESSTAG>
</CYPRESSTAG>
</CYPRESSTAG>
Digital component placer commit/Report: Elapsed time ==> 0s.031ms
Digital Placement phase: Elapsed time ==> 1s.406ms
</CYPRESSTAG>
<CYPRESSTAG name="Digital Routing">
Routing successful.
Digital Routing phase: Elapsed time ==> 0s.906ms
</CYPRESSTAG>
<CYPRESSTAG name="Bitstream and API generation">
Bitstream and API generation phase: Elapsed time ==> 0s.562ms
</CYPRESSTAG>
<CYPRESSTAG name="Bitstream verification">
Bitstream verification phase: Elapsed time ==> 0s.109ms
</CYPRESSTAG>
<CYPRESSTAG name="Static timing analysis">
Timing report is in Security_system_timing.html.
Static timing analysis phase: Elapsed time ==> 0s.281ms
</CYPRESSTAG>
<CYPRESSTAG name="Data reporting">
Data reporting phase: Elapsed time ==> 0s.015ms
</CYPRESSTAG>
<CYPRESSTAG name="Database update...">
Design database save phase: Elapsed time ==> 0s.281ms
</CYPRESSTAG>
cydsfit: Elapsed time ==> 4s.921ms
</CYPRESSTAG>
Fitter phase: Elapsed time ==> 4s.984ms
API generation phase: Elapsed time ==> 2s.109ms
Dependency generation phase: Elapsed time ==> 0s.031ms
Cleanup phase: Elapsed time ==> 0s.000ms
